
===== START ===== 2016-04-29 16:32:19.549100 ===== START =====

FESetup SUI version: 0.5.0


Force field and MD engine:
[forcefield=amber, type=ff14SB, solvent=tip3p, div_ions=hfe, add_ons=[], mdengine=amber, parmchk_version=2]

*** Working on methane ***

Copying directory contents of setup/methane to /home/steboss/projects/reproducibility/chebyshev_test/fesetup_inputfiles/_ligands/methane
Entering /home/steboss/projects/reproducibility/chebyshev_test/fesetup_inputfiles/_ligands/methane

** Starting prepare
Converting/Writing solute.pdb (pdb format) to mol2 format
Total formal charge taken from coordinate file

Ligand key data:
Formula: CH4
SMILES: C
InChIKey: VNWKTOKETHGBQD-UHFFFAOYSA-N
Net charge: 0
Molecular weight: 16.042460

** Finished with prepare


** Starting param
Deriving AMBER/GAFF force field parameters
Optimizing structure and creating AM1/BCC charges
Executing command:
/home/steboss/Software/amber14/bin/antechamber -i ligand_conv.mol2 -fi mol2 -o ligand.ac -fo ac -c bcc -nc 0 -m 1 -df 2 -at gaff -du y -an y -j 4 -s 2 -eq 2 -pf y -rn LIG -ek "qm_theory='AM1',grms_tol=0.0002,tight_p_conv=1,
  scfconv=1.0d-10,itrmax=500,pseudo_diag=1,
  ndiis_attempts=0,maxcyc=1000,
"

  stdout {
    Running: /home/steboss/Software/amber14/bin/atomtype -f ac -p bcc -o ANTECHAMBER_AM1BCC.AC -i ANTECHAMBER_AM1BCC_PRE.AC
    Running: /home/steboss/Software/amber14/bin/bondtype -j full -i ANTECHAMBER_BOND_TYPE.AC0 -o ANTECHAMBER_BOND_TYPE.AC -f ac
    
    Running: /home/steboss/Software/amber14/bin/atomtype -i ANTECHAMBER_AC.AC0 -o ANTECHAMBER_AC.AC -p gaff
    Total number of electrons: 10; net charge: 0
    
    Running: /home/steboss/Software/amber14/bin/sqm -O -i sqm.in -o sqm.out
    
    Running: /home/steboss/Software/amber14/bin/am1bcc -i ANTECHAMBER_AM1BCC_PRE.AC -o ANTECHAMBER_AM1BCC.AC -f ac -p /home/steboss/Software/amber14/dat/antechamber/BCCPARM.DAT -s 2 -j 1
  }

SCF has converged with 0 preminimisation steps and scfconv = 1.0d-10 kcal/mol

Executing command:
/home/steboss/Software/amber14/bin/antechamber -i ligand.ac -fi ac -o ligand.ac -fo ac -a sqm.pdb -fa pdb -ao crd -s 2 -pf y

  stdout {
    Running: /home/steboss/Software/amber14/bin/bondtype -j full -i ANTECHAMBER_BOND_TYPE.AC0 -o ANTECHAMBER_BOND_TYPE.AC -f ac
    
    Running: /home/steboss/Software/amber14/bin/atomtype -i ANTECHAMBER_AC.AC0 -o ANTECHAMBER_AC.AC -p gaff
  }

Geometry has converged after 0 steps, heat of formation: unknown and gradient = unknown

Creating frcmod file
Executing command:
/home/steboss/Software/amber14/bin/parmchk2 -i ligand.ac -f ac -o ligand.frcmod -a N 

Executing command:
/home/steboss/Software/amber14/bin/antechamber -i ligand.ac -fi ac -o corr.ac -fo ac -cf corr.ch -c rc -s 2 -pf y

  stdout {
    Running: /home/steboss/Software/amber14/bin/bondtype -j full -i ANTECHAMBER_BOND_TYPE.AC0 -o ANTECHAMBER_BOND_TYPE.AC -f ac
    
    Running: /home/steboss/Software/amber14/bin/atomtype -i ANTECHAMBER_AC.AC0 -o ANTECHAMBER_AC.AC -p gaff
  }

Total molecule charge is 0.00

** Finished with param


** Starting create_top
Executing command:
/home/steboss/Software/amber14/bin/antechamber -i ligand.ac -fi ac -o gaff.mol2 -fo mol2 -at gaff -s 2 -pf y

  stdout {
    Running: /home/steboss/Software/amber14/bin/bondtype -j full -i ANTECHAMBER_BOND_TYPE.AC0 -o ANTECHAMBER_BOND_TYPE.AC -f ac
    
    Running: /home/steboss/Software/amber14/bin/atomtype -i ANTECHAMBER_AC.AC0 -o ANTECHAMBER_AC.AC -p gaff
  }

Executing command:
/home/steboss/Software/amber14/bin/tleap -f - <<_EOF 
source leaprc.ff14SB

source leaprc.gaff
loadAmberParams frcmod.ionsjc_tip3p
loadAmberParams frcmod.ionslrcm_hfe_tip3p


mods = loadAmberParams "ligand.frcmod"
s = loadmol2 "gaff.mol2"
savemol2 s leap.mol2 1

saveAmberParm s "vacuum.parm7" "vacuum.rst7"
savepdb s "vacuum.pdb"
quit

_EOF

** Finished with create_top


** Starting create_top
Executing command:
/home/steboss/Software/amber14/bin/antechamber -i ligand.ac -fi ac -o gaff.mol2 -fo mol2 -at gaff -s 2 -pf y

  stdout {
    Running: /home/steboss/Software/amber14/bin/bondtype -j full -i ANTECHAMBER_BOND_TYPE.AC0 -o ANTECHAMBER_BOND_TYPE.AC -f ac
    
    Running: /home/steboss/Software/amber14/bin/atomtype -i ANTECHAMBER_AC.AC0 -o ANTECHAMBER_AC.AC -p gaff
  }

Executing command:
/home/steboss/Software/amber14/bin/tleap -f - <<_EOF 
source leaprc.ff14SB

source leaprc.gaff
loadAmberParams frcmod.ionsjc_tip3p
loadAmberParams frcmod.ionslrcm_hfe_tip3p


mods = loadAmberParams "ligand.frcmod"
s = loadmol2 "gaff.mol2"
savemol2 s leap.mol2 1

solvateBox s TIP3PBOX 12.0 0.75
saveAmberParm s "solvated.parm7" "solvated.rst7"
savepdb s "solvated.pdb"
quit

_EOF

** Finished with create_top


** Starting minimize
Running minimisation with protocol ALL
Executing command:
 /home/steboss/Software/amber14/bin/sander -i min00001.in -p solvated.parm7 -c solvated.rst7 -O -o min00001.out -e min00001.en -x min00001.nc -inf min00001.info -r min00001.rst7 -ref solvated.rst7

** Finished with minimize


** Starting md
Running MD with protocol HEAT
Executing command:
 /home/steboss/Software/amber14/bin/sander -i md00002.in -p solvated.parm7 -c min00001.rst7 -O -o md00002.out -e md00002.en -x md00002.nc -inf md00002.info -r md00002.rst7 -ref solvated.rst7

** Finished with md


** Starting md
Running MD with protocol CONSTT
Executing command:
 /home/steboss/Software/amber14/bin/sander -i md00003.in -p solvated.parm7 -c md00002.rst7 -O -o md00003.out -e md00003.en -x md00003.nc -inf md00003.info -r md00003.rst7 -ref solvated.rst7

** Finished with md


** Starting md
Running MD with protocol PRESS
Executing command:
 /home/steboss/Software/amber14/bin/sander -i md00004.in -p solvated.parm7 -c md00003.rst7 -O -o md00004.out -e md00004.en -x md00004.nc -inf md00004.info -r md00004.rst7 -ref md00003.rst7

** Finished with md

Entering /home/steboss/projects/reproducibility/chebyshev_test/fesetup_inputfiles

*** Working on 2methylfurane ***

Copying directory contents of setup/2methylfurane to /home/steboss/projects/reproducibility/chebyshev_test/fesetup_inputfiles/_ligands/2methylfurane
Entering /home/steboss/projects/reproducibility/chebyshev_test/fesetup_inputfiles/_ligands/2methylfurane

** Starting prepare
Converting/Writing solute.pdb (pdb format) to mol2 format
Total formal charge taken from coordinate file

Ligand key data:
Formula: C5H6O
SMILES: Cc1ccco1
InChIKey: VQKFNUFAXTZWDK-UHFFFAOYSA-N
Net charge: 0
Molecular weight: 82.100540

** Finished with prepare


** Starting param
Deriving AMBER/GAFF force field parameters
Optimizing structure and creating AM1/BCC charges
Executing command:
/home/steboss/Software/amber14/bin/antechamber -i ligand_conv.mol2 -fi mol2 -o ligand.ac -fo ac -c bcc -nc 0 -m 1 -df 2 -at gaff -du y -an y -j 4 -s 2 -eq 2 -pf y -rn LIG -ek "qm_theory='AM1',grms_tol=0.0002,tight_p_conv=1,
  scfconv=1.0d-10,itrmax=500,pseudo_diag=1,
  ndiis_attempts=0,maxcyc=1000,
"

  stdout {
    Running: /home/steboss/Software/amber14/bin/atomtype -f ac -p bcc -o ANTECHAMBER_AM1BCC.AC -i ANTECHAMBER_AM1BCC_PRE.AC
    Running: /home/steboss/Software/amber14/bin/bondtype -j full -i ANTECHAMBER_BOND_TYPE.AC0 -o ANTECHAMBER_BOND_TYPE.AC -f ac
    
    Running: /home/steboss/Software/amber14/bin/atomtype -i ANTECHAMBER_AC.AC0 -o ANTECHAMBER_AC.AC -p gaff
    Total number of electrons: 44; net charge: 0
    
    Running: /home/steboss/Software/amber14/bin/sqm -O -i sqm.in -o sqm.out
    
    Running: /home/steboss/Software/amber14/bin/am1bcc -i ANTECHAMBER_AM1BCC_PRE.AC -o ANTECHAMBER_AM1BCC.AC -f ac -p /home/steboss/Software/amber14/dat/antechamber/BCCPARM.DAT -s 2 -j 1
  }

SCF has converged with 0 preminimisation steps and scfconv = 1.0d-10 kcal/mol

Executing command:
/home/steboss/Software/amber14/bin/antechamber -i ligand.ac -fi ac -o ligand.ac -fo ac -a sqm.pdb -fa pdb -ao crd -s 2 -pf y

  stdout {
    Running: /home/steboss/Software/amber14/bin/bondtype -j full -i ANTECHAMBER_BOND_TYPE.AC0 -o ANTECHAMBER_BOND_TYPE.AC -f ac
    
    Running: /home/steboss/Software/amber14/bin/atomtype -i ANTECHAMBER_AC.AC0 -o ANTECHAMBER_AC.AC -p gaff
  }

Geometry has converged after 10 steps, heat of formation: -4.1953 kcal/mol and gradient = 0.0011 kcal/(mol*A)

Creating frcmod file
Executing command:
/home/steboss/Software/amber14/bin/parmchk2 -i ligand.ac -f ac -o ligand.frcmod -a N 

Executing command:
/home/steboss/Software/amber14/bin/antechamber -i ligand.ac -fi ac -o corr.ac -fo ac -cf corr.ch -c rc -s 2 -pf y

  stdout {
    Running: /home/steboss/Software/amber14/bin/bondtype -j full -i ANTECHAMBER_BOND_TYPE.AC0 -o ANTECHAMBER_BOND_TYPE.AC -f ac
    
    Running: /home/steboss/Software/amber14/bin/atomtype -i ANTECHAMBER_AC.AC0 -o ANTECHAMBER_AC.AC -p gaff
  }

Total molecule charge is -0.00

** Finished with param


** Starting create_top
Executing command:
/home/steboss/Software/amber14/bin/antechamber -i ligand.ac -fi ac -o gaff.mol2 -fo mol2 -at gaff -s 2 -pf y

  stdout {
    Running: /home/steboss/Software/amber14/bin/bondtype -j full -i ANTECHAMBER_BOND_TYPE.AC0 -o ANTECHAMBER_BOND_TYPE.AC -f ac
    
    Running: /home/steboss/Software/amber14/bin/atomtype -i ANTECHAMBER_AC.AC0 -o ANTECHAMBER_AC.AC -p gaff
  }

Executing command:
/home/steboss/Software/amber14/bin/tleap -f - <<_EOF 
source leaprc.ff14SB

source leaprc.gaff
loadAmberParams frcmod.ionsjc_tip3p
loadAmberParams frcmod.ionslrcm_hfe_tip3p


mods = loadAmberParams "ligand.frcmod"
s = loadmol2 "gaff.mol2"
savemol2 s leap.mol2 1

saveAmberParm s "vacuum.parm7" "vacuum.rst7"
savepdb s "vacuum.pdb"
quit

_EOF

** Finished with create_top


** Starting create_top
Executing command:
/home/steboss/Software/amber14/bin/antechamber -i ligand.ac -fi ac -o gaff.mol2 -fo mol2 -at gaff -s 2 -pf y

  stdout {
    Running: /home/steboss/Software/amber14/bin/bondtype -j full -i ANTECHAMBER_BOND_TYPE.AC0 -o ANTECHAMBER_BOND_TYPE.AC -f ac
    
    Running: /home/steboss/Software/amber14/bin/atomtype -i ANTECHAMBER_AC.AC0 -o ANTECHAMBER_AC.AC -p gaff
  }

Executing command:
/home/steboss/Software/amber14/bin/tleap -f - <<_EOF 
source leaprc.ff14SB

source leaprc.gaff
loadAmberParams frcmod.ionsjc_tip3p
loadAmberParams frcmod.ionslrcm_hfe_tip3p


mods = loadAmberParams "ligand.frcmod"
s = loadmol2 "gaff.mol2"
savemol2 s leap.mol2 1

solvateBox s TIP3PBOX 12.0 0.75
addions s Na+ 0
saveAmberParm s "solvated.parm7" "solvated.rst7"
savepdb s "solvated.pdb"
quit

_EOF

** Finished with create_top


** Starting minimize
Running minimisation with protocol ALL
Executing command:
 /home/steboss/Software/amber14/bin/sander -i min00001.in -p solvated.parm7 -c solvated.rst7 -O -o min00001.out -e min00001.en -x min00001.nc -inf min00001.info -r min00001.rst7 -ref solvated.rst7

** Finished with minimize


** Starting md
Running MD with protocol HEAT
Executing command:
 /home/steboss/Software/amber14/bin/sander -i md00002.in -p solvated.parm7 -c min00001.rst7 -O -o md00002.out -e md00002.en -x md00002.nc -inf md00002.info -r md00002.rst7 -ref solvated.rst7

** Finished with md


** Starting md
Running MD with protocol CONSTT
Executing command:
 /home/steboss/Software/amber14/bin/sander -i md00003.in -p solvated.parm7 -c md00002.rst7 -O -o md00003.out -e md00003.en -x md00003.nc -inf md00003.info -r md00003.rst7 -ref solvated.rst7

** Finished with md


** Starting md
Running MD with protocol PRESS
Executing command:
 /home/steboss/Software/amber14/bin/sander -i md00004.in -p solvated.parm7 -c md00003.rst7 -O -o md00004.out -e md00004.en -x md00004.nc -inf md00004.info -r md00004.rst7 -ref md00003.rst7

** Finished with md

Entering /home/steboss/projects/reproducibility/chebyshev_test/fesetup_inputfiles

Creating directory /home/steboss/projects/reproducibility/chebyshev_test/fesetup_inputfiles/_perturbations/sire/methane~2methylfurane
Entering /home/steboss/projects/reproducibility/chebyshev_test/fesetup_inputfiles/_perturbations/sire/methane~2methylfurane

** Starting setup
Running RDKit/fmcs with arguments:
atomCompare=any, completeRingsOnly=True, bondCompare=any, timeout=600.0, maximize=atoms

Atom mapping between initial and final states:
AtomName('C1') <--> AtomName('C1')
AtomName('H2') <--> AtomName('C2')
AtomName('H3') <--> AtomName('H7')
AtomName('H4') <--> AtomName('H8')
AtomName('H5') <--> AtomName('H9')
AtomName('DU6') <--> AtomName('C3')
AtomName('DU7') <--> AtomName('C4')
AtomName('DU8') <--> AtomName('C5')
AtomName('DU9') <--> AtomName('O6')
AtomName('DU10') <--> AtomName('H10')
AtomName('DU11') <--> AtomName('H11')
AtomName('DU12') <--> AtomName('H12')

Computing coordinates of added dummy atoms
This dummy is in the initial torsion:
	AtomName('DU6') AtomName('H2') AtomName('C1') AtomName('H3')
Final state equivalents:
	Atom( C3 : 3 ) Atom( C2 : 2 ) Atom( C1 : 1 ) Atom( H7 : 7 )

This dummy is in the initial torsion:
	AtomName('DU7') AtomName('DU6') AtomName('H2') AtomName('C1')
Final state equivalents:
	Atom( C4 : 4 ) Atom( C3 : 3 ) Atom( C2 : 2 ) Atom( C1 : 1 )

This dummy is in the initial torsion:
	AtomName('DU8') AtomName('DU7') AtomName('DU6') AtomName('H2')
Final state equivalents:
	Atom( C5 : 5 ) Atom( C4 : 4 ) Atom( C3 : 3 ) Atom( C2 : 2 )

This dummy is in the initial torsion:
	AtomName('DU9') AtomName('H2') AtomName('C1') AtomName('H3')
Final state equivalents:
	Atom( O6 : 6 ) Atom( C2 : 2 ) Atom( C1 : 1 ) Atom( H7 : 7 )

Atom( C3 : 3 )
This dummy is in the initial torsion:
	AtomName('DU10') AtomName('DU6') AtomName('H2') AtomName('C1')
Final state equivalents:
	Atom( H10 : 10 ) Atom( C3 : 3 ) Atom( C2 : 2 ) Atom( C1 : 1 )

Atom( C4 : 4 )
This dummy is in the initial torsion:
	AtomName('DU11') AtomName('DU7') AtomName('DU6') AtomName('H2')
Final state equivalents:
	Atom( H11 : 11 ) Atom( C4 : 4 ) Atom( C3 : 3 ) Atom( C2 : 2 )

Atom( C5 : 5 )
This dummy is in the initial torsion:
	AtomName('DU12') AtomName('DU8') AtomName('DU7') AtomName('DU6')
Final state equivalents:
	Atom( H12 : 12 ) Atom( C5 : 5 ) Atom( C4 : 4 ) Atom( C3 : 3 )

Atom( O6 : 6 )

Writing pert topology for pertfile

Creating frcmod file
Executing command:
/home/steboss/Software/amber14/bin/parmchk2 -i /home/steboss/projects/reproducibility/chebyshev_test/fesetup_inputfiles/_perturbations/sire/methane~2methylfurane/MORPH.mol2 -f mol2 -o /home/steboss/projects/reproducibility/chebyshev_test/fesetup_inputfiles/_perturbations/sire/methane~2methylfurane/MORPH.frcmod -a N 


** Starting create_top
Executing command:
/home/steboss/Software/amber14/bin/tleap -f - <<_EOF 
source leaprc.ff14SB

source leaprc.gaff
loadAmberParams frcmod.ionsjc_tip3p
loadAmberParams frcmod.ionslrcm_hfe_tip3p


mods = loadAmberParams "/home/steboss/projects/reproducibility/chebyshev_test/fesetup_inputfiles/_perturbations/sire/methane~2methylfurane/MORPH.frcmod"
s = loadmol2 "/home/steboss/projects/reproducibility/chebyshev_test/fesetup_inputfiles/_perturbations/sire/methane~2methylfurane/MORPH.mol2"
savemol2 s leap.mol2 1

saveAmberParm s "vacuum.parm7" "vacuum.rst7"
savepdb s "vacuum.pdb"
quit

_EOF

Entering /home/steboss/projects/reproducibility/chebyshev_test/fesetup_inputfiles

Creating directory /home/steboss/projects/reproducibility/chebyshev_test/fesetup_inputfiles/_perturbations/sire/2methylfurane~methane
Entering /home/steboss/projects/reproducibility/chebyshev_test/fesetup_inputfiles/_perturbations/sire/2methylfurane~methane

** Starting setup
Running RDKit/fmcs with arguments:
atomCompare=any, maximize=atoms, timeout=600.0, completeRingsOnly=True, bondCompare=any

Atom mapping between initial and final states:
AtomName('C1') <--> AtomName('C1')
AtomName('C2') <--> AtomName('H2')
AtomName('C3') <--> AtomName('DU6')
AtomName('C4') <--> AtomName('DU7')
AtomName('C5') <--> AtomName('DU8')
AtomName('O6') <--> AtomName('DU9')
AtomName('H7') <--> AtomName('H3')
AtomName('H8') <--> AtomName('H4')
AtomName('H9') <--> AtomName('H5')
AtomName('H10') <--> AtomName('DU10')
AtomName('H11') <--> AtomName('DU11')
AtomName('H12') <--> AtomName('DU12')


Writing pert topology for pertfile

Creating frcmod file
Executing command:
/home/steboss/Software/amber14/bin/parmchk2 -i /home/steboss/projects/reproducibility/chebyshev_test/fesetup_inputfiles/_perturbations/sire/2methylfurane~methane/MORPH.mol2 -f mol2 -o /home/steboss/projects/reproducibility/chebyshev_test/fesetup_inputfiles/_perturbations/sire/2methylfurane~methane/MORPH.frcmod -a N 


** Starting create_top
Executing command:
/home/steboss/Software/amber14/bin/tleap -f - <<_EOF 
source leaprc.ff14SB

source leaprc.gaff
loadAmberParams frcmod.ionsjc_tip3p
loadAmberParams frcmod.ionslrcm_hfe_tip3p


mods = loadAmberParams "/home/steboss/projects/reproducibility/chebyshev_test/fesetup_inputfiles/_perturbations/sire/2methylfurane~methane/MORPH.frcmod"
s = loadmol2 "/home/steboss/projects/reproducibility/chebyshev_test/fesetup_inputfiles/_perturbations/sire/2methylfurane~methane/MORPH.mol2"
savemol2 s leap.mol2 1

saveAmberParm s "vacuum.parm7" "vacuum.rst7"
savepdb s "vacuum.pdb"
quit

_EOF

** Finished with create_top


** Starting flex
Computing flexible ligand residues from vacuum.rst7
** Finished with flex

Writing perturbation file MORPH.pert...


impropers:
Improper( AtomIdx(3), AtomIdx(11), AtomIdx(4), AtomIdx(5) )
Improper( AtomIdx(1), AtomIdx(3), AtomIdx(2), AtomIdx(9) )
Improper( AtomIdx(4), AtomIdx(2), AtomIdx(3), AtomIdx(10) )
Improper( AtomIdx(0), AtomIdx(2), AtomIdx(1), AtomIdx(5) )
Impropers in the final topology that haven't been mapped to the initial topology
[]
Impropers in the initial topology that haven't been mapped to the morph
[]
** Finished with setup


** Starting create_coords
Using /home/steboss/projects/reproducibility/chebyshev_test/fesetup_inputfiles/_ligands/2methylfurane/md00004.rst7 for coordinate file creation

** Starting create_top
Executing command:
/home/steboss/Software/amber14/bin/tleap -f - <<_EOF 
source leaprc.ff14SB

source leaprc.gaff
loadAmberParams frcmod.ionsjc_tip3p
loadAmberParams frcmod.ionslrcm_hfe_tip3p


mods = loadAmberParams "/home/steboss/projects/reproducibility/chebyshev_test/fesetup_inputfiles/_perturbations/sire/2methylfurane~methane/MORPH.frcmod"
l = loadmol2 "/home/steboss/projects/reproducibility/chebyshev_test/fesetup_inputfiles/_perturbations/sire/2methylfurane~methane/_ligands/MORPH.mol2"
p = loadpdb "ligand_removed.pdb"
s = combine { l p }

set default nocenter on
setBox s centers { 15.54835135 14.9067538 13.93219885 }
saveAmberParm s "solvated.parm7" "solvated.rst7"
savepdb s "solvated.pdb"
quit

_EOF

** Finished with create_top


** Starting flex
Computing flexible ligand residues from solvated.rst7
** Finished with flex

** Finished with create_coords

Entering /home/steboss/projects/reproducibility/chebyshev_test/fesetup_inputfiles


====== END ====== 2016-04-29 17:03:40.520848 ====== END ======


===== START ===== 2016-04-29 17:05:41.787752 ===== START =====

FESetup SUI version: 0.5.0


Force field and MD engine:
[forcefield=amber, type=ff14SB, solvent=tip3p, div_ions=hfe, add_ons=[], mdengine=amber, parmchk_version=2]

*** Working on methane ***

Entering /home/steboss/projects/reproducibility/chebyshev_test/fesetup_inputfiles/_ligands/methane
Entering /home/steboss/projects/reproducibility/chebyshev_test/fesetup_inputfiles

*** Working on 2methylfurane ***

Entering /home/steboss/projects/reproducibility/chebyshev_test/fesetup_inputfiles/_ligands/2methylfurane
Entering /home/steboss/projects/reproducibility/chebyshev_test/fesetup_inputfiles

Entering /home/steboss/projects/reproducibility/chebyshev_test/fesetup_inputfiles/_perturbations/sire/methane~2methylfurane

** Starting setup
Running RDKit/fmcs with arguments:
atomCompare=any, completeRingsOnly=True, bondCompare=any, timeout=600.0, maximize=atoms

Atom mapping between initial and final states:
AtomName('C1') <--> AtomName('C1')
AtomName('H2') <--> AtomName('C2')
AtomName('H3') <--> AtomName('H7')
AtomName('H4') <--> AtomName('H8')
AtomName('H5') <--> AtomName('H9')
AtomName('DU6') <--> AtomName('C3')
AtomName('DU7') <--> AtomName('C4')
AtomName('DU8') <--> AtomName('C5')
AtomName('DU9') <--> AtomName('O6')
AtomName('DU10') <--> AtomName('H10')
AtomName('DU11') <--> AtomName('H11')
AtomName('DU12') <--> AtomName('H12')

Computing coordinates of added dummy atoms
This dummy is in the initial torsion:
	AtomName('DU6') AtomName('H2') AtomName('C1') AtomName('H3')
Final state equivalents:
	Atom( C3 : 3 ) Atom( C2 : 2 ) Atom( C1 : 1 ) Atom( H7 : 7 )

This dummy is in the initial torsion:
	AtomName('DU7') AtomName('DU6') AtomName('H2') AtomName('C1')
Final state equivalents:
	Atom( C4 : 4 ) Atom( C3 : 3 ) Atom( C2 : 2 ) Atom( C1 : 1 )

This dummy is in the initial torsion:
	AtomName('DU8') AtomName('DU7') AtomName('DU6') AtomName('H2')
Final state equivalents:
	Atom( C5 : 5 ) Atom( C4 : 4 ) Atom( C3 : 3 ) Atom( C2 : 2 )

This dummy is in the initial torsion:
	AtomName('DU9') AtomName('H2') AtomName('C1') AtomName('H3')
Final state equivalents:
	Atom( O6 : 6 ) Atom( C2 : 2 ) Atom( C1 : 1 ) Atom( H7 : 7 )

Atom( C3 : 3 )
This dummy is in the initial torsion:
	AtomName('DU10') AtomName('DU6') AtomName('H2') AtomName('C1')
Final state equivalents:
	Atom( H10 : 10 ) Atom( C3 : 3 ) Atom( C2 : 2 ) Atom( C1 : 1 )

Atom( C4 : 4 )
This dummy is in the initial torsion:
	AtomName('DU11') AtomName('DU7') AtomName('DU6') AtomName('H2')
Final state equivalents:
	Atom( H11 : 11 ) Atom( C4 : 4 ) Atom( C3 : 3 ) Atom( C2 : 2 )

Atom( C5 : 5 )
This dummy is in the initial torsion:
	AtomName('DU12') AtomName('DU8') AtomName('DU7') AtomName('DU6')
Final state equivalents:
	Atom( H12 : 12 ) Atom( C5 : 5 ) Atom( C4 : 4 ) Atom( C3 : 3 )

Atom( O6 : 6 )

Writing pert topology for pertfile

Creating frcmod file
Executing command:
/home/steboss/Software/amber14/bin/parmchk2 -i /home/steboss/projects/reproducibility/chebyshev_test/fesetup_inputfiles/_perturbations/sire/methane~2methylfurane/MORPH.mol2 -f mol2 -o /home/steboss/projects/reproducibility/chebyshev_test/fesetup_inputfiles/_perturbations/sire/methane~2methylfurane/MORPH.frcmod -a N 


** Starting create_top
Executing command:
/home/steboss/Software/amber14/bin/tleap -f - <<_EOF 
source leaprc.ff14SB

source leaprc.gaff
loadAmberParams frcmod.ionsjc_tip3p
loadAmberParams frcmod.ionslrcm_hfe_tip3p


mods = loadAmberParams "/home/steboss/projects/reproducibility/chebyshev_test/fesetup_inputfiles/_perturbations/sire/methane~2methylfurane/MORPH.frcmod"
s = loadmol2 "/home/steboss/projects/reproducibility/chebyshev_test/fesetup_inputfiles/_perturbations/sire/methane~2methylfurane/MORPH.mol2"
savemol2 s leap.mol2 1

saveAmberParm s "vacuum.parm7" "vacuum.rst7"
savepdb s "vacuum.pdb"
quit

_EOF

Entering /home/steboss/projects/reproducibility/chebyshev_test/fesetup_inputfiles

Entering /home/steboss/projects/reproducibility/chebyshev_test/fesetup_inputfiles/_perturbations/sire/2methylfurane~methane

** Starting setup
Running RDKit/fmcs with arguments:
atomCompare=any, maximize=atoms, timeout=600.0, completeRingsOnly=True, bondCompare=any

Atom mapping between initial and final states:
AtomName('C1') <--> AtomName('C1')
AtomName('C2') <--> AtomName('H2')
AtomName('C3') <--> AtomName('DU6')
AtomName('C4') <--> AtomName('DU7')
AtomName('C5') <--> AtomName('DU8')
AtomName('O6') <--> AtomName('DU9')
AtomName('H7') <--> AtomName('H3')
AtomName('H8') <--> AtomName('H4')
AtomName('H9') <--> AtomName('H5')
AtomName('H10') <--> AtomName('DU10')
AtomName('H11') <--> AtomName('DU11')
AtomName('H12') <--> AtomName('DU12')


Writing pert topology for pertfile

Creating frcmod file
Executing command:
/home/steboss/Software/amber14/bin/parmchk2 -i /home/steboss/projects/reproducibility/chebyshev_test/fesetup_inputfiles/_perturbations/sire/2methylfurane~methane/MORPH.mol2 -f mol2 -o /home/steboss/projects/reproducibility/chebyshev_test/fesetup_inputfiles/_perturbations/sire/2methylfurane~methane/MORPH.frcmod -a N 


** Starting create_top
Executing command:
/home/steboss/Software/amber14/bin/tleap -f - <<_EOF 
source leaprc.ff14SB

source leaprc.gaff
loadAmberParams frcmod.ionsjc_tip3p
loadAmberParams frcmod.ionslrcm_hfe_tip3p


mods = loadAmberParams "/home/steboss/projects/reproducibility/chebyshev_test/fesetup_inputfiles/_perturbations/sire/2methylfurane~methane/MORPH.frcmod"
s = loadmol2 "/home/steboss/projects/reproducibility/chebyshev_test/fesetup_inputfiles/_perturbations/sire/2methylfurane~methane/MORPH.mol2"
savemol2 s leap.mol2 1

saveAmberParm s "vacuum.parm7" "vacuum.rst7"
savepdb s "vacuum.pdb"
quit

_EOF

** Finished with create_top


** Starting flex
Computing flexible ligand residues from vacuum.rst7
** Finished with flex

Writing perturbation file MORPH.pert...


impropers:
Improper( AtomIdx(3), AtomIdx(11), AtomIdx(4), AtomIdx(5) )
Improper( AtomIdx(1), AtomIdx(3), AtomIdx(2), AtomIdx(9) )
Improper( AtomIdx(4), AtomIdx(2), AtomIdx(3), AtomIdx(10) )
Improper( AtomIdx(0), AtomIdx(2), AtomIdx(1), AtomIdx(5) )
Impropers in the final topology that haven't been mapped to the initial topology
[]
Impropers in the initial topology that haven't been mapped to the morph
[]
** Finished with setup


** Starting create_coords
Using /home/steboss/projects/reproducibility/chebyshev_test/fesetup_inputfiles/_ligands/2methylfurane/md00004.rst7 for coordinate file creation

** Starting create_top
Executing command:
/home/steboss/Software/amber14/bin/tleap -f - <<_EOF 
source leaprc.ff14SB

source leaprc.gaff
loadAmberParams frcmod.ionsjc_tip3p
loadAmberParams frcmod.ionslrcm_hfe_tip3p


mods = loadAmberParams "/home/steboss/projects/reproducibility/chebyshev_test/fesetup_inputfiles/_perturbations/sire/2methylfurane~methane/MORPH.frcmod"
l = loadmol2 "/home/steboss/projects/reproducibility/chebyshev_test/fesetup_inputfiles/_perturbations/sire/2methylfurane~methane/_ligands/MORPH.mol2"
p = loadpdb "ligand_removed.pdb"
s = combine { l p }

set default nocenter on
setBox s centers { 15.54835135 14.9067538 13.93219885 }
saveAmberParm s "solvated.parm7" "solvated.rst7"
savepdb s "solvated.pdb"
quit

_EOF

** Finished with create_top


** Starting flex
Computing flexible ligand residues from solvated.rst7
** Finished with flex

** Finished with create_coords

Entering /home/steboss/projects/reproducibility/chebyshev_test/fesetup_inputfiles


====== END ====== 2016-04-29 17:05:46.046031 ====== END ======


===== START ===== 2016-04-29 17:07:14.905989 ===== START =====

FESetup SUI version: 0.5.0


Force field and MD engine:
[forcefield=amber, type=ff14SB, solvent=tip3p, div_ions=hfe, add_ons=[], mdengine=amber, parmchk_version=2]

*** Working on 2methylfurane ***

Entering /home/steboss/projects/reproducibility/chebyshev_test/fesetup_inputfiles/_ligands/2methylfurane
Entering /home/steboss/projects/reproducibility/chebyshev_test/fesetup_inputfiles

*** Working on methane ***

Entering /home/steboss/projects/reproducibility/chebyshev_test/fesetup_inputfiles/_ligands/methane
Entering /home/steboss/projects/reproducibility/chebyshev_test/fesetup_inputfiles

Entering /home/steboss/projects/reproducibility/chebyshev_test/fesetup_inputfiles/_perturbations/sire/2methylfurane~methane

** Starting setup
Running RDKit/fmcs with arguments:
atomCompare=any, completeRingsOnly=True, bondCompare=any, timeout=600.0, maximize=atoms

Atom mapping between initial and final states:
AtomName('C1') <--> AtomName('C1')
AtomName('C2') <--> AtomName('H2')
AtomName('C3') <--> AtomName('DU6')
AtomName('C4') <--> AtomName('DU7')
AtomName('C5') <--> AtomName('DU8')
AtomName('O6') <--> AtomName('DU9')
AtomName('H7') <--> AtomName('H3')
AtomName('H8') <--> AtomName('H4')
AtomName('H9') <--> AtomName('H5')
AtomName('H10') <--> AtomName('DU10')
AtomName('H11') <--> AtomName('DU11')
AtomName('H12') <--> AtomName('DU12')


Writing pert topology for pertfile

Creating frcmod file
Executing command:
/home/steboss/Software/amber14/bin/parmchk2 -i /home/steboss/projects/reproducibility/chebyshev_test/fesetup_inputfiles/_perturbations/sire/2methylfurane~methane/MORPH.mol2 -f mol2 -o /home/steboss/projects/reproducibility/chebyshev_test/fesetup_inputfiles/_perturbations/sire/2methylfurane~methane/MORPH.frcmod -a N 


** Starting create_top
Executing command:
/home/steboss/Software/amber14/bin/tleap -f - <<_EOF 
source leaprc.ff14SB

source leaprc.gaff
loadAmberParams frcmod.ionsjc_tip3p
loadAmberParams frcmod.ionslrcm_hfe_tip3p


mods = loadAmberParams "/home/steboss/projects/reproducibility/chebyshev_test/fesetup_inputfiles/_perturbations/sire/2methylfurane~methane/MORPH.frcmod"
s = loadmol2 "/home/steboss/projects/reproducibility/chebyshev_test/fesetup_inputfiles/_perturbations/sire/2methylfurane~methane/MORPH.mol2"
savemol2 s leap.mol2 1

saveAmberParm s "vacuum.parm7" "vacuum.rst7"
savepdb s "vacuum.pdb"
quit

_EOF

** Finished with create_top


** Starting flex
Computing flexible ligand residues from vacuum.rst7
** Finished with flex

Writing perturbation file MORPH.pert...


impropers:
Improper( AtomIdx(3), AtomIdx(11), AtomIdx(4), AtomIdx(5) )
Improper( AtomIdx(1), AtomIdx(3), AtomIdx(2), AtomIdx(9) )
Improper( AtomIdx(4), AtomIdx(2), AtomIdx(3), AtomIdx(10) )
Improper( AtomIdx(0), AtomIdx(2), AtomIdx(1), AtomIdx(5) )
Impropers in the final topology that haven't been mapped to the initial topology
[]
Impropers in the initial topology that haven't been mapped to the morph
[]
** Finished with setup


** Starting create_coords
Using /home/steboss/projects/reproducibility/chebyshev_test/fesetup_inputfiles/_ligands/2methylfurane/md00004.rst7 for coordinate file creation

** Starting create_top
Executing command:
/home/steboss/Software/amber14/bin/tleap -f - <<_EOF 
source leaprc.ff14SB

source leaprc.gaff
loadAmberParams frcmod.ionsjc_tip3p
loadAmberParams frcmod.ionslrcm_hfe_tip3p


mods = loadAmberParams "/home/steboss/projects/reproducibility/chebyshev_test/fesetup_inputfiles/_perturbations/sire/2methylfurane~methane/MORPH.frcmod"
l = loadmol2 "/home/steboss/projects/reproducibility/chebyshev_test/fesetup_inputfiles/_perturbations/sire/2methylfurane~methane/_ligands/MORPH.mol2"
p = loadpdb "ligand_removed.pdb"
s = combine { l p }

set default nocenter on
setBox s centers { 15.54835135 14.9067538 13.93219885 }
saveAmberParm s "solvated.parm7" "solvated.rst7"
savepdb s "solvated.pdb"
quit

_EOF

** Finished with create_top


** Starting flex
Computing flexible ligand residues from solvated.rst7
** Finished with flex

** Finished with create_coords

Entering /home/steboss/projects/reproducibility/chebyshev_test/fesetup_inputfiles

Entering /home/steboss/projects/reproducibility/chebyshev_test/fesetup_inputfiles/_perturbations/sire/methane~2methylfurane

** Starting setup
Running RDKit/fmcs with arguments:
atomCompare=any, maximize=atoms, timeout=600.0, completeRingsOnly=True, bondCompare=any

Atom mapping between initial and final states:
AtomName('C1') <--> AtomName('C1')
AtomName('H2') <--> AtomName('C2')
AtomName('H3') <--> AtomName('H7')
AtomName('H4') <--> AtomName('H8')
AtomName('H5') <--> AtomName('H9')
AtomName('DU6') <--> AtomName('C3')
AtomName('DU7') <--> AtomName('C4')
AtomName('DU8') <--> AtomName('C5')
AtomName('DU9') <--> AtomName('O6')
AtomName('DU10') <--> AtomName('H10')
AtomName('DU11') <--> AtomName('H11')
AtomName('DU12') <--> AtomName('H12')

Computing coordinates of added dummy atoms
This dummy is in the initial torsion:
	AtomName('DU6') AtomName('H2') AtomName('C1') AtomName('H3')
Final state equivalents:
	Atom( C3 : 3 ) Atom( C2 : 2 ) Atom( C1 : 1 ) Atom( H7 : 7 )

This dummy is in the initial torsion:
	AtomName('DU7') AtomName('DU6') AtomName('H2') AtomName('C1')
Final state equivalents:
	Atom( C4 : 4 ) Atom( C3 : 3 ) Atom( C2 : 2 ) Atom( C1 : 1 )

This dummy is in the initial torsion:
	AtomName('DU8') AtomName('DU7') AtomName('DU6') AtomName('H2')
Final state equivalents:
	Atom( C5 : 5 ) Atom( C4 : 4 ) Atom( C3 : 3 ) Atom( C2 : 2 )

This dummy is in the initial torsion:
	AtomName('DU9') AtomName('H2') AtomName('C1') AtomName('H3')
Final state equivalents:
	Atom( O6 : 6 ) Atom( C2 : 2 ) Atom( C1 : 1 ) Atom( H7 : 7 )

Atom( C3 : 3 )
This dummy is in the initial torsion:
	AtomName('DU10') AtomName('DU6') AtomName('H2') AtomName('C1')
Final state equivalents:
	Atom( H10 : 10 ) Atom( C3 : 3 ) Atom( C2 : 2 ) Atom( C1 : 1 )

Atom( C4 : 4 )
This dummy is in the initial torsion:
	AtomName('DU11') AtomName('DU7') AtomName('DU6') AtomName('H2')
Final state equivalents:
	Atom( H11 : 11 ) Atom( C4 : 4 ) Atom( C3 : 3 ) Atom( C2 : 2 )

Atom( C5 : 5 )
This dummy is in the initial torsion:
	AtomName('DU12') AtomName('DU8') AtomName('DU7') AtomName('DU6')
Final state equivalents:
	Atom( H12 : 12 ) Atom( C5 : 5 ) Atom( C4 : 4 ) Atom( C3 : 3 )

Atom( O6 : 6 )

Writing pert topology for pertfile

Creating frcmod file
Executing command:
/home/steboss/Software/amber14/bin/parmchk2 -i /home/steboss/projects/reproducibility/chebyshev_test/fesetup_inputfiles/_perturbations/sire/methane~2methylfurane/MORPH.mol2 -f mol2 -o /home/steboss/projects/reproducibility/chebyshev_test/fesetup_inputfiles/_perturbations/sire/methane~2methylfurane/MORPH.frcmod -a N 


** Starting create_top
Executing command:
/home/steboss/Software/amber14/bin/tleap -f - <<_EOF 
source leaprc.ff14SB

source leaprc.gaff
loadAmberParams frcmod.ionsjc_tip3p
loadAmberParams frcmod.ionslrcm_hfe_tip3p


mods = loadAmberParams "/home/steboss/projects/reproducibility/chebyshev_test/fesetup_inputfiles/_perturbations/sire/methane~2methylfurane/MORPH.frcmod"
s = loadmol2 "/home/steboss/projects/reproducibility/chebyshev_test/fesetup_inputfiles/_perturbations/sire/methane~2methylfurane/MORPH.mol2"
savemol2 s leap.mol2 1

saveAmberParm s "vacuum.parm7" "vacuum.rst7"
savepdb s "vacuum.pdb"
quit

_EOF

Entering /home/steboss/projects/reproducibility/chebyshev_test/fesetup_inputfiles


====== END ====== 2016-04-29 17:07:19.120757 ====== END ======


===== START ===== 2016-04-29 17:10:59.187998 ===== START =====

FESetup SUI version: 0.5.0


Force field and MD engine:
[forcefield=amber, type=ff14SB, solvent=tip3p, div_ions=hfe, add_ons=[], mdengine=amber, parmchk_version=2]

*** Working on 2methylfurane ***

Entering /home/steboss/projects/reproducibility/chebyshev_test/fesetup_inputfiles/_ligands/2methylfurane
Entering /home/steboss/projects/reproducibility/chebyshev_test/fesetup_inputfiles

*** Working on methane ***

Entering /home/steboss/projects/reproducibility/chebyshev_test/fesetup_inputfiles/_ligands/methane
Entering /home/steboss/projects/reproducibility/chebyshev_test/fesetup_inputfiles

Entering /home/steboss/projects/reproducibility/chebyshev_test/fesetup_inputfiles/_perturbations/sire/2methylfurane~methane

** Starting setup
Running RDKit/fmcs with arguments:
atomCompare=any, completeRingsOnly=True, bondCompare=any, timeout=600.0, maximize=atoms

Atom mapping between initial and final states:
AtomName('C1') <--> AtomName('C1')
AtomName('C2') <--> AtomName('H2')
AtomName('C3') <--> AtomName('DU6')
AtomName('C4') <--> AtomName('DU7')
AtomName('C5') <--> AtomName('DU8')
AtomName('O6') <--> AtomName('DU9')
AtomName('H7') <--> AtomName('H3')
AtomName('H8') <--> AtomName('H4')
AtomName('H9') <--> AtomName('H5')
AtomName('H10') <--> AtomName('DU10')
AtomName('H11') <--> AtomName('DU11')
AtomName('H12') <--> AtomName('DU12')


Writing pert topology for pertfile

Creating frcmod file
Executing command:
/home/steboss/Software/amber14/bin/parmchk2 -i /home/steboss/projects/reproducibility/chebyshev_test/fesetup_inputfiles/_perturbations/sire/2methylfurane~methane/MORPH.mol2 -f mol2 -o /home/steboss/projects/reproducibility/chebyshev_test/fesetup_inputfiles/_perturbations/sire/2methylfurane~methane/MORPH.frcmod -a N 


** Starting create_top
Executing command:
/home/steboss/Software/amber14/bin/tleap -f - <<_EOF 
source leaprc.ff14SB

source leaprc.gaff
loadAmberParams frcmod.ionsjc_tip3p
loadAmberParams frcmod.ionslrcm_hfe_tip3p


mods = loadAmberParams "/home/steboss/projects/reproducibility/chebyshev_test/fesetup_inputfiles/_perturbations/sire/2methylfurane~methane/MORPH.frcmod"
s = loadmol2 "/home/steboss/projects/reproducibility/chebyshev_test/fesetup_inputfiles/_perturbations/sire/2methylfurane~methane/MORPH.mol2"
savemol2 s leap.mol2 1

saveAmberParm s "vacuum.parm7" "vacuum.rst7"
savepdb s "vacuum.pdb"
quit

_EOF

** Finished with create_top


** Starting flex
Computing flexible ligand residues from vacuum.rst7
** Finished with flex

Writing perturbation file MORPH.pert...


impropers:
Improper( AtomIdx(3), AtomIdx(11), AtomIdx(4), AtomIdx(5) )
Improper( AtomIdx(1), AtomIdx(3), AtomIdx(2), AtomIdx(9) )
Improper( AtomIdx(4), AtomIdx(2), AtomIdx(3), AtomIdx(10) )
Improper( AtomIdx(0), AtomIdx(2), AtomIdx(1), AtomIdx(5) )
Impropers in the final topology that haven't been mapped to the initial topology
[]
Impropers in the initial topology that haven't been mapped to the morph
[]
** Finished with setup


** Starting create_coords
Using /home/steboss/projects/reproducibility/chebyshev_test/fesetup_inputfiles/_ligands/2methylfurane/md00004.rst7 for coordinate file creation

** Starting create_top
Executing command:
/home/steboss/Software/amber14/bin/tleap -f - <<_EOF 
source leaprc.ff14SB

source leaprc.gaff
loadAmberParams frcmod.ionsjc_tip3p
loadAmberParams frcmod.ionslrcm_hfe_tip3p


mods = loadAmberParams "/home/steboss/projects/reproducibility/chebyshev_test/fesetup_inputfiles/_perturbations/sire/2methylfurane~methane/MORPH.frcmod"
l = loadmol2 "/home/steboss/projects/reproducibility/chebyshev_test/fesetup_inputfiles/_perturbations/sire/2methylfurane~methane/_ligands/MORPH.mol2"
p = loadpdb "ligand_removed.pdb"
s = combine { l p }

set default nocenter on
setBox s centers { 15.54835135 14.9067538 13.93219885 }
saveAmberParm s "solvated.parm7" "solvated.rst7"
savepdb s "solvated.pdb"
quit

_EOF

** Finished with create_top


** Starting flex
Computing flexible ligand residues from solvated.rst7
** Finished with flex

** Finished with create_coords

Entering /home/steboss/projects/reproducibility/chebyshev_test/fesetup_inputfiles

Entering /home/steboss/projects/reproducibility/chebyshev_test/fesetup_inputfiles/_perturbations/sire/methane~2methylfurane

** Starting setup
Running RDKit/fmcs with arguments:
atomCompare=any, maximize=atoms, timeout=600.0, completeRingsOnly=True, bondCompare=any

Atom mapping between initial and final states:
AtomName('C1') <--> AtomName('C1')
AtomName('H2') <--> AtomName('C2')
AtomName('H3') <--> AtomName('H7')
AtomName('H4') <--> AtomName('H8')
AtomName('H5') <--> AtomName('H9')
AtomName('DU6') <--> AtomName('C3')
AtomName('DU7') <--> AtomName('C4')
AtomName('DU8') <--> AtomName('C5')
AtomName('DU9') <--> AtomName('O6')
AtomName('DU10') <--> AtomName('H10')
AtomName('DU11') <--> AtomName('H11')
AtomName('DU12') <--> AtomName('H12')

Computing coordinates of added dummy atoms
This dummy is in the initial torsion:
	AtomName('DU6') AtomName('H2') AtomName('C1') AtomName('H3')
Final state equivalents:
	Atom( C3 : 3 ) Atom( C2 : 2 ) Atom( C1 : 1 ) Atom( H7 : 7 )

This dummy is in the initial torsion:
	AtomName('DU7') AtomName('DU6') AtomName('H2') AtomName('C1')
Final state equivalents:
	Atom( C4 : 4 ) Atom( C3 : 3 ) Atom( C2 : 2 ) Atom( C1 : 1 )

This dummy is in the initial torsion:
	AtomName('DU8') AtomName('DU7') AtomName('DU6') AtomName('H2')
Final state equivalents:
	Atom( C5 : 5 ) Atom( C4 : 4 ) Atom( C3 : 3 ) Atom( C2 : 2 )

This dummy is in the initial torsion:
	AtomName('DU9') AtomName('H2') AtomName('C1') AtomName('H3')
Final state equivalents:
	Atom( O6 : 6 ) Atom( C2 : 2 ) Atom( C1 : 1 ) Atom( H7 : 7 )

Atom( C3 : 3 )
This dummy is in the initial torsion:
	AtomName('DU10') AtomName('DU6') AtomName('H2') AtomName('C1')
Final state equivalents:
	Atom( H10 : 10 ) Atom( C3 : 3 ) Atom( C2 : 2 ) Atom( C1 : 1 )

Atom( C4 : 4 )
This dummy is in the initial torsion:
	AtomName('DU11') AtomName('DU7') AtomName('DU6') AtomName('H2')
Final state equivalents:
	Atom( H11 : 11 ) Atom( C4 : 4 ) Atom( C3 : 3 ) Atom( C2 : 2 )

Atom( C5 : 5 )
This dummy is in the initial torsion:
	AtomName('DU12') AtomName('DU8') AtomName('DU7') AtomName('DU6')
Final state equivalents:
	Atom( H12 : 12 ) Atom( C5 : 5 ) Atom( C4 : 4 ) Atom( C3 : 3 )

Atom( O6 : 6 )

Writing pert topology for pertfile

Creating frcmod file
Executing command:
/home/steboss/Software/amber14/bin/parmchk2 -i /home/steboss/projects/reproducibility/chebyshev_test/fesetup_inputfiles/_perturbations/sire/methane~2methylfurane/MORPH.mol2 -f mol2 -o /home/steboss/projects/reproducibility/chebyshev_test/fesetup_inputfiles/_perturbations/sire/methane~2methylfurane/MORPH.frcmod -a N 


** Starting create_top
Executing command:
/home/steboss/Software/amber14/bin/tleap -f - <<_EOF 
source leaprc.ff14SB

source leaprc.gaff
loadAmberParams frcmod.ionsjc_tip3p
loadAmberParams frcmod.ionslrcm_hfe_tip3p


mods = loadAmberParams "/home/steboss/projects/reproducibility/chebyshev_test/fesetup_inputfiles/_perturbations/sire/methane~2methylfurane/MORPH.frcmod"
s = loadmol2 "/home/steboss/projects/reproducibility/chebyshev_test/fesetup_inputfiles/_perturbations/sire/methane~2methylfurane/MORPH.mol2"
savemol2 s leap.mol2 1

saveAmberParm s "vacuum.parm7" "vacuum.rst7"
savepdb s "vacuum.pdb"
quit

_EOF

** Finished with create_top


** Starting flex
Computing flexible ligand residues from vacuum.rst7
** Finished with flex

Writing perturbation file MORPH.pert...


impropers:
Impropers in the final topology that haven't been mapped to the initial topology
[Improper( AtomIdx(3), AtomIdx(11), AtomIdx(4), AtomIdx(5) ), Improper( AtomIdx(1), AtomIdx(3), AtomIdx(2), AtomIdx(9) ), Improper( AtomIdx(4), AtomIdx(2), AtomIdx(3), AtomIdx(10) ), Improper( AtomIdx(0), AtomIdx(2), AtomIdx(1), AtomIdx(5) )]
Impropers in the initial topology that haven't been mapped to the morph
[]
** Finished with setup


** Starting create_coords
Using /home/steboss/projects/reproducibility/chebyshev_test/fesetup_inputfiles/_ligands/methane/md00004.rst7 for coordinate file creation
Computing coordinates of added dummy atoms
This dummy is in the initial torsion:
	AtomName('DU6') AtomName('H2') AtomName('C1') AtomName('H3')
Final state equivalents:
	Atom( C3 : 3 ) Atom( C2 : 2 ) Atom( C1 : 1 ) Atom( H7 : 7 )

This dummy is in the initial torsion:
	AtomName('DU7') AtomName('DU6') AtomName('H2') AtomName('C1')
Final state equivalents:
	Atom( C4 : 4 ) Atom( C3 : 3 ) Atom( C2 : 2 ) Atom( C1 : 1 )

This dummy is in the initial torsion:
	AtomName('DU8') AtomName('DU7') AtomName('DU6') AtomName('H2')
Final state equivalents:
	Atom( C5 : 5 ) Atom( C4 : 4 ) Atom( C3 : 3 ) Atom( C2 : 2 )

This dummy is in the initial torsion:
	AtomName('DU9') AtomName('H2') AtomName('C1') AtomName('H3')
Final state equivalents:
	Atom( O6 : 6 ) Atom( C2 : 2 ) Atom( C1 : 1 ) Atom( H7 : 7 )

Atom( C3 : 3 )
This dummy is in the initial torsion:
	AtomName('DU10') AtomName('DU6') AtomName('H2') AtomName('C1')
Final state equivalents:
	Atom( H10 : 10 ) Atom( C3 : 3 ) Atom( C2 : 2 ) Atom( C1 : 1 )

Atom( C4 : 4 )
This dummy is in the initial torsion:
	AtomName('DU11') AtomName('DU7') AtomName('DU6') AtomName('H2')
Final state equivalents:
	Atom( H11 : 11 ) Atom( C4 : 4 ) Atom( C3 : 3 ) Atom( C2 : 2 )

Atom( C5 : 5 )
This dummy is in the initial torsion:
	AtomName('DU12') AtomName('DU8') AtomName('DU7') AtomName('DU6')
Final state equivalents:
	Atom( H12 : 12 ) Atom( C5 : 5 ) Atom( C4 : 4 ) Atom( C3 : 3 )

Atom( O6 : 6 )

** Starting create_top
Executing command:
/home/steboss/Software/amber14/bin/tleap -f - <<_EOF 
source leaprc.ff14SB

source leaprc.gaff
loadAmberParams frcmod.ionsjc_tip3p
loadAmberParams frcmod.ionslrcm_hfe_tip3p


mods = loadAmberParams "/home/steboss/projects/reproducibility/chebyshev_test/fesetup_inputfiles/_perturbations/sire/methane~2methylfurane/MORPH.frcmod"
l = loadmol2 "/home/steboss/projects/reproducibility/chebyshev_test/fesetup_inputfiles/_perturbations/sire/methane~2methylfurane/_ligands/MORPH.mol2"
p = loadpdb "ligand_removed.pdb"
s = combine { l p }

set default nocenter on
setBox s centers { 13.95273365 13.86730105 13.6772385 }
saveAmberParm s "solvated.parm7" "solvated.rst7"
savepdb s "solvated.pdb"
quit

_EOF

** Finished with create_top


** Starting flex
Computing flexible ligand residues from solvated.rst7
** Finished with flex

** Finished with create_coords

Entering /home/steboss/projects/reproducibility/chebyshev_test/fesetup_inputfiles


====== END ====== 2016-04-29 17:11:05.451954 ====== END ======

