
          -------------------------------------------------------
          Amber 14 SANDER                              2014
          -------------------------------------------------------

| Run on 08/30/2016 at 15:51:25

|   Executable path: sander
| Working directory: /home/steboss/Simulation/Cluster/reproducibility/diatomic_pert/logP/allbonds/inputfiles/HC~HH_cyc/diff_masses/_ligands
|          Hostname: Unknown
  [-O]verwriting output

File Assignments:
|  MDIN: md00003.in                                                            
| MDOUT: md00003.out                                                           
|INPCRD: md00002.rst7                                                          
|  PARM: solvated.parm7                                                        
|RESTRT: md00003.rst7                                                          
|  REFC: solvated.rst7                                                         
| MDVEL: mdvel                                                                 
| MDFRC: mdfrc                                                                 
|  MDEN: md00003.en                                                            
| MDCRD: md00003.nc                                                            
|MDINFO: md00003.info                                                          
|  MTMD: mtmd                                                                  
|INPDIP: inpdip                                                                
|RSTDIP: rstdip                                                                
|INPTRA: inptraj                                                               


 Here is the input file:

constant temperature                                                           
 &cntrl                                                                        
   imin = 0, nstlim = 1000, irest = 1, ntx = 5, dt = 0.002,                    
   ntt = 1, temp0 = 300.0, tautp = 1.0,                                        
   ntb = 1,                                                                    
   ntc = 2, ntf = 2,                                                           
   ioutfm = 1, iwrap = 1,                                                      
   ntwe = 800, ntwx = 800, ntpr = 400,                                         
    ntr = 1, restraint_wt = 10.00,                                             
 restraintmask="!:CYC,WAT,HOH,T3P,T4P",                                        
 /                                                                             

--------------------------------------------------------------------------------
   1.  RESOURCE   USE: 
--------------------------------------------------------------------------------

| Flags:                                                                        
 getting new box info from bottom of inpcrd
|  INFO: Old style inpcrd file read

| peek_ewald_inpcrd: Box info found
|Largest sphere to fit in unit cell has radius =    17.072
| New format PARM file being parsed.
| Version =    1.000 Date = 08/30/16 Time = 15:43:35
 NATOM  =    3242 NTYPES =       2 NBONH =    2161 MBONA  =    1080
 NTHETH =    5400 MTHETA =    1080 NPHIH =    8640 MPHIA  =    3240
 NHPARM =       0 NPARM  =       0 NNB   =   19082 NRES   =     181
 NBONA  =    1080 NTHETA =    1080 NPHIA =    3240 NUMBND =       2
 NUMANG =       3 NPTRA  =       5 NATYP =       2 NPHB   =       0
 IFBOX  =       1 NMXRS  =      18 IFCAP =       0 NEXTRA =       0
 NCOPY  =       0


|     Memory Use     Allocated
|     Real              314321
|     Hollerith           9909
|     Integer           693246
|     Max Pairs        1080666
|     nblistReal         38904
|     nblist Int        264345
|       Total            10760 kbytes

| Note: 1-4 EEL scale factors are being read from the topology file.

| Note: 1-4 VDW scale factors are being read from the topology file.
| Duplicated    0 dihedrals
| Duplicated    0 dihedrals

     BOX TYPE: RECTILINEAR

--------------------------------------------------------------------------------
   2.  CONTROL  DATA  FOR  THE  RUN
--------------------------------------------------------------------------------

default_name                                                                    

General flags:
     imin    =       0, nmropt  =       0

Nature and format of input:
     ntx     =       5, irest   =       1, ntrx    =       1

Nature and format of output:
     ntxo    =       1, ntpr    =     400, ntrx    =       1, ntwr    =     500
     iwrap   =       1, ntwx    =     800, ntwv    =       0, ntwe    =     800
     ioutfm  =       1, ntwprt  =       0, idecomp =       0, rbornstat=      0

Potential function:
     ntf     =       2, ntb     =       1, igb     =       0, nsnb    =      25
     ipol    =       0, gbsa    =       0, iesp    =       0
     dielc   =   1.00000, cut     =   8.00000, intdiel =   1.00000

Frozen or restrained atoms:
     ibelly  =       0, ntr     =       1
     restraint_wt =  10.00000

Molecular dynamics:
     nstlim  =      1000, nscm    =         0, nrespa  =         1
     t       =   0.00000, dt      =   0.00200, vlimit  =  20.00000

Berendsen (weak-coupling) temperature regulation:
     temp0   = 300.00000, tempi   =   0.00000, tautp   =   1.00000

SHAKE:
     ntc     =       2, jfastw  =       0
     tol     =   0.00001

Ewald parameters:
     verbose =       0, ew_type =       0, nbflag  =       1, use_pme =       1
     vdwmeth =       1, eedmeth =       1, netfrc  =       1
     Box X =   34.145   Box Y =   37.482   Box Z =   45.594
     Alpha =   90.000   Beta  =   90.000   Gamma =   90.000
     NFFT1 =   36       NFFT2 =   40       NFFT3 =   45
     Cutoff=    8.000   Tol   =0.100E-04
     Ewald Coefficient =  0.34864
     Interpolation order =    4

    LOADING THE CONSTRAINED ATOMS AS GROUPS


   5.  REFERENCE ATOM COORDINATES

  defa
     Mask !:CYC,WAT,HOH,T3P,T4P; matches     2 atoms

--------------------------------------------------------------------------------
   3.  ATOMIC COORDINATES AND VELOCITIES
--------------------------------------------------------------------------------

default_name                                                                    
 begin time read from input coords =     4.000 ps

 Number of triangulated 3-point waters found:        0

     Sum of charges from parm topology file =   0.00000012
     Forcing neutrality...

--------------------------------------------------------------------------------
   4.  RESULTS
--------------------------------------------------------------------------------

|  # of SOLUTE  degrees of freedom (RNDFP):    7565.
|  # of SOLVENT degrees of freedom (RNDFS):       0.
|  NDFMIN =    7565.     NUM_NOSHAKE =      0     CORRECTED RNDFP =    7565.
|  TOTAL # of degrees of freedom (RNDF) =    7565.
 ---------------------------------------------------
 APPROXIMATING switch and d/dx switch using CUBIC SPLINE INTERPOLATION
 using   5000.0 points per unit in tabled values
 TESTING RELATIVE ERROR over r ranging from 0.0 to cutoff
| CHECK switch(x): max rel err =   0.2738E-14   at   2.422500
| CHECK d/dx switch(x): max rel err =   0.8332E-11   at   2.782960
 ---------------------------------------------------
| Local SIZE OF NONBOND LIST =     378436
| TOTAL SIZE OF NONBOND LIST =     378436

 NSTEP =      400   TIME(PS) =       4.800  TEMP(K) =   159.69  PRESS =     0.0
 Etot   =      1801.0019  EKtot   =      1200.3465  EPtot      =       600.6554
 BOND   =        53.7089  ANGLE   =       189.8316  DIHED      =       564.5909
 1-4 NB =       497.4191  1-4 EEL =      -151.1719  VDWAALS    =      -807.3310
 EELEC  =       253.5877  EHBOND  =         0.0000  RESTRAINT  =         0.0201
 EAMBER (non-restraint)  =       600.6353
 Ewald error estimate:   0.1630E-03
 ------------------------------------------------------------------------------


 NSTEP =      800   TIME(PS) =       5.600  TEMP(K) =   211.36  PRESS =     0.0
 Etot   =      2488.3634  EKtot   =      1588.7346  EPtot      =       899.6288
 BOND   =        84.2124  ANGLE   =       318.8222  DIHED      =       605.1925
 1-4 NB =       502.2545  1-4 EEL =      -148.2520  VDWAALS    =      -714.8969
 EELEC  =       252.0414  EHBOND  =         0.0000  RESTRAINT  =         0.2547
 EAMBER (non-restraint)  =       899.3741
 Ewald error estimate:   0.2972E-03
 ------------------------------------------------------------------------------


      A V E R A G E S   O V E R    1000 S T E P S


 NSTEP =     1000   TIME(PS) =       6.000  TEMP(K) =   163.89  PRESS =     0.0
 Etot   =      1905.9313  EKtot   =      1231.9157  EPtot      =       674.0156
 BOND   =        60.7825  ANGLE   =       226.3790  DIHED      =       573.4630
 1-4 NB =       496.0066  1-4 EEL =      -149.8036  VDWAALS    =      -785.8750
 EELEC  =       252.8950  EHBOND  =         0.0000  RESTRAINT  =         0.1682
 EAMBER (non-restraint)  =       673.8474
 Ewald error estimate:   0.2013E-03
 ------------------------------------------------------------------------------


      R M S  F L U C T U A T I O N S


 NSTEP =     1000   TIME(PS) =       6.000  TEMP(K) =    49.36  PRESS =     0.0
 Etot   =       583.2793  EKtot   =       371.0409  EPtot      =       213.8435
 BOND   =        19.7438  ANGLE   =        85.7379  DIHED      =        28.1022
 1-4 NB =        12.7655  1-4 EEL =         1.0737  VDWAALS    =        71.6410
 EELEC  =         0.5790  EHBOND  =         0.0000  RESTRAINT  =         0.1188
 EAMBER (non-restraint)  =       213.7248
 Ewald error estimate:   0.1007E-03
 ------------------------------------------------------------------------------


--------------------------------------------------------------------------------
   5.  TIMINGS
--------------------------------------------------------------------------------

|    Read coords time           0.01 ( 0.06% of Total)
|                Build the list             0.64 (94.02% of List )
|                Other                      0.04 ( 5.98% of List )
|             List time                  0.68 ( 4.24% of Nonbo)
|                   Short_ene time             9.48 (98.72% of Direc)
|                   Other                      0.12 ( 1.28% of Direc)
|                Direct Ewald time          9.60 (62.41% of Ewald)
|                Adjust Ewald time          0.64 ( 4.13% of Ewald)
|                Self Ewald time            0.00 ( 0.01% of Ewald)
|                   Fill Bspline coeffs        0.15 ( 3.06% of Recip)
|                   Fill charge grid           0.37 ( 7.81% of Recip)
|                   Scalar sum                 1.40 (29.20% of Recip)
|                   Grad sum                   0.73 (15.14% of Recip)
|                   FFT time                   2.15 (44.76% of Recip)
|                   Other                      0.00 ( 0.03% of Recip)
|                Recip Ewald time           4.79 (31.16% of Ewald)
|                Force Adjust               0.00 ( 0.03% of Ewald)
|                Virial junk                0.02 ( 0.10% of Ewald)
|                Other                      0.33 ( 2.15% of Ewald)
|             Ewald time                15.39 (95.74% of Nonbo)
|             Other                      0.00 ( 0.02% of Nonbo)
|          Nonbond force             16.07 (85.55% of Force)
|          Bond/Angle/Dihedral        2.71 (14.42% of Force)
|          Other                      0.01 ( 0.03% of Force)
|       Force time                18.79 (98.44% of Runmd)
|       Shake time                 0.12 ( 0.63% of Runmd)
|       Verlet update time         0.16 ( 0.83% of Runmd)
|       Other                      0.02 ( 0.10% of Runmd)
|    Runmd Time                19.08 (99.42% of Total)
|    Other                      0.10 ( 0.52% of Total)
| Total time                19.20 (100.0% of ALL  )

| Highest rstack allocated:     235340
| Highest istack allocated:       3242

| Final Performance Info:
| -----------------------------------------------------
| Average timings for all steps:
|     Elapsed(s) =      19.09 Per Step(ms) =      19.09
|         ns/day =       9.05   seconds/ns =    9543.71
| -----------------------------------------------------

|           Job began  at 15:51:25.668  on 08/30/2016
|           Setup done at 15:51:25.779  on 08/30/2016
|           Run   done at 15:51:44.864  on 08/30/2016
|     wallclock() was called   44131 times
