
          -------------------------------------------------------
          Amber 14 SANDER                              2014
          -------------------------------------------------------

| Run on 04/26/2016 at 21:53:10

|   Executable path: /home/steboss/Software/amber14/bin/sander
| Working directory: /home/steboss/projects/reproducibility/neopentane_issue/_ligands/neopentane
|          Hostname: Unknown
  [-O]verwriting output

File Assignments:
|  MDIN: md00002.in                                                            
| MDOUT: md00002.out                                                           
|INPCRD: min00001.rst7                                                         
|  PARM: solvated.parm7                                                        
|RESTRT: md00002.rst7                                                          
|  REFC: solvated.rst7                                                         
| MDVEL: mdvel                                                                 
| MDFRC: mdfrc                                                                 
|  MDEN: md00002.en                                                            
| MDCRD: md00002.nc                                                            
|MDINFO: md00002.info                                                          
|  MTMD: mtmd                                                                  
|INPDIP: inpdip                                                                
|RSTDIP: rstdip                                                                
|INPTRA: inptraj                                                               


 Here is the input file:

heat the system                                                                
 &cntrl                                                                        
   imin = 0, nstlim = 1000, irest = 0, ntx = 1, dt = 0.002,                    
   nmropt = 1,                                                                 
   ntt = 1, temp0 = 300.0, tempi = 5.0, tautp = 1.0,                           
   ntb = 1, pres0 = 1.0,                                                       
   ntc = 2, ntf = 2,                                                           
   ioutfm = 1, iwrap = 1,                                                      
   ntwe = 200, ntwx = 200, ntpr = 100,                                         
    ntr = 1, restraint_wt = 10.00,                                             
 restraintmask="!:WAT,HOH,T3P,T4P",                                            
 /                                                                             
                                                                               
 &wt                                                                           
   type = 'TEMP0',                                                             
   istep1 = 0, istep2 = 1000,                                                  
   value1 = 5.0, value2 = 300.0                                                
 /                                                                             
                                                                               
 &wt type = 'END'                                                              
 /                                                                             

--------------------------------------------------------------------------------
   1.  RESOURCE   USE: 
--------------------------------------------------------------------------------

| Flags:                                                                        
 getting new box info from bottom of inpcrd
|  INFO: Old style inpcrd file read

| peek_ewald_inpcrd: Box info found
|Largest sphere to fit in unit cell has radius =    16.972
| New format PARM file being parsed.
| Version =    1.000 Date = 04/26/16 Time = 21:53:05
 NATOM  =    2624 NTYPES =       4 NBONH =    2619 MBONA  =       4
 NTHETH =      24 MTHETA =       6 NPHIH =      36 MPHIA  =       0
 NHPARM =       0 NPARM  =       0 NNB   =    3562 NRES   =     870
 NBONA  =       4 NTHETA =       6 NPHIA =       0 NUMBND =       4
 NUMANG =       3 NPTRA  =       1 NATYP =       4 NPHB   =       1
 IFBOX  =       1 NMXRS  =      17 IFCAP =       0 NEXTRA =       0
 NCOPY  =       0


|     Memory Use     Allocated
|     Real              270980
|     Hollerith           8744
|     Integer            81499
|     Max Pairs         874666
|     nblistReal         31488
|     nblist Int        151453
|       Total             6723 kbytes

| Note: 1-4 EEL scale factors are being read from the topology file.

| Note: 1-4 VDW scale factors are being read from the topology file.
| Duplicated    0 dihedrals
| Duplicated    0 dihedrals

     BOX TYPE: RECTILINEAR

--------------------------------------------------------------------------------
   2.  CONTROL  DATA  FOR  THE  RUN
--------------------------------------------------------------------------------

LIG                                                                             

General flags:
     imin    =       0, nmropt  =       1

Nature and format of input:
     ntx     =       1, irest   =       0, ntrx    =       1

Nature and format of output:
     ntxo    =       1, ntpr    =     100, ntrx    =       1, ntwr    =     500
     iwrap   =       1, ntwx    =     200, ntwv    =       0, ntwe    =     200
     ioutfm  =       1, ntwprt  =       0, idecomp =       0, rbornstat=      0

Potential function:
     ntf     =       2, ntb     =       1, igb     =       0, nsnb    =      25
     ipol    =       0, gbsa    =       0, iesp    =       0
     dielc   =   1.00000, cut     =   8.00000, intdiel =   1.00000

Frozen or restrained atoms:
     ibelly  =       0, ntr     =       1
     restraint_wt =  10.00000

Molecular dynamics:
     nstlim  =      1000, nscm    =         0, nrespa  =         1
     t       =   0.00000, dt      =   0.00200, vlimit  =  20.00000

Berendsen (weak-coupling) temperature regulation:
     temp0   = 300.00000, tempi   =   5.00000, tautp   =   1.00000

SHAKE:
     ntc     =       2, jfastw  =       0
     tol     =   0.00001

NMR refinement options:
     iscale  =       0, noeskp  =       1, ipnlty  =       1, mxsub   =       1
     scalm   = 100.00000, pencut  =   0.10000, tausw   =   0.10000

Ewald parameters:
     verbose =       0, ew_type =       0, nbflag  =       1, use_pme =       1
     vdwmeth =       1, eedmeth =       1, netfrc  =       1
     Box X =   33.943   Box Y =   34.260   Box Z =   34.229
     Alpha =   90.000   Beta  =   90.000   Gamma =   90.000
     NFFT1 =   36       NFFT2 =   36       NFFT3 =   36
     Cutoff=    8.000   Tol   =0.100E-04
     Ewald Coefficient =  0.34864
     Interpolation order =    4

    LOADING THE CONSTRAINED ATOMS AS GROUPS


   5.  REFERENCE ATOM COORDINATES

  LIG 
     Mask !:WAT,HOH,T3P,T4P; matches    17 atoms

--------------------------------------------------------------------------------
   3.  ATOMIC COORDINATES AND VELOCITIES
--------------------------------------------------------------------------------

LIG                                                                             
 begin time read from input coords =     0.000 ps



           Begin reading energy term weight changes/NMR restraints
 WEIGHT CHANGES:
 TEMP0         0   1000    5.000000  300.000000      0      0

 RESTRAINTS:
                          ** No restraint defined **

                  Done reading weight changes/NMR restraints


 Number of triangulated 3-point waters found:      869

     Sum of charges from parm topology file =   0.00000500
     Forcing neutrality...

--------------------------------------------------------------------------------
   4.  RESULTS
--------------------------------------------------------------------------------

|  # of SOLUTE  degrees of freedom (RNDFP):    5253.
|  # of SOLVENT degrees of freedom (RNDFS):       0.
|  NDFMIN =    5253.     NUM_NOSHAKE =      0     CORRECTED RNDFP =    5253.
|  TOTAL # of degrees of freedom (RNDF) =    5253.
 ---------------------------------------------------
 APPROXIMATING switch and d/dx switch using CUBIC SPLINE INTERPOLATION
 using   5000.0 points per unit in tabled values
 TESTING RELATIVE ERROR over r ranging from 0.0 to cutoff
| CHECK switch(x): max rel err =   0.2738E-14   at   2.422500
| CHECK d/dx switch(x): max rel err =   0.8332E-11   at   2.782960
 ---------------------------------------------------
| Local SIZE OF NONBOND LIST =     390147
| TOTAL SIZE OF NONBOND LIST =     390147

 NSTEP =        0   TIME(PS) =       0.000  TEMP(K) =     7.55  PRESS =     0.0
 Etot   =     -9715.8981  EKtot   =        39.4130  EPtot      =     -9755.3111
 BOND   =         0.2739  ANGLE   =         2.2446  DIHED      =         0.0488
 1-4 NB =         2.3808  1-4 EEL =        -9.6230  VDWAALS    =      1349.3242
 EELEC  =    -11100.2889  EHBOND  =         0.0000  RESTRAINT  =         0.3286
 EAMBER (non-restraint)  =     -9755.6396
 Ewald error estimate:   0.1628E-03
 ------------------------------------------------------------------------------

 NMR restraints: Bond =    0.000   Angle =     0.000   Torsion =     0.000
===============================================================================

 NSTEP =      100   TIME(PS) =       0.200  TEMP(K) =    93.12  PRESS =     0.0
 Etot   =     -8584.5707  EKtot   =       486.0098  EPtot      =     -9070.5804
 BOND   =         0.9061  ANGLE   =         1.2873  DIHED      =         0.0134
 1-4 NB =         1.9759  1-4 EEL =        -9.5349  VDWAALS    =      1688.3427
 EELEC  =    -10753.8693  EHBOND  =         0.0000  RESTRAINT  =         0.2985
 EAMBER (non-restraint)  =     -9070.8789
 Ewald error estimate:   0.1162E-03
 ------------------------------------------------------------------------------

 NMR restraints: Bond =    0.000   Angle =     0.000   Torsion =     0.000
===============================================================================

 NSTEP =      200   TIME(PS) =       0.400  TEMP(K) =   101.27  PRESS =     0.0
 Etot   =     -8637.2117  EKtot   =       528.5754  EPtot      =     -9165.7871
 BOND   =         0.0247  ANGLE   =         1.1419  DIHED      =         0.0175
 1-4 NB =         2.3060  1-4 EEL =        -9.6040  VDWAALS    =      1790.3373
 EELEC  =    -10950.3628  EHBOND  =         0.0000  RESTRAINT  =         0.3523
 EAMBER (non-restraint)  =     -9166.1394
 Ewald error estimate:   0.3556E-03
 ------------------------------------------------------------------------------

 NMR restraints: Bond =    0.000   Angle =     0.000   Torsion =     0.000
===============================================================================

 NSTEP =      300   TIME(PS) =       0.600  TEMP(K) =   112.02  PRESS =     0.0
 Etot   =     -8672.9458  EKtot   =       584.6640  EPtot      =     -9257.6098
 BOND   =         0.0571  ANGLE   =         1.1371  DIHED      =         0.0221
 1-4 NB =         2.4816  1-4 EEL =        -9.6356  VDWAALS    =      1869.3231
 EELEC  =    -11121.3812  EHBOND  =         0.0000  RESTRAINT  =         0.3860
 EAMBER (non-restraint)  =     -9257.9958
 Ewald error estimate:   0.7597E-04
 ------------------------------------------------------------------------------

 NMR restraints: Bond =    0.000   Angle =     0.000   Torsion =     0.000
===============================================================================

 NSTEP =      400   TIME(PS) =       0.800  TEMP(K) =   110.37  PRESS =     0.0
 Etot   =     -8678.0791  EKtot   =       576.0666  EPtot      =     -9254.1457
 BOND   =         0.5612  ANGLE   =         1.1661  DIHED      =         0.0284
 1-4 NB =         2.1036  1-4 EEL =        -9.5575  VDWAALS    =      1924.6982
 EELEC  =    -11173.7100  EHBOND  =         0.0000  RESTRAINT  =         0.5643
 EAMBER (non-restraint)  =     -9254.7099
 Ewald error estimate:   0.2980E-03
 ------------------------------------------------------------------------------

 NMR restraints: Bond =    0.000   Angle =     0.000   Torsion =     0.000
===============================================================================

 NSTEP =      500   TIME(PS) =       1.000  TEMP(K) =   114.64  PRESS =     0.0
 Etot   =     -8653.9219  EKtot   =       598.3462  EPtot      =     -9252.2681
 BOND   =         0.0847  ANGLE   =         0.7456  DIHED      =         0.0192
 1-4 NB =         2.3931  1-4 EEL =        -9.6162  VDWAALS    =      1836.5187
 EELEC  =    -11082.9875  EHBOND  =         0.0000  RESTRAINT  =         0.5744
 EAMBER (non-restraint)  =     -9252.8424
 Ewald error estimate:   0.2435E-03
 ------------------------------------------------------------------------------

 NMR restraints: Bond =    0.000   Angle =     0.000   Torsion =     0.000
===============================================================================

 NSTEP =      600   TIME(PS) =       1.200  TEMP(K) =   125.43  PRESS =     0.0
 Etot   =     -8605.3120  EKtot   =       654.6548  EPtot      =     -9259.9668
 BOND   =         0.1101  ANGLE   =         1.3394  DIHED      =         0.0376
 1-4 NB =         2.5231  1-4 EEL =        -9.6444  VDWAALS    =      1763.1679
 EELEC  =    -11018.0166  EHBOND  =         0.0000  RESTRAINT  =         0.5161
 EAMBER (non-restraint)  =     -9260.4829
 Ewald error estimate:   0.3406E-04
 ------------------------------------------------------------------------------

 NMR restraints: Bond =    0.000   Angle =     0.000   Torsion =     0.000
===============================================================================

 NSTEP =      700   TIME(PS) =       1.400  TEMP(K) =   133.10  PRESS =     0.0
 Etot   =     -8534.6958  EKtot   =       694.6860  EPtot      =     -9229.3819
 BOND   =         0.6417  ANGLE   =         1.2749  DIHED      =         0.0230
 1-4 NB =         2.1100  1-4 EEL =        -9.5590  VDWAALS    =      1738.6739
 EELEC  =    -10963.1165  EHBOND  =         0.0000  RESTRAINT  =         0.5702
 EAMBER (non-restraint)  =     -9229.9520
 Ewald error estimate:   0.4122E-03
 ------------------------------------------------------------------------------

 NMR restraints: Bond =    0.000   Angle =     0.000   Torsion =     0.000
===============================================================================

 NSTEP =      800   TIME(PS) =       1.600  TEMP(K) =   139.11  PRESS =     0.0
 Etot   =     -8442.6158  EKtot   =       726.0396  EPtot      =     -9168.6554
 BOND   =         0.1897  ANGLE   =         1.2476  DIHED      =         0.0094
 1-4 NB =         2.4129  1-4 EEL =        -9.6143  VDWAALS    =      1722.4218
 EELEC  =    -10885.8623  EHBOND  =         0.0000  RESTRAINT  =         0.5397
 EAMBER (non-restraint)  =     -9169.1951
 Ewald error estimate:   0.1326E-03
 ------------------------------------------------------------------------------

 NMR restraints: Bond =    0.000   Angle =     0.000   Torsion =     0.000
===============================================================================

 NSTEP =      900   TIME(PS) =       1.800  TEMP(K) =   155.04  PRESS =     0.0
 Etot   =     -8329.8613  EKtot   =       809.2151  EPtot      =     -9139.0764
 BOND   =         0.1919  ANGLE   =         1.7357  DIHED      =         0.0342
 1-4 NB =         2.4030  1-4 EEL =        -9.6250  VDWAALS    =      1698.9015
 EELEC  =    -10833.3576  EHBOND  =         0.0000  RESTRAINT  =         0.6401
 EAMBER (non-restraint)  =     -9139.7165
 Ewald error estimate:   0.2541E-03
 ------------------------------------------------------------------------------

 NMR restraints: Bond =    0.000   Angle =     0.000   Torsion =     0.000
===============================================================================

 NSTEP =     1000   TIME(PS) =       2.000  TEMP(K) =   159.50  PRESS =     0.0
 Etot   =     -8196.7511  EKtot   =       832.5124  EPtot      =     -9029.2634
 BOND   =         0.7805  ANGLE   =         1.1303  DIHED      =         0.0217
 1-4 NB =         1.9628  1-4 EEL =        -9.5315  VDWAALS    =      1661.0034
 EELEC  =    -10685.2805  EHBOND  =         0.0000  RESTRAINT  =         0.6498
 EAMBER (non-restraint)  =     -9029.9132
 Ewald error estimate:   0.1814E-03
 ------------------------------------------------------------------------------

 NMR restraints: Bond =    0.000   Angle =     0.000   Torsion =     0.000
===============================================================================

      A V E R A G E S   O V E R    1000 S T E P S


 NSTEP =     1000   TIME(PS) =       2.000  TEMP(K) =   118.30  PRESS =     0.0
 Etot   =     -8552.4777  EKtot   =       617.4471  EPtot      =     -9169.9249
 BOND   =         0.2761  ANGLE   =         1.0969  DIHED      =         0.0209
 1-4 NB =         2.2927  1-4 EEL =        -9.5963  VDWAALS    =      1736.4467
 EELEC  =    -10901.0068  EHBOND  =         0.0000  RESTRAINT  =         0.5449
 EAMBER (non-restraint)  =     -9170.4698
 Ewald error estimate:   0.2277E-03
 ------------------------------------------------------------------------------

 NMR restraints: Bond =    0.000   Angle =     0.000   Torsion =     0.000
===============================================================================

      R M S  F L U C T U A T I O N S


 NSTEP =     1000   TIME(PS) =       2.000  TEMP(K) =    27.95  PRESS =     0.0
 Etot   =       132.4504  EKtot   =       145.9068  EPtot      =       131.1978
 BOND   =         0.2290  ANGLE   =         0.3054  DIHED      =         0.0116
 1-4 NB =         0.3149  1-4 EEL =         0.0550  VDWAALS    =       146.4184
 EELEC  =       265.7897  EHBOND  =         0.0000  RESTRAINT  =         0.2244
 EAMBER (non-restraint)  =       130.9734
 Ewald error estimate:   0.1430E-03
 ------------------------------------------------------------------------------


 NMR restraints on final step:


--------------------------------------------------------------------------------
   5.  TIMINGS
--------------------------------------------------------------------------------

|    Read coords time           0.01 ( 0.02% of Total)
|                Build the list             1.89 (96.44% of List )
|                Other                      0.07 ( 3.56% of List )
|             List time                  1.96 ( 4.20% of Nonbo)
|                   Short_ene time            31.18 (98.37% of Direc)
|                   Other                      0.52 ( 1.63% of Direc)
|                Direct Ewald time         31.70 (70.79% of Ewald)
|                Adjust Ewald time          0.34 ( 0.75% of Ewald)
|                Self Ewald time            0.00 ( 0.01% of Ewald)
|                   Fill Bspline coeffs        0.48 ( 3.77% of Recip)
|                   Fill charge grid           1.08 ( 8.50% of Recip)
|                   Scalar sum                 3.10 (24.47% of Recip)
|                   Grad sum                   2.16 (17.05% of Recip)
|                   FFT time                   5.86 (46.17% of Recip)
|                   Other                      0.01 ( 0.04% of Recip)
|                Recip Ewald time          12.69 (28.33% of Ewald)
|                Force Adjust               0.01 ( 0.03% of Ewald)
|                Virial junk                0.03 ( 0.07% of Ewald)
|                Other                      0.01 ( 0.02% of Ewald)
|             Ewald time                44.78 (95.80% of Nonbo)
|          Nonbond force             46.74 (99.82% of Force)
|          Bond/Angle/Dihedral        0.06 ( 0.13% of Force)
|          Other                      0.03 ( 0.06% of Force)
|       Force time                46.83 (98.43% of Runmd)
|       Shake time                 0.41 ( 0.85% of Runmd)
|       Verlet update time         0.32 ( 0.67% of Runmd)
|       Other                      0.02 ( 0.04% of Runmd)
|    Runmd Time                47.57 (99.85% of Total)
|    Other                      0.06 ( 0.13% of Total)
| Total time                47.64 (100.0% of ALL  )

| Number of list builds   :         56

| Highest rstack allocated:     179086
| Highest istack allocated:       2624

| Final Performance Info:
| -----------------------------------------------------
| Average timings for all steps:
|     Elapsed(s) =      47.57 Per Step(ms) =      47.57
|         ns/day =       3.63   seconds/ns =   23786.74
| -----------------------------------------------------

|           Job began  at 21:53:10.199  on 04/26/2016
|           Setup done at 21:53:10.270  on 04/26/2016
|           Run   done at 21:53:57.843  on 04/26/2016
|     wallclock() was called   44173 times
