
          -------------------------------------------------------
          Amber 14 SANDER                              2014
          -------------------------------------------------------

| Run on 04/26/2016 at 21:53:05

|   Executable path: /home/steboss/Software/amber14/bin/sander
| Working directory: /home/steboss/projects/reproducibility/neopentane_issue/_ligands/neopentane
|          Hostname: Unknown
  [-O]verwriting output

File Assignments:
|  MDIN: min00001.in                                                           
| MDOUT: min00001.out                                                          
|INPCRD: solvated.rst7                                                         
|  PARM: solvated.parm7                                                        
|RESTRT: min00001.rst7                                                         
|  REFC: solvated.rst7                                                         
| MDVEL: mdvel                                                                 
| MDFRC: mdfrc                                                                 
|  MDEN: min00001.en                                                           
| MDCRD: min00001.nc                                                           
|MDINFO: min00001.info                                                         
|  MTMD: mtmd                                                                  
|INPDIP: inpdip                                                                
|RSTDIP: rstdip                                                                
|INPTRA: inptraj                                                               


 Here is the input file:

Minimise whole system                                                          
 &cntrl                                                                        
   imin = 1, ntmin = 1,                                                        
   maxcyc = 100, ncyc = 10,                                                    
   ntpr = 20, ntwe = 20,                                                       
   dx0 = 1.0D-7,                                                               
    ntb = 1,                                                                   
 ntr = 1, restraint_wt = 10.00,                                                
 restraintmask="!:WAT,HOH,T3P,T4P",                                            
 /                                                                             

--------------------------------------------------------------------------------
   1.  RESOURCE   USE: 
--------------------------------------------------------------------------------

| Flags:                                                                        
 getting new box info from bottom of inpcrd
|  INFO: Old style inpcrd file read

| peek_ewald_inpcrd: Box info found
|Largest sphere to fit in unit cell has radius =    16.972
| New format PARM file being parsed.
| Version =    1.000 Date = 04/26/16 Time = 21:53:05
 NATOM  =    2624 NTYPES =       4 NBONH =    2619 MBONA  =       4
 NTHETH =      24 MTHETA =       6 NPHIH =      36 MPHIA  =       0
 NHPARM =       0 NPARM  =       0 NNB   =    3562 NRES   =     870
 NBONA  =       4 NTHETA =       6 NPHIA =       0 NUMBND =       4
 NUMANG =       3 NPTRA  =       1 NATYP =       4 NPHB   =       1
 IFBOX  =       1 NMXRS  =      17 IFCAP =       0 NEXTRA =       0
 NCOPY  =       0


|     Memory Use     Allocated
|     Real              302642
|     Hollerith           8744
|     Integer            81460
|     Max Pairs         874666
|     nblistReal         31488
|     nblist Int        151453
|       Total             6971 kbytes

| Note: 1-4 EEL scale factors are being read from the topology file.

| Note: 1-4 VDW scale factors are being read from the topology file.
| Duplicated    0 dihedrals
| Duplicated    0 dihedrals

     BOX TYPE: RECTILINEAR

--------------------------------------------------------------------------------
   2.  CONTROL  DATA  FOR  THE  RUN
--------------------------------------------------------------------------------

LIG                                                                             

General flags:
     imin    =       1, nmropt  =       0

Nature and format of input:
     ntx     =       1, irest   =       0, ntrx    =       1

Nature and format of output:
     ntxo    =       1, ntpr    =      20, ntrx    =       1, ntwr    =     500
     iwrap   =       0, ntwx    =       0, ntwv    =       0, ntwe    =      20
     ioutfm  =       0, ntwprt  =       0, idecomp =       0, rbornstat=      0

Potential function:
     ntf     =       1, ntb     =       1, igb     =       0, nsnb    =      25
     ipol    =       0, gbsa    =       0, iesp    =       0
     dielc   =   1.00000, cut     =   8.00000, intdiel =   1.00000

Frozen or restrained atoms:
     ibelly  =       0, ntr     =       1
     restraint_wt =  10.00000

Energy minimization:
     maxcyc  =     100, ncyc    =      10, ntmin   =       1
     dx0     =   0.00000, drms    =   0.00010

Ewald parameters:
     verbose =       0, ew_type =       0, nbflag  =       1, use_pme =       1
     vdwmeth =       1, eedmeth =       1, netfrc  =       0
     Box X =   33.943   Box Y =   34.260   Box Z =   34.229
     Alpha =   90.000   Beta  =   90.000   Gamma =   90.000
     NFFT1 =   36       NFFT2 =   36       NFFT3 =   36
     Cutoff=    8.000   Tol   =0.100E-04
     Ewald Coefficient =  0.34864
     Interpolation order =    4

    LOADING THE CONSTRAINED ATOMS AS GROUPS


   5.  REFERENCE ATOM COORDINATES

  LIG 
     Mask !:WAT,HOH,T3P,T4P; matches    17 atoms

--------------------------------------------------------------------------------
   3.  ATOMIC COORDINATES AND VELOCITIES
--------------------------------------------------------------------------------

LIG                                                                             
 begin time read from input coords =     0.000 ps

 Number of triangulated 3-point waters found:      869

     Sum of charges from parm topology file =   0.00000500
     Forcing neutrality...

--------------------------------------------------------------------------------
   4.  RESULTS
--------------------------------------------------------------------------------

 ---------------------------------------------------
 APPROXIMATING switch and d/dx switch using CUBIC SPLINE INTERPOLATION
 using   5000.0 points per unit in tabled values
 TESTING RELATIVE ERROR over r ranging from 0.0 to cutoff
| CHECK switch(x): max rel err =   0.2738E-14   at   2.422500
| CHECK d/dx switch(x): max rel err =   0.8332E-11   at   2.782960
 ---------------------------------------------------
| Local SIZE OF NONBOND LIST =     388536
| TOTAL SIZE OF NONBOND LIST =     388536


   NSTEP       ENERGY          RMS            GMAX         NAME    NUMBER
      1      -6.9512E+03     1.1879E+01     4.3311E+01     O         642

 BOND    =        2.6517  ANGLE   =        0.1774  DIHED      =        0.0000
 VDWAALS =      847.5965  EEL     =    -7794.7308  HBOND      =        0.0000
 1-4 VDW =        2.7551  1-4 EEL =       -9.6709  RESTRAINT  =        0.0000


   NSTEP       ENERGY          RMS            GMAX         NAME    NUMBER
     20      -7.8868E+03     8.9746E+00     7.3241E+01     C1          1

 BOND    =     1052.0254  ANGLE   =        5.2546  DIHED      =        0.0026
 VDWAALS =      865.2889  EEL     =    -9802.6974  HBOND      =        0.0000
 1-4 VDW =        2.6613  1-4 EEL =       -9.6860  RESTRAINT  =        0.3624
 EAMBER  =    -7887.1507


   NSTEP       ENERGY          RMS            GMAX         NAME    NUMBER
     40      -8.4369E+03     2.7837E+00     3.1726E+01     C1          1

 BOND    =      373.5413  ANGLE   =        0.9919  DIHED      =        0.0024
 VDWAALS =      879.8657  EEL     =    -9684.0817  HBOND      =        0.0000
 1-4 VDW =        2.2566  1-4 EEL =       -9.5864  RESTRAINT  =        0.1416
 EAMBER  =    -8437.0103


   NSTEP       ENERGY          RMS            GMAX         NAME    NUMBER
     60      -8.8023E+03     2.0027E+00     1.7020E+01     C1          1

 BOND    =      608.0105  ANGLE   =        0.2327  DIHED      =        0.0036
 VDWAALS =     1082.6314  EEL     =   -10485.9338  HBOND      =        0.0000
 1-4 VDW =        2.1854  1-4 EEL =       -9.5751  RESTRAINT  =        0.1314
 EAMBER  =    -8802.4453


   NSTEP       ENERGY          RMS            GMAX         NAME    NUMBER
     80      -9.0045E+03     2.2194E+00     2.7179E+01     C4          4

 BOND    =      587.8085  ANGLE   =        2.0325  DIHED      =        0.0456
 VDWAALS =     1209.1072  EEL     =   -10796.4138  HBOND      =        0.0000
 1-4 VDW =        2.0628  1-4 EEL =       -9.5536  RESTRAINT  =        0.3635
 EAMBER  =    -9004.9107


   NSTEP       ENERGY          RMS            GMAX         NAME    NUMBER
    100      -9.1642E+03     1.9469E+00     2.9571E+01     C5          5

 BOND    =      591.4037  ANGLE   =        2.2446  DIHED      =        0.0488
 VDWAALS =     1349.3242  EEL     =   -11100.2889  HBOND      =        0.0000
 1-4 VDW =        2.3808  1-4 EEL =       -9.6230  RESTRAINT  =        0.3286
 EAMBER  =    -9164.5099


  Maximum number of minimization cycles reached.


                    FINAL RESULTS



   NSTEP       ENERGY          RMS            GMAX         NAME    NUMBER
    100      -9.1642E+03     1.9469E+00     2.9571E+01     C5          5

 BOND    =      591.4037  ANGLE   =        2.2446  DIHED      =        0.0488
 VDWAALS =     1349.3242  EEL     =   -11100.2889  HBOND      =        0.0000
 1-4 VDW =        2.3808  1-4 EEL =       -9.6230  RESTRAINT  =        0.3286
 EAMBER  =    -9164.5099

--------------------------------------------------------------------------------
   5.  TIMINGS
--------------------------------------------------------------------------------

|    Read coords time           0.01 ( 0.12% of Total)
|    Fast Water setup           0.00 ( 0.01% of Total)
|                Build the list             0.04 (44.49% of List )
|                Other                      0.04 (55.51% of List )
|             List time                  0.08 ( 1.85% of Nonbo)
|                   Short_ene time             2.89 (98.24% of Direc)
|                   Other                      0.05 ( 1.76% of Direc)
|                Direct Ewald time          2.94 (69.03% of Ewald)
|                Adjust Ewald time          0.03 ( 0.81% of Ewald)
|                Self Ewald time            0.00 ( 0.01% of Ewald)
|                   Fill Bspline coeffs        0.05 ( 3.79% of Recip)
|                   Fill charge grid           0.11 ( 8.43% of Recip)
|                   Scalar sum                 0.31 (24.41% of Recip)
|                   Grad sum                   0.22 (17.04% of Recip)
|                   FFT time                   0.59 (46.28% of Recip)
|                   Other                      0.00 ( 0.04% of Recip)
|                Recip Ewald time           1.28 (30.06% of Ewald)
|                Virial junk                0.00 ( 0.07% of Ewald)
|                Other                      0.00 ( 0.02% of Ewald)
|             Ewald time                 4.26 (98.14% of Nonbo)
|          Nonbond force              4.34 (99.40% of Force)
|          Bond/Angle/Dihedral        0.02 ( 0.57% of Force)
|          Other                      0.00 ( 0.04% of Force)
|       Force time                 4.37 (100.0% of Runmd)
|    Runmd Time                 4.37 (97.64% of Total)
|    Other                      0.10 ( 2.23% of Total)
| Total time                 4.47 (100.0% of ALL  )

| Number of list builds   :          1

| Highest rstack allocated:     179086
| Highest istack allocated:       2624
|           Job began  at 21:53:05.689  on 04/26/2016
|           Setup done at 21:53:05.753  on 04/26/2016
|           Run   done at 21:53:10.165  on 04/26/2016
|     wallclock() was called    3850 times
