            --------------------------------------------------------
                             AMBER SQM VERSION 14
 
                                     By
              Ross C. Walker, Michael F. Crowley, Scott Brozell,
                         Tim Giese, Andreas W. Goetz,
                        Tai-Sung Lee and David A. Case
 
            --------------------------------------------------------
 

--------------------------------------------------------------------------------
  QM CALCULATION INFO
--------------------------------------------------------------------------------

| QMMM: Citation for AMBER QMMM Run:
| QMMM: R.C. Walker, M.F. Crowley and D.A. Case, J. COMP. CHEM. 29:1019, 2008

QMMM: SINGLET STATE CALCULATION
QMMM: RHF CALCULATION, NO. OF DOUBLY OCCUPIED LEVELS = 16

| QMMM: *** Selected Hamiltonian *** 
| QMMM: AM1         

| QMMM: *** Parameter sets in use ***
| QMMM: C : M.J.S.DEWAR et al. JACS, 107, 3902, (1985)
| QMMM: H : M.J.S.DEWAR et al. JACS, 107, 3902, (1985)

| QMMM: *** SCF convergence criteria ***
| QMMM: Energy change                :  0.1D-09 kcal/mol
| QMMM: Error matrix |FP-PF|         :  0.1D+00 au
| QMMM: Density matrix change        :  0.1D-09
| QMMM: Maximum number of SCF cycles :      500

| QMMM: *** Diagonalization Routine Information ***
| QMMM: Pseudo diagonalizations are allowed.
| QMMM: Auto diagonalization routine selection is in use.
| QMMM:
| QMMM: Timing diagonalization routines:
| QMMM:                              norbs =       32
| QMMM:    diag iterations used for timing =       20
| QMMM:
| QMMM:              Internal diag routine = 0.006920 seconds
| QMMM:                 Dspev diag routine = 0.014474 seconds
| QMMM:                Dspevd diag routine = 0.012387 seconds
| QMMM:                Dspevx diag routine = 0.029127 seconds
| QMMM:                 Dsyev diag routine = 0.014435 seconds
| QMMM:                Dsyevd diag routine = 0.012461 seconds
| QMMM:                Dsyevr diag routine = 0.009154 seconds
| QMMM:
| QMMM:                Pseudo diag routine = 0.001362 seconds
| QMMM:
| QMMM: Using internal diagonalization routine (diag_routine=1).

  QMMM: QM Region Cartesian Coordinates (*=link atom) 
  QMMM: QM_NO.   MM_NO.  ATOM         X         Y         Z
  QMMM:     1        1      C        1.0160    0.0820    0.0480
  QMMM:     2        2      C        2.5510    0.0820    0.0480
  QMMM:     3        3      C        3.0630   -1.2930    0.5000
  QMMM:     4        4      C        3.0630    0.3780   -1.3690
  QMMM:     5        5      C        3.0630    1.1620    1.0120
  QMMM:     6        6      H        0.6200   -0.6800   -0.6330
  QMMM:     7        7      H        0.6200    1.0530   -0.2720
  QMMM:     8        8      H        0.6200   -0.1260    1.0480
  QMMM:     9        9      H        2.7130   -2.0860   -0.1700
  QMMM:    10       10      H        2.7130   -1.5320    1.5110
  QMMM:    11       11      H        4.1580   -1.3240    0.5110
  QMMM:    12       12      H        2.7130   -0.3780   -2.0820
  QMMM:    13       13      H        4.1580    0.3840   -1.4010
  QMMM:    14       14      H        2.7130    1.3550   -1.7210
  QMMM:    15       15      H        2.7130    0.9770    2.0340
  QMMM:    16       16      H        2.7130    2.1570    0.7150
  QMMM:    17       17      H        4.1580    1.1860    1.0340

--------------------------------------------------------------------------------
  RESULTS
--------------------------------------------------------------------------------

  ... geometry converged !
 
 Final MO eigenvalues (eV):
 -38.0533  -27.7744  -27.7744  -27.7743  -19.6747  -15.2904  -15.2904  -15.2904
 -13.3631  -13.3631  -12.3738  -12.3738  -12.3738  -11.5344  -11.5344  -11.5344
   3.9051    3.9051    3.9051    4.5343    4.5343    4.6868    4.7864    4.7864
   4.7864    4.9879    4.9879    4.9879    5.1040    5.3777    5.3777    5.3777


 Heat of formation   =        -32.86333962 kcal/mol  (       -1.42506134 eV)

 Total SCF energy    =     -18596.95850336 kcal/mol  (     -806.42463481 eV)
 Electronic energy   =     -81360.06465168 kcal/mol  (    -3528.03714720 eV)
 Core-core repulsion =      62763.10614832 kcal/mol  (     2721.61251239 eV)
 
    Atomic Charges for Step       1 :
  Atom    Element       Mulliken Charge
     1      C                 -0.203
     2      C                 -0.060
     3      C                 -0.203
     4      C                 -0.203
     5      C                 -0.203
     6      H                  0.073
     7      H                  0.073
     8      H                  0.073
     9      H                  0.073
    10      H                  0.073
    11      H                  0.073
    12      H                  0.073
    13      H                  0.073
    14      H                  0.073
    15      H                  0.073
    16      H                  0.073
    17      H                  0.073
 Total Mulliken Charge =      -0.000
 
                  X        Y        Z     TOTAL  
  QM DIPOLE    -0.000    0.000   -0.000    0.000
 
 Final Structure

  QMMM: QM Region Cartesian Coordinates (*=link atom) 
  QMMM: QM_NO.   MM_NO.  ATOM         X         Y         Z
  QMMM:     1        1      C        1.0300    0.0823    0.0477
  QMMM:     2        2      C        2.5511    0.0822    0.0478
  QMMM:     3        3      C        3.0580   -1.2800    0.4963
  QMMM:     4        4      C        3.0582    0.3748   -1.3560
  QMMM:     5        5      C        3.0581    1.1516    1.0033
  QMMM:     6        6      H        0.6427   -0.6984   -0.6498
  QMMM:     7        7      H        0.6428    1.0768   -0.2797
  QMMM:     8        8      H        0.6426   -0.1314    1.0726
  QMMM:     9        9      H        2.6935   -2.0761   -0.1962
  QMMM:    10       10      H        2.6934   -1.5090    1.5262
  QMMM:    11       11      H        4.1741   -1.2954    0.5015
  QMMM:    12       12      H        2.6937   -0.4026   -2.0694
  QMMM:    13       13      H        4.1744    0.3780   -1.3718
  QMMM:    14       14      H        2.6939    1.3726   -1.6993
  QMMM:    15       15      H        2.6936    0.9500    2.0389
  QMMM:    16       16      H        2.6937    2.1581    0.6866
  QMMM:    17       17      H        4.1743    1.1636    1.0141

           --------- Calculation Completed ----------

