
          -------------------------------------------------------
          Amber 14 SANDER                              2014
          -------------------------------------------------------

| Run on 09/21/2016 at 13:36:11

|   Executable path: sander
| Working directory: /home/steboss/Simulation/Cluster/reproducibility/diatomic_pert/logP/no_vdW/run003/1092/inputfiles/water/equilibration
|          Hostname: Unknown
  [-O]verwriting output

File Assignments:
|  MDIN: md00002.in                                                            
| MDOUT: md00002.out                                                           
|INPCRD: min00001.rst7                                                         
|  PARM: solvated.parm7                                                        
|RESTRT: md00002.rst7                                                          
|  REFC: solvated.rst7                                                         
| MDVEL: mdvel                                                                 
| MDFRC: mdfrc                                                                 
|  MDEN: md00002.en                                                            
| MDCRD: md00002.nc                                                            
|MDINFO: md00002.info                                                          
|  MTMD: mtmd                                                                  
|INPDIP: inpdip                                                                
|RSTDIP: rstdip                                                                
|INPTRA: inptraj                                                               


 Here is the input file:

heat the system                                                                
 &cntrl                                                                        
   imin = 0, nstlim = 1000, irest = 0, ntx = 1, dt = 0.002,                    
   nmropt = 1,                                                                 
   ntt = 1, temp0 = 300.0, tempi = 5.0, tautp = 1.0,                           
   ntb = 1, pres0 = 1.0,                                                       
   ntc = 2, ntf = 2,                                                           
   ioutfm = 1, iwrap = 1,                                                      
   ntwe = 200, ntwx = 200, ntpr = 100,                                         
    ntr = 1, restraint_wt = 10.00,                                             
 restraintmask="!:WAT,HOH,T3P,T4P",                                            
 /                                                                             
                                                                               
 &wt                                                                           
   type = 'TEMP0',                                                             
   istep1 = 0, istep2 = 1000,                                                  
   value1 = 5.0, value2 = 300.0                                                
 /                                                                             
                                                                               
 &wt type = 'END'                                                              
 /                                                                             

--------------------------------------------------------------------------------
   1.  RESOURCE   USE: 
--------------------------------------------------------------------------------

| Flags:                                                                        
 getting new box info from bottom of inpcrd
|  INFO: Old style inpcrd file read

| peek_ewald_inpcrd: Box info found
|Largest sphere to fit in unit cell has radius =    14.574
| New format PARM file being parsed.
| Version =    1.000 Date = 09/21/16 Time = 13:33:30
 NATOM  =    1574 NTYPES =       3 NBONH =    1573 MBONA  =       0
 NTHETH =       0 MTHETA =       0 NPHIH =       0 MPHIA  =       0
 NHPARM =       0 NPARM  =       0 NNB   =    2098 NRES   =     525
 NBONA  =       0 NTHETA =       0 NPHIA =       0 NUMBND =       3
 NUMANG =       0 NPTRA  =       0 NATYP =       4 NPHB   =       1
 IFBOX  =       1 NMXRS  =       3 IFCAP =       0 NEXTRA =       0
 NCOPY  =       0


|     Memory Use     Allocated
|     Real              197382
|     Hollerith           5249
|     Integer            55722
|     Max Pairs         524666
|     nblistReal         18888
|     nblist Int         88383
|       Total             4322 kbytes

| Note: 1-4 EEL scale factors are being read from the topology file.

| Note: 1-4 VDW scale factors are being read from the topology file.
| Duplicated    0 dihedrals
| Duplicated    0 dihedrals

     BOX TYPE: RECTILINEAR

--------------------------------------------------------------------------------
   2.  CONTROL  DATA  FOR  THE  RUN
--------------------------------------------------------------------------------

default_name                                                                    

General flags:
     imin    =       0, nmropt  =       1

Nature and format of input:
     ntx     =       1, irest   =       0, ntrx    =       1

Nature and format of output:
     ntxo    =       1, ntpr    =     100, ntrx    =       1, ntwr    =     500
     iwrap   =       1, ntwx    =     200, ntwv    =       0, ntwe    =     200
     ioutfm  =       1, ntwprt  =       0, idecomp =       0, rbornstat=      0

Potential function:
     ntf     =       2, ntb     =       1, igb     =       0, nsnb    =      25
     ipol    =       0, gbsa    =       0, iesp    =       0
     dielc   =   1.00000, cut     =   8.00000, intdiel =   1.00000

Frozen or restrained atoms:
     ibelly  =       0, ntr     =       1
     restraint_wt =  10.00000

Molecular dynamics:
     nstlim  =      1000, nscm    =         0, nrespa  =         1
     t       =   0.00000, dt      =   0.00200, vlimit  =  20.00000

Berendsen (weak-coupling) temperature regulation:
     temp0   = 300.00000, tempi   =   5.00000, tautp   =   1.00000

SHAKE:
     ntc     =       2, jfastw  =       0
     tol     =   0.00001

NMR refinement options:
     iscale  =       0, noeskp  =       1, ipnlty  =       1, mxsub   =       1
     scalm   = 100.00000, pencut  =   0.10000, tausw   =   0.10000

Ewald parameters:
     verbose =       0, ew_type =       0, nbflag  =       1, use_pme =       1
     vdwmeth =       1, eedmeth =       1, netfrc  =       1
     Box X =   30.021   Box Y =   29.147   Box Z =   29.273
     Alpha =   90.000   Beta  =   90.000   Gamma =   90.000
     NFFT1 =   30       NFFT2 =   30       NFFT3 =   30
     Cutoff=    8.000   Tol   =0.100E-04
     Ewald Coefficient =  0.34864
     Interpolation order =    4

    LOADING THE CONSTRAINED ATOMS AS GROUPS


   5.  REFERENCE ATOM COORDINATES

  defa
     Mask !:WAT,HOH,T3P,T4P; matches     2 atoms

--------------------------------------------------------------------------------
   3.  ATOMIC COORDINATES AND VELOCITIES
--------------------------------------------------------------------------------

defa                                                                            
 begin time read from input coords =     0.000 ps



           Begin reading energy term weight changes/NMR restraints
 WEIGHT CHANGES:
 TEMP0         0   1000    5.000000  300.000000      0      0

 RESTRAINTS:
                          ** No restraint defined **

                  Done reading weight changes/NMR restraints


 Number of triangulated 3-point waters found:      524

     Sum of charges from parm topology file =   0.00000000
     Forcing neutrality...

--------------------------------------------------------------------------------
   4.  RESULTS
--------------------------------------------------------------------------------

|  # of SOLUTE  degrees of freedom (RNDFP):    3149.
|  # of SOLVENT degrees of freedom (RNDFS):       0.
|  NDFMIN =    3149.     NUM_NOSHAKE =      0     CORRECTED RNDFP =    3149.
|  TOTAL # of degrees of freedom (RNDF) =    3149.
 ---------------------------------------------------
 APPROXIMATING switch and d/dx switch using CUBIC SPLINE INTERPOLATION
 using   5000.0 points per unit in tabled values
 TESTING RELATIVE ERROR over r ranging from 0.0 to cutoff
| CHECK switch(x): max rel err =   0.2738E-14   at   2.422500
| CHECK d/dx switch(x): max rel err =   0.8332E-11   at   2.782960
 ---------------------------------------------------
| Local SIZE OF NONBOND LIST =     223404
| TOTAL SIZE OF NONBOND LIST =     223404

 NSTEP =        0   TIME(PS) =       0.000  TEMP(K) =     7.47  PRESS =     0.0
 Etot   =     -5751.9257  EKtot   =        23.3604  EPtot      =     -5775.2862
 BOND   =         0.0000  ANGLE   =         0.0000  DIHED      =         0.0000
 1-4 NB =         0.0000  1-4 EEL =         0.0000  VDWAALS    =       850.0875
 EELEC  =     -6625.3783  EHBOND  =         0.0000  RESTRAINT  =         0.0046
 EAMBER (non-restraint)  =     -5775.2907
 Ewald error estimate:   0.1166E-03
 ------------------------------------------------------------------------------

 NMR restraints: Bond =    0.000   Angle =     0.000   Torsion =     0.000
===============================================================================

 NSTEP =      100   TIME(PS) =       0.200  TEMP(K) =    99.75  PRESS =     0.0
 Etot   =     -5077.5167  EKtot   =       312.0906  EPtot      =     -5389.6073
 BOND   =         0.0000  ANGLE   =         0.0000  DIHED      =         0.0000
 1-4 NB =         0.0000  1-4 EEL =         0.0000  VDWAALS    =      1035.0629
 EELEC  =     -6424.6884  EHBOND  =         0.0000  RESTRAINT  =         0.0182
 EAMBER (non-restraint)  =     -5389.6255
 Ewald error estimate:   0.1850E-03
 ------------------------------------------------------------------------------

 NMR restraints: Bond =    0.000   Angle =     0.000   Torsion =     0.000
===============================================================================

 NSTEP =      200   TIME(PS) =       0.400  TEMP(K) =   106.75  PRESS =     0.0
 Etot   =     -5114.8631  EKtot   =       333.9921  EPtot      =     -5448.8552
 BOND   =         0.0000  ANGLE   =         0.0000  DIHED      =         0.0000
 1-4 NB =         0.0000  1-4 EEL =         0.0000  VDWAALS    =      1139.2773
 EELEC  =     -6588.1497  EHBOND  =         0.0000  RESTRAINT  =         0.0172
 EAMBER (non-restraint)  =     -5448.8724
 Ewald error estimate:   0.3843E-03
 ------------------------------------------------------------------------------

 NMR restraints: Bond =    0.000   Angle =     0.000   Torsion =     0.000
===============================================================================

 NSTEP =      300   TIME(PS) =       0.600  TEMP(K) =   112.61  PRESS =     0.0
 Etot   =     -5134.6805  EKtot   =       352.3336  EPtot      =     -5487.0140
 BOND   =         0.0000  ANGLE   =         0.0000  DIHED      =         0.0000
 1-4 NB =         0.0000  1-4 EEL =         0.0000  VDWAALS    =      1087.3543
 EELEC  =     -6574.3741  EHBOND  =         0.0000  RESTRAINT  =         0.0058
 EAMBER (non-restraint)  =     -5487.0198
 Ewald error estimate:   0.1287E-03
 ------------------------------------------------------------------------------

 NMR restraints: Bond =    0.000   Angle =     0.000   Torsion =     0.000
===============================================================================

 NSTEP =      400   TIME(PS) =       0.800  TEMP(K) =   113.07  PRESS =     0.0
 Etot   =     -5139.3335  EKtot   =       353.7740  EPtot      =     -5493.1075
 BOND   =         0.0000  ANGLE   =         0.0000  DIHED      =         0.0000
 1-4 NB =         0.0000  1-4 EEL =         0.0000  VDWAALS    =      1128.1379
 EELEC  =     -6621.2587  EHBOND  =         0.0000  RESTRAINT  =         0.0134
 EAMBER (non-restraint)  =     -5493.1208
 Ewald error estimate:   0.2090E-03
 ------------------------------------------------------------------------------

 NMR restraints: Bond =    0.000   Angle =     0.000   Torsion =     0.000
===============================================================================

 NSTEP =      500   TIME(PS) =       1.000  TEMP(K) =   122.96  PRESS =     0.0
 Etot   =     -5126.2760  EKtot   =       384.7069  EPtot      =     -5510.9829
 BOND   =         0.0000  ANGLE   =         0.0000  DIHED      =         0.0000
 1-4 NB =         0.0000  1-4 EEL =         0.0000  VDWAALS    =      1040.3826
 EELEC  =     -6551.3796  EHBOND  =         0.0000  RESTRAINT  =         0.0141
 EAMBER (non-restraint)  =     -5510.9970
 Ewald error estimate:   0.5168E-03
 ------------------------------------------------------------------------------

 NMR restraints: Bond =    0.000   Angle =     0.000   Torsion =     0.000
===============================================================================

 NSTEP =      600   TIME(PS) =       1.200  TEMP(K) =   124.14  PRESS =     0.0
 Etot   =     -5097.9623  EKtot   =       388.4125  EPtot      =     -5486.3748
 BOND   =         0.0000  ANGLE   =         0.0000  DIHED      =         0.0000
 1-4 NB =         0.0000  1-4 EEL =         0.0000  VDWAALS    =      1041.1060
 EELEC  =     -6527.4837  EHBOND  =         0.0000  RESTRAINT  =         0.0029
 EAMBER (non-restraint)  =     -5486.3777
 Ewald error estimate:   0.2924E-03
 ------------------------------------------------------------------------------

 NMR restraints: Bond =    0.000   Angle =     0.000   Torsion =     0.000
===============================================================================

 NSTEP =      700   TIME(PS) =       1.400  TEMP(K) =   137.82  PRESS =     0.0
 Etot   =     -5057.0565  EKtot   =       431.2109  EPtot      =     -5488.2674
 BOND   =         0.0000  ANGLE   =         0.0000  DIHED      =         0.0000
 1-4 NB =         0.0000  1-4 EEL =         0.0000  VDWAALS    =      1015.9478
 EELEC  =     -6504.2305  EHBOND  =         0.0000  RESTRAINT  =         0.0152
 EAMBER (non-restraint)  =     -5488.2826
 Ewald error estimate:   0.1108E-03
 ------------------------------------------------------------------------------

 NMR restraints: Bond =    0.000   Angle =     0.000   Torsion =     0.000
===============================================================================

 NSTEP =      800   TIME(PS) =       1.600  TEMP(K) =   144.09  PRESS =     0.0
 Etot   =     -5004.0846  EKtot   =       450.8426  EPtot      =     -5454.9271
 BOND   =         0.0000  ANGLE   =         0.0000  DIHED      =         0.0000
 1-4 NB =         0.0000  1-4 EEL =         0.0000  VDWAALS    =      1037.8289
 EELEC  =     -6492.7816  EHBOND  =         0.0000  RESTRAINT  =         0.0256
 EAMBER (non-restraint)  =     -5454.9527
 Ewald error estimate:   0.3519E-04
 ------------------------------------------------------------------------------

 NMR restraints: Bond =    0.000   Angle =     0.000   Torsion =     0.000
===============================================================================

 NSTEP =      900   TIME(PS) =       1.800  TEMP(K) =   155.86  PRESS =     0.0
 Etot   =     -4937.9826  EKtot   =       487.6500  EPtot      =     -5425.6325
 BOND   =         0.0000  ANGLE   =         0.0000  DIHED      =         0.0000
 1-4 NB =         0.0000  1-4 EEL =         0.0000  VDWAALS    =      1026.8646
 EELEC  =     -6452.5037  EHBOND  =         0.0000  RESTRAINT  =         0.0066
 EAMBER (non-restraint)  =     -5425.6391
 Ewald error estimate:   0.3157E-04
 ------------------------------------------------------------------------------

 NMR restraints: Bond =    0.000   Angle =     0.000   Torsion =     0.000
===============================================================================

 NSTEP =     1000   TIME(PS) =       2.000  TEMP(K) =   162.44  PRESS =     0.0
 Etot   =     -4859.3687  EKtot   =       508.2613  EPtot      =     -5367.6300
 BOND   =         0.0000  ANGLE   =         0.0000  DIHED      =         0.0000
 1-4 NB =         0.0000  1-4 EEL =         0.0000  VDWAALS    =       959.0924
 EELEC  =     -6326.7293  EHBOND  =         0.0000  RESTRAINT  =         0.0069
 EAMBER (non-restraint)  =     -5367.6369
 Ewald error estimate:   0.2980E-03
 ------------------------------------------------------------------------------

 NMR restraints: Bond =    0.000   Angle =     0.000   Torsion =     0.000
===============================================================================

      A V E R A G E S   O V E R    1000 S T E P S


 NSTEP =     1000   TIME(PS) =       2.000  TEMP(K) =   120.77  PRESS =     0.0
 Etot   =     -5065.5692  EKtot   =       377.8738  EPtot      =     -5443.4430
 BOND   =         0.0000  ANGLE   =         0.0000  DIHED      =         0.0000
 1-4 NB =         0.0000  1-4 EEL =         0.0000  VDWAALS    =      1038.3806
 EELEC  =     -6481.8362  EHBOND  =         0.0000  RESTRAINT  =         0.0126
 EAMBER (non-restraint)  =     -5443.4556
 Ewald error estimate:   0.2849E-03
 ------------------------------------------------------------------------------

 NMR restraints: Bond =    0.000   Angle =     0.000   Torsion =     0.000
===============================================================================

      R M S  F L U C T U A T I O N S


 NSTEP =     1000   TIME(PS) =       2.000  TEMP(K) =    28.24  PRESS =     0.0
 Etot   =        76.4290  EKtot   =        88.3607  EPtot      =        80.9355
 BOND   =         0.0000  ANGLE   =         0.0000  DIHED      =         0.0000
 1-4 NB =         0.0000  1-4 EEL =         0.0000  VDWAALS    =        84.5372
 EELEC  =       154.3486  EHBOND  =         0.0000  RESTRAINT  =         0.0058
 EAMBER (non-restraint)  =        80.9297
 Ewald error estimate:   0.1838E-03
 ------------------------------------------------------------------------------


 NMR restraints on final step:


--------------------------------------------------------------------------------
   5.  TIMINGS
--------------------------------------------------------------------------------

|    Read coords time           0.16 ( 1.17% of Total)
|                Build the list             0.38 (91.84% of List )
|                Other                      0.03 ( 8.16% of List )
|             List time                  0.41 ( 4.76% of Nonbo)
|                   Short_ene time             6.05 (99.12% of Direc)
|                   Other                      0.05 ( 0.88% of Direc)
|                Direct Ewald time          6.11 (73.82% of Ewald)
|                Adjust Ewald time          0.06 ( 0.71% of Ewald)
|                Self Ewald time            0.00 ( 0.02% of Ewald)
|                   Fill Bspline coeffs        0.07 ( 3.27% of Recip)
|                   Fill charge grid           0.18 ( 8.62% of Recip)
|                   Scalar sum                 0.60 (28.71% of Recip)
|                   Grad sum                   0.35 (16.95% of Recip)
|                   FFT time                   0.89 (42.39% of Recip)
|                   Other                      0.00 ( 0.08% of Recip)
|                Recip Ewald time           2.09 (25.28% of Ewald)
|                Force Adjust               0.00 ( 0.03% of Ewald)
|                Virial junk                0.00 ( 0.06% of Ewald)
|                Start synchronizatio       0.00 ( 0.01% of Ewald)
|                Other                      0.01 ( 0.08% of Ewald)
|             Ewald time                 8.27 (95.18% of Nonbo)
|             IPS excludes               0.00 ( 0.01% of Nonbo)
|             Other                      0.00 ( 0.05% of Nonbo)
|          Nonbond force              8.69 (100.0% of Force)
|          Bond/Angle/Dihedral        0.00 ( 0.01% of Force)
|          Other                      0.01 ( 0.07% of Force)
|       Force time                 8.70 (72.72% of Runmd)
|       Shake time                 0.08 ( 0.64% of Runmd)
|       Verlet update time         2.97 (24.82% of Runmd)
|       Other                      0.22 ( 1.81% of Runmd)
|    Runmd Time                11.96 (86.74% of Total)
|    Other                      1.67 (12.09% of Total)
| Total time                13.78 (100.0% of ALL  )

| Highest rstack allocated:     106960
| Highest istack allocated:       1574

| Final Performance Info:
| -----------------------------------------------------
| Average timings for all steps:
|     Elapsed(s) =      12.04 Per Step(ms) =      12.04
|         ns/day =      14.35   seconds/ns =    6020.87
| -----------------------------------------------------

|           Job began  at 13:36:11.139  on 09/21/2016
|           Setup done at 13:36:12.976  on 09/21/2016
|           Run   done at 13:36:24.933  on 09/21/2016
|     wallclock() was called   44175 times
