
          -------------------------------------------------------
          Amber 14 SANDER                              2014
          -------------------------------------------------------

| Run on 04/27/2016 at 11:41:52

|   Executable path: /home/steboss/Software/amber14/bin/sander
| Working directory: /home/steboss/projects/reproducibility/neopentane_issue/_ligands/methane
|          Hostname: Unknown
  [-O]verwriting output

File Assignments:
|  MDIN: md00003.in                                                            
| MDOUT: md00003.out                                                           
|INPCRD: md00002.rst7                                                          
|  PARM: solvated.parm7                                                        
|RESTRT: md00003.rst7                                                          
|  REFC: solvated.rst7                                                         
| MDVEL: mdvel                                                                 
| MDFRC: mdfrc                                                                 
|  MDEN: md00003.en                                                            
| MDCRD: md00003.nc                                                            
|MDINFO: md00003.info                                                          
|  MTMD: mtmd                                                                  
|INPDIP: inpdip                                                                
|RSTDIP: rstdip                                                                
|INPTRA: inptraj                                                               


 Here is the input file:

constant temperature                                                           
 &cntrl                                                                        
   imin = 0, nstlim = 4000, irest = 1, ntx = 5, dt = 0.002,                    
   ntt = 1, temp0 = 300.0, tautp = 1.0,                                        
   ntb = 1,                                                                    
   ntc = 2, ntf = 2,                                                           
   ioutfm = 1, iwrap = 1,                                                      
   ntwe = 800, ntwx = 800, ntpr = 400,                                         
    ntr = 1, restraint_wt = 10.00,                                             
 restraintmask="!:WAT,HOH,T3P,T4P",                                            
 /                                                                             

--------------------------------------------------------------------------------
   1.  RESOURCE   USE: 
--------------------------------------------------------------------------------

| Flags:                                                                        
 getting new box info from bottom of inpcrd
|  INFO: Old style inpcrd file read

| peek_ewald_inpcrd: Box info found
|Largest sphere to fit in unit cell has radius =    15.675
| New format PARM file being parsed.
| Version =    1.000 Date = 04/27/16 Time = 11:41:12
 NATOM  =    2090 NTYPES =       4 NBONH =    2089 MBONA  =       0
 NTHETH =       6 MTHETA =       0 NPHIH =       0 MPHIA  =       0
 NHPARM =       0 NPARM  =       0 NNB   =    2791 NRES   =     696
 NBONA  =       0 NTHETA =       0 NPHIA =       0 NUMBND =       3
 NUMANG =       1 NPTRA  =       0 NATYP =       4 NPHB   =       1
 IFBOX  =       1 NMXRS  =       5 IFCAP =       0 NEXTRA =       0
 NCOPY  =       0


|     Memory Use     Allocated
|     Real              233514
|     Hollerith           6968
|     Integer            67438
|     Max Pairs         696666
|     nblistReal         25080
|     nblist Int        114004
|       Total             5477 kbytes

| Note: 1-4 EEL scale factors are being read from the topology file.

| Note: 1-4 VDW scale factors are being read from the topology file.
| Duplicated    0 dihedrals
| Duplicated    0 dihedrals

     BOX TYPE: RECTILINEAR

--------------------------------------------------------------------------------
   2.  CONTROL  DATA  FOR  THE  RUN
--------------------------------------------------------------------------------

LIG                                                                             

General flags:
     imin    =       0, nmropt  =       0

Nature and format of input:
     ntx     =       5, irest   =       1, ntrx    =       1

Nature and format of output:
     ntxo    =       1, ntpr    =     400, ntrx    =       1, ntwr    =     500
     iwrap   =       1, ntwx    =     800, ntwv    =       0, ntwe    =     800
     ioutfm  =       1, ntwprt  =       0, idecomp =       0, rbornstat=      0

Potential function:
     ntf     =       2, ntb     =       1, igb     =       0, nsnb    =      25
     ipol    =       0, gbsa    =       0, iesp    =       0
     dielc   =   1.00000, cut     =   8.00000, intdiel =   1.00000

Frozen or restrained atoms:
     ibelly  =       0, ntr     =       1
     restraint_wt =  10.00000

Molecular dynamics:
     nstlim  =      4000, nscm    =         0, nrespa  =         1
     t       =   0.00000, dt      =   0.00200, vlimit  =  20.00000

Berendsen (weak-coupling) temperature regulation:
     temp0   = 300.00000, tempi   =   0.00000, tautp   =   1.00000

SHAKE:
     ntc     =       2, jfastw  =       0
     tol     =   0.00001

Ewald parameters:
     verbose =       0, ew_type =       0, nbflag  =       1, use_pme =       1
     vdwmeth =       1, eedmeth =       1, netfrc  =       1
     Box X =   31.981   Box Y =   31.785   Box Z =   31.349
     Alpha =   90.000   Beta  =   90.000   Gamma =   90.000
     NFFT1 =   32       NFFT2 =   32       NFFT3 =   32
     Cutoff=    8.000   Tol   =0.100E-04
     Ewald Coefficient =  0.34864
     Interpolation order =    4

    LOADING THE CONSTRAINED ATOMS AS GROUPS


   5.  REFERENCE ATOM COORDINATES

  LIG 
     Mask !:WAT,HOH,T3P,T4P; matches     5 atoms

--------------------------------------------------------------------------------
   3.  ATOMIC COORDINATES AND VELOCITIES
--------------------------------------------------------------------------------

LIG                                                                             
 begin time read from input coords =     2.000 ps

 Number of triangulated 3-point waters found:      695

     Sum of charges from parm topology file =   0.00000000
     Forcing neutrality...

--------------------------------------------------------------------------------
   4.  RESULTS
--------------------------------------------------------------------------------

|  # of SOLUTE  degrees of freedom (RNDFP):    4181.
|  # of SOLVENT degrees of freedom (RNDFS):       0.
|  NDFMIN =    4181.     NUM_NOSHAKE =      0     CORRECTED RNDFP =    4181.
|  TOTAL # of degrees of freedom (RNDF) =    4181.
 ---------------------------------------------------
 APPROXIMATING switch and d/dx switch using CUBIC SPLINE INTERPOLATION
 using   5000.0 points per unit in tabled values
 TESTING RELATIVE ERROR over r ranging from 0.0 to cutoff
| CHECK switch(x): max rel err =   0.2738E-14   at   2.422500
| CHECK d/dx switch(x): max rel err =   0.8332E-11   at   2.782960
 ---------------------------------------------------
| Local SIZE OF NONBOND LIST =     331998
| TOTAL SIZE OF NONBOND LIST =     331998

 NSTEP =      400   TIME(PS) =       2.800  TEMP(K) =   203.84  PRESS =     0.0
 Etot   =     -6134.9638  EKtot   =       846.7949  EPtot      =     -6981.7587
 BOND   =         0.0000  ANGLE   =         0.1415  DIHED      =         0.0000
 1-4 NB =         0.0000  1-4 EEL =         0.0000  VDWAALS    =      1202.4760
 EELEC  =     -8184.6521  EHBOND  =         0.0000  RESTRAINT  =         0.2758
 EAMBER (non-restraint)  =     -6982.0345
 Ewald error estimate:   0.7683E-04
 ------------------------------------------------------------------------------


 NSTEP =      800   TIME(PS) =       3.600  TEMP(K) =   233.93  PRESS =     0.0
 Etot   =     -5875.1735  EKtot   =       971.7877  EPtot      =     -6846.9613
 BOND   =         0.0000  ANGLE   =         0.2798  DIHED      =         0.0000
 1-4 NB =         0.0000  1-4 EEL =         0.0000  VDWAALS    =      1174.6707
 EELEC  =     -8022.7084  EHBOND  =         0.0000  RESTRAINT  =         0.7966
 EAMBER (non-restraint)  =     -6847.7579
 Ewald error estimate:   0.7991E-04
 ------------------------------------------------------------------------------


 NSTEP =     1200   TIME(PS) =       4.400  TEMP(K) =   247.90  PRESS =     0.0
 Etot   =     -5691.2204  EKtot   =      1029.8226  EPtot      =     -6721.0430
 BOND   =         0.0000  ANGLE   =         0.3511  DIHED      =         0.0000
 1-4 NB =         0.0000  1-4 EEL =         0.0000  VDWAALS    =      1106.8476
 EELEC  =     -7829.8822  EHBOND  =         0.0000  RESTRAINT  =         1.6404
 EAMBER (non-restraint)  =     -6722.6835
 Ewald error estimate:   0.1967E-03
 ------------------------------------------------------------------------------


 NSTEP =     1600   TIME(PS) =       5.200  TEMP(K) =   267.13  PRESS =     0.0
 Etot   =     -5559.3946  EKtot   =      1109.7102  EPtot      =     -6669.1048
 BOND   =         0.0000  ANGLE   =         0.2937  DIHED      =         0.0000
 1-4 NB =         0.0000  1-4 EEL =         0.0000  VDWAALS    =      1113.3102
 EELEC  =     -7785.0262  EHBOND  =         0.0000  RESTRAINT  =         2.3175
 EAMBER (non-restraint)  =     -6671.4223
 Ewald error estimate:   0.3108E-03
 ------------------------------------------------------------------------------


 NSTEP =     2000   TIME(PS) =       6.000  TEMP(K) =   267.86  PRESS =     0.0
 Etot   =     -5448.9657  EKtot   =      1112.7392  EPtot      =     -6561.7049
 BOND   =         0.0000  ANGLE   =         0.1941  DIHED      =         0.0000
 1-4 NB =         0.0000  1-4 EEL =         0.0000  VDWAALS    =      1081.1366
 EELEC  =     -7643.8067  EHBOND  =         0.0000  RESTRAINT  =         0.7710
 EAMBER (non-restraint)  =     -6562.4760
 Ewald error estimate:   0.6073E-05
 ------------------------------------------------------------------------------


 NSTEP =     2400   TIME(PS) =       6.800  TEMP(K) =   273.78  PRESS =     0.0
 Etot   =     -5363.7822  EKtot   =      1137.3444  EPtot      =     -6501.1266
 BOND   =         0.0000  ANGLE   =         0.3863  DIHED      =         0.0000
 1-4 NB =         0.0000  1-4 EEL =         0.0000  VDWAALS    =      1049.8593
 EELEC  =     -7553.9574  EHBOND  =         0.0000  RESTRAINT  =         2.5852
 EAMBER (non-restraint)  =     -6503.7118
 Ewald error estimate:   0.2686E-03
 ------------------------------------------------------------------------------


 NSTEP =     2800   TIME(PS) =       7.600  TEMP(K) =   281.32  PRESS =     0.0
 Etot   =     -5291.9533  EKtot   =      1168.6516  EPtot      =     -6460.6049
 BOND   =         0.0000  ANGLE   =         0.5720  DIHED      =         0.0000
 1-4 NB =         0.0000  1-4 EEL =         0.0000  VDWAALS    =       977.8757
 EELEC  =     -7442.4694  EHBOND  =         0.0000  RESTRAINT  =         3.4168
 EAMBER (non-restraint)  =     -6464.0217
 Ewald error estimate:   0.2183E-03
 ------------------------------------------------------------------------------


 NSTEP =     3200   TIME(PS) =       8.400  TEMP(K) =   286.02  PRESS =     0.0
 Etot   =     -5238.2664  EKtot   =      1188.2087  EPtot      =     -6426.4751
 BOND   =         0.0000  ANGLE   =         0.2729  DIHED      =         0.0000
 1-4 NB =         0.0000  1-4 EEL =         0.0000  VDWAALS    =       990.5879
 EELEC  =     -7420.0041  EHBOND  =         0.0000  RESTRAINT  =         2.6681
 EAMBER (non-restraint)  =     -6429.1432
 Ewald error estimate:   0.6821E-04
 ------------------------------------------------------------------------------


 NSTEP =     3600   TIME(PS) =       9.200  TEMP(K) =   287.02  PRESS =     0.0
 Etot   =     -5204.3427  EKtot   =      1192.3595  EPtot      =     -6396.7022
 BOND   =         0.0000  ANGLE   =         0.4240  DIHED      =         0.0000
 1-4 NB =         0.0000  1-4 EEL =         0.0000  VDWAALS    =       998.4859
 EELEC  =     -7398.8801  EHBOND  =         0.0000  RESTRAINT  =         3.2680
 EAMBER (non-restraint)  =     -6399.9702
 Ewald error estimate:   0.2330E-03
 ------------------------------------------------------------------------------


 NSTEP =     4000   TIME(PS) =      10.000  TEMP(K) =   303.45  PRESS =     0.0
 Etot   =     -5183.2067  EKtot   =      1260.5932  EPtot      =     -6443.7999
 BOND   =         0.0000  ANGLE   =         0.7302  DIHED      =         0.0000
 1-4 NB =         0.0000  1-4 EEL =         0.0000  VDWAALS    =      1030.1261
 EELEC  =     -7477.9431  EHBOND  =         0.0000  RESTRAINT  =         3.2869
 EAMBER (non-restraint)  =     -6447.0868
 Ewald error estimate:   0.2673E-03
 ------------------------------------------------------------------------------


      A V E R A G E S   O V E R    4000 S T E P S


 NSTEP =     4000   TIME(PS) =      10.000  TEMP(K) =   260.02  PRESS =     0.0
 Etot   =     -5561.6400  EKtot   =      1080.1627  EPtot      =     -6641.8027
 BOND   =         0.0000  ANGLE   =         0.3494  DIHED      =         0.0000
 1-4 NB =         0.0000  1-4 EEL =         0.0000  VDWAALS    =      1090.7403
 EELEC  =     -7734.5792  EHBOND  =         0.0000  RESTRAINT  =         1.6868
 EAMBER (non-restraint)  =     -6643.4895
 Ewald error estimate:   0.2033E-03
 ------------------------------------------------------------------------------


      R M S  F L U C T U A T I O N S


 NSTEP =     4000   TIME(PS) =      10.000  TEMP(K) =    32.56  PRESS =     0.0
 Etot   =       353.1148  EKtot   =       135.2474  EPtot      =       220.7874
 BOND   =         0.0000  ANGLE   =         0.1669  DIHED      =         0.0000
 1-4 NB =         0.0000  1-4 EEL =         0.0000  VDWAALS    =        94.0640
 EELEC  =       309.0491  EHBOND  =         0.0000  RESTRAINT  =         1.0152
 EAMBER (non-restraint)  =       219.7723
 Ewald error estimate:   0.1486E-03
 ------------------------------------------------------------------------------


--------------------------------------------------------------------------------
   5.  TIMINGS
--------------------------------------------------------------------------------

|    Read coords time           0.01 ( 0.01% of Total)
|                Build the list             9.35 (98.57% of List )
|                Other                      0.14 ( 1.43% of List )
|             List time                  9.49 ( 6.45% of Nonbo)
|                   Short_ene time           100.80 (98.40% of Direc)
|                   Other                      1.64 ( 1.60% of Direc)
|                Direct Ewald time        102.45 (74.43% of Ewald)
|                Adjust Ewald time          1.05 ( 0.76% of Ewald)
|                Self Ewald time            0.01 ( 0.01% of Ewald)
|                   Fill Bspline coeffs        1.54 ( 4.53% of Recip)
|                   Fill charge grid           3.36 ( 9.90% of Recip)
|                   Scalar sum                 8.74 (25.72% of Recip)
|                   Grad sum                   6.78 (19.94% of Recip)
|                   FFT time                  13.54 (39.85% of Recip)
|                   Other                      0.02 ( 0.06% of Recip)
|                Recip Ewald time          33.98 (24.69% of Ewald)
|                Force Adjust               0.04 ( 0.03% of Ewald)
|                Virial junk                0.10 ( 0.07% of Ewald)
|                Other                      0.02 ( 0.02% of Ewald)
|             Ewald time               137.64 (93.55% of Nonbo)
|          Nonbond force            147.14 (100.0% of Force)
|          Bond/Angle/Dihedral        0.04 ( 0.03% of Force)
|          Other                      0.04 ( 0.03% of Force)
|       Force time               147.23 (98.41% of Runmd)
|       Shake time                 1.30 ( 0.87% of Runmd)
|       Verlet update time         1.01 ( 0.67% of Runmd)
|       Other                      0.07 ( 0.04% of Runmd)
|    Runmd Time               149.60 (100.0% of Total)
|    Other                      0.06 ( 0.04% of Total)
| Total time               149.67 (100.0% of ALL  )

| Number of list builds   :        331

| Highest rstack allocated:     133828
| Highest istack allocated:       2090

| Final Performance Info:
| -----------------------------------------------------
| Average timings for all steps:
|     Elapsed(s) =     149.60 Per Step(ms) =      37.40
|         ns/day =       4.62   seconds/ns =   18700.12
| -----------------------------------------------------

|           Job began  at 11:41:52.033  on 04/27/2016
|           Setup done at 11:41:52.100  on 04/27/2016
|           Run   done at 11:44:21.701  on 04/27/2016
|     wallclock() was called  176685 times
