
          -------------------------------------------------------
          Amber 14 SANDER                              2014
          -------------------------------------------------------

| Run on 04/29/2016 at 16:50:08

|   Executable path: /home/steboss/Software/amber14/bin/sander
| Working directory: /home/steboss/projects/reproducibility/chebyshev_test/fesetup_inputfiles/_ligands/2methylfurane
|          Hostname: Unknown
  [-O]verwriting output

File Assignments:
|  MDIN: md00004.in                                                            
| MDOUT: md00004.out                                                           
|INPCRD: md00003.rst7                                                          
|  PARM: solvated.parm7                                                        
|RESTRT: md00004.rst7                                                          
|  REFC: md00003.rst7                                                          
| MDVEL: mdvel                                                                 
| MDFRC: mdfrc                                                                 
|  MDEN: md00004.en                                                            
| MDCRD: md00004.nc                                                            
|MDINFO: md00004.info                                                          
|  MTMD: mtmd                                                                  
|INPDIP: inpdip                                                                
|RSTDIP: rstdip                                                                
|INPTRA: inptraj                                                               


 Here is the input file:

constant pressure                                                              
 &cntrl                                                                        
   imin = 0, nstlim = 15000, irest = 1, ntx = 5, dt = 0.002,                   
   ntt = 1, temp0 = 300.0, tautp = 1.0,                                        
   ntp = 1, pres0 = 1.0, taup = 0.5,                                           
   ntb = 2,                                                                    
   ntc = 2, ntf = 2,                                                           
   ioutfm = 1, iwrap = 1,                                                      
   ntwe = 3000, ntwx = 3000, ntpr = 1500,                                      
    ntr = 1, restraint_wt = 10.00,                                             
 restraintmask="!:WAT,HOH,T3P,T4P",                                            
 /                                                                             

--------------------------------------------------------------------------------
   1.  RESOURCE   USE: 
--------------------------------------------------------------------------------

| Flags:                                                                        
 getting new box info from bottom of inpcrd
|  INFO: Old style inpcrd file read

| peek_ewald_inpcrd: Box info found
|Largest sphere to fit in unit cell has radius =    15.675
| New format PARM file being parsed.
| Version =    1.000 Date = 04/29/16 Time = 16:46:12
 NATOM  =    2532 NTYPES =       8 NBONH =    2526 MBONA  =       6
 NTHETH =      12 MTHETA =       7 NPHIH =      18 MPHIA  =       8
 NHPARM =       0 NPARM  =       0 NNB   =    3410 NRES   =     841
 NBONA  =       6 NTHETA =       7 NPHIA =       8 NUMBND =       9
 NUMANG =      11 NPTRA  =       4 NATYP =       9 NPHB   =       1
 IFBOX  =       1 NMXRS  =      12 IFCAP =       0 NEXTRA =       0
 NCOPY  =       0


|     Memory Use     Allocated
|     Real              264567
|     Hollerith           8439
|     Integer            78801
|     Max Pairs         844000
|     nblistReal         30384
|     nblist Int        139858
|       Total             6488 kbytes

| Note: 1-4 EEL scale factors are being read from the topology file.

| Note: 1-4 VDW scale factors are being read from the topology file.
| Duplicated    0 dihedrals
| Duplicated    0 dihedrals

     BOX TYPE: RECTILINEAR

--------------------------------------------------------------------------------
   2.  CONTROL  DATA  FOR  THE  RUN
--------------------------------------------------------------------------------

LIG                                                                             

General flags:
     imin    =       0, nmropt  =       0

Nature and format of input:
     ntx     =       5, irest   =       1, ntrx    =       1

Nature and format of output:
     ntxo    =       1, ntpr    =    1500, ntrx    =       1, ntwr    =     500
     iwrap   =       1, ntwx    =    3000, ntwv    =       0, ntwe    =    3000
     ioutfm  =       1, ntwprt  =       0, idecomp =       0, rbornstat=      0

Potential function:
     ntf     =       2, ntb     =       2, igb     =       0, nsnb    =      25
     ipol    =       0, gbsa    =       0, iesp    =       0
     dielc   =   1.00000, cut     =   8.00000, intdiel =   1.00000

Frozen or restrained atoms:
     ibelly  =       0, ntr     =       1
     restraint_wt =  10.00000

Molecular dynamics:
     nstlim  =     15000, nscm    =         0, nrespa  =         1
     t       =   0.00000, dt      =   0.00200, vlimit  =  20.00000

Berendsen (weak-coupling) temperature regulation:
     temp0   = 300.00000, tempi   =   0.00000, tautp   =   1.00000

Pressure regulation:
     ntp     =       1
     pres0   =   1.00000, comp    =  44.60000, taup    =   0.50000

SHAKE:
     ntc     =       2, jfastw  =       0
     tol     =   0.00001

Ewald parameters:
     verbose =       0, ew_type =       0, nbflag  =       1, use_pme =       1
     vdwmeth =       1, eedmeth =       1, netfrc  =       1
     Box X =   34.986   Box Y =   33.542   Box Z =   31.349
     Alpha =   90.000   Beta  =   90.000   Gamma =   90.000
     NFFT1 =   36       NFFT2 =   36       NFFT3 =   32
     Cutoff=    8.000   Tol   =0.100E-04
     Ewald Coefficient =  0.34864
     Interpolation order =    4

    LOADING THE CONSTRAINED ATOMS AS GROUPS


   5.  REFERENCE ATOM COORDINATES

  LIG 
     Mask !:WAT,HOH,T3P,T4P; matches    12 atoms

--------------------------------------------------------------------------------
   3.  ATOMIC COORDINATES AND VELOCITIES
--------------------------------------------------------------------------------

LIG                                                                             
 begin time read from input coords =    10.000 ps

 Number of triangulated 3-point waters found:      840

     Sum of charges from parm topology file =  -0.00000500
     Forcing neutrality...

--------------------------------------------------------------------------------
   4.  RESULTS
--------------------------------------------------------------------------------

|  # of SOLUTE  degrees of freedom (RNDFP):    5070.
|  # of SOLVENT degrees of freedom (RNDFS):       0.
|  NDFMIN =    5070.     NUM_NOSHAKE =      0     CORRECTED RNDFP =    5070.
|  TOTAL # of degrees of freedom (RNDF) =    5070.
 ---------------------------------------------------
 APPROXIMATING switch and d/dx switch using CUBIC SPLINE INTERPOLATION
 using   5000.0 points per unit in tabled values
 TESTING RELATIVE ERROR over r ranging from 0.0 to cutoff
| CHECK switch(x): max rel err =   0.2738E-14   at   2.422500
| CHECK d/dx switch(x): max rel err =   0.8332E-11   at   2.782960
 ---------------------------------------------------
| Local SIZE OF NONBOND LIST =     413288
| TOTAL SIZE OF NONBOND LIST =     413288

 NSTEP =     1500   TIME(PS) =      13.000  TEMP(K) =   295.75  PRESS =  -773.0
 Etot   =     -6263.2469  EKtot   =      1489.8599  EPtot      =     -7753.1068
 BOND   =         1.8479  ANGLE   =        10.7779  DIHED      =         1.2526
 1-4 NB =        -0.1402  1-4 EEL =       -11.0522  VDWAALS    =      1134.7633
 EELEC  =     -8894.0459  EHBOND  =         0.0000  RESTRAINT  =         3.4898
 EAMBER (non-restraint)  =     -7756.5967
 EKCMT  =       757.5143  VIRIAL  =      1310.3790  VOLUME     =     33125.6843
                                                    Density    =         0.7627
 Ewald error estimate:   0.1056E-03
 ------------------------------------------------------------------------------


 NSTEP =     3000   TIME(PS) =      16.000  TEMP(K) =   298.97  PRESS =  -533.7
 Etot   =     -6322.3519  EKtot   =      1506.0731  EPtot      =     -7828.4250
 BOND   =         0.6525  ANGLE   =        10.8851  DIHED      =         1.2689
 1-4 NB =        -0.0341  1-4 EEL =       -11.4241  VDWAALS    =      1164.0482
 EELEC  =     -8996.0393  EHBOND  =         0.0000  RESTRAINT  =         2.2177
 EAMBER (non-restraint)  =     -7830.6427
 EKCMT  =       755.9010  VIRIAL  =      1088.0472  VOLUME     =     28826.0612
                                                    Density    =         0.8765
 Ewald error estimate:   0.2708E-03
 ------------------------------------------------------------------------------


 NSTEP =     4500   TIME(PS) =      19.000  TEMP(K) =   302.14  PRESS =   -18.0
 Etot   =     -6413.5290  EKtot   =      1522.0208  EPtot      =     -7935.5498
 BOND   =         2.4256  ANGLE   =        10.1604  DIHED      =         1.6254
 1-4 NB =         0.0358  1-4 EEL =       -11.4600  VDWAALS    =      1200.8742
 EELEC  =     -9142.0104  EHBOND  =         0.0000  RESTRAINT  =         2.7991
 EAMBER (non-restraint)  =     -7938.3489
 EKCMT  =       742.6084  VIRIAL  =       752.7887  VOLUME     =     26254.6054
                                                    Density    =         0.9624
 Ewald error estimate:   0.4198E-03
 ------------------------------------------------------------------------------


 NSTEP =     6000   TIME(PS) =      22.000  TEMP(K) =   306.19  PRESS =  -429.2
 Etot   =     -6483.3336  EKtot   =      1542.4371  EPtot      =     -8025.7707
 BOND   =         2.0632  ANGLE   =        10.8404  DIHED      =         1.1632
 1-4 NB =        -0.0371  1-4 EEL =       -11.5057  VDWAALS    =      1145.2682
 EELEC  =     -9175.0822  EHBOND  =         0.0000  RESTRAINT  =         1.5194
 EAMBER (non-restraint)  =     -8027.2901
 EKCMT  =       769.3732  VIRIAL  =      1008.0868  VOLUME     =     25759.5890
                                                    Density    =         0.9809
 Ewald error estimate:   0.1555E-03
 ------------------------------------------------------------------------------


 NSTEP =     7500   TIME(PS) =      25.000  TEMP(K) =   302.77  PRESS =    20.2
 Etot   =     -6491.9928  EKtot   =      1525.1962  EPtot      =     -8017.1890
 BOND   =         0.7969  ANGLE   =        10.7518  DIHED      =         2.3391
 1-4 NB =         0.0233  1-4 EEL =       -11.4832  VDWAALS    =      1179.4919
 EELEC  =     -9201.4116  EHBOND  =         0.0000  RESTRAINT  =         2.3027
 EAMBER (non-restraint)  =     -8019.4917
 EKCMT  =       765.0962  VIRIAL  =       753.9185  VOLUME     =     25643.4476
                                                    Density    =         0.9853
 Ewald error estimate:   0.1515E-03
 ------------------------------------------------------------------------------


 NSTEP =     9000   TIME(PS) =      28.000  TEMP(K) =   300.19  PRESS =   287.5
 Etot   =     -6501.0236  EKtot   =      1512.1958  EPtot      =     -8013.2193
 BOND   =         3.5358  ANGLE   =        11.4306  DIHED      =         0.7649
 1-4 NB =        -0.0272  1-4 EEL =       -11.1646  VDWAALS    =      1210.8912
 EELEC  =     -9230.8275  EHBOND  =         0.0000  RESTRAINT  =         2.1774
 EAMBER (non-restraint)  =     -8015.3967
 EKCMT  =       737.8727  VIRIAL  =       579.8042  VOLUME     =     25467.2652
                                                    Density    =         0.9921
 Ewald error estimate:   0.9276E-04
 ------------------------------------------------------------------------------


 NSTEP =    10500   TIME(PS) =      31.000  TEMP(K) =   301.10  PRESS =  -191.9
 Etot   =     -6509.1399  EKtot   =      1516.7773  EPtot      =     -8025.9172
 BOND   =         2.5645  ANGLE   =        12.1695  DIHED      =         1.1250
 1-4 NB =        -0.1066  1-4 EEL =       -11.3994  VDWAALS    =      1173.5322
 EELEC  =     -9208.0479  EHBOND  =         0.0000  RESTRAINT  =         4.2454
 EAMBER (non-restraint)  =     -8030.1627
 EKCMT  =       758.4588  VIRIAL  =       864.9619  VOLUME     =     25707.8175
                                                    Density    =         0.9828
 Ewald error estimate:   0.5198E-04
 ------------------------------------------------------------------------------


 NSTEP =    12000   TIME(PS) =      34.000  TEMP(K) =   293.94  PRESS =   785.0
 Etot   =     -6489.3631  EKtot   =      1480.7535  EPtot      =     -7970.1166
 BOND   =         3.2943  ANGLE   =        14.0858  DIHED      =         0.7963
 1-4 NB =         0.0289  1-4 EEL =       -11.6133  VDWAALS    =      1282.5765
 EELEC  =     -9263.1040  EHBOND  =         0.0000  RESTRAINT  =         3.8190
 EAMBER (non-restraint)  =     -7973.9356
 EKCMT  =       717.1512  VIRIAL  =       279.7016  VOLUME     =     25808.9062
                                                    Density    =         0.9790
 Ewald error estimate:   0.8730E-04
 ------------------------------------------------------------------------------


 NSTEP =    13500   TIME(PS) =      37.000  TEMP(K) =   303.90  PRESS =  -219.6
 Etot   =     -6505.3789  EKtot   =      1530.8858  EPtot      =     -8036.2647
 BOND   =         2.4643  ANGLE   =        10.5465  DIHED      =         1.5637
 1-4 NB =        -0.1069  1-4 EEL =       -11.1050  VDWAALS    =      1176.5198
 EELEC  =     -9218.9646  EHBOND  =         0.0000  RESTRAINT  =         2.8176
 EAMBER (non-restraint)  =     -8039.0823
 EKCMT  =       766.4861  VIRIAL  =       888.2062  VOLUME     =     25673.4670
                                                    Density    =         0.9841
 Ewald error estimate:   0.4743E-05
 ------------------------------------------------------------------------------


 NSTEP =    15000   TIME(PS) =      40.000  TEMP(K) =   291.40  PRESS =   -58.2
 Etot   =     -6506.6713  EKtot   =      1467.9227  EPtot      =     -7974.5941
 BOND   =         2.1992  ANGLE   =        11.2352  DIHED      =         0.4872
 1-4 NB =        -0.1301  1-4 EEL =       -11.4764  VDWAALS    =      1183.7398
 EELEC  =     -9163.4367  EHBOND  =         0.0000  RESTRAINT  =         2.7877
 EAMBER (non-restraint)  =     -7977.3818
 EKCMT  =       704.8649  VIRIAL  =       737.3036  VOLUME     =     25833.4054
                                                    Density    =         0.9781
 Ewald error estimate:   0.7046E-04
 ------------------------------------------------------------------------------


      A V E R A G E S   O V E R   15000 S T E P S


 NSTEP =    15000   TIME(PS) =      40.000  TEMP(K) =   299.50  PRESS =  -131.1
 Etot   =     -6437.3054  EKtot   =      1508.7375  EPtot      =     -7946.0429
 BOND   =         1.6969  ANGLE   =        11.1864  DIHED      =         1.6108
 1-4 NB =        -0.0250  1-4 EEL =       -11.4158  VDWAALS    =      1187.8288
 EELEC  =     -9140.0285  EHBOND  =         0.0000  RESTRAINT  =         3.1035
 EAMBER (non-restraint)  =     -7949.1464
 EKCMT  =       753.7973  VIRIAL  =       841.5991  VOLUME     =     27350.3478
                                                    Density    =         0.9338
 Ewald error estimate:   0.1777E-03
 ------------------------------------------------------------------------------


      R M S  F L U C T U A T I O N S


 NSTEP =    15000   TIME(PS) =      40.000  TEMP(K) =     5.10  PRESS =   340.6
 Etot   =        92.3551  EKtot   =        25.7119  EPtot      =       102.1392
 BOND   =         0.9137  ANGLE   =         1.1927  DIHED      =         0.8067
 1-4 NB =         0.1206  1-4 EEL =         0.1870  VDWAALS    =        34.0811
 EELEC  =       109.7175  EHBOND  =         0.0000  RESTRAINT  =         1.1358
 EAMBER (non-restraint)  =       101.0034
 EKCMT  =        19.6973  VIRIAL  =       210.7274  VOLUME     =      3090.8438
                                                    Density    =         0.0886
 Ewald error estimate:   0.1332E-03
 ------------------------------------------------------------------------------


--------------------------------------------------------------------------------
   5.  TIMINGS
--------------------------------------------------------------------------------

|                Build the list            62.34 (99.25% of List )
|                Other                      0.47 ( 0.75% of List )
|             List time                 62.81 ( 7.93% of Nonbo)
|                   Short_ene time           543.51 (98.59% of Direc)
|                   Other                      7.78 ( 1.41% of Direc)
|                Direct Ewald time        551.28 (75.57% of Ewald)
|                Adjust Ewald time          4.84 ( 0.66% of Ewald)
|                Self Ewald time            0.05 ( 0.01% of Ewald)
|                   Fill Bspline coeffs        7.17 ( 4.15% of Recip)
|                   Fill charge grid          15.80 ( 9.16% of Recip)
|                   Scalar sum                41.37 (23.98% of Recip)
|                   Grad sum                  31.51 (18.26% of Recip)
|                   FFT time                  76.63 (44.41% of Recip)
|                   Other                      0.07 ( 0.04% of Recip)
|                Recip Ewald time         172.54 (23.65% of Ewald)
|                Force Adjust               0.16 ( 0.02% of Ewald)
|                Virial junk                0.49 ( 0.07% of Ewald)
|                Other                      0.13 ( 0.02% of Ewald)
|             Ewald time               729.51 (92.07% of Nonbo)
|          Nonbond force            792.34 (99.88% of Force)
|          Bond/Angle/Dihedral        0.77 ( 0.10% of Force)
|          Other                      0.20 ( 0.02% of Force)
|       Force time               793.31 (98.23% of Runmd)
|       Shake time                 5.89 ( 0.73% of Runmd)
|       Verlet update time         7.25 ( 0.90% of Runmd)
|       Ekcmr time                 0.78 ( 0.10% of Runmd)
|       Other                      0.41 ( 0.05% of Runmd)
|    Runmd Time               807.63 (100.0% of Total)
|    Other                      0.07 ( 0.01% of Total)
| Total time               807.71 (100.0% of ALL  )

| Number of list builds   :       1383

| Highest rstack allocated:     164762
| Highest istack allocated:       2532

| Final Performance Info:
| -----------------------------------------------------
| Average timings for all steps:
|     Elapsed(s) =     807.63 Per Step(ms) =      53.84
|         ns/day =       3.21   seconds/ns =   26921.06
| -----------------------------------------------------

|           Job began  at 16:50:08.505  on 04/29/2016
|           Setup done at 16:50:08.587  on 04/29/2016
|           Run   done at 17:03:36.219  on 04/29/2016
|     wallclock() was called  692789 times
