
          -------------------------------------------------------
          Amber 14 SANDER                              2014
          -------------------------------------------------------

| Run on 04/29/2016 at 16:46:17

|   Executable path: /home/steboss/Software/amber14/bin/sander
| Working directory: /home/steboss/projects/reproducibility/chebyshev_test/fesetup_inputfiles/_ligands/2methylfurane
|          Hostname: Unknown
  [-O]verwriting output

File Assignments:
|  MDIN: md00002.in                                                            
| MDOUT: md00002.out                                                           
|INPCRD: min00001.rst7                                                         
|  PARM: solvated.parm7                                                        
|RESTRT: md00002.rst7                                                          
|  REFC: solvated.rst7                                                         
| MDVEL: mdvel                                                                 
| MDFRC: mdfrc                                                                 
|  MDEN: md00002.en                                                            
| MDCRD: md00002.nc                                                            
|MDINFO: md00002.info                                                          
|  MTMD: mtmd                                                                  
|INPDIP: inpdip                                                                
|RSTDIP: rstdip                                                                
|INPTRA: inptraj                                                               


 Here is the input file:

heat the system                                                                
 &cntrl                                                                        
   imin = 0, nstlim = 1000, irest = 0, ntx = 1, dt = 0.002,                    
   nmropt = 1,                                                                 
   ntt = 1, temp0 = 300.0, tempi = 5.0, tautp = 1.0,                           
   ntb = 1, pres0 = 1.0,                                                       
   ntc = 2, ntf = 2,                                                           
   ioutfm = 1, iwrap = 1,                                                      
   ntwe = 200, ntwx = 200, ntpr = 100,                                         
    ntr = 1, restraint_wt = 10.00,                                             
 restraintmask="!:WAT,HOH,T3P,T4P",                                            
 /                                                                             
                                                                               
 &wt                                                                           
   type = 'TEMP0',                                                             
   istep1 = 0, istep2 = 1000,                                                  
   value1 = 5.0, value2 = 300.0                                                
 /                                                                             
                                                                               
 &wt type = 'END'                                                              
 /                                                                             

--------------------------------------------------------------------------------
   1.  RESOURCE   USE: 
--------------------------------------------------------------------------------

| Flags:                                                                        
 getting new box info from bottom of inpcrd
|  INFO: Old style inpcrd file read

| peek_ewald_inpcrd: Box info found
|Largest sphere to fit in unit cell has radius =    15.675
| New format PARM file being parsed.
| Version =    1.000 Date = 04/29/16 Time = 16:46:12
 NATOM  =    2532 NTYPES =       8 NBONH =    2526 MBONA  =       6
 NTHETH =      12 MTHETA =       7 NPHIH =      18 MPHIA  =       8
 NHPARM =       0 NPARM  =       0 NNB   =    3410 NRES   =     841
 NBONA  =       6 NTHETA =       7 NPHIA =       8 NUMBND =       9
 NUMANG =      11 NPTRA  =       4 NATYP =       9 NPHB   =       1
 IFBOX  =       1 NMXRS  =      12 IFCAP =       0 NEXTRA =       0
 NCOPY  =       0


|     Memory Use     Allocated
|     Real              264593
|     Hollerith           8439
|     Integer            78840
|     Max Pairs         844000
|     nblistReal         30384
|     nblist Int        139858
|       Total             6488 kbytes

| Note: 1-4 EEL scale factors are being read from the topology file.

| Note: 1-4 VDW scale factors are being read from the topology file.
| Duplicated    0 dihedrals
| Duplicated    0 dihedrals

     BOX TYPE: RECTILINEAR

--------------------------------------------------------------------------------
   2.  CONTROL  DATA  FOR  THE  RUN
--------------------------------------------------------------------------------

LIG                                                                             

General flags:
     imin    =       0, nmropt  =       1

Nature and format of input:
     ntx     =       1, irest   =       0, ntrx    =       1

Nature and format of output:
     ntxo    =       1, ntpr    =     100, ntrx    =       1, ntwr    =     500
     iwrap   =       1, ntwx    =     200, ntwv    =       0, ntwe    =     200
     ioutfm  =       1, ntwprt  =       0, idecomp =       0, rbornstat=      0

Potential function:
     ntf     =       2, ntb     =       1, igb     =       0, nsnb    =      25
     ipol    =       0, gbsa    =       0, iesp    =       0
     dielc   =   1.00000, cut     =   8.00000, intdiel =   1.00000

Frozen or restrained atoms:
     ibelly  =       0, ntr     =       1
     restraint_wt =  10.00000

Molecular dynamics:
     nstlim  =      1000, nscm    =         0, nrespa  =         1
     t       =   0.00000, dt      =   0.00200, vlimit  =  20.00000

Berendsen (weak-coupling) temperature regulation:
     temp0   = 300.00000, tempi   =   5.00000, tautp   =   1.00000

SHAKE:
     ntc     =       2, jfastw  =       0
     tol     =   0.00001

NMR refinement options:
     iscale  =       0, noeskp  =       1, ipnlty  =       1, mxsub   =       1
     scalm   = 100.00000, pencut  =   0.10000, tausw   =   0.10000

Ewald parameters:
     verbose =       0, ew_type =       0, nbflag  =       1, use_pme =       1
     vdwmeth =       1, eedmeth =       1, netfrc  =       1
     Box X =   34.986   Box Y =   33.542   Box Z =   31.349
     Alpha =   90.000   Beta  =   90.000   Gamma =   90.000
     NFFT1 =   36       NFFT2 =   36       NFFT3 =   32
     Cutoff=    8.000   Tol   =0.100E-04
     Ewald Coefficient =  0.34864
     Interpolation order =    4

    LOADING THE CONSTRAINED ATOMS AS GROUPS


   5.  REFERENCE ATOM COORDINATES

  LIG 
     Mask !:WAT,HOH,T3P,T4P; matches    12 atoms

--------------------------------------------------------------------------------
   3.  ATOMIC COORDINATES AND VELOCITIES
--------------------------------------------------------------------------------

LIG                                                                             
 begin time read from input coords =     0.000 ps



           Begin reading energy term weight changes/NMR restraints
 WEIGHT CHANGES:
 TEMP0         0   1000    5.000000  300.000000      0      0

 RESTRAINTS:
                          ** No restraint defined **

                  Done reading weight changes/NMR restraints


 Number of triangulated 3-point waters found:      840

     Sum of charges from parm topology file =  -0.00000500
     Forcing neutrality...

--------------------------------------------------------------------------------
   4.  RESULTS
--------------------------------------------------------------------------------

|  # of SOLUTE  degrees of freedom (RNDFP):    5070.
|  # of SOLVENT degrees of freedom (RNDFS):       0.
|  NDFMIN =    5070.     NUM_NOSHAKE =      0     CORRECTED RNDFP =    5070.
|  TOTAL # of degrees of freedom (RNDF) =    5070.
 ---------------------------------------------------
 APPROXIMATING switch and d/dx switch using CUBIC SPLINE INTERPOLATION
 using   5000.0 points per unit in tabled values
 TESTING RELATIVE ERROR over r ranging from 0.0 to cutoff
| CHECK switch(x): max rel err =   0.2738E-14   at   2.422500
| CHECK d/dx switch(x): max rel err =   0.8332E-11   at   2.782960
 ---------------------------------------------------
| Local SIZE OF NONBOND LIST =     384389
| TOTAL SIZE OF NONBOND LIST =     384389

 NSTEP =        0   TIME(PS) =       0.000  TEMP(K) =     7.52  PRESS =     0.0
 Etot   =     -9472.1684  EKtot   =        37.8631  EPtot      =     -9510.0315
 BOND   =         1.4791  ANGLE   =         9.7473  DIHED      =         0.8301
 1-4 NB =        -0.0216  1-4 EEL =       -11.5596  VDWAALS    =      1329.8521
 EELEC  =    -10841.2887  EHBOND  =         0.0000  RESTRAINT  =         0.9299
 EAMBER (non-restraint)  =     -9510.9614
 Ewald error estimate:   0.1339E-03
 ------------------------------------------------------------------------------

 NMR restraints: Bond =    0.000   Angle =     0.000   Torsion =     0.000
===============================================================================

 NSTEP =      100   TIME(PS) =       0.200  TEMP(K) =    88.23  PRESS =     0.0
 Etot   =     -8315.7536  EKtot   =       444.4802  EPtot      =     -8760.2338
 BOND   =         0.1307  ANGLE   =         9.2062  DIHED      =         0.3265
 1-4 NB =        -0.1114  1-4 EEL =       -11.3924  VDWAALS    =      1689.6955
 EELEC  =    -10448.7354  EHBOND  =         0.0000  RESTRAINT  =         0.6466
 EAMBER (non-restraint)  =     -8760.8804
 Ewald error estimate:   0.2767E-03
 ------------------------------------------------------------------------------

 NMR restraints: Bond =    0.000   Angle =     0.000   Torsion =     0.000
===============================================================================

 NSTEP =      200   TIME(PS) =       0.400  TEMP(K) =   100.54  PRESS =     0.0
 Etot   =     -8365.3407  EKtot   =       506.4870  EPtot      =     -8871.8277
 BOND   =         0.6866  ANGLE   =         9.8321  DIHED      =         0.2852
 1-4 NB =        -0.0656  1-4 EEL =       -11.3504  VDWAALS    =      1748.1974
 EELEC  =    -10620.1675  EHBOND  =         0.0000  RESTRAINT  =         0.7544
 EAMBER (non-restraint)  =     -8872.5821
 Ewald error estimate:   0.1174E-03
 ------------------------------------------------------------------------------

 NMR restraints: Bond =    0.000   Angle =     0.000   Torsion =     0.000
===============================================================================

 NSTEP =      300   TIME(PS) =       0.600  TEMP(K) =   106.80  PRESS =     0.0
 Etot   =     -8393.7188  EKtot   =       538.0275  EPtot      =     -8931.7463
 BOND   =         0.5344  ANGLE   =         9.2789  DIHED      =         0.4779
 1-4 NB =        -0.0676  1-4 EEL =       -11.6448  VDWAALS    =      1728.6509
 EELEC  =    -10659.7205  EHBOND  =         0.0000  RESTRAINT  =         0.7444
 EAMBER (non-restraint)  =     -8932.4907
 Ewald error estimate:   0.6126E-03
 ------------------------------------------------------------------------------

 NMR restraints: Bond =    0.000   Angle =     0.000   Torsion =     0.000
===============================================================================

 NSTEP =      400   TIME(PS) =       0.800  TEMP(K) =   119.25  PRESS =     0.0
 Etot   =     -8400.2328  EKtot   =       600.7202  EPtot      =     -9000.9530
 BOND   =         0.1632  ANGLE   =         9.3860  DIHED      =         0.1772
 1-4 NB =        -0.1279  1-4 EEL =       -11.4092  VDWAALS    =      1851.5292
 EELEC  =    -10851.4818  EHBOND  =         0.0000  RESTRAINT  =         0.8102
 EAMBER (non-restraint)  =     -9001.7632
 Ewald error estimate:   0.5132E-03
 ------------------------------------------------------------------------------

 NMR restraints: Bond =    0.000   Angle =     0.000   Torsion =     0.000
===============================================================================

 NSTEP =      500   TIME(PS) =       1.000  TEMP(K) =   115.54  PRESS =     0.0
 Etot   =     -8377.9500  EKtot   =       582.0416  EPtot      =     -8959.9916
 BOND   =         0.9750  ANGLE   =         9.6873  DIHED      =         0.2912
 1-4 NB =        -0.1578  1-4 EEL =       -11.1878  VDWAALS    =      1678.7550
 EELEC  =    -10638.9057  EHBOND  =         0.0000  RESTRAINT  =         0.5512
 EAMBER (non-restraint)  =     -8960.5427
 Ewald error estimate:   0.7059E-04
 ------------------------------------------------------------------------------

 NMR restraints: Bond =    0.000   Angle =     0.000   Torsion =     0.000
===============================================================================

 NSTEP =      600   TIME(PS) =       1.200  TEMP(K) =   130.38  PRESS =     0.0
 Etot   =     -8334.2629  EKtot   =       656.8140  EPtot      =     -8991.0769
 BOND   =         0.0728  ANGLE   =         9.5663  DIHED      =         0.4031
 1-4 NB =        -0.1291  1-4 EEL =       -11.5467  VDWAALS    =      1671.3517
 EELEC  =    -10661.4782  EHBOND  =         0.0000  RESTRAINT  =         0.6833
 EAMBER (non-restraint)  =     -8991.7602
 Ewald error estimate:   0.3109E-03
 ------------------------------------------------------------------------------

 NMR restraints: Bond =    0.000   Angle =     0.000   Torsion =     0.000
===============================================================================

 NSTEP =      700   TIME(PS) =       1.400  TEMP(K) =   140.21  PRESS =     0.0
 Etot   =     -8269.6062  EKtot   =       706.3016  EPtot      =     -8975.9078
 BOND   =         0.3071  ANGLE   =         9.9582  DIHED      =         0.3432
 1-4 NB =         0.0444  1-4 EEL =       -11.8093  VDWAALS    =      1714.4149
 EELEC  =    -10690.3659  EHBOND  =         0.0000  RESTRAINT  =         1.1996
 EAMBER (non-restraint)  =     -8977.1074
 Ewald error estimate:   0.2776E-03
 ------------------------------------------------------------------------------

 NMR restraints: Bond =    0.000   Angle =     0.000   Torsion =     0.000
===============================================================================

 NSTEP =      800   TIME(PS) =       1.600  TEMP(K) =   140.27  PRESS =     0.0
 Etot   =     -8184.9482  EKtot   =       706.6078  EPtot      =     -8891.5560
 BOND   =         1.3142  ANGLE   =         9.2096  DIHED      =         0.2690
 1-4 NB =        -0.1647  1-4 EEL =       -11.2144  VDWAALS    =      1570.5036
 EELEC  =    -10462.5731  EHBOND  =         0.0000  RESTRAINT  =         1.0998
 EAMBER (non-restraint)  =     -8892.6558
 Ewald error estimate:   0.1083E-04
 ------------------------------------------------------------------------------

 NMR restraints: Bond =    0.000   Angle =     0.000   Torsion =     0.000
===============================================================================

 NSTEP =      900   TIME(PS) =       1.800  TEMP(K) =   157.66  PRESS =     0.0
 Etot   =     -8079.3434  EKtot   =       794.2116  EPtot      =     -8873.5550
 BOND   =         0.6426  ANGLE   =         9.3776  DIHED      =         0.5331
 1-4 NB =        -0.1431  1-4 EEL =       -11.3602  VDWAALS    =      1654.6592
 EELEC  =    -10528.3895  EHBOND  =         0.0000  RESTRAINT  =         1.1253
 EAMBER (non-restraint)  =     -8874.6803
 Ewald error estimate:   0.9588E-04
 ------------------------------------------------------------------------------

 NMR restraints: Bond =    0.000   Angle =     0.000   Torsion =     0.000
===============================================================================

 NSTEP =     1000   TIME(PS) =       2.000  TEMP(K) =   168.94  PRESS =     0.0
 Etot   =     -7955.5086  EKtot   =       851.0199  EPtot      =     -8806.5285
 BOND   =         1.4263  ANGLE   =         9.9852  DIHED      =         0.3795
 1-4 NB =        -0.0419  1-4 EEL =       -11.7148  VDWAALS    =      1650.5805
 EELEC  =    -10458.5734  EHBOND  =         0.0000  RESTRAINT  =         1.4302
 EAMBER (non-restraint)  =     -8807.9586
 Ewald error estimate:   0.1172E-03
 ------------------------------------------------------------------------------

 NMR restraints: Bond =    0.000   Angle =     0.000   Torsion =     0.000
===============================================================================

      A V E R A G E S   O V E R    1000 S T E P S


 NSTEP =     1000   TIME(PS) =       2.000  TEMP(K) =   119.79  PRESS =     0.0
 Etot   =     -8285.1184  EKtot   =       603.4585  EPtot      =     -8888.5769
 BOND   =         0.6228  ANGLE   =         9.4541  DIHED      =         0.3168
 1-4 NB =        -0.0926  1-4 EEL =       -11.4395  VDWAALS    =      1672.2182
 EELEC  =    -10560.5769  EHBOND  =         0.0000  RESTRAINT  =         0.9202
 EAMBER (non-restraint)  =     -8889.4971
 Ewald error estimate:   0.2507E-03
 ------------------------------------------------------------------------------

 NMR restraints: Bond =    0.000   Angle =     0.000   Torsion =     0.000
===============================================================================

      R M S  F L U C T U A T I O N S


 NSTEP =     1000   TIME(PS) =       2.000  TEMP(K) =    29.46  PRESS =     0.0
 Etot   =       122.6539  EKtot   =       148.4289  EPtot      =       126.0454
 BOND   =         0.3229  ANGLE   =         0.3134  DIHED      =         0.1432
 1-4 NB =         0.0631  1-4 EEL =         0.1856  VDWAALS    =       124.1542
 EELEC  =       238.9185  EHBOND  =         0.0000  RESTRAINT  =         0.2946
 EAMBER (non-restraint)  =       125.7509
 Ewald error estimate:   0.1574E-03
 ------------------------------------------------------------------------------


 NMR restraints on final step:


--------------------------------------------------------------------------------
   5.  TIMINGS
--------------------------------------------------------------------------------

|    Read coords time           0.01 ( 0.02% of Total)
|                Build the list             1.92 (96.51% of List )
|                Other                      0.07 ( 3.49% of List )
|             List time                  1.99 ( 4.51% of Nonbo)
|                   Short_ene time            29.91 (98.35% of Direc)
|                   Other                      0.50 ( 1.65% of Direc)
|                Direct Ewald time         30.41 (72.23% of Ewald)
|                Adjust Ewald time          0.32 ( 0.76% of Ewald)
|                Self Ewald time            0.00 ( 0.01% of Ewald)
|                   Fill Bspline coeffs        0.46 ( 4.09% of Recip)
|                   Fill charge grid           1.03 ( 9.09% of Recip)
|                   Scalar sum                 2.75 (24.30% of Recip)
|                   Grad sum                   2.07 (18.26% of Recip)
|                   FFT time                   5.00 (44.22% of Recip)
|                   Other                      0.00 ( 0.04% of Recip)
|                Recip Ewald time          11.32 (26.88% of Ewald)
|                Force Adjust               0.01 ( 0.03% of Ewald)
|                Virial junk                0.03 ( 0.08% of Ewald)
|                Other                      0.01 ( 0.02% of Ewald)
|             Ewald time                42.11 (95.49% of Nonbo)
|          Nonbond force             44.09 (99.82% of Force)
|          Bond/Angle/Dihedral        0.05 ( 0.11% of Force)
|          Other                      0.03 ( 0.06% of Force)
|       Force time                44.17 (98.40% of Runmd)
|       Shake time                 0.39 ( 0.87% of Runmd)
|       Verlet update time         0.31 ( 0.69% of Runmd)
|       Other                      0.02 ( 0.04% of Runmd)
|    Runmd Time                44.89 (99.86% of Total)
|    Other                      0.06 ( 0.13% of Total)
| Total time                44.96 (100.0% of ALL  )

| Number of list builds   :         57

| Highest rstack allocated:     164762
| Highest istack allocated:       2532

| Final Performance Info:
| -----------------------------------------------------
| Average timings for all steps:
|     Elapsed(s) =      44.89 Per Step(ms) =      44.89
|         ns/day =       3.85   seconds/ns =   22445.92
| -----------------------------------------------------

|           Job began  at 16:46:17.077  on 04/29/2016
|           Setup done at 16:46:17.144  on 04/29/2016
|           Run   done at 16:47:02.035  on 04/29/2016
|     wallclock() was called   44175 times
