
          -------------------------------------------------------
          Amber 14 SANDER                              2014
          -------------------------------------------------------

| Run on 04/29/2016 at 16:46:12

|   Executable path: /home/steboss/Software/amber14/bin/sander
| Working directory: /home/steboss/projects/reproducibility/chebyshev_test/fesetup_inputfiles/_ligands/2methylfurane
|          Hostname: Unknown
  [-O]verwriting output

File Assignments:
|  MDIN: min00001.in                                                           
| MDOUT: min00001.out                                                          
|INPCRD: solvated.rst7                                                         
|  PARM: solvated.parm7                                                        
|RESTRT: min00001.rst7                                                         
|  REFC: solvated.rst7                                                         
| MDVEL: mdvel                                                                 
| MDFRC: mdfrc                                                                 
|  MDEN: min00001.en                                                           
| MDCRD: min00001.nc                                                           
|MDINFO: min00001.info                                                         
|  MTMD: mtmd                                                                  
|INPDIP: inpdip                                                                
|RSTDIP: rstdip                                                                
|INPTRA: inptraj                                                               


 Here is the input file:

Minimise whole system                                                          
 &cntrl                                                                        
   imin = 1, ntmin = 1,                                                        
   maxcyc = 100, ncyc = 10,                                                    
   ntpr = 20, ntwe = 20,                                                       
   dx0 = 1.0D-7,                                                               
    ntb = 1,                                                                   
 ntr = 1, restraint_wt = 10.00,                                                
 restraintmask="!:WAT,HOH,T3P,T4P",                                            
 /                                                                             

--------------------------------------------------------------------------------
   1.  RESOURCE   USE: 
--------------------------------------------------------------------------------

| Flags:                                                                        
 getting new box info from bottom of inpcrd
|  INFO: Old style inpcrd file read

| peek_ewald_inpcrd: Box info found
|Largest sphere to fit in unit cell has radius =    15.675
| New format PARM file being parsed.
| Version =    1.000 Date = 04/29/16 Time = 16:46:12
 NATOM  =    2532 NTYPES =       8 NBONH =    2526 MBONA  =       6
 NTHETH =      12 MTHETA =       7 NPHIH =      18 MPHIA  =       8
 NHPARM =       0 NPARM  =       0 NNB   =    3410 NRES   =     841
 NBONA  =       6 NTHETA =       7 NPHIA =       8 NUMBND =       9
 NUMANG =      11 NPTRA  =       4 NATYP =       9 NPHB   =       1
 IFBOX  =       1 NMXRS  =      12 IFCAP =       0 NEXTRA =       0
 NCOPY  =       0


|     Memory Use     Allocated
|     Real              295151
|     Hollerith           8439
|     Integer            78801
|     Max Pairs         844000
|     nblistReal         30384
|     nblist Int        139858
|       Total             6727 kbytes

| Note: 1-4 EEL scale factors are being read from the topology file.

| Note: 1-4 VDW scale factors are being read from the topology file.
| Duplicated    0 dihedrals
| Duplicated    0 dihedrals

     BOX TYPE: RECTILINEAR

--------------------------------------------------------------------------------
   2.  CONTROL  DATA  FOR  THE  RUN
--------------------------------------------------------------------------------

LIG                                                                             

General flags:
     imin    =       1, nmropt  =       0

Nature and format of input:
     ntx     =       1, irest   =       0, ntrx    =       1

Nature and format of output:
     ntxo    =       1, ntpr    =      20, ntrx    =       1, ntwr    =     500
     iwrap   =       0, ntwx    =       0, ntwv    =       0, ntwe    =      20
     ioutfm  =       0, ntwprt  =       0, idecomp =       0, rbornstat=      0

Potential function:
     ntf     =       1, ntb     =       1, igb     =       0, nsnb    =      25
     ipol    =       0, gbsa    =       0, iesp    =       0
     dielc   =   1.00000, cut     =   8.00000, intdiel =   1.00000

Frozen or restrained atoms:
     ibelly  =       0, ntr     =       1
     restraint_wt =  10.00000

Energy minimization:
     maxcyc  =     100, ncyc    =      10, ntmin   =       1
     dx0     =   0.00000, drms    =   0.00010

Ewald parameters:
     verbose =       0, ew_type =       0, nbflag  =       1, use_pme =       1
     vdwmeth =       1, eedmeth =       1, netfrc  =       0
     Box X =   34.986   Box Y =   33.542   Box Z =   31.349
     Alpha =   90.000   Beta  =   90.000   Gamma =   90.000
     NFFT1 =   36       NFFT2 =   36       NFFT3 =   32
     Cutoff=    8.000   Tol   =0.100E-04
     Ewald Coefficient =  0.34864
     Interpolation order =    4

    LOADING THE CONSTRAINED ATOMS AS GROUPS


   5.  REFERENCE ATOM COORDINATES

  LIG 
     Mask !:WAT,HOH,T3P,T4P; matches    12 atoms

--------------------------------------------------------------------------------
   3.  ATOMIC COORDINATES AND VELOCITIES
--------------------------------------------------------------------------------

LIG                                                                             
 begin time read from input coords =     0.000 ps

 Number of triangulated 3-point waters found:      840

     Sum of charges from parm topology file =  -0.00000500
     Forcing neutrality...

--------------------------------------------------------------------------------
   4.  RESULTS
--------------------------------------------------------------------------------

 ---------------------------------------------------
 APPROXIMATING switch and d/dx switch using CUBIC SPLINE INTERPOLATION
 using   5000.0 points per unit in tabled values
 TESTING RELATIVE ERROR over r ranging from 0.0 to cutoff
| CHECK switch(x): max rel err =   0.2738E-14   at   2.422500
| CHECK d/dx switch(x): max rel err =   0.8332E-11   at   2.782960
 ---------------------------------------------------
| Local SIZE OF NONBOND LIST =     383226
| TOTAL SIZE OF NONBOND LIST =     383226


   NSTEP       ENERGY          RMS            GMAX         NAME    NUMBER
      1      -6.6924E+03     1.1905E+01     7.9699E+01     C2          2

 BOND    =        2.0568  ANGLE   =       13.0219  DIHED      =        0.0000
 VDWAALS =      812.4396  EEL     =    -7508.2025  HBOND      =        0.0000
 1-4 VDW =       -0.1631  1-4 EEL =      -11.5364  RESTRAINT  =        0.0000


   NSTEP       ENERGY          RMS            GMAX         NAME    NUMBER
     20      -7.6190E+03     8.9170E+00     7.5366E+01     O        1162

 BOND    =     1011.1618  ANGLE   =       13.3010  DIHED      =        0.8790
 VDWAALS =      839.2432  EEL     =    -9473.4569  HBOND      =        0.0000
 1-4 VDW =       -0.0675  1-4 EEL =      -11.1945  RESTRAINT  =        1.1524
 EAMBER  =    -7620.1338


   NSTEP       ENERGY          RMS            GMAX         NAME    NUMBER
     40      -8.1601E+03     2.9918E+00     4.7223E+01     C3          3

 BOND    =      380.2221  ANGLE   =       12.0060  DIHED      =        0.3847
 VDWAALS =      856.8209  EEL     =    -9398.3429  HBOND      =        0.0000
 1-4 VDW =       -0.1281  1-4 EEL =      -11.5199  RESTRAINT  =        0.4883
 EAMBER  =    -8160.5572


   NSTEP       ENERGY          RMS            GMAX         NAME    NUMBER
     60      -8.5079E+03     1.5008E+00     2.7139E+01     C2          2

 BOND    =      537.0817  ANGLE   =        8.7567  DIHED      =        0.1470
 VDWAALS =     1046.7978  EEL     =   -10089.7168  HBOND      =        0.0000
 1-4 VDW =       -0.0796  1-4 EEL =      -11.4602  RESTRAINT  =        0.5559
 EAMBER  =    -8508.4735


   NSTEP       ENERGY          RMS            GMAX         NAME    NUMBER
     80      -8.7221E+03     2.6019E+00     6.7293E+01     H7          7

 BOND    =      577.1589  ANGLE   =       12.1291  DIHED      =        1.1589
 VDWAALS =     1165.0394  EEL     =   -10467.4009  HBOND      =        0.0000
 1-4 VDW =       -0.0373  1-4 EEL =      -11.4128  RESTRAINT  =        1.2160
 EAMBER  =    -8723.3647


   NSTEP       ENERGY          RMS            GMAX         NAME    NUMBER
    100      -8.8801E+03     2.2010E+00     4.7651E+01     C1          1

 BOND    =      631.4344  ANGLE   =        9.7473  DIHED      =        0.8301
 VDWAALS =     1329.8521  EEL     =   -10841.2887  HBOND      =        0.0000
 1-4 VDW =       -0.0216  1-4 EEL =      -11.5596  RESTRAINT  =        0.9299
 EAMBER  =    -8881.0060


  Maximum number of minimization cycles reached.


                    FINAL RESULTS



   NSTEP       ENERGY          RMS            GMAX         NAME    NUMBER
    100      -8.8801E+03     2.2010E+00     4.7651E+01     C1          1

 BOND    =      631.4344  ANGLE   =        9.7473  DIHED      =        0.8301
 VDWAALS =     1329.8521  EEL     =   -10841.2887  HBOND      =        0.0000
 1-4 VDW =       -0.0216  1-4 EEL =      -11.5596  RESTRAINT  =        0.9299
 EAMBER  =    -8881.0060

--------------------------------------------------------------------------------
   5.  TIMINGS
--------------------------------------------------------------------------------

|    Read coords time           0.01 ( 0.12% of Total)
|    Fast Water setup           0.00 ( 0.01% of Total)
|                Build the list             0.04 (44.20% of List )
|                Other                      0.04 (55.80% of List )
|             List time                  0.08 ( 1.93% of Nonbo)
|                   Short_ene time             2.83 (98.25% of Direc)
|                   Other                      0.05 ( 1.75% of Direc)
|                Direct Ewald time          2.88 (70.76% of Ewald)
|                Adjust Ewald time          0.03 ( 0.81% of Ewald)
|                Self Ewald time            0.00 ( 0.01% of Ewald)
|                   Fill Bspline coeffs        0.05 ( 4.46% of Recip)
|                   Fill charge grid           0.10 ( 9.04% of Recip)
|                   Scalar sum                 0.28 (24.10% of Recip)
|                   Grad sum                   0.21 (18.21% of Recip)
|                   FFT time                   0.51 (44.14% of Recip)
|                   Other                      0.00 ( 0.04% of Recip)
|                Recip Ewald time           1.15 (28.33% of Ewald)
|                Virial junk                0.00 ( 0.07% of Ewald)
|                Other                      0.00 ( 0.02% of Ewald)
|             Ewald time                 4.07 (98.07% of Nonbo)
|          Nonbond force              4.15 (99.40% of Force)
|          Bond/Angle/Dihedral        0.02 ( 0.56% of Force)
|          Other                      0.00 ( 0.04% of Force)
|       Force time                 4.18 (100.0% of Runmd)
|    Runmd Time                 4.18 (97.57% of Total)
|    Other                      0.10 ( 2.30% of Total)
| Total time                 4.28 (100.0% of ALL  )

| Number of list builds   :          1

| Highest rstack allocated:     164762
| Highest istack allocated:       2532
|           Job began  at 16:46:12.759  on 04/29/2016
|           Setup done at 16:46:12.823  on 04/29/2016
|           Run   done at 16:46:17.043  on 04/29/2016
|     wallclock() was called    3850 times
