            --------------------------------------------------------
                             AMBER SQM VERSION 14
 
                                     By
              Ross C. Walker, Michael F. Crowley, Scott Brozell,
                         Tim Giese, Andreas W. Goetz,
                        Tai-Sung Lee and David A. Case
 
            --------------------------------------------------------
 

--------------------------------------------------------------------------------
  QM CALCULATION INFO
--------------------------------------------------------------------------------

| QMMM: Citation for AMBER QMMM Run:
| QMMM: R.C. Walker, M.F. Crowley and D.A. Case, J. COMP. CHEM. 29:1019, 2008

QMMM: SINGLET STATE CALCULATION
QMMM: RHF CALCULATION, NO. OF DOUBLY OCCUPIED LEVELS = 16

| QMMM: *** Selected Hamiltonian *** 
| QMMM: AM1         

| QMMM: *** Parameter sets in use ***
| QMMM: C : M.J.S.DEWAR et al. JACS, 107, 3902, (1985)
| QMMM: O : M.J.S.DEWAR et al. JACS, 107, 3902, (1985)
| QMMM: H : M.J.S.DEWAR et al. JACS, 107, 3902, (1985)

| QMMM: *** SCF convergence criteria ***
| QMMM: Energy change                :  0.1D-09 kcal/mol
| QMMM: Error matrix |FP-PF|         :  0.1D+00 au
| QMMM: Density matrix change        :  0.1D-09
| QMMM: Maximum number of SCF cycles :      500

| QMMM: *** Diagonalization Routine Information ***
| QMMM: Pseudo diagonalizations are allowed.
| QMMM: Auto diagonalization routine selection is in use.
| QMMM:
| QMMM: Timing diagonalization routines:
| QMMM:                              norbs =       30
| QMMM:    diag iterations used for timing =       20
| QMMM:
| QMMM:              Internal diag routine = 0.005442 seconds
| QMMM:                 Dspev diag routine = 0.012555 seconds
| QMMM:                Dspevd diag routine = 0.011276 seconds
| QMMM:                Dspevx diag routine = 0.025363 seconds
| QMMM:                 Dsyev diag routine = 0.012502 seconds
| QMMM:                Dsyevd diag routine = 0.011375 seconds
| QMMM:                Dsyevr diag routine = 0.008160 seconds
| QMMM:
| QMMM:                Pseudo diag routine = 0.000895 seconds
| QMMM:
| QMMM: Using internal diagonalization routine (diag_routine=1).

  QMMM: QM Region Cartesian Coordinates (*=link atom) 
  QMMM: QM_NO.   MM_NO.  ATOM         X         Y         Z
  QMMM:     1        1      C        1.0890   -0.0020    0.0030
  QMMM:     2        2      C        2.5580    0.1460    0.0070
  QMMM:     3        3      C        3.4040    1.2340    0.0070
  QMMM:     4        4      C        4.7200    0.7140    0.0140
  QMMM:     5        5      C        4.5920   -0.6550    0.0170
  QMMM:     6        6      O        3.2810   -1.0090    0.0130
  QMMM:     7        7      H        0.5970    0.9750    0.0020
  QMMM:     8        8      H        0.7570   -0.5500    0.8900
  QMMM:     9        9      H        0.7620   -0.5500   -0.8850
  QMMM:    10       10      H        3.1060    2.2730    0.0040
  QMMM:    11       11      H        5.6490    1.2670    0.0160
  QMMM:    12       12      H        5.2960   -1.4750    0.0210

--------------------------------------------------------------------------------
  RESULTS
--------------------------------------------------------------------------------

      iter         sqm energy              rms gradient
      ----    -------------------    -----------------------
xmin    10       -4.1953 kcal/mol        0.0011 kcal/(mol*A)
  ... geometry converged !
 
 Final MO eigenvalues (eV):
 -41.5118  -33.3376  -32.4272  -26.8466  -22.1277  -21.0974  -17.6266  -16.1650
 -15.3175  -14.0640  -13.6987  -13.6047  -13.5402  -12.8173  -10.5515   -9.0154
   0.7171    1.7216    2.5772    3.7554    3.9392    4.0551    4.3489    4.3893
   4.5832    4.9267    4.9759    5.2789    5.7369    6.0595

 Heat of formation   =         -4.19526525 kcal/mol  (       -0.18192035 eV)

 Total SCF energy    =     -24027.93044142 kcal/mol  (    -1041.92925031 eV)
 Electronic energy   =     -86623.39201007 kcal/mol  (    -3756.27214822 eV)
 Core-core repulsion =      62595.46156865 kcal/mol  (     2714.34289791 eV)
 
    Atomic Charges for Step       1 :
  Atom    Element       Mulliken Charge
     1      C                 -0.154
     2      C                 -0.040
     3      C                 -0.199
     4      C                 -0.197
     5      C                 -0.097
     6      O                 -0.108
     7      H                  0.095
     8      H                  0.097
     9      H                  0.097
    10      H                  0.160
    11      H                  0.160
    12      H                  0.188
 Total Mulliken Charge =      -0.000
 
                  X        Y        Z     TOTAL  
  QM DIPOLE    -0.199    0.422   -0.002    0.467
 
 Final Structure

  QMMM: QM Region Cartesian Coordinates (*=link atom) 
  QMMM: QM_NO.   MM_NO.  ATOM         X         Y         Z
  QMMM:     1        1      C        1.0786    0.0011    0.0032
  QMMM:     2        2      C        2.5348    0.1499    0.0077
  QMMM:     3        3      C        3.3891    1.2366    0.0078
  QMMM:     4        4      C        4.7361    0.7099    0.0137
  QMMM:     5        5      C        4.6227   -0.6647    0.0168
  QMMM:     6        6      O        3.2793   -1.0391    0.0133
  QMMM:     7        7      H        0.5968    1.0094    0.0016
  QMMM:     8        8      H        0.7413   -0.5637    0.9087
  QMMM:     9        9      H        0.7471   -0.5637   -0.9045
  QMMM:    10       10      H        3.1197    2.2883    0.0042
  QMMM:    11       11      H        5.6466    1.3015    0.0152
  QMMM:    12       12      H        5.3189   -1.4975    0.0213

           --------- Calculation Completed ----------

