
          -------------------------------------------------------
          Amber 14 SANDER                              2014
          -------------------------------------------------------

| Run on 09/21/2016 at 13:56:01

|   Executable path: sander
| Working directory: /home/steboss/Simulation/Cluster/reproducibility/diatomic_pert/logP/no_vdW/run003/1092/inputfiles/cyclo/equilibration
|          Hostname: Unknown
  [-O]verwriting output

File Assignments:
|  MDIN: min00001.in                                                           
| MDOUT: min00001.out                                                          
|INPCRD: solvated.rst7                                                         
|  PARM: solvated.parm7                                                        
|RESTRT: min00001.rst7                                                         
|  REFC: solvated.rst7                                                         
| MDVEL: mdvel                                                                 
| MDFRC: mdfrc                                                                 
|  MDEN: min00001.en                                                           
| MDCRD: min00001.nc                                                           
|MDINFO: min00001.info                                                         
|  MTMD: mtmd                                                                  
|INPDIP: inpdip                                                                
|RSTDIP: rstdip                                                                
|INPTRA: inptraj                                                               


 Here is the input file:

Minimise whole system                                                          
 &cntrl                                                                        
   imin = 1, ntmin = 1,                                                        
   maxcyc = 100, ncyc = 10,                                                    
   ntpr = 20, ntwe = 20,                                                       
   dx0 = 1.0D-7,                                                               
    ntb = 1,                                                                   
 ntr = 1, restraint_wt = 10.00,                                                
 restraintmask="!:CYC",                                                        
 /                                                                             

--------------------------------------------------------------------------------
   1.  RESOURCE   USE: 
--------------------------------------------------------------------------------

| Flags:                                                                        
 getting new box info from bottom of inpcrd
|  INFO: Old style inpcrd file read

| peek_ewald_inpcrd: Box info found
|Largest sphere to fit in unit cell has radius =    15.198
| New format PARM file being parsed.
| Version =    1.000 Date = 09/21/16 Time = 13:53:02
 NATOM  =    2486 NTYPES =       3 NBONH =    1657 MBONA  =     828
 NTHETH =    4140 MTHETA =     828 NPHIH =    6624 MPHIA  =    2484
 NHPARM =       0 NPARM  =       0 NNB   =   14630 NRES   =     139
 NBONA  =     828 NTHETA =     828 NPHIA =    2484 NUMBND =       3
 NUMANG =       3 NPTRA  =       5 NATYP =       4 NPHB   =       0
 IFBOX  =       1 NMXRS  =      18 IFCAP =       0 NEXTRA =       0
 NCOPY  =       0


|     Memory Use     Allocated
|     Real              291429
|     Hollerith           7599
|     Integer           536171
|     Max Pairs         828666
|     nblistReal         29832
|     nblist Int        209647
|       Total             8689 kbytes

| Note: 1-4 EEL scale factors are being read from the topology file.

| Note: 1-4 VDW scale factors are being read from the topology file.
| Duplicated    0 dihedrals
| Duplicated    0 dihedrals

     BOX TYPE: RECTILINEAR

--------------------------------------------------------------------------------
   2.  CONTROL  DATA  FOR  THE  RUN
--------------------------------------------------------------------------------

default_name                                                                    

General flags:
     imin    =       1, nmropt  =       0

Nature and format of input:
     ntx     =       1, irest   =       0, ntrx    =       1

Nature and format of output:
     ntxo    =       1, ntpr    =      20, ntrx    =       1, ntwr    =     500
     iwrap   =       0, ntwx    =       0, ntwv    =       0, ntwe    =      20
     ioutfm  =       0, ntwprt  =       0, idecomp =       0, rbornstat=      0

Potential function:
     ntf     =       1, ntb     =       1, igb     =       0, nsnb    =      25
     ipol    =       0, gbsa    =       0, iesp    =       0
     dielc   =   1.00000, cut     =   8.00000, intdiel =   1.00000

Frozen or restrained atoms:
     ibelly  =       0, ntr     =       1
     restraint_wt =  10.00000

Energy minimization:
     maxcyc  =     100, ncyc    =      10, ntmin   =       1
     dx0     =   0.00000, drms    =   0.00010

Ewald parameters:
     verbose =       0, ew_type =       0, nbflag  =       1, use_pme =       1
     vdwmeth =       1, eedmeth =       1, netfrc  =       0
     Box X =   34.145   Box Y =   43.729   Box Z =   30.396
     Alpha =   90.000   Beta  =   90.000   Gamma =   90.000
     NFFT1 =   36       NFFT2 =   45       NFFT3 =   30
     Cutoff=    8.000   Tol   =0.100E-04
     Ewald Coefficient =  0.34864
     Interpolation order =    4

    LOADING THE CONSTRAINED ATOMS AS GROUPS


   5.  REFERENCE ATOM COORDINATES

  defa
     Mask !:CYC; matches     2 atoms

--------------------------------------------------------------------------------
   3.  ATOMIC COORDINATES AND VELOCITIES
--------------------------------------------------------------------------------

default_name                                                                    
 begin time read from input coords =     0.000 ps

 Number of triangulated 3-point waters found:        0

     Sum of charges from parm topology file =   0.00000009
     Forcing neutrality...

--------------------------------------------------------------------------------
   4.  RESULTS
--------------------------------------------------------------------------------

 ---------------------------------------------------
 APPROXIMATING switch and d/dx switch using CUBIC SPLINE INTERPOLATION
 using   5000.0 points per unit in tabled values
 TESTING RELATIVE ERROR over r ranging from 0.0 to cutoff
| CHECK switch(x): max rel err =   0.2738E-14   at   2.422500
| CHECK d/dx switch(x): max rel err =   0.8332E-11   at   2.782960
 ---------------------------------------------------
| Local SIZE OF NONBOND LIST =     279866
| TOTAL SIZE OF NONBOND LIST =     279866


   NSTEP       ENERGY          RMS            GMAX         NAME    NUMBER
      1       4.6751E+02     5.8163E+00     1.6699E+01     C5       1195

 BOND    =       31.7396  ANGLE   =       49.2894  DIHED      =      392.5411
 VDWAALS =     -501.8138  EEL     =      193.3336  HBOND      =        0.0000
 1-4 VDW =      417.1072  1-4 EEL =     -114.6825  RESTRAINT  =        0.0000


   NSTEP       ENERGY          RMS            GMAX         NAME    NUMBER
     20       3.6959E+02     2.7495E-01     7.2511E-01     C4       1248

 BOND    =       22.9647  ANGLE   =       34.5994  DIHED      =      388.4197
 VDWAALS =     -504.3882  EEL     =      193.8163  HBOND      =        0.0000
 1-4 VDW =      348.6134  1-4 EEL =     -114.4318  RESTRAINT  =        0.0000
 EAMBER  =      369.5935


   NSTEP       ENERGY          RMS            GMAX         NAME    NUMBER
     40       3.6803E+02     8.4304E-02     3.0577E-01     C2        759

 BOND    =       21.6522  ANGLE   =       30.1012  DIHED      =      385.1633
 VDWAALS =     -503.3588  EEL     =      194.5474  HBOND      =        0.0000
 1-4 VDW =      355.8381  1-4 EEL =     -115.9097  RESTRAINT  =        0.0000
 EAMBER  =      368.0337


   NSTEP       ENERGY          RMS            GMAX         NAME    NUMBER
     60       3.6797E+02     7.6599E-02     3.3621E-01     C5        763

 BOND    =       22.9162  ANGLE   =       30.3610  DIHED      =      385.0424
 VDWAALS =     -503.4799  EEL     =      194.5181  HBOND      =        0.0000
 1-4 VDW =      354.5145  1-4 EEL =     -115.8991  RESTRAINT  =        0.0000
 EAMBER  =      367.9732


   NSTEP       ENERGY          RMS            GMAX         NAME    NUMBER
     80       3.7439E+02     1.6263E+00     4.9307E+00     C5        763

 BOND    =       24.4242  ANGLE   =       34.0269  DIHED      =      383.6059
 VDWAALS =     -503.3441  EEL     =      194.6139  HBOND      =        0.0000
 1-4 VDW =      356.9298  1-4 EEL =     -115.8644  RESTRAINT  =        0.0001
 EAMBER  =      374.3921


   NSTEP       ENERGY          RMS            GMAX         NAME    NUMBER
    100       3.6775E+02     2.0410E-02     1.2029E-01     H3       1289

 BOND    =       22.2476  ANGLE   =       29.7062  DIHED      =      385.2873
 VDWAALS =     -503.6265  EEL     =      194.5460  HBOND      =        0.0000
 1-4 VDW =      355.4901  1-4 EEL =     -115.9027  RESTRAINT  =        0.0000
 EAMBER  =      367.7480


  Maximum number of minimization cycles reached.


                    FINAL RESULTS



   NSTEP       ENERGY          RMS            GMAX         NAME    NUMBER
    100       3.6775E+02     2.0410E-02     1.2029E-01     H3       1289

 BOND    =       22.2476  ANGLE   =       29.7062  DIHED      =      385.2873
 VDWAALS =     -503.6265  EEL     =      194.5460  HBOND      =        0.0000
 1-4 VDW =      355.4901  1-4 EEL =     -115.9027  RESTRAINT  =        0.0000
 EAMBER  =      367.7480

--------------------------------------------------------------------------------
   5.  TIMINGS
--------------------------------------------------------------------------------

|    Read coords time           0.12 ( 3.67% of Total)
|                Build the list             0.01 (26.61% of List )
|                Other                      0.02 (73.39% of List )
|             List time                  0.03 ( 2.58% of Nonbo)
|                   Short_ene time             0.64 (98.67% of Direc)
|                   Other                      0.01 ( 1.33% of Direc)
|                Direct Ewald time          0.65 (57.17% of Ewald)
|                Adjust Ewald time          0.05 ( 4.33% of Ewald)
|                Self Ewald time            0.00 ( 0.01% of Ewald)
|                   Fill Bspline coeffs        0.01 ( 3.03% of Recip)
|                   Fill charge grid           0.03 ( 8.06% of Recip)
|                   Scalar sum                 0.12 (28.34% of Recip)
|                   Grad sum                   0.06 (15.41% of Recip)
|                   FFT time                   0.19 (45.12% of Recip)
|                   Other                      0.00 ( 0.04% of Recip)
|                Recip Ewald time           0.41 (36.10% of Ewald)
|                Force Adjust               0.00 ( 0.01% of Ewald)
|                Virial junk                0.00 ( 0.10% of Ewald)
|                Start synchronizatio       0.00 ( 0.01% of Ewald)
|                Other                      0.03 ( 2.28% of Ewald)
|             Ewald time                 1.14 (97.39% of Nonbo)
|             IPS excludes               0.00 ( 0.01% of Nonbo)
|             Other                      0.00 ( 0.03% of Nonbo)
|          Nonbond force              1.17 (83.83% of Force)
|          Bond/Angle/Dihedral        0.23 (16.12% of Force)
|          Other                      0.00 ( 0.05% of Force)
|       Force time                 1.40 (100.0% of Runmd)
|    Runmd Time                 1.40 (44.00% of Total)
|    Other                      1.66 (52.32% of Total)
| Total time                 3.17 (99.77% of ALL  )

| Highest rstack allocated:     178336
| Highest istack allocated:       2486
|           Job began  at 13:56:01.569  on 09/21/2016
|           Setup done at 13:56:02.389  on 09/21/2016
|           Run   done at 13:56:04.751  on 09/21/2016
|     wallclock() was called    3850 times
