
          -------------------------------------------------------
          Amber 14 SANDER                              2014
          -------------------------------------------------------

| Run on 09/19/2016 at 15:42:04

|   Executable path: sander
| Working directory: /home/steboss/Simulation/Cluster/reproducibility/diatomic_pert/logP/1092/inputfiles/cyclo/equilibration
|          Hostname: Unknown
  [-O]verwriting output

File Assignments:
|  MDIN: min00001.in                                                           
| MDOUT: min00001.out                                                          
|INPCRD: solvated.rst7                                                         
|  PARM: solvated.parm7                                                        
|RESTRT: min00001.rst7                                                         
|  REFC: solvated.rst7                                                         
| MDVEL: mdvel                                                                 
| MDFRC: mdfrc                                                                 
|  MDEN: min00001.en                                                           
| MDCRD: min00001.nc                                                           
|MDINFO: min00001.info                                                         
|  MTMD: mtmd                                                                  
|INPDIP: inpdip                                                                
|RSTDIP: rstdip                                                                
|INPTRA: inptraj                                                               


 Here is the input file:

Minimise whole system                                                          
 &cntrl                                                                        
   imin = 1, ntmin = 1,                                                        
   maxcyc = 100, ncyc = 10,                                                    
   ntpr = 20, ntwe = 20,                                                       
   dx0 = 1.0D-7,                                                               
    ntb = 1,                                                                   
 ntr = 1, restraint_wt = 10.00,                                                
 restraintmask="!:CYC",                                                        
 /                                                                             

--------------------------------------------------------------------------------
   1.  RESOURCE   USE: 
--------------------------------------------------------------------------------

| Flags:                                                                        
 getting new box info from bottom of inpcrd
|  INFO: Old style inpcrd file read

| peek_ewald_inpcrd: Box info found
|Largest sphere to fit in unit cell has radius =    17.072
| New format PARM file being parsed.
| Version =    1.000 Date = 09/19/16 Time = 15:41:24
 NATOM  =    3746 NTYPES =       2 NBONH =    2497 MBONA  =    1248
 NTHETH =    6240 MTHETA =    1248 NPHIH =    9984 MPHIA  =    3744
 NHPARM =       0 NPARM  =       0 NNB   =   22050 NRES   =     209
 NBONA  =    1248 NTHETA =    1248 NPHIA =    3744 NUMBND =       3
 NUMANG =       3 NPTRA  =       5 NATYP =       4 NPHB   =       0
 IFBOX  =       1 NMXRS  =      18 IFCAP =       0 NEXTRA =       0
 NCOPY  =       0


|     Memory Use     Allocated
|     Real              394758
|     Hollerith          11449
|     Integer           797966
|     Max Pairs        1248666
|     nblistReal         44952
|     nblist Int        309019
|       Total            12681 kbytes

| Note: 1-4 EEL scale factors are being read from the topology file.

| Note: 1-4 VDW scale factors are being read from the topology file.
| Duplicated    0 dihedrals
| Duplicated    0 dihedrals

     BOX TYPE: RECTILINEAR

--------------------------------------------------------------------------------
   2.  CONTROL  DATA  FOR  THE  RUN
--------------------------------------------------------------------------------

default_name                                                                    

General flags:
     imin    =       1, nmropt  =       0

Nature and format of input:
     ntx     =       1, irest   =       0, ntrx    =       1

Nature and format of output:
     ntxo    =       1, ntpr    =      20, ntrx    =       1, ntwr    =     500
     iwrap   =       0, ntwx    =       0, ntwv    =       0, ntwe    =      20
     ioutfm  =       0, ntwprt  =       0, idecomp =       0, rbornstat=      0

Potential function:
     ntf     =       1, ntb     =       1, igb     =       0, nsnb    =      25
     ipol    =       0, gbsa    =       0, iesp    =       0
     dielc   =   1.00000, cut     =   8.00000, intdiel =   1.00000

Frozen or restrained atoms:
     ibelly  =       0, ntr     =       1
     restraint_wt =  10.00000

Energy minimization:
     maxcyc  =     100, ncyc    =      10, ntmin   =       1
     dx0     =   0.00000, drms    =   0.00010

Ewald parameters:
     verbose =       0, ew_type =       0, nbflag  =       1, use_pme =       1
     vdwmeth =       1, eedmeth =       1, netfrc  =       0
     Box X =   34.145   Box Y =   43.729   Box Z =   45.594
     Alpha =   90.000   Beta  =   90.000   Gamma =   90.000
     NFFT1 =   36       NFFT2 =   45       NFFT3 =   45
     Cutoff=    8.000   Tol   =0.100E-04
     Ewald Coefficient =  0.34864
     Interpolation order =    4

    LOADING THE CONSTRAINED ATOMS AS GROUPS


   5.  REFERENCE ATOM COORDINATES

  defa
     Mask !:CYC; matches     2 atoms

--------------------------------------------------------------------------------
   3.  ATOMIC COORDINATES AND VELOCITIES
--------------------------------------------------------------------------------

default_name                                                                    
 begin time read from input coords =     0.000 ps

 Number of triangulated 3-point waters found:        0

     Sum of charges from parm topology file =   0.00000014
     Forcing neutrality...

--------------------------------------------------------------------------------
   4.  RESULTS
--------------------------------------------------------------------------------

 ---------------------------------------------------
 APPROXIMATING switch and d/dx switch using CUBIC SPLINE INTERPOLATION
 using   5000.0 points per unit in tabled values
 TESTING RELATIVE ERROR over r ranging from 0.0 to cutoff
| CHECK switch(x): max rel err =   0.2738E-14   at   2.422500
| CHECK d/dx switch(x): max rel err =   0.8332E-11   at   2.782960
 ---------------------------------------------------
| Local SIZE OF NONBOND LIST =     423506
| TOTAL SIZE OF NONBOND LIST =     423506


   NSTEP       ENERGY          RMS            GMAX         NAME    NUMBER
      1       7.0162E+02     5.8173E+00     1.6699E+01     C5       1789

 BOND    =       47.8393  ANGLE   =       74.2913  DIHED      =      591.6561
 VDWAALS =     -759.3973  EEL     =      291.4010  HBOND      =        0.0000
 1-4 VDW =      628.6833  1-4 EEL =     -172.8547  RESTRAINT  =        0.0000


   NSTEP       ENERGY          RMS            GMAX         NAME    NUMBER
     20       5.5402E+02     2.7504E-01     7.2500E-01     C4       1878

 BOND    =       34.6225  ANGLE   =       52.1442  DIHED      =      585.4463
 VDWAALS =     -763.2913  EEL     =      292.1286  HBOND      =        0.0000
 1-4 VDW =      525.4419  1-4 EEL =     -172.4768  RESTRAINT  =        0.0000
 EAMBER  =      554.0153


   NSTEP       ENERGY          RMS            GMAX         NAME    NUMBER
     40       5.5282E+02     2.7614E-01     7.2771E-01     H10      1800

 BOND    =       34.8317  ANGLE   =       48.5407  DIHED      =      584.7603
 VDWAALS =     -763.0601  EEL     =      292.3946  HBOND      =        0.0000
 1-4 VDW =      528.5940  1-4 EEL =     -173.2458  RESTRAINT  =        0.0000
 EAMBER  =      552.8155


   NSTEP       ENERGY          RMS            GMAX         NAME    NUMBER
     60       5.5188E+02     1.6245E-01     6.0942E-01     C1       1858

 BOND    =       33.4459  ANGLE   =       45.8609  DIHED      =      582.2718
 VDWAALS =     -762.2276  EEL     =      292.9376  HBOND      =        0.0000
 1-4 VDW =      533.7282  1-4 EEL =     -174.1414  RESTRAINT  =        0.0000
 EAMBER  =      551.8753


   NSTEP       ENERGY          RMS            GMAX         NAME    NUMBER
     80       7.6302E+02     8.8020E+00     2.3850E+01     C2       1875

 BOND    =      152.4055  ANGLE   =       77.9836  DIHED      =      599.8981
 VDWAALS =     -761.3599  EEL     =      292.9193  HBOND      =        0.0000
 1-4 VDW =      576.0978  1-4 EEL =     -174.9206  RESTRAINT  =        0.0004
 EAMBER  =      763.0239


   NSTEP       ENERGY          RMS            GMAX         NAME    NUMBER
    100       5.5142E+02     9.3052E-02     3.4508E-01     C1          1

 BOND    =       33.7118  ANGLE   =       46.6463  DIHED      =      581.1707
 VDWAALS =     -762.4424  EEL     =      293.0153  HBOND      =        0.0000
 1-4 VDW =      533.5837  1-4 EEL =     -174.2650  RESTRAINT  =        0.0000
 EAMBER  =      551.4203


  Maximum number of minimization cycles reached.


                    FINAL RESULTS



   NSTEP       ENERGY          RMS            GMAX         NAME    NUMBER
    100       5.5142E+02     9.3052E-02     3.4508E-01     C1          1

 BOND    =       33.7118  ANGLE   =       46.6463  DIHED      =      581.1707
 VDWAALS =     -762.4424  EEL     =      293.0153  HBOND      =        0.0000
 1-4 VDW =      533.5837  1-4 EEL =     -174.2650  RESTRAINT  =        0.0000
 EAMBER  =      551.4203

--------------------------------------------------------------------------------
   5.  TIMINGS
--------------------------------------------------------------------------------

|    Read coords time           0.01 ( 0.42% of Total)
|                Build the list             0.01 (38.64% of List )
|                Other                      0.02 (61.36% of List )
|             List time                  0.03 ( 1.92% of Nonbo)
|                   Short_ene time             0.92 (98.62% of Direc)
|                   Other                      0.01 ( 1.38% of Direc)
|                Direct Ewald time          0.93 (58.19% of Ewald)
|                Adjust Ewald time          0.07 ( 4.57% of Ewald)
|                Self Ewald time            0.00 ( 0.01% of Ewald)
|                   Fill Bspline coeffs        0.02 ( 2.95% of Recip)
|                   Fill charge grid           0.04 ( 7.91% of Recip)
|                   Scalar sum                 0.16 (28.46% of Recip)
|                   Grad sum                   0.08 (15.27% of Recip)
|                   FFT time                   0.25 (45.39% of Recip)
|                   Other                      0.00 ( 0.03% of Recip)
|                Recip Ewald time           0.56 (34.70% of Ewald)
|                Force Adjust               0.00 ( 0.01% of Ewald)
|                Virial junk                0.00 ( 0.11% of Ewald)
|                Other                      0.04 ( 2.40% of Ewald)
|             Ewald time                 1.60 (98.06% of Nonbo)
|             Other                      0.00 ( 0.02% of Nonbo)
|          Nonbond force              1.63 (83.99% of Force)
|          Bond/Angle/Dihedral        0.31 (15.98% of Force)
|          Other                      0.00 ( 0.04% of Force)
|       Force time                 1.95 (100.0% of Runmd)
|    Runmd Time                 1.95 (93.69% of Total)
|    Other                      0.12 ( 5.89% of Total)
| Total time                 2.08 (100.0% of ALL  )

| Highest rstack allocated:     265156
| Highest istack allocated:       3746
|           Job began  at 15:42:04.111  on 09/19/2016
|           Setup done at 15:42:04.203  on 09/19/2016
|           Run   done at 15:42:06.188  on 09/19/2016
|     wallclock() was called    3850 times
