
          -------------------------------------------------------
          Amber 14 SANDER                              2014
          -------------------------------------------------------

| Run on 04/26/2016 at 21:57:15

|   Executable path: /home/steboss/Software/amber14/bin/sander
| Working directory: /home/steboss/projects/reproducibility/neopentane_issue/_ligands/neopentane
|          Hostname: Unknown
  [-O]verwriting output

File Assignments:
|  MDIN: md00004.in                                                            
| MDOUT: md00004.out                                                           
|INPCRD: md00003.rst7                                                          
|  PARM: solvated.parm7                                                        
|RESTRT: md00004.rst7                                                          
|  REFC: md00003.rst7                                                          
| MDVEL: mdvel                                                                 
| MDFRC: mdfrc                                                                 
|  MDEN: md00004.en                                                            
| MDCRD: md00004.nc                                                            
|MDINFO: md00004.info                                                          
|  MTMD: mtmd                                                                  
|INPDIP: inpdip                                                                
|RSTDIP: rstdip                                                                
|INPTRA: inptraj                                                               


 Here is the input file:

constant pressure                                                              
 &cntrl                                                                        
   imin = 0, nstlim = 15000, irest = 1, ntx = 5, dt = 0.002,                   
   ntt = 1, temp0 = 300.0, tautp = 1.0,                                        
   ntp = 1, pres0 = 1.0, taup = 0.5,                                           
   ntb = 2,                                                                    
   ntc = 2, ntf = 2,                                                           
   ioutfm = 1, iwrap = 1,                                                      
   ntwe = 3000, ntwx = 3000, ntpr = 1500,                                      
    ntr = 1, restraint_wt = 10.00,                                             
 restraintmask="!:WAT,HOH,T3P,T4P",                                            
 /                                                                             

--------------------------------------------------------------------------------
   1.  RESOURCE   USE: 
--------------------------------------------------------------------------------

| Flags:                                                                        
 getting new box info from bottom of inpcrd
|  INFO: Old style inpcrd file read

| peek_ewald_inpcrd: Box info found
|Largest sphere to fit in unit cell has radius =    16.972
| New format PARM file being parsed.
| Version =    1.000 Date = 04/26/16 Time = 21:53:05
 NATOM  =    2624 NTYPES =       4 NBONH =    2619 MBONA  =       4
 NTHETH =      24 MTHETA =       6 NPHIH =      36 MPHIA  =       0
 NHPARM =       0 NPARM  =       0 NNB   =    3562 NRES   =     870
 NBONA  =       4 NTHETA =       6 NPHIA =       0 NUMBND =       4
 NUMANG =       3 NPTRA  =       1 NATYP =       4 NPHB   =       1
 IFBOX  =       1 NMXRS  =      17 IFCAP =       0 NEXTRA =       0
 NCOPY  =       0


|     Memory Use     Allocated
|     Real              270954
|     Hollerith           8744
|     Integer            81460
|     Max Pairs         874666
|     nblistReal         31488
|     nblist Int        151453
|       Total             6723 kbytes

| Note: 1-4 EEL scale factors are being read from the topology file.

| Note: 1-4 VDW scale factors are being read from the topology file.
| Duplicated    0 dihedrals
| Duplicated    0 dihedrals

     BOX TYPE: RECTILINEAR

--------------------------------------------------------------------------------
   2.  CONTROL  DATA  FOR  THE  RUN
--------------------------------------------------------------------------------

LIG                                                                             

General flags:
     imin    =       0, nmropt  =       0

Nature and format of input:
     ntx     =       5, irest   =       1, ntrx    =       1

Nature and format of output:
     ntxo    =       1, ntpr    =    1500, ntrx    =       1, ntwr    =     500
     iwrap   =       1, ntwx    =    3000, ntwv    =       0, ntwe    =    3000
     ioutfm  =       1, ntwprt  =       0, idecomp =       0, rbornstat=      0

Potential function:
     ntf     =       2, ntb     =       2, igb     =       0, nsnb    =      25
     ipol    =       0, gbsa    =       0, iesp    =       0
     dielc   =   1.00000, cut     =   8.00000, intdiel =   1.00000

Frozen or restrained atoms:
     ibelly  =       0, ntr     =       1
     restraint_wt =  10.00000

Molecular dynamics:
     nstlim  =     15000, nscm    =         0, nrespa  =         1
     t       =   0.00000, dt      =   0.00200, vlimit  =  20.00000

Berendsen (weak-coupling) temperature regulation:
     temp0   = 300.00000, tempi   =   0.00000, tautp   =   1.00000

Pressure regulation:
     ntp     =       1
     pres0   =   1.00000, comp    =  44.60000, taup    =   0.50000

SHAKE:
     ntc     =       2, jfastw  =       0
     tol     =   0.00001

Ewald parameters:
     verbose =       0, ew_type =       0, nbflag  =       1, use_pme =       1
     vdwmeth =       1, eedmeth =       1, netfrc  =       1
     Box X =   33.943   Box Y =   34.260   Box Z =   34.229
     Alpha =   90.000   Beta  =   90.000   Gamma =   90.000
     NFFT1 =   36       NFFT2 =   36       NFFT3 =   36
     Cutoff=    8.000   Tol   =0.100E-04
     Ewald Coefficient =  0.34864
     Interpolation order =    4

    LOADING THE CONSTRAINED ATOMS AS GROUPS


   5.  REFERENCE ATOM COORDINATES

  LIG 
     Mask !:WAT,HOH,T3P,T4P; matches    17 atoms

--------------------------------------------------------------------------------
   3.  ATOMIC COORDINATES AND VELOCITIES
--------------------------------------------------------------------------------

LIG                                                                             
 begin time read from input coords =    10.000 ps

 Number of triangulated 3-point waters found:      869

     Sum of charges from parm topology file =   0.00000500
     Forcing neutrality...

--------------------------------------------------------------------------------
   4.  RESULTS
--------------------------------------------------------------------------------

|  # of SOLUTE  degrees of freedom (RNDFP):    5253.
|  # of SOLVENT degrees of freedom (RNDFS):       0.
|  NDFMIN =    5253.     NUM_NOSHAKE =      0     CORRECTED RNDFP =    5253.
|  TOTAL # of degrees of freedom (RNDF) =    5253.
 ---------------------------------------------------
 APPROXIMATING switch and d/dx switch using CUBIC SPLINE INTERPOLATION
 using   5000.0 points per unit in tabled values
 TESTING RELATIVE ERROR over r ranging from 0.0 to cutoff
| CHECK switch(x): max rel err =   0.2738E-14   at   2.422500
| CHECK d/dx switch(x): max rel err =   0.8332E-11   at   2.782960
 ---------------------------------------------------
| Local SIZE OF NONBOND LIST =     432092
| TOTAL SIZE OF NONBOND LIST =     432092

 NSTEP =     1500   TIME(PS) =      13.000  TEMP(K) =   298.77  PRESS =  -850.9
 Etot   =     -6478.2768  EKtot   =      1559.3987  EPtot      =     -8037.6756
 BOND   =         0.6444  ANGLE   =         2.0250  DIHED      =         0.1320
 1-4 NB =         2.1155  1-4 EEL =        -9.5442  VDWAALS    =      1161.2583
 EELEC  =     -9196.2836  EHBOND  =         0.0000  RESTRAINT  =         1.9771
 EAMBER (non-restraint)  =     -8039.6527
 EKCMT  =       798.3192  VIRIAL  =      1463.9820  VOLUME     =     36234.5568
                                                    Density    =         0.7208
 Ewald error estimate:   0.3468E-03
 ------------------------------------------------------------------------------


 NSTEP =     3000   TIME(PS) =      16.000  TEMP(K) =   304.82  PRESS =  -345.3
 Etot   =     -6514.5818  EKtot   =      1590.9646  EPtot      =     -8105.5464
 BOND   =         1.1672  ANGLE   =         2.3976  DIHED      =         0.1153
 1-4 NB =         1.9231  1-4 EEL =        -9.4879  VDWAALS    =      1231.9112
 EELEC  =     -9336.5074  EHBOND  =         0.0000  RESTRAINT  =         2.9345
 EAMBER (non-restraint)  =     -8108.4809
 EKCMT  =       809.4878  VIRIAL  =      1049.1738  VOLUME     =     32150.8318
                                                    Density    =         0.8123
 Ewald error estimate:   0.3598E-03
 ------------------------------------------------------------------------------


 NSTEP =     4500   TIME(PS) =      19.000  TEMP(K) =   302.18  PRESS =  -460.7
 Etot   =     -6583.7356  EKtot   =      1577.1777  EPtot      =     -8160.9133
 BOND   =         1.5868  ANGLE   =         2.1424  DIHED      =         0.4490
 1-4 NB =         1.9449  1-4 EEL =        -9.4779  VDWAALS    =      1190.5947
 EELEC  =     -9354.6032  EHBOND  =         0.0000  RESTRAINT  =         6.4500
 EAMBER (non-restraint)  =     -8167.3633
 EKCMT  =       787.6138  VIRIAL  =      1070.8316  VOLUME     =     28471.1679
                                                    Density    =         0.9173
 Ewald error estimate:   0.6238E-04
 ------------------------------------------------------------------------------


 NSTEP =     6000   TIME(PS) =      22.000  TEMP(K) =   302.16  PRESS =  -238.5
 Etot   =     -6682.5391  EKtot   =      1577.0759  EPtot      =     -8259.6151
 BOND   =         0.9747  ANGLE   =         3.7683  DIHED      =         0.1210
 1-4 NB =         1.9162  1-4 EEL =        -9.5004  VDWAALS    =      1200.9864
 EELEC  =     -9460.6147  EHBOND  =         0.0000  RESTRAINT  =         2.7335
 EAMBER (non-restraint)  =     -8262.3485
 EKCMT  =       834.9267  VIRIAL  =       973.7885  VOLUME     =     26961.8417
                                                    Density    =         0.9687
 Ewald error estimate:   0.9030E-04
 ------------------------------------------------------------------------------


 NSTEP =     7500   TIME(PS) =      25.000  TEMP(K) =   303.71  PRESS =   215.7
 Etot   =     -6720.8326  EKtot   =      1585.1533  EPtot      =     -8305.9860
 BOND   =         0.7534  ANGLE   =         3.6177  DIHED      =         0.2293
 1-4 NB =         2.4557  1-4 EEL =        -9.5877  VDWAALS    =      1267.9878
 EELEC  =     -9574.7328  EHBOND  =         0.0000  RESTRAINT  =         3.2907
 EAMBER (non-restraint)  =     -8309.2767
 EKCMT  =       758.8041  VIRIAL  =       635.1046  VOLUME     =     26559.4695
                                                    Density    =         0.9834
 Ewald error estimate:   0.2534E-04
 ------------------------------------------------------------------------------


 NSTEP =     9000   TIME(PS) =      28.000  TEMP(K) =   302.36  PRESS =   -44.5
 Etot   =     -6718.2440  EKtot   =      1578.1104  EPtot      =     -8296.3544
 BOND   =         0.3556  ANGLE   =         2.4127  DIHED      =         0.2281
 1-4 NB =         3.0508  1-4 EEL =        -9.6881  VDWAALS    =      1231.2496
 EELEC  =     -9528.1628  EHBOND  =         0.0000  RESTRAINT  =         4.1997
 EAMBER (non-restraint)  =     -8300.5541
 EKCMT  =       799.8684  VIRIAL  =       825.4541  VOLUME     =     26635.3171
                                                    Density    =         0.9806
 Ewald error estimate:   0.1151E-03
 ------------------------------------------------------------------------------


 NSTEP =    10500   TIME(PS) =      31.000  TEMP(K) =   301.22  PRESS =  -298.3
 Etot   =     -6733.1440  EKtot   =      1572.2012  EPtot      =     -8305.3452
 BOND   =         0.6836  ANGLE   =         2.8852  DIHED      =         0.1083
 1-4 NB =         3.3057  1-4 EEL =        -9.7194  VDWAALS    =      1177.6532
 EELEC  =     -9485.1022  EHBOND  =         0.0000  RESTRAINT  =         4.8403
 EAMBER (non-restraint)  =     -8310.1855
 EKCMT  =       783.4785  VIRIAL  =       952.5589  VOLUME     =     26253.9692
                                                    Density    =         0.9948
 Ewald error estimate:   0.7259E-04
 ------------------------------------------------------------------------------


 NSTEP =    12000   TIME(PS) =      34.000  TEMP(K) =   311.59  PRESS =  -389.7
 Etot   =     -6728.9481  EKtot   =      1626.3246  EPtot      =     -8355.2727
 BOND   =         0.7206  ANGLE   =         3.6536  DIHED      =         0.2191
 1-4 NB =         3.3505  1-4 EEL =        -9.7372  VDWAALS    =      1206.4102
 EELEC  =     -9562.5283  EHBOND  =         0.0000  RESTRAINT  =         2.6387
 EAMBER (non-restraint)  =     -8357.9114
 EKCMT  =       815.1596  VIRIAL  =      1039.0939  VOLUME     =     26613.7894
                                                    Density    =         0.9814
 Ewald error estimate:   0.7442E-05
 ------------------------------------------------------------------------------


 NSTEP =    13500   TIME(PS) =      37.000  TEMP(K) =   302.01  PRESS =  -154.3
 Etot   =     -6728.2412  EKtot   =      1576.3077  EPtot      =     -8304.5489
 BOND   =         0.5933  ANGLE   =         4.6929  DIHED      =         0.1550
 1-4 NB =         3.0748  1-4 EEL =        -9.6903  VDWAALS    =      1216.5794
 EELEC  =     -9524.1462  EHBOND  =         0.0000  RESTRAINT  =         4.1921
 EAMBER (non-restraint)  =     -8308.7411
 EKCMT  =       788.1011  VIRIAL  =       876.5498  VOLUME     =     26553.9599
                                                    Density    =         0.9836
 Ewald error estimate:   0.4420E-03
 ------------------------------------------------------------------------------


 NSTEP =    15000   TIME(PS) =      40.000  TEMP(K) =   297.54  PRESS =  -260.4
 Etot   =     -6733.0102  EKtot   =      1552.9661  EPtot      =     -8285.9763
 BOND   =         0.5533  ANGLE   =         4.7656  DIHED      =         0.3827
 1-4 NB =         3.4194  1-4 EEL =        -9.7246  VDWAALS    =      1196.8720
 EELEC  =     -9486.2314  EHBOND  =         0.0000  RESTRAINT  =         3.9867
 EAMBER (non-restraint)  =     -8289.9630
 EKCMT  =       765.1836  VIRIAL  =       913.8461  VOLUME     =     26442.3507
                                                    Density    =         0.9877
 Ewald error estimate:   0.1479E-05
 ------------------------------------------------------------------------------


      A V E R A G E S   O V E R   15000 S T E P S


 NSTEP =    15000   TIME(PS) =      40.000  TEMP(K) =   299.27  PRESS =  -151.8
 Etot   =     -6649.3475  EKtot   =      1562.0219  EPtot      =     -8211.3694
 BOND   =         0.8378  ANGLE   =         3.1358  DIHED      =         0.1873
 1-4 NB =         2.4886  1-4 EEL =        -9.5946  VDWAALS    =      1222.5623
 EELEC  =     -9434.3341  EHBOND  =         0.0000  RESTRAINT  =         3.3475
 EAMBER (non-restraint)  =     -8214.7169
 EKCMT  =       782.0648  VIRIAL  =       889.2612  VOLUME     =     28913.2881
                                                    Density    =         0.9172
 Ewald error estimate:   0.1815E-03
 ------------------------------------------------------------------------------


      R M S  F L U C T U A T I O N S


 NSTEP =    15000   TIME(PS) =      40.000  TEMP(K) =     5.26  PRESS =   323.9
 Etot   =        98.9205  EKtot   =        27.4558  EPtot      =       110.0596
 BOND   =         0.5675  ANGLE   =         0.9263  DIHED      =         0.0948
 1-4 NB =         0.5750  1-4 EEL =         0.0981  VDWAALS    =        35.7832
 EELEC  =       120.8285  EHBOND  =         0.0000  RESTRAINT  =         1.1831
 EAMBER (non-restraint)  =       108.8766
 EKCMT  =        21.2152  VIRIAL  =       210.0295  VOLUME     =      3878.6143
                                                    Density    =         0.1041
 Ewald error estimate:   0.1400E-03
 ------------------------------------------------------------------------------


--------------------------------------------------------------------------------
   5.  TIMINGS
--------------------------------------------------------------------------------

|                Build the list            67.26 (99.31% of List )
|                Other                      0.47 ( 0.69% of List )
|             List time                 67.72 ( 8.00% of Nonbo)
|                   Short_ene time           571.56 (98.61% of Direc)
|                   Other                      8.06 ( 1.39% of Direc)
|                Direct Ewald time        579.62 (74.37% of Ewald)
|                Adjust Ewald time          5.05 ( 0.65% of Ewald)
|                Self Ewald time            0.04 ( 0.01% of Ewald)
|                   Fill Bspline coeffs        7.47 ( 3.85% of Recip)
|                   Fill charge grid          17.29 ( 8.92% of Recip)
|                   Scalar sum                46.95 (24.23% of Recip)
|                   Grad sum                  33.62 (17.35% of Recip)
|                   FFT time                  88.37 (45.61% of Recip)
|                   Other                      0.07 ( 0.04% of Recip)
|                Recip Ewald time         193.77 (24.86% of Ewald)
|                Force Adjust               0.17 ( 0.02% of Ewald)
|                Virial junk                0.50 ( 0.06% of Ewald)
|                Other                      0.15 ( 0.02% of Ewald)
|             Ewald time               779.33 (92.00% of Nonbo)
|          Nonbond force            847.07 (99.87% of Force)
|          Bond/Angle/Dihedral        0.92 ( 0.11% of Force)
|          Other                      0.20 ( 0.02% of Force)
|       Force time               848.19 (98.29% of Runmd)
|       Shake time                 6.09 ( 0.71% of Runmd)
|       Verlet update time         7.44 ( 0.86% of Runmd)
|       Ekcmr time                 0.80 ( 0.09% of Runmd)
|       Other                      0.44 ( 0.05% of Runmd)
|    Runmd Time               862.95 (100.0% of Total)
|    Other                      0.07 ( 0.01% of Total)
| Total time               863.04 (100.0% of ALL  )

| Number of list builds   :       1382

| Highest rstack allocated:     179086
| Highest istack allocated:       2624

| Final Performance Info:
| -----------------------------------------------------
| Average timings for all steps:
|     Elapsed(s) =     862.95 Per Step(ms) =      57.53
|         ns/day =       3.00   seconds/ns =   28765.16
| -----------------------------------------------------

|           Job began  at 21:57:15.090  on 04/26/2016
|           Setup done at 21:57:15.175  on 04/26/2016
|           Run   done at 22:11:38.130  on 04/26/2016
|     wallclock() was called  692787 times
