
          -------------------------------------------------------
          Amber 14 SANDER                              2014
          -------------------------------------------------------

| Run on 04/26/2016 at 21:53:57

|   Executable path: /home/steboss/Software/amber14/bin/sander
| Working directory: /home/steboss/projects/reproducibility/neopentane_issue/_ligands/neopentane
|          Hostname: Unknown
  [-O]verwriting output

File Assignments:
|  MDIN: md00003.in                                                            
| MDOUT: md00003.out                                                           
|INPCRD: md00002.rst7                                                          
|  PARM: solvated.parm7                                                        
|RESTRT: md00003.rst7                                                          
|  REFC: solvated.rst7                                                         
| MDVEL: mdvel                                                                 
| MDFRC: mdfrc                                                                 
|  MDEN: md00003.en                                                            
| MDCRD: md00003.nc                                                            
|MDINFO: md00003.info                                                          
|  MTMD: mtmd                                                                  
|INPDIP: inpdip                                                                
|RSTDIP: rstdip                                                                
|INPTRA: inptraj                                                               


 Here is the input file:

constant temperature                                                           
 &cntrl                                                                        
   imin = 0, nstlim = 4000, irest = 1, ntx = 5, dt = 0.002,                    
   ntt = 1, temp0 = 300.0, tautp = 1.0,                                        
   ntb = 1,                                                                    
   ntc = 2, ntf = 2,                                                           
   ioutfm = 1, iwrap = 1,                                                      
   ntwe = 800, ntwx = 800, ntpr = 400,                                         
    ntr = 1, restraint_wt = 10.00,                                             
 restraintmask="!:WAT,HOH,T3P,T4P",                                            
 /                                                                             

--------------------------------------------------------------------------------
   1.  RESOURCE   USE: 
--------------------------------------------------------------------------------

| Flags:                                                                        
 getting new box info from bottom of inpcrd
|  INFO: Old style inpcrd file read

| peek_ewald_inpcrd: Box info found
|Largest sphere to fit in unit cell has radius =    16.972
| New format PARM file being parsed.
| Version =    1.000 Date = 04/26/16 Time = 21:53:05
 NATOM  =    2624 NTYPES =       4 NBONH =    2619 MBONA  =       4
 NTHETH =      24 MTHETA =       6 NPHIH =      36 MPHIA  =       0
 NHPARM =       0 NPARM  =       0 NNB   =    3562 NRES   =     870
 NBONA  =       4 NTHETA =       6 NPHIA =       0 NUMBND =       4
 NUMANG =       3 NPTRA  =       1 NATYP =       4 NPHB   =       1
 IFBOX  =       1 NMXRS  =      17 IFCAP =       0 NEXTRA =       0
 NCOPY  =       0


|     Memory Use     Allocated
|     Real              270954
|     Hollerith           8744
|     Integer            81460
|     Max Pairs         874666
|     nblistReal         31488
|     nblist Int        151453
|       Total             6723 kbytes

| Note: 1-4 EEL scale factors are being read from the topology file.

| Note: 1-4 VDW scale factors are being read from the topology file.
| Duplicated    0 dihedrals
| Duplicated    0 dihedrals

     BOX TYPE: RECTILINEAR

--------------------------------------------------------------------------------
   2.  CONTROL  DATA  FOR  THE  RUN
--------------------------------------------------------------------------------

LIG                                                                             

General flags:
     imin    =       0, nmropt  =       0

Nature and format of input:
     ntx     =       5, irest   =       1, ntrx    =       1

Nature and format of output:
     ntxo    =       1, ntpr    =     400, ntrx    =       1, ntwr    =     500
     iwrap   =       1, ntwx    =     800, ntwv    =       0, ntwe    =     800
     ioutfm  =       1, ntwprt  =       0, idecomp =       0, rbornstat=      0

Potential function:
     ntf     =       2, ntb     =       1, igb     =       0, nsnb    =      25
     ipol    =       0, gbsa    =       0, iesp    =       0
     dielc   =   1.00000, cut     =   8.00000, intdiel =   1.00000

Frozen or restrained atoms:
     ibelly  =       0, ntr     =       1
     restraint_wt =  10.00000

Molecular dynamics:
     nstlim  =      4000, nscm    =         0, nrespa  =         1
     t       =   0.00000, dt      =   0.00200, vlimit  =  20.00000

Berendsen (weak-coupling) temperature regulation:
     temp0   = 300.00000, tempi   =   0.00000, tautp   =   1.00000

SHAKE:
     ntc     =       2, jfastw  =       0
     tol     =   0.00001

Ewald parameters:
     verbose =       0, ew_type =       0, nbflag  =       1, use_pme =       1
     vdwmeth =       1, eedmeth =       1, netfrc  =       1
     Box X =   33.943   Box Y =   34.260   Box Z =   34.229
     Alpha =   90.000   Beta  =   90.000   Gamma =   90.000
     NFFT1 =   36       NFFT2 =   36       NFFT3 =   36
     Cutoff=    8.000   Tol   =0.100E-04
     Ewald Coefficient =  0.34864
     Interpolation order =    4

    LOADING THE CONSTRAINED ATOMS AS GROUPS


   5.  REFERENCE ATOM COORDINATES

  LIG 
     Mask !:WAT,HOH,T3P,T4P; matches    17 atoms

--------------------------------------------------------------------------------
   3.  ATOMIC COORDINATES AND VELOCITIES
--------------------------------------------------------------------------------

LIG                                                                             
 begin time read from input coords =     2.000 ps

 Number of triangulated 3-point waters found:      869

     Sum of charges from parm topology file =   0.00000500
     Forcing neutrality...

--------------------------------------------------------------------------------
   4.  RESULTS
--------------------------------------------------------------------------------

|  # of SOLUTE  degrees of freedom (RNDFP):    5253.
|  # of SOLVENT degrees of freedom (RNDFS):       0.
|  NDFMIN =    5253.     NUM_NOSHAKE =      0     CORRECTED RNDFP =    5253.
|  TOTAL # of degrees of freedom (RNDF) =    5253.
 ---------------------------------------------------
 APPROXIMATING switch and d/dx switch using CUBIC SPLINE INTERPOLATION
 using   5000.0 points per unit in tabled values
 TESTING RELATIVE ERROR over r ranging from 0.0 to cutoff
| CHECK switch(x): max rel err =   0.2738E-14   at   2.422500
| CHECK d/dx switch(x): max rel err =   0.8332E-11   at   2.782960
 ---------------------------------------------------
| Local SIZE OF NONBOND LIST =     419672
| TOTAL SIZE OF NONBOND LIST =     419672

 NSTEP =      400   TIME(PS) =       2.800  TEMP(K) =   210.27  PRESS =     0.0
 Etot   =     -7719.6342  EKtot   =      1097.4986  EPtot      =     -8817.1328
 BOND   =         0.0696  ANGLE   =         2.2179  DIHED      =         0.0237
 1-4 NB =         2.8289  1-4 EEL =        -9.6810  VDWAALS    =      1591.5155
 EELEC  =    -10405.2836  EHBOND  =         0.0000  RESTRAINT  =         1.1761
 EAMBER (non-restraint)  =     -8818.3089
 Ewald error estimate:   0.5373E-03
 ------------------------------------------------------------------------------


 NSTEP =      800   TIME(PS) =       3.600  TEMP(K) =   223.42  PRESS =     0.0
 Etot   =     -7380.5389  EKtot   =      1166.1201  EPtot      =     -8546.6590
 BOND   =         0.1225  ANGLE   =         3.0702  DIHED      =         0.0778
 1-4 NB =         2.0551  1-4 EEL =        -9.5584  VDWAALS    =      1524.6256
 EELEC  =    -10068.6220  EHBOND  =         0.0000  RESTRAINT  =         1.5703
 EAMBER (non-restraint)  =     -8548.2293
 Ewald error estimate:   0.2316E-04
 ------------------------------------------------------------------------------


 NSTEP =     1200   TIME(PS) =       4.400  TEMP(K) =   252.54  PRESS =     0.0
 Etot   =     -7140.1306  EKtot   =      1318.1188  EPtot      =     -8458.2494
 BOND   =         0.6064  ANGLE   =         2.6425  DIHED      =         0.0758
 1-4 NB =         1.8181  1-4 EEL =        -9.5064  VDWAALS    =      1414.7071
 EELEC  =     -9870.3047  EHBOND  =         0.0000  RESTRAINT  =         1.7119
 EAMBER (non-restraint)  =     -8459.9613
 Ewald error estimate:   0.1147E-03
 ------------------------------------------------------------------------------


 NSTEP =     1600   TIME(PS) =       5.200  TEMP(K) =   263.35  PRESS =     0.0
 Etot   =     -6955.8500  EKtot   =      1374.5182  EPtot      =     -8330.3682
 BOND   =         0.2570  ANGLE   =         2.0911  DIHED      =         0.0482
 1-4 NB =         3.3590  1-4 EEL =        -9.7517  VDWAALS    =      1322.8469
 EELEC  =     -9649.9353  EHBOND  =         0.0000  RESTRAINT  =         0.7166
 EAMBER (non-restraint)  =     -8331.0848
 Ewald error estimate:   0.3160E-04
 ------------------------------------------------------------------------------


 NSTEP =     2000   TIME(PS) =       6.000  TEMP(K) =   269.67  PRESS =     0.0
 Etot   =     -6808.1627  EKtot   =      1407.4908  EPtot      =     -8215.6535
 BOND   =         0.1047  ANGLE   =         1.6798  DIHED      =         0.0702
 1-4 NB =         2.4342  1-4 EEL =        -9.6145  VDWAALS    =      1331.9084
 EELEC  =     -9544.1767  EHBOND  =         0.0000  RESTRAINT  =         1.9405
 EAMBER (non-restraint)  =     -8217.5940
 Ewald error estimate:   0.3889E-03
 ------------------------------------------------------------------------------


 NSTEP =     2400   TIME(PS) =       6.800  TEMP(K) =   278.31  PRESS =     0.0
 Etot   =     -6705.8629  EKtot   =      1452.5899  EPtot      =     -8158.4528
 BOND   =         0.7730  ANGLE   =         2.7856  DIHED      =         0.0948
 1-4 NB =         1.6187  1-4 EEL =        -9.4659  VDWAALS    =      1274.3869
 EELEC  =     -9430.1321  EHBOND  =         0.0000  RESTRAINT  =         1.4862
 EAMBER (non-restraint)  =     -8159.9390
 Ewald error estimate:   0.2701E-03
 ------------------------------------------------------------------------------


 NSTEP =     2800   TIME(PS) =       7.600  TEMP(K) =   283.67  PRESS =     0.0
 Etot   =     -6630.4097  EKtot   =      1480.5917  EPtot      =     -8111.0014
 BOND   =         0.6784  ANGLE   =         3.1875  DIHED      =         0.1010
 1-4 NB =         2.9819  1-4 EEL =        -9.7088  VDWAALS    =      1315.4090
 EELEC  =     -9425.3509  EHBOND  =         0.0000  RESTRAINT  =         1.7005
 EAMBER (non-restraint)  =     -8112.7019
 Ewald error estimate:   0.2797E-03
 ------------------------------------------------------------------------------


 NSTEP =     3200   TIME(PS) =       8.400  TEMP(K) =   283.72  PRESS =     0.0
 Etot   =     -6558.2632  EKtot   =      1480.8486  EPtot      =     -8039.1119
 BOND   =         1.7918  ANGLE   =         2.1339  DIHED      =         0.1068
 1-4 NB =         1.7786  1-4 EEL =        -9.4802  VDWAALS    =      1203.8632
 EELEC  =     -9240.8425  EHBOND  =         0.0000  RESTRAINT  =         1.5365
 EAMBER (non-restraint)  =     -8040.6484
 Ewald error estimate:   0.2257E-03
 ------------------------------------------------------------------------------


 NSTEP =     3600   TIME(PS) =       9.200  TEMP(K) =   297.42  PRESS =     0.0
 Etot   =     -6516.4373  EKtot   =      1552.3671  EPtot      =     -8068.8045
 BOND   =         0.3039  ANGLE   =         2.8041  DIHED      =         0.0549
 1-4 NB =         2.9797  1-4 EEL =        -9.6835  VDWAALS    =      1247.2480
 EELEC  =     -9313.7682  EHBOND  =         0.0000  RESTRAINT  =         1.2567
 EAMBER (non-restraint)  =     -8070.0611
 Ewald error estimate:   0.1659E-03
 ------------------------------------------------------------------------------


 NSTEP =     4000   TIME(PS) =      10.000  TEMP(K) =   295.85  PRESS =     0.0
 Etot   =     -6493.2785  EKtot   =      1544.1663  EPtot      =     -8037.4449
 BOND   =         0.7809  ANGLE   =         2.3235  DIHED      =         0.0543
 1-4 NB =         2.8525  1-4 EEL =        -9.6807  VDWAALS    =      1226.8131
 EELEC  =     -9263.0969  EHBOND  =         0.0000  RESTRAINT  =         2.5087
 EAMBER (non-restraint)  =     -8039.9536
 Ewald error estimate:   0.8981E-04
 ------------------------------------------------------------------------------


      A V E R A G E S   O V E R    4000 S T E P S


 NSTEP =     4000   TIME(PS) =      10.000  TEMP(K) =   259.09  PRESS =     0.0
 Etot   =     -6971.4714  EKtot   =      1352.2832  EPtot      =     -8323.7547
 BOND   =         0.6479  ANGLE   =         2.0729  DIHED      =         0.0656
 1-4 NB =         2.3380  1-4 EEL =        -9.5920  VDWAALS    =      1357.0071
 EELEC  =     -9677.8021  EHBOND  =         0.0000  RESTRAINT  =         1.5080
 EAMBER (non-restraint)  =     -8325.2627
 Ewald error estimate:   0.1739E-03
 ------------------------------------------------------------------------------


      R M S  F L U C T U A T I O N S


 NSTEP =     4000   TIME(PS) =      10.000  TEMP(K) =    33.66  PRESS =     0.0
 Etot   =       457.4313  EKtot   =       175.6872  EPtot      =       284.4654
 BOND   =         0.5203  ANGLE   =         0.5211  DIHED      =         0.0288
 1-4 NB =         0.5479  1-4 EEL =         0.0960  VDWAALS    =       125.0515
 EELEC  =       404.0207  EHBOND  =         0.0000  RESTRAINT  =         0.5248
 EAMBER (non-restraint)  =       283.9405
 Ewald error estimate:   0.1286E-03
 ------------------------------------------------------------------------------


--------------------------------------------------------------------------------
   5.  TIMINGS
--------------------------------------------------------------------------------

|    Read coords time           0.01 ( 0.01% of Total)
|                Build the list            11.59 (98.68% of List )
|                Other                      0.16 ( 1.32% of List )
|             List time                 11.75 ( 6.06% of Nonbo)
|                   Short_ene time           127.34 (98.38% of Direc)
|                   Other                      2.09 ( 1.62% of Direc)
|                Direct Ewald time        129.43 (71.07% of Ewald)
|                Adjust Ewald time          1.35 ( 0.74% of Ewald)
|                Self Ewald time            0.01 ( 0.01% of Ewald)
|                   Fill Bspline coeffs        1.94 ( 3.80% of Recip)
|                   Fill charge grid           4.41 ( 8.63% of Recip)
|                   Scalar sum                12.46 (24.39% of Recip)
|                   Grad sum                   8.81 (17.23% of Recip)
|                   FFT time                  23.46 (45.91% of Recip)
|                   Other                      0.02 ( 0.04% of Recip)
|                Recip Ewald time          51.11 (28.06% of Ewald)
|                Force Adjust               0.05 ( 0.02% of Ewald)
|                Virial junk                0.12 ( 0.07% of Ewald)
|                Other                      0.04 ( 0.02% of Ewald)
|             Ewald time               182.11 (93.94% of Nonbo)
|          Nonbond force            193.86 (99.85% of Force)
|          Bond/Angle/Dihedral        0.24 ( 0.13% of Force)
|          Other                      0.05 ( 0.02% of Force)
|       Force time               194.15 (98.49% of Runmd)
|       Shake time                 1.63 ( 0.83% of Runmd)
|       Verlet update time         1.26 ( 0.64% of Runmd)
|       Other                      0.08 ( 0.04% of Runmd)
|    Runmd Time               197.13 (100.0% of Total)
|    Other                      0.07 ( 0.04% of Total)
| Total time               197.21 (100.0% of ALL  )

| Number of list builds   :        334

| Highest rstack allocated:     179086
| Highest istack allocated:       2624

| Final Performance Info:
| -----------------------------------------------------
| Average timings for all steps:
|     Elapsed(s) =     197.13 Per Step(ms) =      49.28
|         ns/day =       3.51   seconds/ns =   24640.93
| -----------------------------------------------------

|           Job began  at 21:53:57.862  on 04/26/2016
|           Setup done at 21:53:57.945  on 04/26/2016
|           Run   done at 21:57:15.072  on 04/26/2016
|     wallclock() was called  176691 times
