
          -------------------------------------------------------
          Amber 14 SANDER                              2014
          -------------------------------------------------------

| Run on 09/19/2016 at 13:55:31

|   Executable path: sander
| Working directory: /home/steboss/Simulation/Cluster/reproducibility/diatomic_pert/logP/1092/inputfiles/water/equilibration
|          Hostname: Unknown
  [-O]verwriting output

File Assignments:
|  MDIN: min00001.in                                                           
| MDOUT: min00001.out                                                          
|INPCRD: solvated.rst7                                                         
|  PARM: solvated.parm7                                                        
|RESTRT: min00001.rst7                                                         
|  REFC: solvated.rst7                                                         
| MDVEL: mdvel                                                                 
| MDFRC: mdfrc                                                                 
|  MDEN: min00001.en                                                           
| MDCRD: min00001.nc                                                           
|MDINFO: min00001.info                                                         
|  MTMD: mtmd                                                                  
|INPDIP: inpdip                                                                
|RSTDIP: rstdip                                                                
|INPTRA: inptraj                                                               


 Here is the input file:

Minimise whole system                                                          
 &cntrl                                                                        
   imin = 1, ntmin = 1,                                                        
   maxcyc = 100, ncyc = 10,                                                    
   ntpr = 20, ntwe = 20,                                                       
   dx0 = 1.0D-7,                                                               
    ntb = 1,                                                                   
 ntr = 1, restraint_wt = 10.00,                                                
 restraintmask="!:WAT,HOH,T3P,T4P",                                            
 /                                                                             

--------------------------------------------------------------------------------
   1.  RESOURCE   USE: 
--------------------------------------------------------------------------------

| Flags:                                                                        
 getting new box info from bottom of inpcrd
|  INFO: Old style inpcrd file read

| peek_ewald_inpcrd: Box info found
|Largest sphere to fit in unit cell has radius =    15.111
| New format PARM file being parsed.
| Version =    1.000 Date = 09/19/16 Time = 13:52:51
 NATOM  =    1802 NTYPES =       3 NBONH =    1801 MBONA  =       0
 NTHETH =       0 MTHETA =       0 NPHIH =       0 MPHIA  =       0
 NHPARM =       0 NPARM  =       0 NNB   =    2402 NRES   =     601
 NBONA  =       0 NTHETA =       0 NPHIA =       0 NUMBND =       3
 NUMANG =       0 NPTRA  =       0 NATYP =       4 NPHB   =       1
 IFBOX  =       1 NMXRS  =       3 IFCAP =       0 NEXTRA =       0
 NCOPY  =       0


|     Memory Use     Allocated
|     Real              235166
|     Hollerith           6009
|     Integer            60851
|     Max Pairs         600666
|     nblistReal         21624
|     nblist Int        107839
|       Total             5034 kbytes

| Note: 1-4 EEL scale factors are being read from the topology file.

| Note: 1-4 VDW scale factors are being read from the topology file.
| Duplicated    0 dihedrals
| Duplicated    0 dihedrals

     BOX TYPE: RECTILINEAR

--------------------------------------------------------------------------------
   2.  CONTROL  DATA  FOR  THE  RUN
--------------------------------------------------------------------------------

default_name                                                                    

General flags:
     imin    =       1, nmropt  =       0

Nature and format of input:
     ntx     =       1, irest   =       0, ntrx    =       1

Nature and format of output:
     ntxo    =       1, ntpr    =      20, ntrx    =       1, ntwr    =     500
     iwrap   =       0, ntwx    =       0, ntwv    =       0, ntwe    =      20
     ioutfm  =       0, ntwprt  =       0, idecomp =       0, rbornstat=      0

Potential function:
     ntf     =       1, ntb     =       1, igb     =       0, nsnb    =      25
     ipol    =       0, gbsa    =       0, iesp    =       0
     dielc   =   1.00000, cut     =   8.00000, intdiel =   1.00000

Frozen or restrained atoms:
     ibelly  =       0, ntr     =       1
     restraint_wt =  10.00000

Energy minimization:
     maxcyc  =     100, ncyc    =      10, ntmin   =       1
     dx0     =   0.00000, drms    =   0.00010

Ewald parameters:
     verbose =       0, ew_type =       0, nbflag  =       1, use_pme =       1
     vdwmeth =       1, eedmeth =       1, netfrc  =       0
     Box X =   31.398   Box Y =   30.511   Box Z =   30.222
     Alpha =   90.000   Beta  =   90.000   Gamma =   90.000
     NFFT1 =   32       NFFT2 =   30       NFFT3 =   30
     Cutoff=    8.000   Tol   =0.100E-04
     Ewald Coefficient =  0.34864
     Interpolation order =    4

    LOADING THE CONSTRAINED ATOMS AS GROUPS


   5.  REFERENCE ATOM COORDINATES

  defa
     Mask !:WAT,HOH,T3P,T4P; matches     2 atoms

--------------------------------------------------------------------------------
   3.  ATOMIC COORDINATES AND VELOCITIES
--------------------------------------------------------------------------------

default_name                                                                    
 begin time read from input coords =     0.000 ps

 Number of triangulated 3-point waters found:      600

     Sum of charges from parm topology file =   0.00000000
     Forcing neutrality...

--------------------------------------------------------------------------------
   4.  RESULTS
--------------------------------------------------------------------------------

 ---------------------------------------------------
 APPROXIMATING switch and d/dx switch using CUBIC SPLINE INTERPOLATION
 using   5000.0 points per unit in tabled values
 TESTING RELATIVE ERROR over r ranging from 0.0 to cutoff
| CHECK switch(x): max rel err =   0.2738E-14   at   2.422500
| CHECK d/dx switch(x): max rel err =   0.8332E-11   at   2.782960
 ---------------------------------------------------
| Local SIZE OF NONBOND LIST =     255058
| TOTAL SIZE OF NONBOND LIST =     255058


   NSTEP       ENERGY          RMS            GMAX         NAME    NUMBER
      1      -4.5107E+03     1.1539E+01     4.1621E+01     O        1326

 BOND    =        0.0290  ANGLE   =        0.0000  DIHED      =        0.0000
 VDWAALS =      573.1039  EEL     =    -5083.8486  HBOND      =        0.0000
 1-4 VDW =        0.0000  1-4 EEL =        0.0000  RESTRAINT  =        0.0000


   NSTEP       ENERGY          RMS            GMAX         NAME    NUMBER
     20      -5.1609E+03     9.4945E+00     5.5635E+01     O        1077

 BOND    =      728.3070  ANGLE   =        0.0000  DIHED      =        0.0000
 VDWAALS =      571.4657  EEL     =    -6460.6555  HBOND      =        0.0000
 1-4 VDW =        0.0000  1-4 EEL =        0.0000  RESTRAINT  =        0.0120
 EAMBER  =    -5160.8828


   NSTEP       ENERGY          RMS            GMAX         NAME    NUMBER
     40      -5.5696E+03     2.7310E+00     1.4747E+01     H2       1343

 BOND    =      266.2997  ANGLE   =        0.0000  DIHED      =        0.0000
 VDWAALS =      587.6480  EEL     =    -6423.5775  HBOND      =        0.0000
 1-4 VDW =        0.0000  1-4 EEL =        0.0000  RESTRAINT  =        0.0666
 EAMBER  =    -5569.6298


   NSTEP       ENERGY          RMS            GMAX         NAME    NUMBER
     60      -5.8183E+03     1.7571E+00     2.0289E+01     O        1269

 BOND    =      346.3101  ANGLE   =        0.0000  DIHED      =        0.0000
 VDWAALS =      705.6352  EEL     =    -6870.4350  HBOND      =        0.0000
 1-4 VDW =        0.0000  1-4 EEL =        0.0000  RESTRAINT  =        0.1504
 EAMBER  =    -5818.4896


   NSTEP       ENERGY          RMS            GMAX         NAME    NUMBER
     80      -6.0097E+03     1.7377E+00     2.0719E+01     O        1023

 BOND    =      382.1513  ANGLE   =        0.0000  DIHED      =        0.0000
 VDWAALS =      801.4834  EEL     =    -7193.4583  HBOND      =        0.0000
 1-4 VDW =        0.0000  1-4 EEL =        0.0000  RESTRAINT  =        0.0795
 EAMBER  =    -6009.8237


   NSTEP       ENERGY          RMS            GMAX         NAME    NUMBER
    100      -6.1525E+03     2.8697E+00     5.9187E+01     O        1023

 BOND    =      425.9424  ANGLE   =        0.0000  DIHED      =        0.0000
 VDWAALS =      901.6205  EEL     =    -7480.1708  HBOND      =        0.0000
 1-4 VDW =        0.0000  1-4 EEL =        0.0000  RESTRAINT  =        0.1104
 EAMBER  =    -6152.6079


  Maximum number of minimization cycles reached.


                    FINAL RESULTS



   NSTEP       ENERGY          RMS            GMAX         NAME    NUMBER
    100      -6.1525E+03     2.8697E+00     5.9187E+01     O        1023

 BOND    =      425.9424  ANGLE   =        0.0000  DIHED      =        0.0000
 VDWAALS =      901.6205  EEL     =    -7480.1708  HBOND      =        0.0000
 1-4 VDW =        0.0000  1-4 EEL =        0.0000  RESTRAINT  =        0.1104
 EAMBER  =    -6152.6079

--------------------------------------------------------------------------------
   5.  TIMINGS
--------------------------------------------------------------------------------

|    Read coords time           0.01 ( 0.68% of Total)
|    Fast Water setup           0.00 ( 0.01% of Total)
|                Build the list             0.02 (40.50% of List )
|                Other                      0.02 (59.50% of List )
|             List time                  0.04 ( 3.91% of Nonbo)
|                   Short_ene time             0.67 (99.06% of Direc)
|                   Other                      0.01 ( 0.94% of Direc)
|                Direct Ewald time          0.67 (73.36% of Ewald)
|                Adjust Ewald time          0.01 ( 0.77% of Ewald)
|                Self Ewald time            0.00 ( 0.01% of Ewald)
|                   Fill Bspline coeffs        0.01 ( 3.71% of Recip)
|                   Fill charge grid           0.02 ( 9.06% of Recip)
|                   Scalar sum                 0.07 (28.20% of Recip)
|                   Grad sum                   0.04 (17.72% of Recip)
|                   FFT time                   0.10 (41.24% of Recip)
|                   Other                      0.00 ( 0.06% of Recip)
|                Recip Ewald time           0.24 (25.65% of Ewald)
|                Force Adjust               0.00 ( 0.01% of Ewald)
|                Virial junk                0.00 ( 0.12% of Ewald)
|                Start synchronizatio       0.00 ( 0.01% of Ewald)
|                Other                      0.00 ( 0.06% of Ewald)
|             Ewald time                 0.92 (96.03% of Nonbo)
|             IPS excludes               0.00 ( 0.01% of Nonbo)
|             Other                      0.00 ( 0.05% of Nonbo)
|          Nonbond force              0.95 (99.55% of Force)
|          Bond/Angle/Dihedral        0.00 ( 0.40% of Force)
|          Other                      0.00 ( 0.05% of Force)
|       Force time                 0.96 (100.0% of Runmd)
|    Runmd Time                 0.96 (91.56% of Total)
|    Other                      0.08 ( 7.74% of Total)
| Total time                 1.05 (100.0% of ALL  )

| Highest rstack allocated:     116904
| Highest istack allocated:       1802
|           Job began  at 13:55:31.658  on 09/19/2016
|           Setup done at 13:55:31.714  on 09/19/2016
|           Run   done at 13:55:32.705  on 09/19/2016
|     wallclock() was called    3852 times
