
          -------------------------------------------------------
          Amber 14 SANDER                              2014
          -------------------------------------------------------

| Run on 04/27/2016 at 11:26:49

|   Executable path: /home/steboss/Software/amber14/bin/sander
| Working directory: /home/steboss/projects/reproducibility/neopentane_issue/_ligands/ethane
|          Hostname: Unknown
  [-O]verwriting output

File Assignments:
|  MDIN: md00002.in                                                            
| MDOUT: md00002.out                                                           
|INPCRD: min00001.rst7                                                         
|  PARM: solvated.parm7                                                        
|RESTRT: md00002.rst7                                                          
|  REFC: solvated.rst7                                                         
| MDVEL: mdvel                                                                 
| MDFRC: mdfrc                                                                 
|  MDEN: md00002.en                                                            
| MDCRD: md00002.nc                                                            
|MDINFO: md00002.info                                                          
|  MTMD: mtmd                                                                  
|INPDIP: inpdip                                                                
|RSTDIP: rstdip                                                                
|INPTRA: inptraj                                                               


 Here is the input file:

heat the system                                                                
 &cntrl                                                                        
   imin = 0, nstlim = 1000, irest = 0, ntx = 1, dt = 0.002,                    
   nmropt = 1,                                                                 
   ntt = 1, temp0 = 300.0, tempi = 5.0, tautp = 1.0,                           
   ntb = 1, pres0 = 1.0,                                                       
   ntc = 2, ntf = 2,                                                           
   ioutfm = 1, iwrap = 1,                                                      
   ntwe = 200, ntwx = 200, ntpr = 100,                                         
    ntr = 1, restraint_wt = 10.00,                                             
 restraintmask="!:WAT,HOH,T3P,T4P",                                            
 /                                                                             
                                                                               
 &wt                                                                           
   type = 'TEMP0',                                                             
   istep1 = 0, istep2 = 1000,                                                  
   value1 = 5.0, value2 = 300.0                                                
 /                                                                             
                                                                               
 &wt type = 'END'                                                              
 /                                                                             

--------------------------------------------------------------------------------
   1.  RESOURCE   USE: 
--------------------------------------------------------------------------------

| Flags:                                                                        
 getting new box info from bottom of inpcrd
|  INFO: Old style inpcrd file read

| peek_ewald_inpcrd: Box info found
|Largest sphere to fit in unit cell has radius =    15.780
| New format PARM file being parsed.
| Version =    1.000 Date = 04/27/16 Time = 11:26:46
 NATOM  =    2183 NTYPES =       4 NBONH =    2181 MBONA  =       1
 NTHETH =      12 MTHETA =       0 NPHIH =       9 MPHIA  =       0
 NHPARM =       0 NPARM  =       0 NNB   =    2929 NRES   =     726
 NBONA  =       1 NTHETA =       0 NPHIA =       0 NUMBND =       4
 NUMANG =       2 NPTRA  =       1 NATYP =       4 NPHB   =       1
 IFBOX  =       1 NMXRS  =       8 IFCAP =       0 NEXTRA =       0
 NCOPY  =       0


|     Memory Use     Allocated
|     Real              240050
|     Hollerith           7277
|     Integer            70060
|     Max Pairs         727666
|     nblistReal         26196
|     nblist Int        116044
|       Total             5677 kbytes

| Note: 1-4 EEL scale factors are being read from the topology file.

| Note: 1-4 VDW scale factors are being read from the topology file.
| Duplicated    0 dihedrals
| Duplicated    0 dihedrals

     BOX TYPE: RECTILINEAR

--------------------------------------------------------------------------------
   2.  CONTROL  DATA  FOR  THE  RUN
--------------------------------------------------------------------------------

LIG                                                                             

General flags:
     imin    =       0, nmropt  =       1

Nature and format of input:
     ntx     =       1, irest   =       0, ntrx    =       1

Nature and format of output:
     ntxo    =       1, ntpr    =     100, ntrx    =       1, ntwr    =     500
     iwrap   =       1, ntwx    =     200, ntwv    =       0, ntwe    =     200
     ioutfm  =       1, ntwprt  =       0, idecomp =       0, rbornstat=      0

Potential function:
     ntf     =       2, ntb     =       1, igb     =       0, nsnb    =      25
     ipol    =       0, gbsa    =       0, iesp    =       0
     dielc   =   1.00000, cut     =   8.00000, intdiel =   1.00000

Frozen or restrained atoms:
     ibelly  =       0, ntr     =       1
     restraint_wt =  10.00000

Molecular dynamics:
     nstlim  =      1000, nscm    =         0, nrespa  =         1
     t       =   0.00000, dt      =   0.00200, vlimit  =  20.00000

Berendsen (weak-coupling) temperature regulation:
     temp0   = 300.00000, tempi   =   5.00000, tautp   =   1.00000

SHAKE:
     ntc     =       2, jfastw  =       0
     tol     =   0.00001

NMR refinement options:
     iscale  =       0, noeskp  =       1, ipnlty  =       1, mxsub   =       1
     scalm   = 100.00000, pencut  =   0.10000, tausw   =   0.10000

Ewald parameters:
     verbose =       0, ew_type =       0, nbflag  =       1, use_pme =       1
     vdwmeth =       1, eedmeth =       1, netfrc  =       1
     Box X =   32.265   Box Y =   32.158   Box Z =   31.561
     Alpha =   90.000   Beta  =   90.000   Gamma =   90.000
     NFFT1 =   32       NFFT2 =   32       NFFT3 =   32
     Cutoff=    8.000   Tol   =0.100E-04
     Ewald Coefficient =  0.34864
     Interpolation order =    4

    LOADING THE CONSTRAINED ATOMS AS GROUPS


   5.  REFERENCE ATOM COORDINATES

  LIG 
     Mask !:WAT,HOH,T3P,T4P; matches     8 atoms

--------------------------------------------------------------------------------
   3.  ATOMIC COORDINATES AND VELOCITIES
--------------------------------------------------------------------------------

LIG                                                                             
 begin time read from input coords =     0.000 ps



           Begin reading energy term weight changes/NMR restraints
 WEIGHT CHANGES:
 TEMP0         0   1000    5.000000  300.000000      0      0

 RESTRAINTS:
                          ** No restraint defined **

                  Done reading weight changes/NMR restraints


 Number of triangulated 3-point waters found:      725

     Sum of charges from parm topology file =  -0.00000000
     Forcing neutrality...

--------------------------------------------------------------------------------
   4.  RESULTS
--------------------------------------------------------------------------------

|  # of SOLUTE  degrees of freedom (RNDFP):    4368.
|  # of SOLVENT degrees of freedom (RNDFS):       0.
|  NDFMIN =    4368.     NUM_NOSHAKE =      0     CORRECTED RNDFP =    4368.
|  TOTAL # of degrees of freedom (RNDF) =    4368.
 ---------------------------------------------------
 APPROXIMATING switch and d/dx switch using CUBIC SPLINE INTERPOLATION
 using   5000.0 points per unit in tabled values
 TESTING RELATIVE ERROR over r ranging from 0.0 to cutoff
| CHECK switch(x): max rel err =   0.2738E-14   at   2.422500
| CHECK d/dx switch(x): max rel err =   0.8332E-11   at   2.782960
 ---------------------------------------------------
| Local SIZE OF NONBOND LIST =     322778
| TOTAL SIZE OF NONBOND LIST =     322778

 NSTEP =        0   TIME(PS) =       0.000  TEMP(K) =     7.49  PRESS =     0.0
 Etot   =     -8148.3163  EKtot   =        32.5107  EPtot      =     -8180.8270
 BOND   =         0.1424  ANGLE   =         6.6376  DIHED      =         0.0382
 1-4 NB =         0.0607  1-4 EEL =         0.9165  VDWAALS    =      1207.1210
 EELEC  =     -9396.3137  EHBOND  =         0.0000  RESTRAINT  =         0.5703
 EAMBER (non-restraint)  =     -8181.3973
 Ewald error estimate:   0.5180E-03
 ------------------------------------------------------------------------------

 NMR restraints: Bond =    0.000   Angle =     0.000   Torsion =     0.000
===============================================================================

 NSTEP =      100   TIME(PS) =       0.200  TEMP(K) =    91.78  PRESS =     0.0
 Etot   =     -7160.7723  EKtot   =       398.3232  EPtot      =     -7559.0956
 BOND   =         0.0158  ANGLE   =         4.7286  DIHED      =         0.0133
 1-4 NB =         0.1190  1-4 EEL =         0.9312  VDWAALS    =      1403.6008
 EELEC  =     -8969.4587  EHBOND  =         0.0000  RESTRAINT  =         0.9545
 EAMBER (non-restraint)  =     -7560.0501
 Ewald error estimate:   0.1192E-03
 ------------------------------------------------------------------------------

 NMR restraints: Bond =    0.000   Angle =     0.000   Torsion =     0.000
===============================================================================

 NSTEP =      200   TIME(PS) =       0.400  TEMP(K) =   101.11  PRESS =     0.0
 Etot   =     -7204.0212  EKtot   =       438.8311  EPtot      =     -7642.8522
 BOND   =         0.0005  ANGLE   =         1.6762  DIHED      =         0.0192
 1-4 NB =         0.0834  1-4 EEL =         0.9222  VDWAALS    =      1556.0126
 EELEC  =     -9202.4005  EHBOND  =         0.0000  RESTRAINT  =         0.8342
 EAMBER (non-restraint)  =     -7643.6864
 Ewald error estimate:   0.2176E-03
 ------------------------------------------------------------------------------

 NMR restraints: Bond =    0.000   Angle =     0.000   Torsion =     0.000
===============================================================================

 NSTEP =      300   TIME(PS) =       0.600  TEMP(K) =   108.43  PRESS =     0.0
 Etot   =     -7228.8282  EKtot   =       470.5749  EPtot      =     -7699.4031
 BOND   =         0.1075  ANGLE   =         2.6220  DIHED      =         0.0166
 1-4 NB =         0.0980  1-4 EEL =         0.9266  VDWAALS    =      1525.1144
 EELEC  =     -9228.5705  EHBOND  =         0.0000  RESTRAINT  =         0.2823
 EAMBER (non-restraint)  =     -7699.6854
 Ewald error estimate:   0.1894E-03
 ------------------------------------------------------------------------------

 NMR restraints: Bond =    0.000   Angle =     0.000   Torsion =     0.000
===============================================================================

 NSTEP =      400   TIME(PS) =       0.800  TEMP(K) =   111.04  PRESS =     0.0
 Etot   =     -7231.8258  EKtot   =       481.9158  EPtot      =     -7713.7416
 BOND   =         0.0088  ANGLE   =         4.2525  DIHED      =         0.0128
 1-4 NB =         0.0744  1-4 EEL =         0.9206  VDWAALS    =      1608.2335
 EELEC  =     -9328.5608  EHBOND  =         0.0000  RESTRAINT  =         1.3165
 EAMBER (non-restraint)  =     -7715.0582
 Ewald error estimate:   0.2588E-03
 ------------------------------------------------------------------------------

 NMR restraints: Bond =    0.000   Angle =     0.000   Torsion =     0.000
===============================================================================

 NSTEP =      500   TIME(PS) =       1.000  TEMP(K) =   115.24  PRESS =     0.0
 Etot   =     -7212.4767  EKtot   =       500.1588  EPtot      =     -7712.6355
 BOND   =         0.0040  ANGLE   =         1.7697  DIHED      =         0.0130
 1-4 NB =         0.0721  1-4 EEL =         0.9180  VDWAALS    =      1471.0489
 EELEC  =     -9186.9812  EHBOND  =         0.0000  RESTRAINT  =         0.5200
 EAMBER (non-restraint)  =     -7713.1555
 Ewald error estimate:   0.3963E-03
 ------------------------------------------------------------------------------

 NMR restraints: Bond =    0.000   Angle =     0.000   Torsion =     0.000
===============================================================================

 NSTEP =      600   TIME(PS) =       1.200  TEMP(K) =   124.72  PRESS =     0.0
 Etot   =     -7172.1823  EKtot   =       541.3098  EPtot      =     -7713.4920
 BOND   =         0.0193  ANGLE   =         2.9415  DIHED      =         0.0418
 1-4 NB =         0.0833  1-4 EEL =         0.9219  VDWAALS    =      1451.1808
 EELEC  =     -9169.2323  EHBOND  =         0.0000  RESTRAINT  =         0.5516
 EAMBER (non-restraint)  =     -7714.0437
 Ewald error estimate:   0.2388E-03
 ------------------------------------------------------------------------------

 NMR restraints: Bond =    0.000   Angle =     0.000   Torsion =     0.000
===============================================================================

 NSTEP =      700   TIME(PS) =       1.400  TEMP(K) =   138.21  PRESS =     0.0
 Etot   =     -7116.1550  EKtot   =       599.8383  EPtot      =     -7715.9933
 BOND   =         0.0009  ANGLE   =         4.4314  DIHED      =         0.0130
 1-4 NB =         0.1200  1-4 EEL =         0.9318  VDWAALS    =      1441.0833
 EELEC  =     -9163.7941  EHBOND  =         0.0000  RESTRAINT  =         1.2204
 EAMBER (non-restraint)  =     -7717.2137
 Ewald error estimate:   0.2879E-03
 ------------------------------------------------------------------------------

 NMR restraints: Bond =    0.000   Angle =     0.000   Torsion =     0.000
===============================================================================

 NSTEP =      800   TIME(PS) =       1.600  TEMP(K) =   148.40  PRESS =     0.0
 Etot   =     -7040.8564  EKtot   =       644.0743  EPtot      =     -7684.9307
 BOND   =         0.0003  ANGLE   =         1.0386  DIHED      =         0.0062
 1-4 NB =         0.1179  1-4 EEL =         0.9313  VDWAALS    =      1338.1537
 EELEC  =     -9025.5815  EHBOND  =         0.0000  RESTRAINT  =         0.4027
 EAMBER (non-restraint)  =     -7685.3334
 Ewald error estimate:   0.2126E-03
 ------------------------------------------------------------------------------

 NMR restraints: Bond =    0.000   Angle =     0.000   Torsion =     0.000
===============================================================================

 NSTEP =      900   TIME(PS) =       1.800  TEMP(K) =   154.84  PRESS =     0.0
 Etot   =     -6947.3349  EKtot   =       671.9891  EPtot      =     -7619.3240
 BOND   =         0.0019  ANGLE   =         2.3468  DIHED      =         0.0022
 1-4 NB =         0.0840  1-4 EEL =         0.9232  VDWAALS    =      1402.0806
 EELEC  =     -9025.0774  EHBOND  =         0.0000  RESTRAINT  =         0.3146
 EAMBER (non-restraint)  =     -7619.6386
 Ewald error estimate:   0.2000E-03
 ------------------------------------------------------------------------------

 NMR restraints: Bond =    0.000   Angle =     0.000   Torsion =     0.000
===============================================================================

 NSTEP =     1000   TIME(PS) =       2.000  TEMP(K) =   164.29  PRESS =     0.0
 Etot   =     -6839.7775  EKtot   =       713.0321  EPtot      =     -7552.8096
 BOND   =         0.0102  ANGLE   =         6.6228  DIHED      =         0.0427
 1-4 NB =         0.0502  1-4 EEL =         0.9130  VDWAALS    =      1346.1467
 EELEC  =     -8908.0519  EHBOND  =         0.0000  RESTRAINT  =         1.4566
 EAMBER (non-restraint)  =     -7554.2662
 Ewald error estimate:   0.2303E-03
 ------------------------------------------------------------------------------

 NMR restraints: Bond =    0.000   Angle =     0.000   Torsion =     0.000
===============================================================================

      A V E R A G E S   O V E R    1000 S T E P S


 NSTEP =     1000   TIME(PS) =       2.000  TEMP(K) =   118.69  PRESS =     0.0
 Etot   =     -7131.0361  EKtot   =       515.0978  EPtot      =     -7646.1338
 BOND   =         0.0299  ANGLE   =         3.1704  DIHED      =         0.0207
 1-4 NB =         0.0893  1-4 EEL =         0.9238  VDWAALS    =      1448.5550
 EELEC  =     -9099.5330  EHBOND  =         0.0000  RESTRAINT  =         0.6100
 EAMBER (non-restraint)  =     -7646.7438
 Ewald error estimate:   0.2828E-03
 ------------------------------------------------------------------------------

 NMR restraints: Bond =    0.000   Angle =     0.000   Torsion =     0.000
===============================================================================

      R M S  F L U C T U A T I O N S


 NSTEP =     1000   TIME(PS) =       2.000  TEMP(K) =    28.65  PRESS =     0.0
 Etot   =       108.8716  EKtot   =       124.3349  EPtot      =       104.5255
 BOND   =         0.0369  ANGLE   =         1.6429  DIHED      =         0.0127
 1-4 NB =         0.0201  1-4 EEL =         0.0053  VDWAALS    =       114.3912
 EELEC  =       206.0685  EHBOND  =         0.0000  RESTRAINT  =         0.2874
 EAMBER (non-restraint)  =       104.2381
 Ewald error estimate:   0.1583E-03
 ------------------------------------------------------------------------------


 NMR restraints on final step:


--------------------------------------------------------------------------------
   5.  TIMINGS
--------------------------------------------------------------------------------

|    Read coords time           0.01 ( 0.02% of Total)
|                Build the list             1.54 (95.92% of List )
|                Other                      0.07 ( 4.08% of List )
|             List time                  1.61 ( 4.39% of Nonbo)
|                   Short_ene time            25.58 (98.35% of Direc)
|                   Other                      0.43 ( 1.65% of Direc)
|                Direct Ewald time         26.01 (74.39% of Ewald)
|                Adjust Ewald time          0.28 ( 0.79% of Ewald)
|                Self Ewald time            0.00 ( 0.01% of Ewald)
|                   Fill Bspline coeffs        0.40 ( 4.62% of Recip)
|                   Fill charge grid           0.87 (10.13% of Recip)
|                   Scalar sum                 2.19 (25.34% of Recip)
|                   Grad sum                   1.76 (20.36% of Recip)
|                   FFT time                   3.41 (39.50% of Recip)
|                   Other                      0.00 ( 0.05% of Recip)
|                Recip Ewald time           8.63 (24.69% of Ewald)
|                Force Adjust               0.01 ( 0.03% of Ewald)
|                Virial junk                0.03 ( 0.07% of Ewald)
|                Other                      0.01 ( 0.02% of Ewald)
|             Ewald time                34.97 (95.61% of Nonbo)
|          Nonbond force             36.57 (99.84% of Force)
|          Bond/Angle/Dihedral        0.03 ( 0.09% of Force)
|          Other                      0.03 ( 0.07% of Force)
|       Force time                36.63 (98.31% of Runmd)
|       Shake time                 0.34 ( 0.91% of Runmd)
|       Verlet update time         0.27 ( 0.73% of Runmd)
|       Other                      0.02 ( 0.05% of Runmd)
|    Runmd Time                37.26 (99.85% of Total)
|    Other                      0.05 ( 0.14% of Total)
| Total time                37.32 (100.0% of ALL  )

| Number of list builds   :         52

| Highest rstack allocated:     136339
| Highest istack allocated:       2183

| Final Performance Info:
| -----------------------------------------------------
| Average timings for all steps:
|     Elapsed(s) =      37.26 Per Step(ms) =      37.26
|         ns/day =       4.64   seconds/ns =   18631.45
| -----------------------------------------------------

|           Job began  at 11:26:49.690  on 04/27/2016
|           Setup done at 11:26:49.750  on 04/27/2016
|           Run   done at 11:27:27.012  on 04/27/2016
|     wallclock() was called   44165 times
