
          -------------------------------------------------------
          Amber 14 SANDER                              2014
          -------------------------------------------------------

| Run on 04/27/2016 at 11:30:00

|   Executable path: /home/steboss/Software/amber14/bin/sander
| Working directory: /home/steboss/projects/reproducibility/neopentane_issue/_ligands/ethane
|          Hostname: Unknown
  [-O]verwriting output

File Assignments:
|  MDIN: md00004.in                                                            
| MDOUT: md00004.out                                                           
|INPCRD: md00003.rst7                                                          
|  PARM: solvated.parm7                                                        
|RESTRT: md00004.rst7                                                          
|  REFC: md00003.rst7                                                          
| MDVEL: mdvel                                                                 
| MDFRC: mdfrc                                                                 
|  MDEN: md00004.en                                                            
| MDCRD: md00004.nc                                                            
|MDINFO: md00004.info                                                          
|  MTMD: mtmd                                                                  
|INPDIP: inpdip                                                                
|RSTDIP: rstdip                                                                
|INPTRA: inptraj                                                               


 Here is the input file:

constant pressure                                                              
 &cntrl                                                                        
   imin = 0, nstlim = 15000, irest = 1, ntx = 5, dt = 0.002,                   
   ntt = 1, temp0 = 300.0, tautp = 1.0,                                        
   ntp = 1, pres0 = 1.0, taup = 0.5,                                           
   ntb = 2,                                                                    
   ntc = 2, ntf = 2,                                                           
   ioutfm = 1, iwrap = 1,                                                      
   ntwe = 3000, ntwx = 3000, ntpr = 1500,                                      
    ntr = 1, restraint_wt = 10.00,                                             
 restraintmask="!:WAT,HOH,T3P,T4P",                                            
 /                                                                             

--------------------------------------------------------------------------------
   1.  RESOURCE   USE: 
--------------------------------------------------------------------------------

| Flags:                                                                        
 getting new box info from bottom of inpcrd
|  INFO: Old style inpcrd file read

| peek_ewald_inpcrd: Box info found
|Largest sphere to fit in unit cell has radius =    15.780
| New format PARM file being parsed.
| Version =    1.000 Date = 04/27/16 Time = 11:26:46
 NATOM  =    2183 NTYPES =       4 NBONH =    2181 MBONA  =       1
 NTHETH =      12 MTHETA =       0 NPHIH =       9 MPHIA  =       0
 NHPARM =       0 NPARM  =       0 NNB   =    2929 NRES   =     726
 NBONA  =       1 NTHETA =       0 NPHIA =       0 NUMBND =       4
 NUMANG =       2 NPTRA  =       1 NATYP =       4 NPHB   =       1
 IFBOX  =       1 NMXRS  =       8 IFCAP =       0 NEXTRA =       0
 NCOPY  =       0


|     Memory Use     Allocated
|     Real              240024
|     Hollerith           7277
|     Integer            70021
|     Max Pairs         727666
|     nblistReal         26196
|     nblist Int        116044
|       Total             5677 kbytes

| Note: 1-4 EEL scale factors are being read from the topology file.

| Note: 1-4 VDW scale factors are being read from the topology file.
| Duplicated    0 dihedrals
| Duplicated    0 dihedrals

     BOX TYPE: RECTILINEAR

--------------------------------------------------------------------------------
   2.  CONTROL  DATA  FOR  THE  RUN
--------------------------------------------------------------------------------

LIG                                                                             

General flags:
     imin    =       0, nmropt  =       0

Nature and format of input:
     ntx     =       5, irest   =       1, ntrx    =       1

Nature and format of output:
     ntxo    =       1, ntpr    =    1500, ntrx    =       1, ntwr    =     500
     iwrap   =       1, ntwx    =    3000, ntwv    =       0, ntwe    =    3000
     ioutfm  =       1, ntwprt  =       0, idecomp =       0, rbornstat=      0

Potential function:
     ntf     =       2, ntb     =       2, igb     =       0, nsnb    =      25
     ipol    =       0, gbsa    =       0, iesp    =       0
     dielc   =   1.00000, cut     =   8.00000, intdiel =   1.00000

Frozen or restrained atoms:
     ibelly  =       0, ntr     =       1
     restraint_wt =  10.00000

Molecular dynamics:
     nstlim  =     15000, nscm    =         0, nrespa  =         1
     t       =   0.00000, dt      =   0.00200, vlimit  =  20.00000

Berendsen (weak-coupling) temperature regulation:
     temp0   = 300.00000, tempi   =   0.00000, tautp   =   1.00000

Pressure regulation:
     ntp     =       1
     pres0   =   1.00000, comp    =  44.60000, taup    =   0.50000

SHAKE:
     ntc     =       2, jfastw  =       0
     tol     =   0.00001

Ewald parameters:
     verbose =       0, ew_type =       0, nbflag  =       1, use_pme =       1
     vdwmeth =       1, eedmeth =       1, netfrc  =       1
     Box X =   32.265   Box Y =   32.158   Box Z =   31.561
     Alpha =   90.000   Beta  =   90.000   Gamma =   90.000
     NFFT1 =   32       NFFT2 =   32       NFFT3 =   32
     Cutoff=    8.000   Tol   =0.100E-04
     Ewald Coefficient =  0.34864
     Interpolation order =    4

    LOADING THE CONSTRAINED ATOMS AS GROUPS


   5.  REFERENCE ATOM COORDINATES

  LIG 
     Mask !:WAT,HOH,T3P,T4P; matches     8 atoms

--------------------------------------------------------------------------------
   3.  ATOMIC COORDINATES AND VELOCITIES
--------------------------------------------------------------------------------

LIG                                                                             
 begin time read from input coords =    10.000 ps

 Number of triangulated 3-point waters found:      725

     Sum of charges from parm topology file =  -0.00000000
     Forcing neutrality...

--------------------------------------------------------------------------------
   4.  RESULTS
--------------------------------------------------------------------------------

|  # of SOLUTE  degrees of freedom (RNDFP):    4368.
|  # of SOLVENT degrees of freedom (RNDFS):       0.
|  NDFMIN =    4368.     NUM_NOSHAKE =      0     CORRECTED RNDFP =    4368.
|  TOTAL # of degrees of freedom (RNDF) =    4368.
 ---------------------------------------------------
 APPROXIMATING switch and d/dx switch using CUBIC SPLINE INTERPOLATION
 using   5000.0 points per unit in tabled values
 TESTING RELATIVE ERROR over r ranging from 0.0 to cutoff
| CHECK switch(x): max rel err =   0.2738E-14   at   2.422500
| CHECK d/dx switch(x): max rel err =   0.8332E-11   at   2.782960
 ---------------------------------------------------
| Local SIZE OF NONBOND LIST =     356630
| TOTAL SIZE OF NONBOND LIST =     356630

 NSTEP =     1500   TIME(PS) =      13.000  TEMP(K) =   300.05  PRESS =  -504.4
 Etot   =     -5411.3459  EKtot   =      1302.2050  EPtot      =     -6713.5509
 BOND   =         0.0912  ANGLE   =         6.8838  DIHED      =         0.1222
 1-4 NB =         0.0896  1-4 EEL =         0.9217  VDWAALS    =      1000.9258
 EELEC  =     -7725.2983  EHBOND  =         0.0000  RESTRAINT  =         2.7131
 EAMBER (non-restraint)  =     -6716.2640
 EKCMT  =       635.0693  VIRIAL  =       959.0090  VOLUME     =     29744.5427
                                                    Density    =         0.7309
 Ewald error estimate:   0.3630E-03
 ------------------------------------------------------------------------------


 NSTEP =     3000   TIME(PS) =      16.000  TEMP(K) =   283.17  PRESS =   -19.4
 Etot   =     -5412.6075  EKtot   =      1228.9760  EPtot      =     -6641.5835
 BOND   =         0.1650  ANGLE   =         7.1485  DIHED      =         0.0453
 1-4 NB =         0.0878  1-4 EEL =         0.9206  VDWAALS    =      1041.3069
 EELEC  =     -7693.8167  EHBOND  =         0.0000  RESTRAINT  =         2.5593
 EAMBER (non-restraint)  =     -6644.1428
 EKCMT  =       588.7772  VIRIAL  =       600.2463  VOLUME     =     27408.6053
                                                    Density    =         0.7932
 Ewald error estimate:   0.2668E-03
 ------------------------------------------------------------------------------


 NSTEP =     4500   TIME(PS) =      19.000  TEMP(K) =   294.40  PRESS =  -611.5
 Etot   =     -5486.6390  EKtot   =      1277.7224  EPtot      =     -6764.3613
 BOND   =         0.0044  ANGLE   =         9.9854  DIHED      =         0.4805
 1-4 NB =         0.0736  1-4 EEL =         0.9106  VDWAALS    =       969.4067
 EELEC  =     -7747.7651  EHBOND  =         0.0000  RESTRAINT  =         2.5427
 EAMBER (non-restraint)  =     -6766.9040
 EKCMT  =       630.7170  VIRIAL  =       946.4894  VOLUME     =     23916.0722
                                                    Density    =         0.9090
 Ewald error estimate:   0.4086E-03
 ------------------------------------------------------------------------------


 NSTEP =     6000   TIME(PS) =      22.000  TEMP(K) =   300.95  PRESS =    58.6
 Etot   =     -5552.4182  EKtot   =      1306.1116  EPtot      =     -6858.5298
 BOND   =         0.1475  ANGLE   =        10.7026  DIHED      =         0.3589
 1-4 NB =         0.1355  1-4 EEL =         0.9216  VDWAALS    =      1028.5720
 EELEC  =     -7901.3634  EHBOND  =         0.0000  RESTRAINT  =         1.9954
 EAMBER (non-restraint)  =     -6860.5252
 EKCMT  =       657.6944  VIRIAL  =       629.4420  VOLUME     =     22346.7971
                                                    Density    =         0.9728
 Ewald error estimate:   0.1753E-03
 ------------------------------------------------------------------------------


 NSTEP =     7500   TIME(PS) =      25.000  TEMP(K) =   300.82  PRESS =   108.4
 Etot   =     -5588.5414  EKtot   =      1305.5735  EPtot      =     -6894.1148
 BOND   =         0.0404  ANGLE   =         7.5005  DIHED      =         0.3379
 1-4 NB =         0.1234  1-4 EEL =         0.9209  VDWAALS    =      1057.6338
 EELEC  =     -7964.4794  EHBOND  =         0.0000  RESTRAINT  =         3.8076
 EAMBER (non-restraint)  =     -6897.9224
 EKCMT  =       673.8196  VIRIAL  =       621.2627  VOLUME     =     22454.7368
                                                    Density    =         0.9682
 Ewald error estimate:   0.3871E-03
 ------------------------------------------------------------------------------


 NSTEP =     9000   TIME(PS) =      28.000  TEMP(K) =   303.49  PRESS =   576.0
 Etot   =     -5604.7434  EKtot   =      1317.1361  EPtot      =     -6921.8795
 BOND   =         0.2653  ANGLE   =         3.1380  DIHED      =         0.1177
 1-4 NB =         0.1875  1-4 EEL =         0.9378  VDWAALS    =      1088.5322
 EELEC  =     -8020.8551  EHBOND  =         0.0000  RESTRAINT  =         5.7971
 EAMBER (non-restraint)  =     -6927.6766
 EKCMT  =       660.0384  VIRIAL  =       385.5519  VOLUME     =     22071.0580
                                                    Density    =         0.9850
 Ewald error estimate:   0.2765E-03
 ------------------------------------------------------------------------------


 NSTEP =    10500   TIME(PS) =      31.000  TEMP(K) =   300.25  PRESS =   165.1
 Etot   =     -5615.3297  EKtot   =      1303.1096  EPtot      =     -6918.4393
 BOND   =         0.0554  ANGLE   =         8.1490  DIHED      =         0.0975
 1-4 NB =         0.1416  1-4 EEL =         0.9270  VDWAALS    =      1035.9518
 EELEC  =     -7965.5825  EHBOND  =         0.0000  RESTRAINT  =         1.8210
 EAMBER (non-restraint)  =     -6920.2603
 EKCMT  =       650.4413  VIRIAL  =       572.0826  VOLUME     =     21976.0181
                                                    Density    =         0.9892
 Ewald error estimate:   0.1595E-03
 ------------------------------------------------------------------------------


 NSTEP =    12000   TIME(PS) =      34.000  TEMP(K) =   288.48  PRESS =  -372.4
 Etot   =     -5617.2991  EKtot   =      1252.0295  EPtot      =     -6869.3286
 BOND   =         0.0223  ANGLE   =         4.2915  DIHED      =         0.3300
 1-4 NB =         0.3695  1-4 EEL =         0.9519  VDWAALS    =       991.0916
 EELEC  =     -7870.8382  EHBOND  =         0.0000  RESTRAINT  =         4.4528
 EAMBER (non-restraint)  =     -6873.7814
 EKCMT  =       621.9663  VIRIAL  =       801.1974  VOLUME     =     22292.7989
                                                    Density    =         0.9752
 Ewald error estimate:   0.3116E-03
 ------------------------------------------------------------------------------


 NSTEP =    13500   TIME(PS) =      37.000  TEMP(K) =   304.05  PRESS =   357.3
 Etot   =     -5621.5346  EKtot   =      1319.5654  EPtot      =     -6941.1000
 BOND   =         0.0000  ANGLE   =         9.9648  DIHED      =         0.2197
 1-4 NB =         0.1731  1-4 EEL =         0.9250  VDWAALS    =      1076.6428
 EELEC  =     -8034.8339  EHBOND  =         0.0000  RESTRAINT  =         5.8084
 EAMBER (non-restraint)  =     -6946.9084
 EKCMT  =       651.6110  VIRIAL  =       481.3068  VOLUME     =     22077.4710
                                                    Density    =         0.9847
 Ewald error estimate:   0.9168E-04
 ------------------------------------------------------------------------------


 NSTEP =    15000   TIME(PS) =      40.000  TEMP(K) =   293.41  PRESS =   -68.9
 Etot   =     -5629.3560  EKtot   =      1273.3939  EPtot      =     -6902.7499
 BOND   =         0.1777  ANGLE   =         6.4273  DIHED      =         0.1505
 1-4 NB =         0.1209  1-4 EEL =         0.9128  VDWAALS    =      1024.6020
 EELEC  =     -7940.0204  EHBOND  =         0.0000  RESTRAINT  =         4.8793
 EAMBER (non-restraint)  =     -6907.6292
 EKCMT  =       635.6773  VIRIAL  =       668.5125  VOLUME     =     22073.3912
                                                    Density    =         0.9849
 Ewald error estimate:   0.2197E-03
 ------------------------------------------------------------------------------


      A V E R A G E S   O V E R   15000 S T E P S


 NSTEP =    15000   TIME(PS) =      40.000  TEMP(K) =   299.40  PRESS =  -146.4
 Etot   =     -5541.5015  EKtot   =      1299.4215  EPtot      =     -6840.9229
 BOND   =         0.2267  ANGLE   =         6.9663  DIHED      =         0.1924
 1-4 NB =         0.1464  1-4 EEL =         0.9241  VDWAALS    =      1026.8438
 EELEC  =     -7879.5801  EHBOND  =         0.0000  RESTRAINT  =         3.3574
 EAMBER (non-restraint)  =     -6844.2804
 EKCMT  =       647.9902  VIRIAL  =       733.5932  VOLUME     =     24155.0668
                                                    Density    =         0.9134
 Ewald error estimate:   0.2025E-03
 ------------------------------------------------------------------------------


      R M S  F L U C T U A T I O N S


 NSTEP =    15000   TIME(PS) =      40.000  TEMP(K) =     5.53  PRESS =   352.3
 Etot   =        87.2772  EKtot   =        23.9990  EPtot      =        96.3568
 BOND   =         0.3196  ANGLE   =         2.4063  DIHED      =         0.1326
 1-4 NB =         0.0863  1-4 EEL =         0.0138  VDWAALS    =        34.1323
 EELEC  =       106.6506  EHBOND  =         0.0000  RESTRAINT  =         1.3569
 EAMBER (non-restraint)  =        95.0000
 EKCMT  =        17.7747  VIRIAL  =       188.8998  VOLUME     =      3161.8083
                                                    Density    =         0.1028
 Ewald error estimate:   0.1560E-03
 ------------------------------------------------------------------------------


--------------------------------------------------------------------------------
   5.  TIMINGS
--------------------------------------------------------------------------------

|                Build the list            51.08 (99.22% of List )
|                Other                      0.40 ( 0.78% of List )
|             List time                 51.48 ( 7.83% of Nonbo)
|                   Short_ene time           463.89 (98.59% of Direc)
|                   Other                      6.63 ( 1.41% of Direc)
|                Direct Ewald time        470.52 (77.65% of Ewald)
|                Adjust Ewald time          4.14 ( 0.68% of Ewald)
|                Self Ewald time            0.04 ( 0.01% of Ewald)
|                   Fill Bspline coeffs        6.26 ( 4.79% of Recip)
|                   Fill charge grid          13.34 (10.22% of Recip)
|                   Scalar sum                32.82 (25.13% of Recip)
|                   Grad sum                  26.75 (20.49% of Recip)
|                   FFT time                  51.33 (39.31% of Recip)
|                   Other                      0.07 ( 0.05% of Recip)
|                Recip Ewald time         130.56 (21.55% of Ewald)
|                Force Adjust               0.14 ( 0.02% of Ewald)
|                Virial junk                0.42 ( 0.07% of Ewald)
|                Other                      0.10 ( 0.02% of Ewald)
|             Ewald time               605.94 (92.17% of Nonbo)
|          Nonbond force            657.44 (99.90% of Force)
|          Bond/Angle/Dihedral        0.50 ( 0.08% of Force)
|          Other                      0.17 ( 0.03% of Force)
|       Force time               658.12 (98.15% of Runmd)
|       Shake time                 5.10 ( 0.76% of Runmd)
|       Verlet update time         6.27 ( 0.93% of Runmd)
|       Ekcmr time                 0.67 ( 0.10% of Runmd)
|       Other                      0.36 ( 0.05% of Runmd)
|    Runmd Time               670.52 (100.0% of Total)
|    Other                      0.06 ( 0.01% of Total)
| Total time               670.59 (100.0% of ALL  )

| Number of list builds   :       1356

| Highest rstack allocated:     136339
| Highest istack allocated:       2183

| Final Performance Info:
| -----------------------------------------------------
| Average timings for all steps:
|     Elapsed(s) =     670.52 Per Step(ms) =      44.70
|         ns/day =       3.87   seconds/ns =   22350.83
| -----------------------------------------------------

|           Job began  at 11:30:00.948  on 04/27/2016
|           Setup done at 11:30:01.020  on 04/27/2016
|           Run   done at 11:41:11.544  on 04/27/2016
|     wallclock() was called  692735 times
