
          -------------------------------------------------------
          Amber 14 SANDER                              2014
          -------------------------------------------------------

| Run on 04/27/2016 at 11:26:46

|   Executable path: /home/steboss/Software/amber14/bin/sander
| Working directory: /home/steboss/projects/reproducibility/neopentane_issue/_ligands/ethane
|          Hostname: Unknown
  [-O]verwriting output

File Assignments:
|  MDIN: min00001.in                                                           
| MDOUT: min00001.out                                                          
|INPCRD: solvated.rst7                                                         
|  PARM: solvated.parm7                                                        
|RESTRT: min00001.rst7                                                         
|  REFC: solvated.rst7                                                         
| MDVEL: mdvel                                                                 
| MDFRC: mdfrc                                                                 
|  MDEN: min00001.en                                                           
| MDCRD: min00001.nc                                                           
|MDINFO: min00001.info                                                         
|  MTMD: mtmd                                                                  
|INPDIP: inpdip                                                                
|RSTDIP: rstdip                                                                
|INPTRA: inptraj                                                               


 Here is the input file:

Minimise whole system                                                          
 &cntrl                                                                        
   imin = 1, ntmin = 1,                                                        
   maxcyc = 100, ncyc = 10,                                                    
   ntpr = 20, ntwe = 20,                                                       
   dx0 = 1.0D-7,                                                               
    ntb = 1,                                                                   
 ntr = 1, restraint_wt = 10.00,                                                
 restraintmask="!:WAT,HOH,T3P,T4P",                                            
 /                                                                             

--------------------------------------------------------------------------------
   1.  RESOURCE   USE: 
--------------------------------------------------------------------------------

| Flags:                                                                        
 getting new box info from bottom of inpcrd
|  INFO: Old style inpcrd file read

| peek_ewald_inpcrd: Box info found
|Largest sphere to fit in unit cell has radius =    15.780
| New format PARM file being parsed.
| Version =    1.000 Date = 04/27/16 Time = 11:26:46
 NATOM  =    2183 NTYPES =       4 NBONH =    2181 MBONA  =       1
 NTHETH =      12 MTHETA =       0 NPHIH =       9 MPHIA  =       0
 NHPARM =       0 NPARM  =       0 NNB   =    2929 NRES   =     726
 NBONA  =       1 NTHETA =       0 NPHIA =       0 NUMBND =       4
 NUMANG =       2 NPTRA  =       1 NATYP =       4 NPHB   =       1
 IFBOX  =       1 NMXRS  =       8 IFCAP =       0 NEXTRA =       0
 NCOPY  =       0


|     Memory Use     Allocated
|     Real              266420
|     Hollerith           7277
|     Integer            70021
|     Max Pairs         727666
|     nblistReal         26196
|     nblist Int        116044
|       Total             5883 kbytes

| Note: 1-4 EEL scale factors are being read from the topology file.

| Note: 1-4 VDW scale factors are being read from the topology file.
| Duplicated    0 dihedrals
| Duplicated    0 dihedrals

     BOX TYPE: RECTILINEAR

--------------------------------------------------------------------------------
   2.  CONTROL  DATA  FOR  THE  RUN
--------------------------------------------------------------------------------

LIG                                                                             

General flags:
     imin    =       1, nmropt  =       0

Nature and format of input:
     ntx     =       1, irest   =       0, ntrx    =       1

Nature and format of output:
     ntxo    =       1, ntpr    =      20, ntrx    =       1, ntwr    =     500
     iwrap   =       0, ntwx    =       0, ntwv    =       0, ntwe    =      20
     ioutfm  =       0, ntwprt  =       0, idecomp =       0, rbornstat=      0

Potential function:
     ntf     =       1, ntb     =       1, igb     =       0, nsnb    =      25
     ipol    =       0, gbsa    =       0, iesp    =       0
     dielc   =   1.00000, cut     =   8.00000, intdiel =   1.00000

Frozen or restrained atoms:
     ibelly  =       0, ntr     =       1
     restraint_wt =  10.00000

Energy minimization:
     maxcyc  =     100, ncyc    =      10, ntmin   =       1
     dx0     =   0.00000, drms    =   0.00010

Ewald parameters:
     verbose =       0, ew_type =       0, nbflag  =       1, use_pme =       1
     vdwmeth =       1, eedmeth =       1, netfrc  =       0
     Box X =   32.265   Box Y =   32.158   Box Z =   31.561
     Alpha =   90.000   Beta  =   90.000   Gamma =   90.000
     NFFT1 =   32       NFFT2 =   32       NFFT3 =   32
     Cutoff=    8.000   Tol   =0.100E-04
     Ewald Coefficient =  0.34864
     Interpolation order =    4

    LOADING THE CONSTRAINED ATOMS AS GROUPS


   5.  REFERENCE ATOM COORDINATES

  LIG 
     Mask !:WAT,HOH,T3P,T4P; matches     8 atoms

--------------------------------------------------------------------------------
   3.  ATOMIC COORDINATES AND VELOCITIES
--------------------------------------------------------------------------------

LIG                                                                             
 begin time read from input coords =     0.000 ps

 Number of triangulated 3-point waters found:      725

     Sum of charges from parm topology file =  -0.00000000
     Forcing neutrality...

--------------------------------------------------------------------------------
   4.  RESULTS
--------------------------------------------------------------------------------

 ---------------------------------------------------
 APPROXIMATING switch and d/dx switch using CUBIC SPLINE INTERPOLATION
 using   5000.0 points per unit in tabled values
 TESTING RELATIVE ERROR over r ranging from 0.0 to cutoff
| CHECK switch(x): max rel err =   0.2738E-14   at   2.422500
| CHECK d/dx switch(x): max rel err =   0.8332E-11   at   2.782960
 ---------------------------------------------------
| Local SIZE OF NONBOND LIST =     321553
| TOTAL SIZE OF NONBOND LIST =     321553


   NSTEP       ENERGY          RMS            GMAX         NAME    NUMBER
      1      -5.6918E+03     1.1710E+01     4.3500E+01     C1          1

 BOND    =        1.7011  ANGLE   =        0.0376  DIHED      =        0.0000
 VDWAALS =      675.6356  EEL     =    -6370.2057  HBOND      =        0.0000
 1-4 VDW =        0.0698  1-4 EEL =        0.9172  RESTRAINT  =        0.0000


   NSTEP       ENERGY          RMS            GMAX         NAME    NUMBER
     20      -6.4802E+03     9.0420E+00     8.7154E+01     C2          2

 BOND    =      875.7799  ANGLE   =        1.5334  DIHED      =        0.0008
 VDWAALS =      693.8392  EEL     =    -8052.4421  HBOND      =        0.0000
 1-4 VDW =        0.0740  1-4 EEL =        0.9221  RESTRAINT  =        0.1271
 EAMBER  =    -6480.2926


   NSTEP       ENERGY          RMS            GMAX         NAME    NUMBER
     40      -6.9557E+03     2.8597E+00     1.6525E+01     O         198

 BOND    =      317.7832  ANGLE   =        0.1271  DIHED      =        0.0004
 VDWAALS =      710.2030  EEL     =    -7984.8980  HBOND      =        0.0000
 1-4 VDW =        0.0924  1-4 EEL =        0.9253  RESTRAINT  =        0.0461
 EAMBER  =    -6955.7665


   NSTEP       ENERGY          RMS            GMAX         NAME    NUMBER
     60      -7.2785E+03     1.6386E+00     1.3926E+01     O         594

 BOND    =      466.6138  ANGLE   =        0.0712  DIHED      =        0.0006
 VDWAALS =      878.0052  EEL     =    -8624.1895  HBOND      =        0.0000
 1-4 VDW =        0.0663  1-4 EEL =        0.9171  RESTRAINT  =        0.0431
 EAMBER  =    -7278.5154


   NSTEP       ENERGY          RMS            GMAX         NAME    NUMBER
     80      -7.4430E+03     2.7860E+00     4.9436E+01     H6          6

 BOND    =      489.5384  ANGLE   =        0.8253  DIHED      =        0.0072
 VDWAALS =     1005.6161  EEL     =    -8940.1479  HBOND      =        0.0000
 1-4 VDW =        0.0410  1-4 EEL =        0.9038  RESTRAINT  =        0.1867
 EAMBER  =    -7443.2162


   NSTEP       ENERGY          RMS            GMAX         NAME    NUMBER
    100      -7.6538E+03     2.7919E+00     5.6965E+01     C1          1

 BOND    =      527.2083  ANGLE   =        6.6376  DIHED      =        0.0382
 VDWAALS =     1207.1210  EEL     =    -9396.3137  HBOND      =        0.0000
 1-4 VDW =        0.0607  1-4 EEL =        0.9165  RESTRAINT  =        0.5703
 EAMBER  =    -7654.3313


  Maximum number of minimization cycles reached.


                    FINAL RESULTS



   NSTEP       ENERGY          RMS            GMAX         NAME    NUMBER
    100      -7.6538E+03     2.7919E+00     5.6965E+01     C1          1

 BOND    =      527.2083  ANGLE   =        6.6376  DIHED      =        0.0382
 VDWAALS =     1207.1210  EEL     =    -9396.3137  HBOND      =        0.0000
 1-4 VDW =        0.0607  1-4 EEL =        0.9165  RESTRAINT  =        0.5703
 EAMBER  =    -7654.3313

--------------------------------------------------------------------------------
   5.  TIMINGS
--------------------------------------------------------------------------------

|    Read coords time           0.00 ( 0.13% of Total)
|    Fast Water setup           0.00 ( 0.01% of Total)
|                Build the list             0.06 (57.49% of List )
|                Other                      0.04 (42.51% of List )
|             List time                  0.10 ( 3.03% of Nonbo)
|                   Short_ene time             2.37 (98.21% of Direc)
|                   Other                      0.04 ( 1.79% of Direc)
|                Direct Ewald time          2.42 (72.75% of Ewald)
|                Adjust Ewald time          0.03 ( 0.84% of Ewald)
|                Self Ewald time            0.00 ( 0.01% of Ewald)
|                   Fill Bspline coeffs        0.04 ( 4.62% of Recip)
|                   Fill charge grid           0.09 (10.15% of Recip)
|                   Scalar sum                 0.22 (25.29% of Recip)
|                   Grad sum                   0.18 (20.34% of Recip)
|                   FFT time                   0.35 (39.54% of Recip)
|                   Other                      0.00 ( 0.05% of Recip)
|                Recip Ewald time           0.87 (26.29% of Ewald)
|                Virial junk                0.00 ( 0.08% of Ewald)
|                Other                      0.00 ( 0.02% of Ewald)
|             Ewald time                 3.32 (96.97% of Nonbo)
|          Nonbond force              3.42 (99.41% of Force)
|          Bond/Angle/Dihedral        0.02 ( 0.55% of Force)
|          Other                      0.00 ( 0.04% of Force)
|       Force time                 3.44 (100.0% of Runmd)
|    Runmd Time                 3.44 (97.48% of Total)
|    Other                      0.08 ( 2.38% of Total)
| Total time                 3.53 (100.0% of ALL  )

| Number of list builds   :          2

| Highest rstack allocated:     136339
| Highest istack allocated:       2183
|           Job began  at 11:26:46.116  on 04/27/2016
|           Setup done at 11:26:46.171  on 04/27/2016
|           Run   done at 11:26:49.651  on 04/27/2016
|     wallclock() was called    3852 times
