            --------------------------------------------------------
                             AMBER SQM VERSION 14
 
                                     By
              Ross C. Walker, Michael F. Crowley, Scott Brozell,
                         Tim Giese, Andreas W. Goetz,
                        Tai-Sung Lee and David A. Case
 
            --------------------------------------------------------
 

--------------------------------------------------------------------------------
  QM CALCULATION INFO
--------------------------------------------------------------------------------

| QMMM: Citation for AMBER QMMM Run:
| QMMM: R.C. Walker, M.F. Crowley and D.A. Case, J. COMP. CHEM. 29:1019, 2008

QMMM: SINGLET STATE CALCULATION
QMMM: RHF CALCULATION, NO. OF DOUBLY OCCUPIED LEVELS =  7

| QMMM: *** Selected Hamiltonian *** 
| QMMM: AM1         

| QMMM: *** Parameter sets in use ***
| QMMM: C : M.J.S.DEWAR et al. JACS, 107, 3902, (1985)
| QMMM: H : M.J.S.DEWAR et al. JACS, 107, 3902, (1985)

| QMMM: *** SCF convergence criteria ***
| QMMM: Energy change                :  0.1D-09 kcal/mol
| QMMM: Error matrix |FP-PF|         :  0.1D+00 au
| QMMM: Density matrix change        :  0.1D-09
| QMMM: Maximum number of SCF cycles :      500

| QMMM: *** Diagonalization Routine Information ***
| QMMM: Pseudo diagonalizations are allowed.
| QMMM: Auto diagonalization routine selection is in use.
| QMMM:
| QMMM: Timing diagonalization routines:
| QMMM:                              norbs =       14
| QMMM:    diag iterations used for timing =       20
| QMMM:
| QMMM:              Internal diag routine = 0.001212 seconds
| QMMM:                 Dspev diag routine = 0.002765 seconds
| QMMM:                Dspevd diag routine = 0.002531 seconds
| QMMM:                Dspevx diag routine = 0.005602 seconds
| QMMM:                 Dsyev diag routine = 0.002537 seconds
| QMMM:                Dsyevd diag routine = 0.002595 seconds
| QMMM:                Dsyevr diag routine = 0.002098 seconds
| QMMM:
| QMMM:                Pseudo diag routine = 0.000357 seconds
| QMMM:
| QMMM: Using internal diagonalization routine (diag_routine=1).

  QMMM: QM Region Cartesian Coordinates (*=link atom) 
  QMMM: QM_NO.   MM_NO.  ATOM         X         Y         Z
  QMMM:     1        1      C        1.0790   -0.0090   -0.0660
  QMMM:     2        2      C        2.5910   -0.0090   -0.0660
  QMMM:     3        3      H        0.6950   -0.7250    0.6670
  QMMM:     4        4      H        0.6950   -0.2860   -1.0520
  QMMM:     5        5      H        0.6950    0.9830    0.1880
  QMMM:     6        6      H        2.9750   -1.0020   -0.3190
  QMMM:     7        7      H        2.9750    0.2670    0.9210
  QMMM:     8        8      H        2.9750    0.7070   -0.7980

--------------------------------------------------------------------------------
  RESULTS
--------------------------------------------------------------------------------

  ... geometry converged !
 
 Final MO eigenvalues (eV):
 -33.2108  -23.5939  -14.8833  -14.8833  -13.1517  -11.7660  -11.7660    4.1175
   4.1175    4.6679    4.9437    5.0388    5.0388    5.2463

 Heat of formation   =        -17.45659245 kcal/mol  (       -0.75697465 eV)

 Total SCF energy    =      -7820.99266160 kcal/mol  (     -339.14369115 eV)
 Electronic energy   =     -21457.97886978 kcal/mol  (     -930.48778760 eV)
 Core-core repulsion =      13636.98620818 kcal/mol  (      591.34409645 eV)
 
    Atomic Charges for Step       1 :
  Atom    Element       Mulliken Charge
     1      C                 -0.212
     2      C                 -0.212
     3      H                  0.071
     4      H                  0.071
     5      H                  0.071
     6      H                  0.071
     7      H                  0.071
     8      H                  0.071
 Total Mulliken Charge =      -0.000
 
                  X        Y        Z     TOTAL  
  QM DIPOLE    -0.000    0.000    0.000    0.000
 
 Final Structure

  QMMM: QM Region Cartesian Coordinates (*=link atom) 
  QMMM: QM_NO.   MM_NO.  ATOM         X         Y         Z
  QMMM:     1        1      C        1.0849   -0.0092   -0.0657
  QMMM:     2        2      C        2.5851   -0.0093   -0.0655
  QMMM:     3        3      H        0.6896   -0.7395    0.6816
  QMMM:     4        4      H        0.6898   -0.2913   -1.0718
  QMMM:     5        5      H        0.6896    1.0031    0.1930
  QMMM:     6        6      H        2.9804   -1.0216   -0.3243
  QMMM:     7        7      H        2.9802    0.2728    0.9406
  QMMM:     8        8      H        2.9804    0.7210   -0.8128

           --------- Calculation Completed ----------

