
          -------------------------------------------------------
          Amber 14 SANDER                              2014
          -------------------------------------------------------

| Run on 04/27/2016 at 11:10:15

|   Executable path: /home/steboss/Software/amber14/bin/sander
| Working directory: /home/steboss/projects/reproducibility/neopentane_issue/_ligands/propane
|          Hostname: Unknown
  [-O]verwriting output

File Assignments:
|  MDIN: md00002.in                                                            
| MDOUT: md00002.out                                                           
|INPCRD: min00001.rst7                                                         
|  PARM: solvated.parm7                                                        
|RESTRT: md00002.rst7                                                          
|  REFC: solvated.rst7                                                         
| MDVEL: mdvel                                                                 
| MDFRC: mdfrc                                                                 
|  MDEN: md00002.en                                                            
| MDCRD: md00002.nc                                                            
|MDINFO: md00002.info                                                          
|  MTMD: mtmd                                                                  
|INPDIP: inpdip                                                                
|RSTDIP: rstdip                                                                
|INPTRA: inptraj                                                               


 Here is the input file:

heat the system                                                                
 &cntrl                                                                        
   imin = 0, nstlim = 1000, irest = 0, ntx = 1, dt = 0.002,                    
   nmropt = 1,                                                                 
   ntt = 1, temp0 = 300.0, tempi = 5.0, tautp = 1.0,                           
   ntb = 1, pres0 = 1.0,                                                       
   ntc = 2, ntf = 2,                                                           
   ioutfm = 1, iwrap = 1,                                                      
   ntwe = 200, ntwx = 200, ntpr = 100,                                         
    ntr = 1, restraint_wt = 10.00,                                             
 restraintmask="!:WAT,HOH,T3P,T4P",                                            
 /                                                                             
                                                                               
 &wt                                                                           
   type = 'TEMP0',                                                             
   istep1 = 0, istep2 = 1000,                                                  
   value1 = 5.0, value2 = 300.0                                                
 /                                                                             
                                                                               
 &wt type = 'END'                                                              
 /                                                                             

--------------------------------------------------------------------------------
   1.  RESOURCE   USE: 
--------------------------------------------------------------------------------

| Flags:                                                                        
 getting new box info from bottom of inpcrd
|  INFO: Old style inpcrd file read

| peek_ewald_inpcrd: Box info found
|Largest sphere to fit in unit cell has radius =    16.496
| New format PARM file being parsed.
| Version =    1.000 Date = 04/27/16 Time = 11:10:11
 NATOM  =    2408 NTYPES =       4 NBONH =    2405 MBONA  =       2
 NTHETH =      17 MTHETA =       1 NPHIH =      18 MPHIA  =       0
 NHPARM =       0 NPARM  =       0 NNB   =    3243 NRES   =     800
 NBONA  =       2 NTHETA =       1 NPHIA =       0 NUMBND =       4
 NUMANG =       3 NPTRA  =       2 NATYP =       4 NPHB   =       1
 IFBOX  =       1 NMXRS  =      11 IFCAP =       0 NEXTRA =       0
 NCOPY  =       0


|     Memory Use     Allocated
|     Real              255856
|     Hollerith           8026
|     Integer            75635
|     Max Pairs         802666
|     nblistReal         28896
|     nblist Int        128595
|       Total             6189 kbytes

| Note: 1-4 EEL scale factors are being read from the topology file.

| Note: 1-4 VDW scale factors are being read from the topology file.
| Duplicated    0 dihedrals
| Duplicated    0 dihedrals

     BOX TYPE: RECTILINEAR

--------------------------------------------------------------------------------
   2.  CONTROL  DATA  FOR  THE  RUN
--------------------------------------------------------------------------------

LIG                                                                             

General flags:
     imin    =       0, nmropt  =       1

Nature and format of input:
     ntx     =       1, irest   =       0, ntrx    =       1

Nature and format of output:
     ntxo    =       1, ntpr    =     100, ntrx    =       1, ntwr    =     500
     iwrap   =       1, ntwx    =     200, ntwv    =       0, ntwe    =     200
     ioutfm  =       1, ntwprt  =       0, idecomp =       0, rbornstat=      0

Potential function:
     ntf     =       2, ntb     =       1, igb     =       0, nsnb    =      25
     ipol    =       0, gbsa    =       0, iesp    =       0
     dielc   =   1.00000, cut     =   8.00000, intdiel =   1.00000

Frozen or restrained atoms:
     ibelly  =       0, ntr     =       1
     restraint_wt =  10.00000

Molecular dynamics:
     nstlim  =      1000, nscm    =         0, nrespa  =         1
     t       =   0.00000, dt      =   0.00200, vlimit  =  20.00000

Berendsen (weak-coupling) temperature regulation:
     temp0   = 300.00000, tempi   =   5.00000, tautp   =   1.00000

SHAKE:
     ntc     =       2, jfastw  =       0
     tol     =   0.00001

NMR refinement options:
     iscale  =       0, noeskp  =       1, ipnlty  =       1, mxsub   =       1
     scalm   = 100.00000, pencut  =   0.10000, tausw   =   0.10000

Ewald parameters:
     verbose =       0, ew_type =       0, nbflag  =       1, use_pme =       1
     vdwmeth =       1, eedmeth =       1, netfrc  =       1
     Box X =   33.943   Box Y =   33.314   Box Z =   32.993
     Alpha =   90.000   Beta  =   90.000   Gamma =   90.000
     NFFT1 =   36       NFFT2 =   36       NFFT3 =   32
     Cutoff=    8.000   Tol   =0.100E-04
     Ewald Coefficient =  0.34864
     Interpolation order =    4

    LOADING THE CONSTRAINED ATOMS AS GROUPS


   5.  REFERENCE ATOM COORDINATES

  LIG 
     Mask !:WAT,HOH,T3P,T4P; matches    11 atoms

--------------------------------------------------------------------------------
   3.  ATOMIC COORDINATES AND VELOCITIES
--------------------------------------------------------------------------------

LIG                                                                             
 begin time read from input coords =     0.000 ps



           Begin reading energy term weight changes/NMR restraints
 WEIGHT CHANGES:
 TEMP0         0   1000    5.000000  300.000000      0      0

 RESTRAINTS:
                          ** No restraint defined **

                  Done reading weight changes/NMR restraints


 Number of triangulated 3-point waters found:      799

     Sum of charges from parm topology file =   0.00000200
     Forcing neutrality...

--------------------------------------------------------------------------------
   4.  RESULTS
--------------------------------------------------------------------------------

|  # of SOLUTE  degrees of freedom (RNDFP):    4819.
|  # of SOLVENT degrees of freedom (RNDFS):       0.
|  NDFMIN =    4819.     NUM_NOSHAKE =      0     CORRECTED RNDFP =    4819.
|  TOTAL # of degrees of freedom (RNDF) =    4819.
 ---------------------------------------------------
 APPROXIMATING switch and d/dx switch using CUBIC SPLINE INTERPOLATION
 using   5000.0 points per unit in tabled values
 TESTING RELATIVE ERROR over r ranging from 0.0 to cutoff
| CHECK switch(x): max rel err =   0.2738E-14   at   2.422500
| CHECK d/dx switch(x): max rel err =   0.8332E-11   at   2.782960
 ---------------------------------------------------
| Local SIZE OF NONBOND LIST =     349828
| TOTAL SIZE OF NONBOND LIST =     349828

 NSTEP =        0   TIME(PS) =       0.000  TEMP(K) =     7.52  PRESS =     0.0
 Etot   =     -8912.5642  EKtot   =        35.9842  EPtot      =     -8948.5484
 BOND   =         0.0194  ANGLE   =         0.7022  DIHED      =         0.0318
 1-4 NB =         0.3995  1-4 EEL =        -0.1855  VDWAALS    =      1275.7054
 EELEC  =    -10225.4465  EHBOND  =         0.0000  RESTRAINT  =         0.2253
 EAMBER (non-restraint)  =     -8948.7737
 Ewald error estimate:   0.2175E-03
 ------------------------------------------------------------------------------

 NMR restraints: Bond =    0.000   Angle =     0.000   Torsion =     0.000
===============================================================================

 NSTEP =      100   TIME(PS) =       0.200  TEMP(K) =    94.60  PRESS =     0.0
 Etot   =     -7866.3201  EKtot   =       452.9641  EPtot      =     -8319.2841
 BOND   =         0.0759  ANGLE   =         0.4530  DIHED      =         0.0047
 1-4 NB =         0.3923  1-4 EEL =        -0.1891  VDWAALS    =      1616.1626
 EELEC  =     -9936.3020  EHBOND  =         0.0000  RESTRAINT  =         0.1184
 EAMBER (non-restraint)  =     -8319.4025
 Ewald error estimate:   0.1102E-03
 ------------------------------------------------------------------------------

 NMR restraints: Bond =    0.000   Angle =     0.000   Torsion =     0.000
===============================================================================

 NSTEP =      200   TIME(PS) =       0.400  TEMP(K) =   106.30  PRESS =     0.0
 Etot   =     -7917.0601  EKtot   =       508.9647  EPtot      =     -8426.0248
 BOND   =         0.0170  ANGLE   =         0.4814  DIHED      =         0.0057
 1-4 NB =         0.4441  1-4 EEL =        -0.1809  VDWAALS    =      1725.4354
 EELEC  =    -10152.3335  EHBOND  =         0.0000  RESTRAINT  =         0.1060
 EAMBER (non-restraint)  =     -8426.1308
 Ewald error estimate:   0.1681E-03
 ------------------------------------------------------------------------------

 NMR restraints: Bond =    0.000   Angle =     0.000   Torsion =     0.000
===============================================================================

 NSTEP =      300   TIME(PS) =       0.600  TEMP(K) =   109.76  PRESS =     0.0
 Etot   =     -7945.5424  EKtot   =       525.5306  EPtot      =     -8471.0730
 BOND   =         0.0243  ANGLE   =         0.3278  DIHED      =         0.0204
 1-4 NB =         0.3660  1-4 EEL =        -0.1958  VDWAALS    =      1721.1851
 EELEC  =    -10193.0592  EHBOND  =         0.0000  RESTRAINT  =         0.2583
 EAMBER (non-restraint)  =     -8471.3313
 Ewald error estimate:   0.6025E-04
 ------------------------------------------------------------------------------

 NMR restraints: Bond =    0.000   Angle =     0.000   Torsion =     0.000
===============================================================================

 NSTEP =      400   TIME(PS) =       0.800  TEMP(K) =   115.58  PRESS =     0.0
 Etot   =     -7950.7905  EKtot   =       553.4105  EPtot      =     -8504.2010
 BOND   =         0.0297  ANGLE   =         0.6240  DIHED      =         0.0319
 1-4 NB =         0.3756  1-4 EEL =        -0.1871  VDWAALS    =      1791.4972
 EELEC  =    -10296.9501  EHBOND  =         0.0000  RESTRAINT  =         0.3776
 EAMBER (non-restraint)  =     -8504.5787
 Ewald error estimate:   0.2919E-03
 ------------------------------------------------------------------------------

 NMR restraints: Bond =    0.000   Angle =     0.000   Torsion =     0.000
===============================================================================

 NSTEP =      500   TIME(PS) =       1.000  TEMP(K) =   118.01  PRESS =     0.0
 Etot   =     -7929.3286  EKtot   =       565.0584  EPtot      =     -8494.3870
 BOND   =         0.0216  ANGLE   =         0.4516  DIHED      =         0.0128
 1-4 NB =         0.3616  1-4 EEL =        -0.1955  VDWAALS    =      1695.6581
 EELEC  =    -10190.9983  EHBOND  =         0.0000  RESTRAINT  =         0.3011
 EAMBER (non-restraint)  =     -8494.6881
 Ewald error estimate:   0.3910E-03
 ------------------------------------------------------------------------------

 NMR restraints: Bond =    0.000   Angle =     0.000   Torsion =     0.000
===============================================================================

 NSTEP =      600   TIME(PS) =       1.200  TEMP(K) =   123.75  PRESS =     0.0
 Etot   =     -7886.6240  EKtot   =       592.5266  EPtot      =     -8479.1506
 BOND   =         0.0210  ANGLE   =         0.4245  DIHED      =         0.0033
 1-4 NB =         0.4566  1-4 EEL =        -0.1831  VDWAALS    =      1574.1998
 EELEC  =    -10054.2238  EHBOND  =         0.0000  RESTRAINT  =         0.1511
 EAMBER (non-restraint)  =     -8479.3017
 Ewald error estimate:   0.1585E-03
 ------------------------------------------------------------------------------

 NMR restraints: Bond =    0.000   Angle =     0.000   Torsion =     0.000
===============================================================================

 NSTEP =      700   TIME(PS) =       1.400  TEMP(K) =   131.75  PRESS =     0.0
 Etot   =     -7821.0802  EKtot   =       630.8419  EPtot      =     -8451.9222
 BOND   =         0.0693  ANGLE   =         0.2982  DIHED      =         0.0039
 1-4 NB =         0.3992  1-4 EEL =        -0.1937  VDWAALS    =      1515.9348
 EELEC  =     -9968.6248  EHBOND  =         0.0000  RESTRAINT  =         0.1908
 EAMBER (non-restraint)  =     -8452.1130
 Ewald error estimate:   0.2003E-03
 ------------------------------------------------------------------------------

 NMR restraints: Bond =    0.000   Angle =     0.000   Torsion =     0.000
===============================================================================

 NSTEP =      800   TIME(PS) =       1.600  TEMP(K) =   137.51  PRESS =     0.0
 Etot   =     -7733.8813  EKtot   =       658.3991  EPtot      =     -8392.2805
 BOND   =         0.0339  ANGLE   =         0.4652  DIHED      =         0.0225
 1-4 NB =         0.4396  1-4 EEL =        -0.2012  VDWAALS    =      1575.4609
 EELEC  =     -9968.7128  EHBOND  =         0.0000  RESTRAINT  =         0.2115
 EAMBER (non-restraint)  =     -8392.4920
 Ewald error estimate:   0.1293E-03
 ------------------------------------------------------------------------------

 NMR restraints: Bond =    0.000   Angle =     0.000   Torsion =     0.000
===============================================================================

 NSTEP =      900   TIME(PS) =       1.800  TEMP(K) =   149.97  PRESS =     0.0
 Etot   =     -7630.2873  EKtot   =       718.0862  EPtot      =     -8348.3735
 BOND   =         0.0040  ANGLE   =         0.4258  DIHED      =         0.0258
 1-4 NB =         0.3756  1-4 EEL =        -0.2030  VDWAALS    =      1509.0246
 EELEC  =     -9858.4028  EHBOND  =         0.0000  RESTRAINT  =         0.3766
 EAMBER (non-restraint)  =     -8348.7501
 Ewald error estimate:   0.4953E-04
 ------------------------------------------------------------------------------

 NMR restraints: Bond =    0.000   Angle =     0.000   Torsion =     0.000
===============================================================================

 NSTEP =     1000   TIME(PS) =       2.000  TEMP(K) =   169.15  PRESS =     0.0
 Etot   =     -7513.1195  EKtot   =       809.9019  EPtot      =     -8323.0215
 BOND   =         0.0000  ANGLE   =         0.3687  DIHED      =         0.0107
 1-4 NB =         0.4915  1-4 EEL =        -0.1898  VDWAALS    =      1534.3452
 EELEC  =     -9858.4618  EHBOND  =         0.0000  RESTRAINT  =         0.4139
 EAMBER (non-restraint)  =     -8323.4354
 Ewald error estimate:   0.4146E-03
 ------------------------------------------------------------------------------

 NMR restraints: Bond =    0.000   Angle =     0.000   Torsion =     0.000
===============================================================================

      A V E R A G E S   O V E R    1000 S T E P S


 NSTEP =     1000   TIME(PS) =       2.000  TEMP(K) =   118.85  PRESS =     0.0
 Etot   =     -7836.4087  EKtot   =       569.0764  EPtot      =     -8405.4851
 BOND   =         0.0323  ANGLE   =         0.3802  DIHED      =         0.0139
 1-4 NB =         0.4189  1-4 EEL =        -0.1959  VDWAALS    =      1604.3042
 EELEC  =    -10010.6888  EHBOND  =         0.0000  RESTRAINT  =         0.2501
 EAMBER (non-restraint)  =     -8405.7351
 Ewald error estimate:   0.1927E-03
 ------------------------------------------------------------------------------

 NMR restraints: Bond =    0.000   Angle =     0.000   Torsion =     0.000
===============================================================================

      R M S  F L U C T U A T I O N S


 NSTEP =     1000   TIME(PS) =       2.000  TEMP(K) =    27.96  PRESS =     0.0
 Etot   =       121.7380  EKtot   =       133.8575  EPtot      =       116.7101
 BOND   =         0.0365  ANGLE   =         0.1306  DIHED      =         0.0091
 1-4 NB =         0.0474  1-4 EEL =         0.0084  VDWAALS    =       133.9844
 EELEC  =       238.2275  EHBOND  =         0.0000  RESTRAINT  =         0.1279
 EAMBER (non-restraint)  =       116.5822
 Ewald error estimate:   0.1130E-03
 ------------------------------------------------------------------------------


 NMR restraints on final step:


--------------------------------------------------------------------------------
   5.  TIMINGS
--------------------------------------------------------------------------------

|    Read coords time           0.01 ( 0.02% of Total)
|                Build the list             1.88 (96.49% of List )
|                Other                      0.07 ( 3.51% of List )
|             List time                  1.95 ( 4.63% of Nonbo)
|                   Short_ene time            28.16 (98.34% of Direc)
|                   Other                      0.48 ( 1.66% of Direc)
|                Direct Ewald time         28.63 (71.23% of Ewald)
|                Adjust Ewald time          0.31 ( 0.76% of Ewald)
|                Self Ewald time            0.00 ( 0.01% of Ewald)
|                   Fill Bspline coeffs        0.44 ( 3.94% of Recip)
|                   Fill charge grid           0.98 ( 8.79% of Recip)
|                   Scalar sum                 2.75 (24.56% of Recip)
|                   Grad sum                   1.97 (17.61% of Recip)
|                   FFT time                   5.05 (45.06% of Recip)
|                   Other                      0.00 ( 0.04% of Recip)
|                Recip Ewald time          11.21 (27.88% of Ewald)
|                Force Adjust               0.01 ( 0.03% of Ewald)
|                Virial junk                0.03 ( 0.07% of Ewald)
|                Other                      0.01 ( 0.02% of Ewald)
|             Ewald time                40.20 (95.37% of Nonbo)
|          Nonbond force             42.15 (99.84% of Force)
|          Bond/Angle/Dihedral        0.04 ( 0.10% of Force)
|          Other                      0.03 ( 0.06% of Force)
|       Force time                42.22 (98.38% of Runmd)
|       Shake time                 0.37 ( 0.87% of Runmd)
|       Verlet update time         0.30 ( 0.70% of Runmd)
|       Other                      0.02 ( 0.05% of Runmd)
|    Runmd Time                42.91 (99.86% of Total)
|    Other                      0.05 ( 0.13% of Total)
| Total time                42.97 (100.0% of ALL  )

| Number of list builds   :         58

| Highest rstack allocated:     161414
| Highest istack allocated:       2408

| Final Performance Info:
| -----------------------------------------------------
| Average timings for all steps:
|     Elapsed(s) =      42.91 Per Step(ms) =      42.91
|         ns/day =       4.03   seconds/ns =   21456.65
| -----------------------------------------------------

|           Job began  at 11:10:15.752  on 04/27/2016
|           Setup done at 11:10:15.815  on 04/27/2016
|           Run   done at 11:10:58.728  on 04/27/2016
|     wallclock() was called   44177 times
