
          -------------------------------------------------------
          Amber 14 SANDER                              2014
          -------------------------------------------------------

| Run on 04/27/2016 at 10:52:45

|   Executable path: /home/steboss/Software/amber14/bin/sander
| Working directory: /home/steboss/projects/reproducibility/neopentane_issue/_ligands/isobutane
|          Hostname: Unknown
  [-O]verwriting output

File Assignments:
|  MDIN: md00002.in                                                            
| MDOUT: md00002.out                                                           
|INPCRD: min00001.rst7                                                         
|  PARM: solvated.parm7                                                        
|RESTRT: md00002.rst7                                                          
|  REFC: solvated.rst7                                                         
| MDVEL: mdvel                                                                 
| MDFRC: mdfrc                                                                 
|  MDEN: md00002.en                                                            
| MDCRD: md00002.nc                                                            
|MDINFO: md00002.info                                                          
|  MTMD: mtmd                                                                  
|INPDIP: inpdip                                                                
|RSTDIP: rstdip                                                                
|INPTRA: inptraj                                                               


 Here is the input file:

heat the system                                                                
 &cntrl                                                                        
   imin = 0, nstlim = 1000, irest = 0, ntx = 1, dt = 0.002,                    
   nmropt = 1,                                                                 
   ntt = 1, temp0 = 300.0, tempi = 5.0, tautp = 1.0,                           
   ntb = 1, pres0 = 1.0,                                                       
   ntc = 2, ntf = 2,                                                           
   ioutfm = 1, iwrap = 1,                                                      
   ntwe = 200, ntwx = 200, ntpr = 100,                                         
    ntr = 1, restraint_wt = 10.00,                                             
 restraintmask="!:WAT,HOH,T3P,T4P",                                            
 /                                                                             
                                                                               
 &wt                                                                           
   type = 'TEMP0',                                                             
   istep1 = 0, istep2 = 1000,                                                  
   value1 = 5.0, value2 = 300.0                                                
 /                                                                             
                                                                               
 &wt type = 'END'                                                              
 /                                                                             

--------------------------------------------------------------------------------
   1.  RESOURCE   USE: 
--------------------------------------------------------------------------------

| Flags:                                                                        
 getting new box info from bottom of inpcrd
|  INFO: Old style inpcrd file read

| peek_ewald_inpcrd: Box info found
|Largest sphere to fit in unit cell has radius =    16.657
| New format PARM file being parsed.
| Version =    1.000 Date = 04/27/16 Time = 10:52:40
 NATOM  =    2507 NTYPES =       4 NBONH =    2503 MBONA  =       3
 NTHETH =      21 MTHETA =       3 NPHIH =      27 MPHIA  =       0
 NHPARM =       0 NPARM  =       0 NNB   =    3390 NRES   =     832
 NBONA  =       3 NTHETA =       3 NPHIA =       0 NUMBND =       4
 NUMANG =       3 NPTRA  =       2 NATYP =       4 NPHB   =       1
 IFBOX  =       1 NMXRS  =      14 IFCAP =       0 NEXTRA =       0
 NCOPY  =       0


|     Memory Use     Allocated
|     Real              262790
|     Hollerith           8355
|     Integer            78360
|     Max Pairs         835666
|     nblistReal         30084
|     nblist Int        139374
|       Total             6435 kbytes

| Note: 1-4 EEL scale factors are being read from the topology file.

| Note: 1-4 VDW scale factors are being read from the topology file.
| Duplicated    0 dihedrals
| Duplicated    0 dihedrals

     BOX TYPE: RECTILINEAR

--------------------------------------------------------------------------------
   2.  CONTROL  DATA  FOR  THE  RUN
--------------------------------------------------------------------------------

LIG                                                                             

General flags:
     imin    =       0, nmropt  =       1

Nature and format of input:
     ntx     =       1, irest   =       0, ntrx    =       1

Nature and format of output:
     ntxo    =       1, ntpr    =     100, ntrx    =       1, ntwr    =     500
     iwrap   =       1, ntwx    =     200, ntwv    =       0, ntwe    =     200
     ioutfm  =       1, ntwprt  =       0, idecomp =       0, rbornstat=      0

Potential function:
     ntf     =       2, ntb     =       1, igb     =       0, nsnb    =      25
     ipol    =       0, gbsa    =       0, iesp    =       0
     dielc   =   1.00000, cut     =   8.00000, intdiel =   1.00000

Frozen or restrained atoms:
     ibelly  =       0, ntr     =       1
     restraint_wt =  10.00000

Molecular dynamics:
     nstlim  =      1000, nscm    =         0, nrespa  =         1
     t       =   0.00000, dt      =   0.00200, vlimit  =  20.00000

Berendsen (weak-coupling) temperature regulation:
     temp0   = 300.00000, tempi   =   5.00000, tautp   =   1.00000

SHAKE:
     ntc     =       2, jfastw  =       0
     tol     =   0.00001

NMR refinement options:
     iscale  =       0, noeskp  =       1, ipnlty  =       1, mxsub   =       1
     scalm   = 100.00000, pencut  =   0.10000, tausw   =   0.10000

Ewald parameters:
     verbose =       0, ew_type =       0, nbflag  =       1, use_pme =       1
     vdwmeth =       1, eedmeth =       1, netfrc  =       1
     Box X =   33.943   Box Y =   33.314   Box Z =   34.229
     Alpha =   90.000   Beta  =   90.000   Gamma =   90.000
     NFFT1 =   36       NFFT2 =   36       NFFT3 =   36
     Cutoff=    8.000   Tol   =0.100E-04
     Ewald Coefficient =  0.34864
     Interpolation order =    4

    LOADING THE CONSTRAINED ATOMS AS GROUPS


   5.  REFERENCE ATOM COORDINATES

  LIG 
     Mask !:WAT,HOH,T3P,T4P; matches    14 atoms

--------------------------------------------------------------------------------
   3.  ATOMIC COORDINATES AND VELOCITIES
--------------------------------------------------------------------------------

LIG                                                                             
 begin time read from input coords =     0.000 ps



           Begin reading energy term weight changes/NMR restraints
 WEIGHT CHANGES:
 TEMP0         0   1000    5.000000  300.000000      0      0

 RESTRAINTS:
                          ** No restraint defined **

                  Done reading weight changes/NMR restraints


 Number of triangulated 3-point waters found:      831

     Sum of charges from parm topology file =  -0.00000100
     Forcing neutrality...

--------------------------------------------------------------------------------
   4.  RESULTS
--------------------------------------------------------------------------------

|  # of SOLUTE  degrees of freedom (RNDFP):    5018.
|  # of SOLVENT degrees of freedom (RNDFS):       0.
|  NDFMIN =    5018.     NUM_NOSHAKE =      0     CORRECTED RNDFP =    5018.
|  TOTAL # of degrees of freedom (RNDF) =    5018.
 ---------------------------------------------------
 APPROXIMATING switch and d/dx switch using CUBIC SPLINE INTERPOLATION
 using   5000.0 points per unit in tabled values
 TESTING RELATIVE ERROR over r ranging from 0.0 to cutoff
| CHECK switch(x): max rel err =   0.2738E-14   at   2.422500
| CHECK d/dx switch(x): max rel err =   0.8332E-11   at   2.782960
 ---------------------------------------------------
| Local SIZE OF NONBOND LIST =     367717
| TOTAL SIZE OF NONBOND LIST =     367717

 NSTEP =        0   TIME(PS) =       0.000  TEMP(K) =     7.52  PRESS =     0.0
 Etot   =     -9299.7837  EKtot   =        37.5059  EPtot      =     -9337.2896
 BOND   =         0.1247  ANGLE   =         1.4791  DIHED      =         0.0625
 1-4 NB =         0.9282  1-4 EEL =        -3.4997  VDWAALS    =      1301.7722
 EELEC  =    -10638.4744  EHBOND  =         0.0000  RESTRAINT  =         0.3179
 EAMBER (non-restraint)  =     -9337.6075
 Ewald error estimate:   0.8730E-04
 ------------------------------------------------------------------------------

 NMR restraints: Bond =    0.000   Angle =     0.000   Torsion =     0.000
===============================================================================

 NSTEP =      100   TIME(PS) =       0.200  TEMP(K) =    93.60  PRESS =     0.0
 Etot   =     -8204.6997  EKtot   =       466.6922  EPtot      =     -8671.3919
 BOND   =         0.0689  ANGLE   =         0.6712  DIHED      =         0.0077
 1-4 NB =         1.0778  1-4 EEL =        -3.5304  VDWAALS    =      1666.4429
 EELEC  =    -10336.3221  EHBOND  =         0.0000  RESTRAINT  =         0.1921
 EAMBER (non-restraint)  =     -8671.5839
 Ewald error estimate:   0.2355E-04
 ------------------------------------------------------------------------------

 NMR restraints: Bond =    0.000   Angle =     0.000   Torsion =     0.000
===============================================================================

 NSTEP =      200   TIME(PS) =       0.400  TEMP(K) =   105.97  PRESS =     0.0
 Etot   =     -8258.4091  EKtot   =       528.3371  EPtot      =     -8786.7462
 BOND   =         0.1545  ANGLE   =         0.7073  DIHED      =         0.0089
 1-4 NB =         1.3051  1-4 EEL =        -3.5759  VDWAALS    =      1752.3644
 EELEC  =    -10537.9287  EHBOND  =         0.0000  RESTRAINT  =         0.2181
 EAMBER (non-restraint)  =     -8786.9643
 Ewald error estimate:   0.1825E-03
 ------------------------------------------------------------------------------

 NMR restraints: Bond =    0.000   Angle =     0.000   Torsion =     0.000
===============================================================================

 NSTEP =      300   TIME(PS) =       0.600  TEMP(K) =   111.82  PRESS =     0.0
 Etot   =     -8291.1969  EKtot   =       557.5260  EPtot      =     -8848.7229
 BOND   =         0.1332  ANGLE   =         0.8175  DIHED      =         0.0389
 1-4 NB =         1.0280  1-4 EEL =        -3.5081  VDWAALS    =      1795.3159
 EELEC  =    -10642.9418  EHBOND  =         0.0000  RESTRAINT  =         0.3935
 EAMBER (non-restraint)  =     -8849.1163
 Ewald error estimate:   0.1199E-03
 ------------------------------------------------------------------------------

 NMR restraints: Bond =    0.000   Angle =     0.000   Torsion =     0.000
===============================================================================

 NSTEP =      400   TIME(PS) =       0.800  TEMP(K) =   116.86  PRESS =     0.0
 Etot   =     -8296.0247  EKtot   =       582.6284  EPtot      =     -8878.6531
 BOND   =         0.0201  ANGLE   =         0.5347  DIHED      =         0.0423
 1-4 NB =         1.1168  1-4 EEL =        -3.5319  VDWAALS    =      1873.5062
 EELEC  =    -10751.0022  EHBOND  =         0.0000  RESTRAINT  =         0.6609
 EAMBER (non-restraint)  =     -8879.3140
 Ewald error estimate:   0.6045E-04
 ------------------------------------------------------------------------------

 NMR restraints: Bond =    0.000   Angle =     0.000   Torsion =     0.000
===============================================================================

 NSTEP =      500   TIME(PS) =       1.000  TEMP(K) =   116.36  PRESS =     0.0
 Etot   =     -8272.8987  EKtot   =       580.1363  EPtot      =     -8853.0350
 BOND   =         0.1286  ANGLE   =         0.7495  DIHED      =         0.0104
 1-4 NB =         1.2333  1-4 EEL =        -3.5633  VDWAALS    =      1717.1768
 EELEC  =    -10569.7007  EHBOND  =         0.0000  RESTRAINT  =         0.9303
 EAMBER (non-restraint)  =     -8853.9653
 Ewald error estimate:   0.2667E-04
 ------------------------------------------------------------------------------

 NMR restraints: Bond =    0.000   Angle =     0.000   Torsion =     0.000
===============================================================================

 NSTEP =      600   TIME(PS) =       1.200  TEMP(K) =   125.08  PRESS =     0.0
 Etot   =     -8227.5249  EKtot   =       623.6232  EPtot      =     -8851.1481
 BOND   =         0.0917  ANGLE   =         0.7137  DIHED      =         0.0273
 1-4 NB =         1.0875  1-4 EEL =        -3.5182  VDWAALS    =      1709.8171
 EELEC  =    -10560.0586  EHBOND  =         0.0000  RESTRAINT  =         0.6914
 EAMBER (non-restraint)  =     -8851.8396
 Ewald error estimate:   0.1192E-03
 ------------------------------------------------------------------------------

 NMR restraints: Bond =    0.000   Angle =     0.000   Torsion =     0.000
===============================================================================

 NSTEP =      700   TIME(PS) =       1.400  TEMP(K) =   129.70  PRESS =     0.0
 Etot   =     -8158.4343  EKtot   =       646.6458  EPtot      =     -8805.0801
 BOND   =         0.0853  ANGLE   =         0.6074  DIHED      =         0.0192
 1-4 NB =         1.1446  1-4 EEL =        -3.5450  VDWAALS    =      1583.7289
 EELEC  =    -10387.9649  EHBOND  =         0.0000  RESTRAINT  =         0.8444
 EAMBER (non-restraint)  =     -8805.9244
 Ewald error estimate:   0.1909E-03
 ------------------------------------------------------------------------------

 NMR restraints: Bond =    0.000   Angle =     0.000   Torsion =     0.000
===============================================================================

 NSTEP =      800   TIME(PS) =       1.600  TEMP(K) =   140.44  PRESS =     0.0
 Etot   =     -8068.4413  EKtot   =       700.2367  EPtot      =     -8768.6779
 BOND   =         0.0481  ANGLE   =         0.6533  DIHED      =         0.0220
 1-4 NB =         1.1820  1-4 EEL =        -3.5450  VDWAALS    =      1638.0142
 EELEC  =    -10405.9604  EHBOND  =         0.0000  RESTRAINT  =         0.9078
 EAMBER (non-restraint)  =     -8769.5858
 Ewald error estimate:   0.3392E-03
 ------------------------------------------------------------------------------

 NMR restraints: Bond =    0.000   Angle =     0.000   Torsion =     0.000
===============================================================================

 NSTEP =      900   TIME(PS) =       1.800  TEMP(K) =   151.23  PRESS =     0.0
 Etot   =     -7961.3261  EKtot   =       754.0194  EPtot      =     -8715.3455
 BOND   =         0.0237  ANGLE   =         0.6365  DIHED      =         0.0380
 1-4 NB =         1.0911  1-4 EEL =        -3.5229  VDWAALS    =      1538.1619
 EELEC  =    -10253.0214  EHBOND  =         0.0000  RESTRAINT  =         1.2475
 EAMBER (non-restraint)  =     -8716.5931
 Ewald error estimate:   0.3481E-03
 ------------------------------------------------------------------------------

 NMR restraints: Bond =    0.000   Angle =     0.000   Torsion =     0.000
===============================================================================

 NSTEP =     1000   TIME(PS) =       2.000  TEMP(K) =   167.91  PRESS =     0.0
 Etot   =     -7834.7627  EKtot   =       837.1602  EPtot      =     -8671.9229
 BOND   =         0.0062  ANGLE   =         1.1333  DIHED      =         0.0339
 1-4 NB =         1.1417  1-4 EEL =        -3.5331  VDWAALS    =      1613.6519
 EELEC  =    -10284.9648  EHBOND  =         0.0000  RESTRAINT  =         0.6080
 EAMBER (non-restraint)  =     -8672.5309
 Ewald error estimate:   0.5636E-03
 ------------------------------------------------------------------------------

 NMR restraints: Bond =    0.000   Angle =     0.000   Torsion =     0.000
===============================================================================

      A V E R A G E S   O V E R    1000 S T E P S


 NSTEP =     1000   TIME(PS) =       2.000  TEMP(K) =   118.49  PRESS =     0.0
 Etot   =     -8175.1647  EKtot   =       590.7725  EPtot      =     -8765.9372
 BOND   =         0.0776  ANGLE   =         0.7010  DIHED      =         0.0249
 1-4 NB =         1.1341  1-4 EEL =        -3.5359  VDWAALS    =      1658.3602
 EELEC  =    -10423.2986  EHBOND  =         0.0000  RESTRAINT  =         0.5996
 EAMBER (non-restraint)  =     -8766.5368
 Ewald error estimate:   0.1803E-03
 ------------------------------------------------------------------------------

 NMR restraints: Bond =    0.000   Angle =     0.000   Torsion =     0.000
===============================================================================

      R M S  F L U C T U A T I O N S


 NSTEP =     1000   TIME(PS) =       2.000  TEMP(K) =    27.37  PRESS =     0.0
 Etot   =       127.4638  EKtot   =       136.4578  EPtot      =       123.6369
 BOND   =         0.0534  ANGLE   =         0.1852  DIHED      =         0.0108
 1-4 NB =         0.1235  1-4 EEL =         0.0270  VDWAALS    =       151.6808
 EELEC  =       262.8163  EHBOND  =         0.0000  RESTRAINT  =         0.3476
 EAMBER (non-restraint)  =       123.2893
 Ewald error estimate:   0.1442E-03
 ------------------------------------------------------------------------------


 NMR restraints on final step:


--------------------------------------------------------------------------------
   5.  TIMINGS
--------------------------------------------------------------------------------

|    Read coords time           0.01 ( 0.02% of Total)
|                Build the list             1.85 (96.41% of List )
|                Other                      0.07 ( 3.59% of List )
|             List time                  1.92 ( 4.27% of Nonbo)
|                   Short_ene time            29.57 (98.36% of Direc)
|                   Other                      0.49 ( 1.64% of Direc)
|                Direct Ewald time         30.06 (70.02% of Ewald)
|                Adjust Ewald time          0.32 ( 0.75% of Ewald)
|                Self Ewald time            0.00 ( 0.01% of Ewald)
|                   Fill Bspline coeffs        0.46 ( 3.68% of Recip)
|                   Fill charge grid           1.03 ( 8.25% of Recip)
|                   Scalar sum                 3.10 (24.80% of Recip)
|                   Grad sum                   2.06 (16.52% of Recip)
|                   FFT time                   5.84 (46.70% of Recip)
|                   Other                      0.01 ( 0.04% of Recip)
|                Recip Ewald time          12.50 (29.11% of Ewald)
|                Force Adjust               0.01 ( 0.03% of Ewald)
|                Virial junk                0.03 ( 0.07% of Ewald)
|                Other                      0.01 ( 0.02% of Ewald)
|             Ewald time                42.93 (95.72% of Nonbo)
|          Nonbond force             44.85 (99.83% of Force)
|          Bond/Angle/Dihedral        0.05 ( 0.11% of Force)
|          Other                      0.03 ( 0.06% of Force)
|       Force time                44.93 (98.39% of Runmd)
|       Shake time                 0.39 ( 0.85% of Runmd)
|       Verlet update time         0.31 ( 0.68% of Runmd)
|       Other                      0.03 ( 0.07% of Runmd)
|    Runmd Time                45.66 (99.79% of Total)
|    Other                      0.09 ( 0.20% of Total)
| Total time                45.76 (100.0% of ALL  )

| Number of list builds   :         56

| Highest rstack allocated:     175927
| Highest istack allocated:       2507

| Final Performance Info:
| -----------------------------------------------------
| Average timings for all steps:
|     Elapsed(s) =      45.66 Per Step(ms) =      45.66
|         ns/day =       3.78   seconds/ns =   22831.02
| -----------------------------------------------------

|           Job began  at 10:52:45.355  on 04/27/2016
|           Setup done at 10:52:45.453  on 04/27/2016
|           Run   done at 10:53:31.115  on 04/27/2016
|     wallclock() was called   44173 times
