
          -------------------------------------------------------
          Amber 14 SANDER                              2014
          -------------------------------------------------------

| Run on 04/27/2016 at 10:52:40

|   Executable path: /home/steboss/Software/amber14/bin/sander
| Working directory: /home/steboss/projects/reproducibility/neopentane_issue/_ligands/isobutane
|          Hostname: Unknown
  [-O]verwriting output

File Assignments:
|  MDIN: min00001.in                                                           
| MDOUT: min00001.out                                                          
|INPCRD: solvated.rst7                                                         
|  PARM: solvated.parm7                                                        
|RESTRT: min00001.rst7                                                         
|  REFC: solvated.rst7                                                         
| MDVEL: mdvel                                                                 
| MDFRC: mdfrc                                                                 
|  MDEN: min00001.en                                                           
| MDCRD: min00001.nc                                                           
|MDINFO: min00001.info                                                         
|  MTMD: mtmd                                                                  
|INPDIP: inpdip                                                                
|RSTDIP: rstdip                                                                
|INPTRA: inptraj                                                               


 Here is the input file:

Minimise whole system                                                          
 &cntrl                                                                        
   imin = 1, ntmin = 1,                                                        
   maxcyc = 100, ncyc = 10,                                                    
   ntpr = 20, ntwe = 20,                                                       
   dx0 = 1.0D-7,                                                               
    ntb = 1,                                                                   
 ntr = 1, restraint_wt = 10.00,                                                
 restraintmask="!:WAT,HOH,T3P,T4P",                                            
 /                                                                             

--------------------------------------------------------------------------------
   1.  RESOURCE   USE: 
--------------------------------------------------------------------------------

| Flags:                                                                        
 getting new box info from bottom of inpcrd
|  INFO: Old style inpcrd file read

| peek_ewald_inpcrd: Box info found
|Largest sphere to fit in unit cell has radius =    16.657
| New format PARM file being parsed.
| Version =    1.000 Date = 04/27/16 Time = 10:52:40
 NATOM  =    2507 NTYPES =       4 NBONH =    2503 MBONA  =       3
 NTHETH =      21 MTHETA =       3 NPHIH =      27 MPHIA  =       0
 NHPARM =       0 NPARM  =       0 NNB   =    3390 NRES   =     832
 NBONA  =       3 NTHETA =       3 NPHIA =       0 NUMBND =       4
 NUMANG =       3 NPTRA  =       2 NATYP =       4 NPHB   =       1
 IFBOX  =       1 NMXRS  =      14 IFCAP =       0 NEXTRA =       0
 NCOPY  =       0


|     Memory Use     Allocated
|     Real              293048
|     Hollerith           8355
|     Integer            78321
|     Max Pairs         835666
|     nblistReal         30084
|     nblist Int        139374
|       Total             6671 kbytes

| Note: 1-4 EEL scale factors are being read from the topology file.

| Note: 1-4 VDW scale factors are being read from the topology file.
| Duplicated    0 dihedrals
| Duplicated    0 dihedrals

     BOX TYPE: RECTILINEAR

--------------------------------------------------------------------------------
   2.  CONTROL  DATA  FOR  THE  RUN
--------------------------------------------------------------------------------

LIG                                                                             

General flags:
     imin    =       1, nmropt  =       0

Nature and format of input:
     ntx     =       1, irest   =       0, ntrx    =       1

Nature and format of output:
     ntxo    =       1, ntpr    =      20, ntrx    =       1, ntwr    =     500
     iwrap   =       0, ntwx    =       0, ntwv    =       0, ntwe    =      20
     ioutfm  =       0, ntwprt  =       0, idecomp =       0, rbornstat=      0

Potential function:
     ntf     =       1, ntb     =       1, igb     =       0, nsnb    =      25
     ipol    =       0, gbsa    =       0, iesp    =       0
     dielc   =   1.00000, cut     =   8.00000, intdiel =   1.00000

Frozen or restrained atoms:
     ibelly  =       0, ntr     =       1
     restraint_wt =  10.00000

Energy minimization:
     maxcyc  =     100, ncyc    =      10, ntmin   =       1
     dx0     =   0.00000, drms    =   0.00010

Ewald parameters:
     verbose =       0, ew_type =       0, nbflag  =       1, use_pme =       1
     vdwmeth =       1, eedmeth =       1, netfrc  =       0
     Box X =   33.943   Box Y =   33.314   Box Z =   34.229
     Alpha =   90.000   Beta  =   90.000   Gamma =   90.000
     NFFT1 =   36       NFFT2 =   36       NFFT3 =   36
     Cutoff=    8.000   Tol   =0.100E-04
     Ewald Coefficient =  0.34864
     Interpolation order =    4

    LOADING THE CONSTRAINED ATOMS AS GROUPS


   5.  REFERENCE ATOM COORDINATES

  LIG 
     Mask !:WAT,HOH,T3P,T4P; matches    14 atoms

--------------------------------------------------------------------------------
   3.  ATOMIC COORDINATES AND VELOCITIES
--------------------------------------------------------------------------------

LIG                                                                             
 begin time read from input coords =     0.000 ps

 Number of triangulated 3-point waters found:      831

     Sum of charges from parm topology file =  -0.00000100
     Forcing neutrality...

--------------------------------------------------------------------------------
   4.  RESULTS
--------------------------------------------------------------------------------

 ---------------------------------------------------
 APPROXIMATING switch and d/dx switch using CUBIC SPLINE INTERPOLATION
 using   5000.0 points per unit in tabled values
 TESTING RELATIVE ERROR over r ranging from 0.0 to cutoff
| CHECK switch(x): max rel err =   0.2738E-14   at   2.422500
| CHECK d/dx switch(x): max rel err =   0.8332E-11   at   2.782960
 ---------------------------------------------------
| Local SIZE OF NONBOND LIST =     365943
| TOTAL SIZE OF NONBOND LIST =     365943


   NSTEP       ENERGY          RMS            GMAX         NAME    NUMBER
      1      -6.6100E+03     1.1850E+01     4.3339E+01     O         603

 BOND    =        2.6817  ANGLE   =        0.1498  DIHED      =        0.0081
 VDWAALS =      820.3332  EEL     =    -7430.9674  HBOND      =        0.0000
 1-4 VDW =        1.3394  1-4 EEL =       -3.5777  RESTRAINT  =        0.0000


   NSTEP       ENERGY          RMS            GMAX         NAME    NUMBER
     20      -7.5070E+03     9.0749E+00     7.4073E+01     C1          1

 BOND    =     1008.6044  ANGLE   =        4.0082  DIHED      =        0.0263
 VDWAALS =      830.4985  EEL     =    -9348.1329  HBOND      =        0.0000
 1-4 VDW =        1.3252  1-4 EEL =       -3.5904  RESTRAINT  =        0.2828
 EAMBER  =    -7507.2607


   NSTEP       ENERGY          RMS            GMAX         NAME    NUMBER
     40      -8.0399E+03     2.6498E+00     2.1849E+01     C1          1

 BOND    =      370.2484  ANGLE   =        0.7506  DIHED      =        0.0141
 VDWAALS =      845.1380  EEL     =    -9253.7126  HBOND      =        0.0000
 1-4 VDW =        1.1130  1-4 EEL =       -3.5249  RESTRAINT  =        0.0977
 EAMBER  =    -8039.9735


   NSTEP       ENERGY          RMS            GMAX         NAME    NUMBER
     60      -8.4002E+03     1.8971E+00     1.9507E+01     H9          9

 BOND    =      562.2546  ANGLE   =        0.1938  DIHED      =        0.0047
 VDWAALS =     1036.9508  EEL     =    -9997.2040  HBOND      =        0.0000
 1-4 VDW =        1.0341  1-4 EEL =       -3.5191  RESTRAINT  =        0.0860
 EAMBER  =    -8400.2852


   NSTEP       ENERGY          RMS            GMAX         NAME    NUMBER
     80      -8.5985E+03     2.4080E+00     7.3996E+01     C2          2

 BOND    =      565.7712  ANGLE   =        3.6304  DIHED      =        0.1121
 VDWAALS =     1155.7563  EEL     =   -10321.8254  HBOND      =        0.0000
 1-4 VDW =        1.1673  1-4 EEL =       -3.5680  RESTRAINT  =        0.4172
 EAMBER  =    -8598.9561


   NSTEP       ENERGY          RMS            GMAX         NAME    NUMBER
    100      -8.7543E+03     2.4266E+00     4.8200E+01     H1        139

 BOND    =      583.0759  ANGLE   =        1.4791  DIHED      =        0.0625
 VDWAALS =     1301.7722  EEL     =   -10638.4745  HBOND      =        0.0000
 1-4 VDW =        0.9282  1-4 EEL =       -3.4997  RESTRAINT  =        0.3179
 EAMBER  =    -8754.6563


  Maximum number of minimization cycles reached.


                    FINAL RESULTS



   NSTEP       ENERGY          RMS            GMAX         NAME    NUMBER
    100      -8.7543E+03     2.4266E+00     4.8200E+01     H1        139

 BOND    =      583.0759  ANGLE   =        1.4791  DIHED      =        0.0625
 VDWAALS =     1301.7722  EEL     =   -10638.4745  HBOND      =        0.0000
 1-4 VDW =        0.9282  1-4 EEL =       -3.4997  RESTRAINT  =        0.3179
 EAMBER  =    -8754.6563

--------------------------------------------------------------------------------
   5.  TIMINGS
--------------------------------------------------------------------------------

|    Read coords time           0.01 ( 0.13% of Total)
|    Fast Water setup           0.00 ( 0.01% of Total)
|                Build the list             0.03 (37.78% of List )
|                Other                      0.06 (62.22% of List )
|             List time                  0.09 ( 2.19% of Nonbo)
|                   Short_ene time             2.71 (98.21% of Direc)
|                   Other                      0.05 ( 1.79% of Direc)
|                Direct Ewald time          2.76 (68.02% of Ewald)
|                Adjust Ewald time          0.03 ( 0.80% of Ewald)
|                Self Ewald time            0.00 ( 0.01% of Ewald)
|                   Fill Bspline coeffs        0.05 ( 3.73% of Recip)
|                   Fill charge grid           0.10 ( 8.25% of Recip)
|                   Scalar sum                 0.31 (24.79% of Recip)
|                   Grad sum                   0.21 (16.52% of Recip)
|                   FFT time                   0.59 (46.68% of Recip)
|                   Other                      0.00 ( 0.04% of Recip)
|                Recip Ewald time           1.26 (31.06% of Ewald)
|                Virial junk                0.00 ( 0.07% of Ewald)
|                Other                      0.00 ( 0.04% of Ewald)
|             Ewald time                 4.06 (97.81% of Nonbo)
|          Nonbond force              4.15 (99.38% of Force)
|          Bond/Angle/Dihedral        0.02 ( 0.55% of Force)
|          Other                      0.00 ( 0.07% of Force)
|       Force time                 4.17 (100.0% of Runmd)
|    Runmd Time                 4.17 (94.11% of Total)
|    Other                      0.26 ( 5.75% of Total)
| Total time                 4.43 (99.73% of ALL  )

| Number of list builds   :          1

| Highest rstack allocated:     175927
| Highest istack allocated:       2507
|           Job began  at 10:52:40.839  on 04/27/2016
|           Setup done at 10:52:41.045  on 04/27/2016
|           Run   done at 10:52:45.287  on 04/27/2016
|     wallclock() was called    3850 times
