
          -------------------------------------------------------
          Amber 14 SANDER                              2014
          -------------------------------------------------------

| Run on 09/19/2016 at 13:57:09

|   Executable path: sander
| Working directory: /home/steboss/Simulation/Cluster/reproducibility/diatomic_pert/logP/1092/inputfiles/water/equilibration
|          Hostname: Unknown
  [-O]verwriting output

File Assignments:
|  MDIN: md00003.in                                                            
| MDOUT: md00003.out                                                           
|INPCRD: md00002.rst7                                                          
|  PARM: solvated.parm7                                                        
|RESTRT: md00003.rst7                                                          
|  REFC: solvated.rst7                                                         
| MDVEL: mdvel                                                                 
| MDFRC: mdfrc                                                                 
|  MDEN: md00003.en                                                            
| MDCRD: md00003.nc                                                            
|MDINFO: md00003.info                                                          
|  MTMD: mtmd                                                                  
|INPDIP: inpdip                                                                
|RSTDIP: rstdip                                                                
|INPTRA: inptraj                                                               


 Here is the input file:

constant temperature                                                           
 &cntrl                                                                        
   imin = 0, nstlim = 4000, irest = 1, ntx = 5, dt = 0.002,                    
   ntt = 1, temp0 = 300.0, tautp = 1.0,                                        
   ntb = 1,                                                                    
   ntc = 2, ntf = 2,                                                           
   ioutfm = 1, iwrap = 1,                                                      
   ntwe = 800, ntwx = 800, ntpr = 400,                                         
    ntr = 1, restraint_wt = 10.00,                                             
 restraintmask="!:WAT,HOH,T3P,T4P",                                            
 /                                                                             

--------------------------------------------------------------------------------
   1.  RESOURCE   USE: 
--------------------------------------------------------------------------------

| Flags:                                                                        
 getting new box info from bottom of inpcrd
|  INFO: Old style inpcrd file read

| peek_ewald_inpcrd: Box info found
|Largest sphere to fit in unit cell has radius =    15.111
| New format PARM file being parsed.
| Version =    1.000 Date = 09/19/16 Time = 13:52:51
 NATOM  =    1802 NTYPES =       3 NBONH =    1801 MBONA  =       0
 NTHETH =       0 MTHETA =       0 NPHIH =       0 MPHIA  =       0
 NHPARM =       0 NPARM  =       0 NNB   =    2402 NRES   =     601
 NBONA  =       0 NTHETA =       0 NPHIA =       0 NUMBND =       3
 NUMANG =       0 NPTRA  =       0 NATYP =       4 NPHB   =       1
 IFBOX  =       1 NMXRS  =       3 IFCAP =       0 NEXTRA =       0
 NCOPY  =       0


|     Memory Use     Allocated
|     Real              213342
|     Hollerith           6009
|     Integer            60851
|     Max Pairs         600666
|     nblistReal         21624
|     nblist Int        107839
|       Total             4864 kbytes

| Note: 1-4 EEL scale factors are being read from the topology file.

| Note: 1-4 VDW scale factors are being read from the topology file.
| Duplicated    0 dihedrals
| Duplicated    0 dihedrals

     BOX TYPE: RECTILINEAR

--------------------------------------------------------------------------------
   2.  CONTROL  DATA  FOR  THE  RUN
--------------------------------------------------------------------------------

default_name                                                                    

General flags:
     imin    =       0, nmropt  =       0

Nature and format of input:
     ntx     =       5, irest   =       1, ntrx    =       1

Nature and format of output:
     ntxo    =       1, ntpr    =     400, ntrx    =       1, ntwr    =     500
     iwrap   =       1, ntwx    =     800, ntwv    =       0, ntwe    =     800
     ioutfm  =       1, ntwprt  =       0, idecomp =       0, rbornstat=      0

Potential function:
     ntf     =       2, ntb     =       1, igb     =       0, nsnb    =      25
     ipol    =       0, gbsa    =       0, iesp    =       0
     dielc   =   1.00000, cut     =   8.00000, intdiel =   1.00000

Frozen or restrained atoms:
     ibelly  =       0, ntr     =       1
     restraint_wt =  10.00000

Molecular dynamics:
     nstlim  =      4000, nscm    =         0, nrespa  =         1
     t       =   0.00000, dt      =   0.00200, vlimit  =  20.00000

Berendsen (weak-coupling) temperature regulation:
     temp0   = 300.00000, tempi   =   0.00000, tautp   =   1.00000

SHAKE:
     ntc     =       2, jfastw  =       0
     tol     =   0.00001

Ewald parameters:
     verbose =       0, ew_type =       0, nbflag  =       1, use_pme =       1
     vdwmeth =       1, eedmeth =       1, netfrc  =       1
     Box X =   31.398   Box Y =   30.511   Box Z =   30.222
     Alpha =   90.000   Beta  =   90.000   Gamma =   90.000
     NFFT1 =   32       NFFT2 =   30       NFFT3 =   30
     Cutoff=    8.000   Tol   =0.100E-04
     Ewald Coefficient =  0.34864
     Interpolation order =    4

    LOADING THE CONSTRAINED ATOMS AS GROUPS


   5.  REFERENCE ATOM COORDINATES

  defa
     Mask !:WAT,HOH,T3P,T4P; matches     2 atoms

--------------------------------------------------------------------------------
   3.  ATOMIC COORDINATES AND VELOCITIES
--------------------------------------------------------------------------------

default_name                                                                    
 begin time read from input coords =     2.000 ps

 Number of triangulated 3-point waters found:      600

     Sum of charges from parm topology file =   0.00000000
     Forcing neutrality...

--------------------------------------------------------------------------------
   4.  RESULTS
--------------------------------------------------------------------------------

|  # of SOLUTE  degrees of freedom (RNDFP):    3605.
|  # of SOLVENT degrees of freedom (RNDFS):       0.
|  NDFMIN =    3605.     NUM_NOSHAKE =      0     CORRECTED RNDFP =    3605.
|  TOTAL # of degrees of freedom (RNDF) =    3605.
 ---------------------------------------------------
 APPROXIMATING switch and d/dx switch using CUBIC SPLINE INTERPOLATION
 using   5000.0 points per unit in tabled values
 TESTING RELATIVE ERROR over r ranging from 0.0 to cutoff
| CHECK switch(x): max rel err =   0.2738E-14   at   2.422500
| CHECK d/dx switch(x): max rel err =   0.8332E-11   at   2.782960
 ---------------------------------------------------
| Local SIZE OF NONBOND LIST =     276335
| TOTAL SIZE OF NONBOND LIST =     276335

 NSTEP =      400   TIME(PS) =       2.800  TEMP(K) =   209.52  PRESS =     0.0
 Etot   =     -5254.6651  EKtot   =       750.4674  EPtot      =     -6005.1325
 BOND   =         0.0000  ANGLE   =         0.0000  DIHED      =         0.0000
 1-4 NB =         0.0000  1-4 EEL =         0.0000  VDWAALS    =      1119.3549
 EELEC  =     -7124.6236  EHBOND  =         0.0000  RESTRAINT  =         0.1363
 EAMBER (non-restraint)  =     -6005.2687
 Ewald error estimate:   0.1516E-03
 ------------------------------------------------------------------------------


 NSTEP =      800   TIME(PS) =       3.600  TEMP(K) =   231.93  PRESS =     0.0
 Etot   =     -5028.2761  EKtot   =       830.7461  EPtot      =     -5859.0222
 BOND   =         0.0000  ANGLE   =         0.0000  DIHED      =         0.0000
 1-4 NB =         0.0000  1-4 EEL =         0.0000  VDWAALS    =       989.1312
 EELEC  =     -6848.3848  EHBOND  =         0.0000  RESTRAINT  =         0.2314
 EAMBER (non-restraint)  =     -5859.2536
 Ewald error estimate:   0.5036E-04
 ------------------------------------------------------------------------------


 NSTEP =     1200   TIME(PS) =       4.400  TEMP(K) =   253.27  PRESS =     0.0
 Etot   =     -4862.8936  EKtot   =       907.1902  EPtot      =     -5770.0838
 BOND   =         0.0000  ANGLE   =         0.0000  DIHED      =         0.0000
 1-4 NB =         0.0000  1-4 EEL =         0.0000  VDWAALS    =       946.6444
 EELEC  =     -6716.9818  EHBOND  =         0.0000  RESTRAINT  =         0.2536
 EAMBER (non-restraint)  =     -5770.3375
 Ewald error estimate:   0.1463E-03
 ------------------------------------------------------------------------------


 NSTEP =     1600   TIME(PS) =       5.200  TEMP(K) =   272.22  PRESS =     0.0
 Etot   =     -4744.1800  EKtot   =       975.0555  EPtot      =     -5719.2354
 BOND   =         0.0000  ANGLE   =         0.0000  DIHED      =         0.0000
 1-4 NB =         0.0000  1-4 EEL =         0.0000  VDWAALS    =       937.7180
 EELEC  =     -6657.4162  EHBOND  =         0.0000  RESTRAINT  =         0.4628
 EAMBER (non-restraint)  =     -5719.6982
 Ewald error estimate:   0.1295E-03
 ------------------------------------------------------------------------------


 NSTEP =     2000   TIME(PS) =       6.000  TEMP(K) =   281.36  PRESS =     0.0
 Etot   =     -4653.6281  EKtot   =      1007.8156  EPtot      =     -5661.4437
 BOND   =         0.0000  ANGLE   =         0.0000  DIHED      =         0.0000
 1-4 NB =         0.0000  1-4 EEL =         0.0000  VDWAALS    =       923.0430
 EELEC  =     -6584.6316  EHBOND  =         0.0000  RESTRAINT  =         0.1449
 EAMBER (non-restraint)  =     -5661.5886
 Ewald error estimate:   0.7386E-04
 ------------------------------------------------------------------------------


 NSTEP =     2400   TIME(PS) =       6.800  TEMP(K) =   276.67  PRESS =     0.0
 Etot   =     -4592.0984  EKtot   =       991.0154  EPtot      =     -5583.1138
 BOND   =         0.0000  ANGLE   =         0.0000  DIHED      =         0.0000
 1-4 NB =         0.0000  1-4 EEL =         0.0000  VDWAALS    =       872.4971
 EELEC  =     -6456.4093  EHBOND  =         0.0000  RESTRAINT  =         0.7984
 EAMBER (non-restraint)  =     -5583.9122
 Ewald error estimate:   0.1300E-03
 ------------------------------------------------------------------------------


 NSTEP =     2800   TIME(PS) =       7.600  TEMP(K) =   280.79  PRESS =     0.0
 Etot   =     -4544.3762  EKtot   =      1005.7485  EPtot      =     -5550.1247
 BOND   =         0.0000  ANGLE   =         0.0000  DIHED      =         0.0000
 1-4 NB =         0.0000  1-4 EEL =         0.0000  VDWAALS    =       951.3573
 EELEC  =     -6501.5543  EHBOND  =         0.0000  RESTRAINT  =         0.0722
 EAMBER (non-restraint)  =     -5550.1969
 Ewald error estimate:   0.2249E-03
 ------------------------------------------------------------------------------


 NSTEP =     3200   TIME(PS) =       8.400  TEMP(K) =   287.22  PRESS =     0.0
 Etot   =     -4496.5159  EKtot   =      1028.7959  EPtot      =     -5525.3118
 BOND   =         0.0000  ANGLE   =         0.0000  DIHED      =         0.0000
 1-4 NB =         0.0000  1-4 EEL =         0.0000  VDWAALS    =       917.8759
 EELEC  =     -6443.8805  EHBOND  =         0.0000  RESTRAINT  =         0.6927
 EAMBER (non-restraint)  =     -5526.0045
 Ewald error estimate:   0.2863E-03
 ------------------------------------------------------------------------------


 NSTEP =     3600   TIME(PS) =       9.200  TEMP(K) =   285.31  PRESS =     0.0
 Etot   =     -4462.8064  EKtot   =      1021.9408  EPtot      =     -5484.7473
 BOND   =         0.0000  ANGLE   =         0.0000  DIHED      =         0.0000
 1-4 NB =         0.0000  1-4 EEL =         0.0000  VDWAALS    =       861.1971
 EELEC  =     -6347.4501  EHBOND  =         0.0000  RESTRAINT  =         1.5057
 EAMBER (non-restraint)  =     -5486.2530
 Ewald error estimate:   0.3398E-03
 ------------------------------------------------------------------------------


 NSTEP =     4000   TIME(PS) =      10.000  TEMP(K) =   296.51  PRESS =     0.0
 Etot   =     -4430.9383  EKtot   =      1062.0871  EPtot      =     -5493.0253
 BOND   =         0.0000  ANGLE   =         0.0000  DIHED      =         0.0000
 1-4 NB =         0.0000  1-4 EEL =         0.0000  VDWAALS    =       861.4031
 EELEC  =     -6354.8871  EHBOND  =         0.0000  RESTRAINT  =         0.4586
 EAMBER (non-restraint)  =     -5493.4839
 Ewald error estimate:   0.1097E-03
 ------------------------------------------------------------------------------


      A V E R A G E S   O V E R    4000 S T E P S


 NSTEP =     4000   TIME(PS) =      10.000  TEMP(K) =   260.34  PRESS =     0.0
 Etot   =     -4760.7953  EKtot   =       932.5213  EPtot      =     -5693.3167
 BOND   =         0.0000  ANGLE   =         0.0000  DIHED      =         0.0000
 1-4 NB =         0.0000  1-4 EEL =         0.0000  VDWAALS    =       945.2148
 EELEC  =     -6639.1449  EHBOND  =         0.0000  RESTRAINT  =         0.6134
 EAMBER (non-restraint)  =     -5693.9301
 Ewald error estimate:   0.1861E-03
 ------------------------------------------------------------------------------


      R M S  F L U C T U A T I O N S


 NSTEP =     4000   TIME(PS) =      10.000  TEMP(K) =    31.80  PRESS =     0.0
 Etot   =       299.9532  EKtot   =       113.9120  EPtot      =       188.6630
 BOND   =         0.0000  ANGLE   =         0.0000  DIHED      =         0.0000
 1-4 NB =         0.0000  1-4 EEL =         0.0000  VDWAALS    =        79.7157
 EELEC  =       263.8055  EHBOND  =         0.0000  RESTRAINT  =         0.4404
 EAMBER (non-restraint)  =       188.2226
 Ewald error estimate:   0.1485E-03
 ------------------------------------------------------------------------------


--------------------------------------------------------------------------------
   5.  TIMINGS
--------------------------------------------------------------------------------

|    Read coords time           0.01 ( 0.02% of Total)
|                Build the list             2.44 (97.37% of List )
|                Other                      0.07 ( 2.63% of List )
|             List time                  2.51 ( 6.17% of Nonbo)
|                   Short_ene time            28.53 (99.06% of Direc)
|                   Other                      0.27 ( 0.94% of Direc)
|                Direct Ewald time         28.80 (75.51% of Ewald)
|                Adjust Ewald time          0.27 ( 0.72% of Ewald)
|                Self Ewald time            0.01 ( 0.01% of Ewald)
|                   Fill Bspline coeffs        0.33 ( 3.71% of Recip)
|                   Fill charge grid           0.82 ( 9.14% of Recip)
|                   Scalar sum                 2.52 (28.01% of Recip)
|                   Grad sum                   1.61 (17.94% of Recip)
|                   FFT time                   3.70 (41.14% of Recip)
|                   Other                      0.01 ( 0.07% of Recip)
|                Recip Ewald time           8.98 (23.55% of Ewald)
|                Force Adjust               0.01 ( 0.02% of Ewald)
|                Virial junk                0.04 ( 0.11% of Ewald)
|                Start synchronizatio       0.00 ( 0.01% of Ewald)
|                Other                      0.02 ( 0.06% of Ewald)
|             Ewald time                38.14 (93.78% of Nonbo)
|             IPS excludes               0.00 ( 0.01% of Nonbo)
|             Other                      0.02 ( 0.04% of Nonbo)
|          Nonbond force             40.67 (100.0% of Force)
|          Bond/Angle/Dihedral        0.00 ( 0.01% of Force)
|          Other                      0.02 ( 0.04% of Force)
|       Force time                40.69 (97.93% of Runmd)
|       Shake time                 0.35 ( 0.85% of Runmd)
|       Verlet update time         0.48 ( 1.15% of Runmd)
|       Other                      0.03 ( 0.07% of Runmd)
|    Runmd Time                41.55 (99.82% of Total)
|    Other                      0.07 ( 0.16% of Total)
| Total time                41.63 (100.0% of ALL  )

| Highest rstack allocated:     116904
| Highest istack allocated:       1802

| Final Performance Info:
| -----------------------------------------------------
| Average timings for all steps:
|     Elapsed(s) =      41.56 Per Step(ms) =      10.39
|         ns/day =      16.63   seconds/ns =    5194.44
| -----------------------------------------------------

|           Job began  at 13:57:09.577  on 09/19/2016
|           Setup done at 13:57:09.652  on 09/19/2016
|           Run   done at 13:57:51.205  on 09/19/2016
|     wallclock() was called  176669 times
