
          -------------------------------------------------------
          Amber 14 SANDER                              2014
          -------------------------------------------------------

| Run on 09/19/2016 at 15:42:24

|   Executable path: sander
| Working directory: /home/steboss/Simulation/Cluster/reproducibility/diatomic_pert/logP/1092/inputfiles/cyclo/equilibration
|          Hostname: Unknown
  [-O]verwriting output

File Assignments:
|  MDIN: md00002.in                                                            
| MDOUT: md00002.out                                                           
|INPCRD: min00001.rst7                                                         
|  PARM: solvated.parm7                                                        
|RESTRT: md00002.rst7                                                          
|  REFC: solvated.rst7                                                         
| MDVEL: mdvel                                                                 
| MDFRC: mdfrc                                                                 
|  MDEN: md00002.en                                                            
| MDCRD: md00002.nc                                                            
|MDINFO: md00002.info                                                          
|  MTMD: mtmd                                                                  
|INPDIP: inpdip                                                                
|RSTDIP: rstdip                                                                
|INPTRA: inptraj                                                               


 Here is the input file:

heat the system                                                                
 &cntrl                                                                        
   imin = 0, nstlim = 1000, irest = 0, ntx = 1, dt = 0.002,                    
   nmropt = 1,                                                                 
   ntt = 1, temp0 = 300.0, tempi = 5.0, tautp = 1.0,                           
   ntb = 1, pres0 = 1.0,                                                       
   ntc = 2, ntf = 2,                                                           
   ioutfm = 1, iwrap = 1,                                                      
   ntwe = 200, ntwx = 200, ntpr = 100,                                         
    ntr = 1, restraint_wt = 10.00,                                             
 restraintmask="!:CYC",                                                        
 /                                                                             
                                                                               
 &wt                                                                           
   type = 'TEMP0',                                                             
   istep1 = 0, istep2 = 1000,                                                  
   value1 = 5.0, value2 = 300.0                                                
 /                                                                             
                                                                               
 &wt type = 'END'                                                              
 /                                                                             

--------------------------------------------------------------------------------
   1.  RESOURCE   USE: 
--------------------------------------------------------------------------------

| Flags:                                                                        
 getting new box info from bottom of inpcrd
|  INFO: Old style inpcrd file read

| peek_ewald_inpcrd: Box info found
|Largest sphere to fit in unit cell has radius =    17.072
| New format PARM file being parsed.
| Version =    1.000 Date = 09/19/16 Time = 15:41:24
 NATOM  =    3746 NTYPES =       2 NBONH =    2497 MBONA  =    1248
 NTHETH =    6240 MTHETA =    1248 NPHIH =    9984 MPHIA  =    3744
 NHPARM =       0 NPARM  =       0 NNB   =   22050 NRES   =     209
 NBONA  =    1248 NTHETA =    1248 NPHIA =    3744 NUMBND =       3
 NUMANG =       3 NPTRA  =       5 NATYP =       4 NPHB   =       0
 IFBOX  =       1 NMXRS  =      18 IFCAP =       0 NEXTRA =       0
 NCOPY  =       0


|     Memory Use     Allocated
|     Real              349632
|     Hollerith          11449
|     Integer           798005
|     Max Pairs        1248666
|     nblistReal         44952
|     nblist Int        309019
|       Total            12329 kbytes

| Note: 1-4 EEL scale factors are being read from the topology file.

| Note: 1-4 VDW scale factors are being read from the topology file.
| Duplicated    0 dihedrals
| Duplicated    0 dihedrals

     BOX TYPE: RECTILINEAR

--------------------------------------------------------------------------------
   2.  CONTROL  DATA  FOR  THE  RUN
--------------------------------------------------------------------------------

default_name                                                                    

General flags:
     imin    =       0, nmropt  =       1

Nature and format of input:
     ntx     =       1, irest   =       0, ntrx    =       1

Nature and format of output:
     ntxo    =       1, ntpr    =     100, ntrx    =       1, ntwr    =     500
     iwrap   =       1, ntwx    =     200, ntwv    =       0, ntwe    =     200
     ioutfm  =       1, ntwprt  =       0, idecomp =       0, rbornstat=      0

Potential function:
     ntf     =       2, ntb     =       1, igb     =       0, nsnb    =      25
     ipol    =       0, gbsa    =       0, iesp    =       0
     dielc   =   1.00000, cut     =   8.00000, intdiel =   1.00000

Frozen or restrained atoms:
     ibelly  =       0, ntr     =       1
     restraint_wt =  10.00000

Molecular dynamics:
     nstlim  =      1000, nscm    =         0, nrespa  =         1
     t       =   0.00000, dt      =   0.00200, vlimit  =  20.00000

Berendsen (weak-coupling) temperature regulation:
     temp0   = 300.00000, tempi   =   5.00000, tautp   =   1.00000

SHAKE:
     ntc     =       2, jfastw  =       0
     tol     =   0.00001

NMR refinement options:
     iscale  =       0, noeskp  =       1, ipnlty  =       1, mxsub   =       1
     scalm   = 100.00000, pencut  =   0.10000, tausw   =   0.10000

Ewald parameters:
     verbose =       0, ew_type =       0, nbflag  =       1, use_pme =       1
     vdwmeth =       1, eedmeth =       1, netfrc  =       1
     Box X =   34.145   Box Y =   43.729   Box Z =   45.594
     Alpha =   90.000   Beta  =   90.000   Gamma =   90.000
     NFFT1 =   36       NFFT2 =   45       NFFT3 =   45
     Cutoff=    8.000   Tol   =0.100E-04
     Ewald Coefficient =  0.34864
     Interpolation order =    4

    LOADING THE CONSTRAINED ATOMS AS GROUPS


   5.  REFERENCE ATOM COORDINATES

  defa
     Mask !:CYC; matches     2 atoms

--------------------------------------------------------------------------------
   3.  ATOMIC COORDINATES AND VELOCITIES
--------------------------------------------------------------------------------

defa                                                                            
 begin time read from input coords =     0.000 ps



           Begin reading energy term weight changes/NMR restraints
 WEIGHT CHANGES:
 TEMP0         0   1000    5.000000  300.000000      0      0

 RESTRAINTS:
                          ** No restraint defined **

                  Done reading weight changes/NMR restraints


 Number of triangulated 3-point waters found:        0

     Sum of charges from parm topology file =   0.00000014
     Forcing neutrality...

--------------------------------------------------------------------------------
   4.  RESULTS
--------------------------------------------------------------------------------

|  # of SOLUTE  degrees of freedom (RNDFP):    8741.
|  # of SOLVENT degrees of freedom (RNDFS):       0.
|  NDFMIN =    8741.     NUM_NOSHAKE =      0     CORRECTED RNDFP =    8741.
|  TOTAL # of degrees of freedom (RNDF) =    8741.
 ---------------------------------------------------
 APPROXIMATING switch and d/dx switch using CUBIC SPLINE INTERPOLATION
 using   5000.0 points per unit in tabled values
 TESTING RELATIVE ERROR over r ranging from 0.0 to cutoff
| CHECK switch(x): max rel err =   0.2738E-14   at   2.422500
| CHECK d/dx switch(x): max rel err =   0.8332E-11   at   2.782960
 ---------------------------------------------------
| Local SIZE OF NONBOND LIST =     424246
| TOTAL SIZE OF NONBOND LIST =     424246

 NSTEP =        0   TIME(PS) =       0.000  TEMP(K) =     6.48  PRESS =     0.0
 Etot   =       606.6417  EKtot   =        56.2660  EPtot      =       550.3757
 BOND   =        32.6672  ANGLE   =        46.6463  DIHED      =       581.1707
 1-4 NB =       533.5837  1-4 EEL =      -174.2650  VDWAALS    =      -762.4424
 EELEC  =       293.0153  EHBOND  =         0.0000  RESTRAINT  =         0.0000
 EAMBER (non-restraint)  =       550.3757
 Ewald error estimate:   0.2675E-02
 ------------------------------------------------------------------------------

 NMR restraints: Bond =    0.000   Angle =     0.000   Torsion =     0.000
===============================================================================

 NSTEP =      100   TIME(PS) =       0.200  TEMP(K) =     4.50  PRESS =     0.0
 Etot   =       612.7352  EKtot   =        39.0747  EPtot      =       573.6605
 BOND   =        36.1432  ANGLE   =        62.2140  DIHED      =       581.9335
 1-4 NB =       538.2737  1-4 EEL =      -174.7919  VDWAALS    =      -763.5326
 EELEC  =       293.4011  EHBOND  =         0.0000  RESTRAINT  =         0.0195
 EAMBER (non-restraint)  =       573.6410
 Ewald error estimate:   0.1737E-02
 ------------------------------------------------------------------------------

 NMR restraints: Bond =    0.000   Angle =     0.000   Torsion =     0.000
===============================================================================

 NSTEP =      200   TIME(PS) =       0.400  TEMP(K) =    12.00  PRESS =     0.0
 Etot   =       674.5369  EKtot   =       104.1904  EPtot      =       570.3465
 BOND   =        36.9644  ANGLE   =        71.4533  DIHED      =       582.6995
 1-4 NB =       542.2425  1-4 EEL =      -175.0717  VDWAALS    =      -781.5458
 EELEC  =       293.5632  EHBOND  =         0.0000  RESTRAINT  =         0.0412
 EAMBER (non-restraint)  =       570.3053
 Ewald error estimate:   0.9100E-03
 ------------------------------------------------------------------------------

 NMR restraints: Bond =    0.000   Angle =     0.000   Torsion =     0.000
===============================================================================

 NSTEP =      300   TIME(PS) =       0.600  TEMP(K) =    23.73  PRESS =     0.0
 Etot   =       779.5734  EKtot   =       206.1235  EPtot      =       573.4499
 BOND   =        38.5671  ANGLE   =        94.8920  DIHED      =       585.9935
 1-4 NB =       541.0836  1-4 EEL =      -174.3878  VDWAALS    =      -805.9334
 EELEC  =       293.2159  EHBOND  =         0.0000  RESTRAINT  =         0.0191
 EAMBER (non-restraint)  =       573.4309
 Ewald error estimate:   0.5616E-03
 ------------------------------------------------------------------------------

 NMR restraints: Bond =    0.000   Angle =     0.000   Torsion =     0.000
===============================================================================

 NSTEP =      400   TIME(PS) =       0.800  TEMP(K) =    39.59  PRESS =     0.0
 Etot   =       909.6992  EKtot   =       343.8516  EPtot      =       565.8475
 BOND   =        42.6813  ANGLE   =       104.3163  DIHED      =       587.8011
 1-4 NB =       548.4538  1-4 EEL =      -175.5160  VDWAALS    =      -835.5226
 EELEC  =       293.5937  EHBOND  =         0.0000  RESTRAINT  =         0.0399
 EAMBER (non-restraint)  =       565.8076
 Ewald error estimate:   0.1442E-03
 ------------------------------------------------------------------------------

 NMR restraints: Bond =    0.000   Angle =     0.000   Torsion =     0.000
===============================================================================

 NSTEP =      500   TIME(PS) =       1.000  TEMP(K) =    54.80  PRESS =     0.0
 Etot   =      1062.0227  EKtot   =       475.9754  EPtot      =       586.0473
 BOND   =        49.8453  ANGLE   =       135.6575  DIHED      =       590.8749
 1-4 NB =       552.1183  1-4 EEL =      -175.5349  VDWAALS    =      -860.6166
 EELEC  =       293.6434  EHBOND  =         0.0000  RESTRAINT  =         0.0593
 EAMBER (non-restraint)  =       585.9880
 Ewald error estimate:   0.4598E-04
 ------------------------------------------------------------------------------

 NMR restraints: Bond =    0.000   Angle =     0.000   Torsion =     0.000
===============================================================================

 NSTEP =      600   TIME(PS) =       1.200  TEMP(K) =    77.58  PRESS =     0.0
 Etot   =      1231.6181  EKtot   =       673.7874  EPtot      =       557.8307
 BOND   =        45.5448  ANGLE   =       126.2277  DIHED      =       599.7611
 1-4 NB =       545.9795  1-4 EEL =      -173.8846  VDWAALS    =      -878.6594
 EELEC  =       292.8363  EHBOND  =         0.0000  RESTRAINT  =         0.0253
 EAMBER (non-restraint)  =       557.8054
 Ewald error estimate:   0.5785E-04
 ------------------------------------------------------------------------------

 NMR restraints: Bond =    0.000   Angle =     0.000   Torsion =     0.000
===============================================================================

 NSTEP =      700   TIME(PS) =       1.400  TEMP(K) =    95.37  PRESS =     0.0
 Etot   =      1424.0193  EKtot   =       828.2854  EPtot      =       595.7339
 BOND   =        45.6672  ANGLE   =       164.8848  DIHED      =       607.0748
 1-4 NB =       554.2573  1-4 EEL =      -174.5824  VDWAALS    =      -894.7042
 EELEC  =       293.0529  EHBOND  =         0.0000  RESTRAINT  =         0.0835
 EAMBER (non-restraint)  =       595.6503
 Ewald error estimate:   0.1234E-03
 ------------------------------------------------------------------------------

 NMR restraints: Bond =    0.000   Angle =     0.000   Torsion =     0.000
===============================================================================

 NSTEP =      800   TIME(PS) =       1.600  TEMP(K) =   113.72  PRESS =     0.0
 Etot   =      1635.0958  EKtot   =       987.6759  EPtot      =       647.4199
 BOND   =        58.8256  ANGLE   =       194.0789  DIHED      =       613.8256
 1-4 NB =       554.7858  1-4 EEL =      -174.8021  VDWAALS    =      -892.6574
 EELEC  =       293.2273  EHBOND  =         0.0000  RESTRAINT  =         0.1362
 EAMBER (non-restraint)  =       647.2837
 Ewald error estimate:   0.8050E-04
 ------------------------------------------------------------------------------

 NMR restraints: Bond =    0.000   Angle =     0.000   Torsion =     0.000
===============================================================================

 NSTEP =      900   TIME(PS) =       1.800  TEMP(K) =   131.37  PRESS =     0.0
 Etot   =      1861.2481  EKtot   =      1140.9393  EPtot      =       720.3089
 BOND   =        60.2014  ANGLE   =       219.1388  DIHED      =       629.0095
 1-4 NB =       561.4761  1-4 EEL =      -173.9554  VDWAALS    =      -868.5569
 EELEC  =       292.9532  EHBOND  =         0.0000  RESTRAINT  =         0.0423
 EAMBER (non-restraint)  =       720.2666
 Ewald error estimate:   0.2698E-03
 ------------------------------------------------------------------------------

 NMR restraints: Bond =    0.000   Angle =     0.000   Torsion =     0.000
===============================================================================

 NSTEP =     1000   TIME(PS) =       2.000  TEMP(K) =   153.96  PRESS =     0.0
 Etot   =      2104.2299  EKtot   =      1337.1370  EPtot      =       767.0930
 BOND   =        62.6552  ANGLE   =       248.0575  DIHED      =       643.9107
 1-4 NB =       561.3890  1-4 EEL =      -172.7804  VDWAALS    =      -868.5093
 EELEC  =       292.3244  EHBOND  =         0.0000  RESTRAINT  =         0.0457
 EAMBER (non-restraint)  =       767.0473
 Ewald error estimate:   0.2531E-04
 ------------------------------------------------------------------------------

 NMR restraints: Bond =    0.000   Angle =     0.000   Torsion =     0.000
===============================================================================

      A V E R A G E S   O V E R    1000 S T E P S


 NSTEP =     1000   TIME(PS) =       2.000  TEMP(K) =    63.40  PRESS =     0.0
 Etot   =      1152.4113  EKtot   =       550.6346  EPtot      =       601.7767
 BOND   =        45.8287  ANGLE   =       129.1008  DIHED      =       599.3290
 1-4 NB =       548.4779  1-4 EEL =      -174.5684  VDWAALS    =      -839.6395
 EELEC  =       293.1971  EHBOND  =         0.0000  RESTRAINT  =         0.0511
 EAMBER (non-restraint)  =       601.7256
 Ewald error estimate:   0.5336E-03
 ------------------------------------------------------------------------------

 NMR restraints: Bond =    0.000   Angle =     0.000   Torsion =     0.000
===============================================================================

      R M S  F L U C T U A T I O N S


 NSTEP =     1000   TIME(PS) =       2.000  TEMP(K) =    47.58  PRESS =     0.0
 Etot   =       459.2078  EKtot   =       413.2659  EPtot      =        54.7863
 BOND   =         8.8430  ANGLE   =        54.2023  DIHED      =        18.1097
 1-4 NB =         8.1449  1-4 EEL =         0.6320  VDWAALS    =        47.0565
 EELEC  =         0.3608  EHBOND  =         0.0000  RESTRAINT  =         0.0374
 EAMBER (non-restraint)  =        54.7489
 Ewald error estimate:   0.6750E-03
 ------------------------------------------------------------------------------


 NMR restraints on final step:


--------------------------------------------------------------------------------
   5.  TIMINGS
--------------------------------------------------------------------------------

|    Read coords time           0.01 ( 0.04% of Total)
|                Build the list             0.42 (91.65% of List )
|                Other                      0.04 ( 8.35% of List )
|             List time                  0.45 ( 2.58% of Nonbo)
|                   Short_ene time            10.26 (98.48% of Direc)
|                   Other                      0.16 ( 1.52% of Direc)
|                Direct Ewald time         10.41 (60.69% of Ewald)
|                Adjust Ewald time          0.74 ( 4.29% of Ewald)
|                Self Ewald time            0.00 ( 0.01% of Ewald)
|                   Fill Bspline coeffs        0.17 ( 3.05% of Recip)
|                   Fill charge grid           0.45 ( 8.08% of Recip)
|                   Scalar sum                 1.59 (28.33% of Recip)
|                   Grad sum                   0.86 (15.28% of Recip)
|                   FFT time                   2.53 (45.23% of Recip)
|                   Other                      0.00 ( 0.03% of Recip)
|                Recip Ewald time           5.60 (32.65% of Ewald)
|                Force Adjust               0.00 ( 0.03% of Ewald)
|                Virial junk                0.02 ( 0.10% of Ewald)
|                Other                      0.38 ( 2.23% of Ewald)
|             Ewald time                17.16 (97.40% of Nonbo)
|             Other                      0.00 ( 0.02% of Nonbo)
|          Nonbond force             17.62 (84.95% of Force)
|          Bond/Angle/Dihedral        3.11 (15.00% of Force)
|          Other                      0.01 ( 0.06% of Force)
|       Force time                20.74 (98.08% of Runmd)
|       Shake time                 0.13 ( 0.62% of Runmd)
|       Verlet update time         0.25 ( 1.19% of Runmd)
|       Other                      0.02 ( 0.11% of Runmd)
|    Runmd Time                21.15 (99.55% of Total)
|    Other                      0.09 ( 0.41% of Total)
| Total time                21.24 (100.0% of ALL  )

| Highest rstack allocated:     265156
| Highest istack allocated:       3746

| Final Performance Info:
| -----------------------------------------------------
| Average timings for all steps:
|     Elapsed(s) =      21.15 Per Step(ms) =      21.15
|         ns/day =       8.17   seconds/ns =   10573.66
| -----------------------------------------------------

|           Job began  at 15:42:24.646  on 09/19/2016
|           Setup done at 15:42:24.742  on 09/19/2016
|           Run   done at 15:42:45.887  on 09/19/2016
|     wallclock() was called   44127 times
