
          -------------------------------------------------------
          Amber 14 SANDER                              2014
          -------------------------------------------------------

| Run on 09/21/2016 at 13:56:40

|   Executable path: sander
| Working directory: /home/steboss/Simulation/Cluster/reproducibility/diatomic_pert/logP/no_vdW/run003/1092/inputfiles/cyclo/equilibration
|          Hostname: Unknown
  [-O]verwriting output

File Assignments:
|  MDIN: md00002.in                                                            
| MDOUT: md00002.out                                                           
|INPCRD: min00001.rst7                                                         
|  PARM: solvated.parm7                                                        
|RESTRT: md00002.rst7                                                          
|  REFC: solvated.rst7                                                         
| MDVEL: mdvel                                                                 
| MDFRC: mdfrc                                                                 
|  MDEN: md00002.en                                                            
| MDCRD: md00002.nc                                                            
|MDINFO: md00002.info                                                          
|  MTMD: mtmd                                                                  
|INPDIP: inpdip                                                                
|RSTDIP: rstdip                                                                
|INPTRA: inptraj                                                               


 Here is the input file:

heat the system                                                                
 &cntrl                                                                        
   imin = 0, nstlim = 1000, irest = 0, ntx = 1, dt = 0.002,                    
   nmropt = 1,                                                                 
   ntt = 1, temp0 = 300.0, tempi = 5.0, tautp = 1.0,                           
   ntb = 1, pres0 = 1.0,                                                       
   ntc = 2, ntf = 2,                                                           
   ioutfm = 1, iwrap = 1,                                                      
   ntwe = 200, ntwx = 200, ntpr = 100,                                         
    ntr = 1, restraint_wt = 10.00,                                             
 restraintmask="!:CYC",                                                        
 /                                                                             
                                                                               
 &wt                                                                           
   type = 'TEMP0',                                                             
   istep1 = 0, istep2 = 1000,                                                  
   value1 = 5.0, value2 = 300.0                                                
 /                                                                             
                                                                               
 &wt type = 'END'                                                              
 /                                                                             

--------------------------------------------------------------------------------
   1.  RESOURCE   USE: 
--------------------------------------------------------------------------------

| Flags:                                                                        
 getting new box info from bottom of inpcrd
|  INFO: Old style inpcrd file read

| peek_ewald_inpcrd: Box info found
|Largest sphere to fit in unit cell has radius =    15.198
| New format PARM file being parsed.
| Version =    1.000 Date = 09/21/16 Time = 13:53:02
 NATOM  =    2486 NTYPES =       3 NBONH =    1657 MBONA  =     828
 NTHETH =    4140 MTHETA =     828 NPHIH =    6624 MPHIA  =    2484
 NHPARM =       0 NPARM  =       0 NNB   =   14630 NRES   =     139
 NBONA  =     828 NTHETA =     828 NPHIA =    2484 NUMBND =       3
 NUMANG =       3 NPTRA  =       5 NATYP =       4 NPHB   =       0
 IFBOX  =       1 NMXRS  =      18 IFCAP =       0 NEXTRA =       0
 NCOPY  =       0


|     Memory Use     Allocated
|     Real              261423
|     Hollerith           7599
|     Integer           536210
|     Max Pairs         828666
|     nblistReal         29832
|     nblist Int        209647
|       Total             8455 kbytes

| Note: 1-4 EEL scale factors are being read from the topology file.

| Note: 1-4 VDW scale factors are being read from the topology file.
| Duplicated    0 dihedrals
| Duplicated    0 dihedrals

     BOX TYPE: RECTILINEAR

--------------------------------------------------------------------------------
   2.  CONTROL  DATA  FOR  THE  RUN
--------------------------------------------------------------------------------

default_name                                                                    

General flags:
     imin    =       0, nmropt  =       1

Nature and format of input:
     ntx     =       1, irest   =       0, ntrx    =       1

Nature and format of output:
     ntxo    =       1, ntpr    =     100, ntrx    =       1, ntwr    =     500
     iwrap   =       1, ntwx    =     200, ntwv    =       0, ntwe    =     200
     ioutfm  =       1, ntwprt  =       0, idecomp =       0, rbornstat=      0

Potential function:
     ntf     =       2, ntb     =       1, igb     =       0, nsnb    =      25
     ipol    =       0, gbsa    =       0, iesp    =       0
     dielc   =   1.00000, cut     =   8.00000, intdiel =   1.00000

Frozen or restrained atoms:
     ibelly  =       0, ntr     =       1
     restraint_wt =  10.00000

Molecular dynamics:
     nstlim  =      1000, nscm    =         0, nrespa  =         1
     t       =   0.00000, dt      =   0.00200, vlimit  =  20.00000

Berendsen (weak-coupling) temperature regulation:
     temp0   = 300.00000, tempi   =   5.00000, tautp   =   1.00000

SHAKE:
     ntc     =       2, jfastw  =       0
     tol     =   0.00001

NMR refinement options:
     iscale  =       0, noeskp  =       1, ipnlty  =       1, mxsub   =       1
     scalm   = 100.00000, pencut  =   0.10000, tausw   =   0.10000

Ewald parameters:
     verbose =       0, ew_type =       0, nbflag  =       1, use_pme =       1
     vdwmeth =       1, eedmeth =       1, netfrc  =       1
     Box X =   34.145   Box Y =   43.729   Box Z =   30.396
     Alpha =   90.000   Beta  =   90.000   Gamma =   90.000
     NFFT1 =   36       NFFT2 =   45       NFFT3 =   30
     Cutoff=    8.000   Tol   =0.100E-04
     Ewald Coefficient =  0.34864
     Interpolation order =    4

    LOADING THE CONSTRAINED ATOMS AS GROUPS


   5.  REFERENCE ATOM COORDINATES

  defa
     Mask !:CYC; matches     2 atoms

--------------------------------------------------------------------------------
   3.  ATOMIC COORDINATES AND VELOCITIES
--------------------------------------------------------------------------------

defa                                                                            
 begin time read from input coords =     0.000 ps



           Begin reading energy term weight changes/NMR restraints
 WEIGHT CHANGES:
 TEMP0         0   1000    5.000000  300.000000      0      0

 RESTRAINTS:
                          ** No restraint defined **

                  Done reading weight changes/NMR restraints


 Number of triangulated 3-point waters found:        0

     Sum of charges from parm topology file =   0.00000009
     Forcing neutrality...

--------------------------------------------------------------------------------
   4.  RESULTS
--------------------------------------------------------------------------------

|  # of SOLUTE  degrees of freedom (RNDFP):    5801.
|  # of SOLVENT degrees of freedom (RNDFS):       0.
|  NDFMIN =    5801.     NUM_NOSHAKE =      0     CORRECTED RNDFP =    5801.
|  TOTAL # of degrees of freedom (RNDF) =    5801.
 ---------------------------------------------------
 APPROXIMATING switch and d/dx switch using CUBIC SPLINE INTERPOLATION
 using   5000.0 points per unit in tabled values
 TESTING RELATIVE ERROR over r ranging from 0.0 to cutoff
| CHECK switch(x): max rel err =   0.2738E-14   at   2.422500
| CHECK d/dx switch(x): max rel err =   0.8332E-11   at   2.782960
 ---------------------------------------------------
| Local SIZE OF NONBOND LIST =     280357
| TOTAL SIZE OF NONBOND LIST =     280357

 NSTEP =        0   TIME(PS) =       0.000  TEMP(K) =     6.44  PRESS =     0.0
 Etot   =       404.2958  EKtot   =        37.1472  EPtot      =       367.1486
 BOND   =        21.6482  ANGLE   =        29.7062  DIHED      =       385.2873
 1-4 NB =       355.4901  1-4 EEL =      -115.9027  VDWAALS    =      -503.6265
 EELEC  =       194.5460  EHBOND  =         0.0000  RESTRAINT  =         0.0000
 EAMBER (non-restraint)  =       367.1486
 Ewald error estimate:   0.2620E-02
 ------------------------------------------------------------------------------

 NMR restraints: Bond =    0.000   Angle =     0.000   Torsion =     0.000
===============================================================================

 NSTEP =      100   TIME(PS) =       0.200  TEMP(K) =     4.46  PRESS =     0.0
 Etot   =       408.2004  EKtot   =        25.6923  EPtot      =       382.5081
 BOND   =        23.9610  ANGLE   =        42.2100  DIHED      =       385.9836
 1-4 NB =       356.4066  1-4 EEL =      -115.8733  VDWAALS    =      -504.8082
 EELEC  =       194.6090  EHBOND  =         0.0000  RESTRAINT  =         0.0194
 EAMBER (non-restraint)  =       382.4887
 Ewald error estimate:   0.1680E-02
 ------------------------------------------------------------------------------

 NMR restraints: Bond =    0.000   Angle =     0.000   Torsion =     0.000
===============================================================================

 NSTEP =      200   TIME(PS) =       0.400  TEMP(K) =    12.25  PRESS =     0.0
 Etot   =       449.1483  EKtot   =        70.5804  EPtot      =       378.5679
 BOND   =        24.6859  ANGLE   =        47.5913  DIHED      =       387.4853
 1-4 NB =       358.2165  1-4 EEL =      -115.8113  VDWAALS    =      -518.2205
 EELEC  =       194.5797  EHBOND  =         0.0000  RESTRAINT  =         0.0410
 EAMBER (non-restraint)  =       378.5270
 Ewald error estimate:   0.8822E-03
 ------------------------------------------------------------------------------

 NMR restraints: Bond =    0.000   Angle =     0.000   Torsion =     0.000
===============================================================================

 NSTEP =      300   TIME(PS) =       0.600  TEMP(K) =    23.70  PRESS =     0.0
 Etot   =       518.5897  EKtot   =       136.6215  EPtot      =       381.9682
 BOND   =        24.7640  ANGLE   =        61.9225  DIHED      =       387.3579
 1-4 NB =       361.3938  1-4 EEL =      -116.1250  VDWAALS    =      -532.1381
 EELEC  =       194.7740  EHBOND  =         0.0000  RESTRAINT  =         0.0191
 EAMBER (non-restraint)  =       381.9490
 Ewald error estimate:   0.2967E-03
 ------------------------------------------------------------------------------

 NMR restraints: Bond =    0.000   Angle =     0.000   Torsion =     0.000
===============================================================================

 NSTEP =      400   TIME(PS) =       0.800  TEMP(K) =    39.09  PRESS =     0.0
 Etot   =       605.3788  EKtot   =       225.2824  EPtot      =       380.0963
 BOND   =        28.8748  ANGLE   =        69.3602  DIHED      =       391.4638
 1-4 NB =       361.9627  1-4 EEL =      -116.1353  VDWAALS    =      -550.0825
 EELEC  =       194.6127  EHBOND  =         0.0000  RESTRAINT  =         0.0398
 EAMBER (non-restraint)  =       380.0565
 Ewald error estimate:   0.3313E-04
 ------------------------------------------------------------------------------

 NMR restraints: Bond =    0.000   Angle =     0.000   Torsion =     0.000
===============================================================================

 NSTEP =      500   TIME(PS) =       1.000  TEMP(K) =    53.99  PRESS =     0.0
 Etot   =       707.3385  EKtot   =       311.1686  EPtot      =       396.1699
 BOND   =        33.6091  ANGLE   =        87.2541  DIHED      =       392.6777
 1-4 NB =       362.9493  1-4 EEL =      -115.8375  VDWAALS    =      -559.1157
 EELEC  =       194.5737  EHBOND  =         0.0000  RESTRAINT  =         0.0592
 EAMBER (non-restraint)  =       396.1107
 Ewald error estimate:   0.3460E-03
 ------------------------------------------------------------------------------

 NMR restraints: Bond =    0.000   Angle =     0.000   Torsion =     0.000
===============================================================================

 NSTEP =      600   TIME(PS) =       1.200  TEMP(K) =    77.56  PRESS =     0.0
 Etot   =       819.7599  EKtot   =       447.0233  EPtot      =       372.7366
 BOND   =        28.1761  ANGLE   =        80.9214  DIHED      =       396.0240
 1-4 NB =       367.4885  1-4 EEL =      -116.2299  VDWAALS    =      -578.4536
 EELEC  =       194.7852  EHBOND  =         0.0000  RESTRAINT  =         0.0248
 EAMBER (non-restraint)  =       372.7118
 Ewald error estimate:   0.1029E-03
 ------------------------------------------------------------------------------

 NMR restraints: Bond =    0.000   Angle =     0.000   Torsion =     0.000
===============================================================================

 NSTEP =      700   TIME(PS) =       1.400  TEMP(K) =    95.41  PRESS =     0.0
 Etot   =       945.5173  EKtot   =       549.9176  EPtot      =       395.5997
 BOND   =        30.1040  ANGLE   =       106.3665  DIHED      =       402.7100
 1-4 NB =       367.9289  1-4 EEL =      -115.8742  VDWAALS    =      -590.1324
 EELEC  =       194.4148  EHBOND  =         0.0000  RESTRAINT  =         0.0821
 EAMBER (non-restraint)  =       395.5176
 Ewald error estimate:   0.3803E-03
 ------------------------------------------------------------------------------

 NMR restraints: Bond =    0.000   Angle =     0.000   Torsion =     0.000
===============================================================================

 NSTEP =      800   TIME(PS) =       1.600  TEMP(K) =   114.41  PRESS =     0.0
 Etot   =      1082.4152  EKtot   =       659.4255  EPtot      =       422.9897
 BOND   =        39.6409  ANGLE   =       128.6802  DIHED      =       406.2144
 1-4 NB =       364.4406  1-4 EEL =      -115.6313  VDWAALS    =      -594.9086
 EELEC  =       194.4199  EHBOND  =         0.0000  RESTRAINT  =         0.1337
 EAMBER (non-restraint)  =       422.8560
 Ewald error estimate:   0.2077E-03
 ------------------------------------------------------------------------------

 NMR restraints: Bond =    0.000   Angle =     0.000   Torsion =     0.000
===============================================================================

 NSTEP =      900   TIME(PS) =       1.800  TEMP(K) =   134.44  PRESS =     0.0
 Etot   =      1230.9250  EKtot   =       774.8652  EPtot      =       456.0599
 BOND   =        39.5212  ANGLE   =       140.0814  DIHED      =       413.8254
 1-4 NB =       374.0462  1-4 EEL =      -115.9459  VDWAALS    =      -590.1084
 EELEC  =       194.5982  EHBOND  =         0.0000  RESTRAINT  =         0.0419
 EAMBER (non-restraint)  =       456.0180
 Ewald error estimate:   0.1055E-03
 ------------------------------------------------------------------------------

 NMR restraints: Bond =    0.000   Angle =     0.000   Torsion =     0.000
===============================================================================

 NSTEP =     1000   TIME(PS) =       2.000  TEMP(K) =   152.55  PRESS =     0.0
 Etot   =      1392.1888  EKtot   =       879.2893  EPtot      =       512.8995
 BOND   =        39.9504  ANGLE   =       161.4398  DIHED      =       424.9042
 1-4 NB =       375.8622  1-4 EEL =      -115.0375  VDWAALS    =      -568.3251
 EELEC  =       194.0551  EHBOND  =         0.0000  RESTRAINT  =         0.0505
 EAMBER (non-restraint)  =       512.8490
 Ewald error estimate:   0.2051E-03
 ------------------------------------------------------------------------------

 NMR restraints: Bond =    0.000   Angle =     0.000   Torsion =     0.000
===============================================================================

      A V E R A G E S   O V E R    1000 S T E P S


 NSTEP =     1000   TIME(PS) =       2.000  TEMP(K) =    63.79  PRESS =     0.0
 Etot   =       765.0683  EKtot   =       367.7036  EPtot      =       397.3648
 BOND   =        30.0397  ANGLE   =        83.9815  DIHED      =       396.7695
 1-4 NB =       363.7354  1-4 EEL =      -115.8517  VDWAALS    =      -555.9164
 EELEC  =       194.5561  EHBOND  =         0.0000  RESTRAINT  =         0.0507
 EAMBER (non-restraint)  =       397.3140
 Ewald error estimate:   0.5180E-03
 ------------------------------------------------------------------------------

 NMR restraints: Bond =    0.000   Angle =     0.000   Torsion =     0.000
===============================================================================

      R M S  F L U C T U A T I O N S


 NSTEP =     1000   TIME(PS) =       2.000  TEMP(K) =    47.90  PRESS =     0.0
 Etot   =       302.7694  EKtot   =       276.1062  EPtot      =        33.7892
 BOND   =         5.5930  ANGLE   =        35.0704  DIHED      =        11.5329
 1-4 NB =         6.1480  1-4 EEL =         0.4110  VDWAALS    =        32.4011
 EELEC  =         0.2328  EHBOND  =         0.0000  RESTRAINT  =         0.0372
 EAMBER (non-restraint)  =        33.7520
 Ewald error estimate:   0.6576E-03
 ------------------------------------------------------------------------------


 NMR restraints on final step:


--------------------------------------------------------------------------------
   5.  TIMINGS
--------------------------------------------------------------------------------

|    Read coords time           0.16 ( 0.79% of Total)
|                Build the list             0.28 (89.94% of List )
|                Other                      0.03 (10.06% of List )
|             List time                  0.31 ( 2.69% of Nonbo)
|                   Short_ene time             6.67 (98.67% of Direc)
|                   Other                      0.09 ( 1.33% of Direc)
|                Direct Ewald time          6.76 (59.97% of Ewald)
|                Adjust Ewald time          0.49 ( 4.34% of Ewald)
|                Self Ewald time            0.00 ( 0.01% of Ewald)
|                   Fill Bspline coeffs        0.11 ( 3.05% of Recip)
|                   Fill charge grid           0.29 ( 7.84% of Recip)
|                   Scalar sum                 1.07 (28.65% of Recip)
|                   Grad sum                   0.57 (15.31% of Recip)
|                   FFT time                   1.69 (45.10% of Recip)
|                   Other                      0.00 ( 0.05% of Recip)
|                Recip Ewald time           3.75 (33.25% of Ewald)
|                Force Adjust               0.00 ( 0.03% of Ewald)
|                Virial junk                0.01 ( 0.11% of Ewald)
|                Start synchronizatio       0.00 ( 0.01% of Ewald)
|                Other                      0.26 ( 2.28% of Ewald)
|             Ewald time                11.27 (97.27% of Nonbo)
|             IPS excludes               0.00 ( 0.01% of Nonbo)
|             Other                      0.00 ( 0.03% of Nonbo)
|          Nonbond force             11.59 (84.52% of Force)
|          Bond/Angle/Dihedral        2.11 (15.42% of Force)
|          Other                      0.01 ( 0.06% of Force)
|       Force time                13.71 (77.05% of Runmd)
|       Shake time                 0.09 ( 0.48% of Runmd)
|       Verlet update time         3.76 (21.14% of Runmd)
|       Other                      0.24 ( 1.32% of Runmd)
|    Runmd Time                17.79 (90.22% of Total)
|    Other                      1.77 ( 8.99% of Total)
| Total time                19.72 (100.0% of ALL  )

| Highest rstack allocated:     178336
| Highest istack allocated:       2486

| Final Performance Info:
| -----------------------------------------------------
| Average timings for all steps:
|     Elapsed(s) =      17.87 Per Step(ms) =      17.87
|         ns/day =       9.67   seconds/ns =    8936.34
| -----------------------------------------------------

|           Job began  at 13:56:39.811  on 09/21/2016
|           Setup done at 13:56:41.740  on 09/21/2016
|           Run   done at 13:56:59.532  on 09/21/2016
|     wallclock() was called   44121 times
