
          -------------------------------------------------------
          Amber 14 SANDER                              2014
          -------------------------------------------------------

| Run on 08/30/2016 at 15:49:14

|   Executable path: sander
| Working directory: /home/steboss/Simulation/Cluster/reproducibility/diatomic_pert/logP/allbonds/inputfiles/HC~HH_cyc/diff_masses/_ligands
|          Hostname: Unknown
  [-O]verwriting output

File Assignments:
|  MDIN: md00002.in                                                            
| MDOUT: md00002.out                                                           
|INPCRD: min00001.rst7                                                         
|  PARM: solvated.parm7                                                        
|RESTRT: md00002.rst7                                                          
|  REFC: solvated.rst7                                                         
| MDVEL: mdvel                                                                 
| MDFRC: mdfrc                                                                 
|  MDEN: md00002.en                                                            
| MDCRD: md00002.nc                                                            
|MDINFO: md00002.info                                                          
|  MTMD: mtmd                                                                  
|INPDIP: inpdip                                                                
|RSTDIP: rstdip                                                                
|INPTRA: inptraj                                                               


 Here is the input file:

heat the system                                                                
 &cntrl                                                                        
   imin = 0, nstlim = 2000, irest = 0, ntx = 1, dt = 0.002,                    
   nmropt = 1,                                                                 
   ntt = 1, temp0 = 300.0, tempi = 5.0, tautp = 1.0,                           
   ntb = 1, pres0 = 1.0,                                                       
   ntc = 2, ntf = 2,                                                           
   ioutfm = 1, iwrap = 1,                                                      
   ntwe = 200, ntwx = 200, ntpr = 100,                                         
    ntr = 1, restraint_wt = 10.00,                                             
 restraintmask="!:CYC,WAT,HOH,T3P,T4P",                                        
 /                                                                             
                                                                               
 &wt                                                                           
   type = 'TEMP0',                                                             
   istep1 = 0, istep2 = 10000,                                                 
   value1 = 5.0, value2 = 300.0                                                
 /                                                                             
                                                                               
 &wt type = 'END'                                                              
 /                                                                             

--------------------------------------------------------------------------------
   1.  RESOURCE   USE: 
--------------------------------------------------------------------------------

| Flags:                                                                        
 getting new box info from bottom of inpcrd
|  INFO: Old style inpcrd file read

| peek_ewald_inpcrd: Box info found
|Largest sphere to fit in unit cell has radius =    17.072
| New format PARM file being parsed.
| Version =    1.000 Date = 08/30/16 Time = 15:43:35
 NATOM  =    3242 NTYPES =       2 NBONH =    2161 MBONA  =    1080
 NTHETH =    5400 MTHETA =    1080 NPHIH =    8640 MPHIA  =    3240
 NHPARM =       0 NPARM  =       0 NNB   =   19082 NRES   =     181
 NBONA  =    1080 NTHETA =    1080 NPHIA =    3240 NUMBND =       2
 NUMANG =       3 NPTRA  =       5 NATYP =       2 NPHB   =       0
 IFBOX  =       1 NMXRS  =      18 IFCAP =       0 NEXTRA =       0
 NCOPY  =       0


|     Memory Use     Allocated
|     Real              314347
|     Hollerith           9909
|     Integer           693285
|     Max Pairs        1080666
|     nblistReal         38904
|     nblist Int        264345
|       Total            10760 kbytes

| Note: 1-4 EEL scale factors are being read from the topology file.

| Note: 1-4 VDW scale factors are being read from the topology file.
| Duplicated    0 dihedrals
| Duplicated    0 dihedrals

     BOX TYPE: RECTILINEAR

--------------------------------------------------------------------------------
   2.  CONTROL  DATA  FOR  THE  RUN
--------------------------------------------------------------------------------

default_name                                                                    

General flags:
     imin    =       0, nmropt  =       1

Nature and format of input:
     ntx     =       1, irest   =       0, ntrx    =       1

Nature and format of output:
     ntxo    =       1, ntpr    =     100, ntrx    =       1, ntwr    =     500
     iwrap   =       1, ntwx    =     200, ntwv    =       0, ntwe    =     200
     ioutfm  =       1, ntwprt  =       0, idecomp =       0, rbornstat=      0

Potential function:
     ntf     =       2, ntb     =       1, igb     =       0, nsnb    =      25
     ipol    =       0, gbsa    =       0, iesp    =       0
     dielc   =   1.00000, cut     =   8.00000, intdiel =   1.00000

Frozen or restrained atoms:
     ibelly  =       0, ntr     =       1
     restraint_wt =  10.00000

Molecular dynamics:
     nstlim  =      2000, nscm    =         0, nrespa  =         1
     t       =   0.00000, dt      =   0.00200, vlimit  =  20.00000

Berendsen (weak-coupling) temperature regulation:
     temp0   = 300.00000, tempi   =   5.00000, tautp   =   1.00000

SHAKE:
     ntc     =       2, jfastw  =       0
     tol     =   0.00001

NMR refinement options:
     iscale  =       0, noeskp  =       1, ipnlty  =       1, mxsub   =       1
     scalm   = 100.00000, pencut  =   0.10000, tausw   =   0.10000

Ewald parameters:
     verbose =       0, ew_type =       0, nbflag  =       1, use_pme =       1
     vdwmeth =       1, eedmeth =       1, netfrc  =       1
     Box X =   34.145   Box Y =   37.482   Box Z =   45.594
     Alpha =   90.000   Beta  =   90.000   Gamma =   90.000
     NFFT1 =   36       NFFT2 =   40       NFFT3 =   45
     Cutoff=    8.000   Tol   =0.100E-04
     Ewald Coefficient =  0.34864
     Interpolation order =    4

    LOADING THE CONSTRAINED ATOMS AS GROUPS


   5.  REFERENCE ATOM COORDINATES

  defa
     Mask !:CYC,WAT,HOH,T3P,T4P; matches     2 atoms

--------------------------------------------------------------------------------
   3.  ATOMIC COORDINATES AND VELOCITIES
--------------------------------------------------------------------------------

defa                                                                            
 begin time read from input coords =     0.000 ps



           Begin reading energy term weight changes/NMR restraints
 WEIGHT CHANGES:
 TEMP0         0  10000    5.000000  300.000000      0      0

 RESTRAINTS:
                          ** No restraint defined **

                  Done reading weight changes/NMR restraints


 Number of triangulated 3-point waters found:        0

     Sum of charges from parm topology file =   0.00000012
     Forcing neutrality...

--------------------------------------------------------------------------------
   4.  RESULTS
--------------------------------------------------------------------------------

|  # of SOLUTE  degrees of freedom (RNDFP):    7565.
|  # of SOLVENT degrees of freedom (RNDFS):       0.
|  NDFMIN =    7565.     NUM_NOSHAKE =      0     CORRECTED RNDFP =    7565.
|  TOTAL # of degrees of freedom (RNDF) =    7565.
 ---------------------------------------------------
 APPROXIMATING switch and d/dx switch using CUBIC SPLINE INTERPOLATION
 using   5000.0 points per unit in tabled values
 TESTING RELATIVE ERROR over r ranging from 0.0 to cutoff
| CHECK switch(x): max rel err =   0.2738E-14   at   2.422500
| CHECK d/dx switch(x): max rel err =   0.8332E-11   at   2.782960
 ---------------------------------------------------
| Local SIZE OF NONBOND LIST =     369368
| TOTAL SIZE OF NONBOND LIST =     369368

 NSTEP =        0   TIME(PS) =       0.000  TEMP(K) =     6.52  PRESS =     0.0
 Etot   =       518.7793  EKtot   =        48.9988  EPtot      =       469.7805
 BOND   =        28.1004  ANGLE   =        38.6426  DIHED      =       502.5266
 1-4 NB =       463.9909  1-4 EEL =      -151.2196  VDWAALS    =      -666.0219
 EELEC  =       253.7589  EHBOND  =         0.0000  RESTRAINT  =         0.0026
 EAMBER (non-restraint)  =       469.7779
 Ewald error estimate:   0.2370E-02
 ------------------------------------------------------------------------------

 NMR restraints: Bond =    0.000   Angle =     0.000   Torsion =     0.000
===============================================================================

 NSTEP =      100   TIME(PS) =       0.200  TEMP(K) =     3.49  PRESS =     0.0
 Etot   =       513.2766  EKtot   =        26.2146  EPtot      =       487.0621
 BOND   =        30.7160  ANGLE   =        52.4976  DIHED      =       503.3175
 1-4 NB =       465.0295  1-4 EEL =      -151.1343  VDWAALS    =      -667.2130
 EELEC  =       253.8395  EHBOND  =         0.0000  RESTRAINT  =         0.0093
 EAMBER (non-restraint)  =       487.0528
 Ewald error estimate:   0.1774E-02
 ------------------------------------------------------------------------------

 NMR restraints: Bond =    0.000   Angle =     0.000   Torsion =     0.000
===============================================================================

 NSTEP =      200   TIME(PS) =       0.400  TEMP(K) =     5.19  PRESS =     0.0
 Etot   =       518.6696  EKtot   =        39.0163  EPtot      =       479.6533
 BOND   =        30.8358  ANGLE   =        52.2984  DIHED      =       504.3588
 1-4 NB =       465.8408  1-4 EEL =      -151.0202  VDWAALS    =      -676.4629
 EELEC  =       253.7780  EHBOND  =         0.0000  RESTRAINT  =         0.0247
 EAMBER (non-restraint)  =       479.6286
 Ewald error estimate:   0.1127E-02
 ------------------------------------------------------------------------------

 NMR restraints: Bond =    0.000   Angle =     0.000   Torsion =     0.000
===============================================================================

 NSTEP =      300   TIME(PS) =       0.600  TEMP(K) =     8.29  PRESS =     0.0
 Etot   =       526.3735  EKtot   =        62.3120  EPtot      =       464.0615
 BOND   =        29.9515  ANGLE   =        55.9309  DIHED      =       503.2307
 1-4 NB =       468.3174  1-4 EEL =      -151.4306  VDWAALS    =      -695.9605
 EELEC  =       254.0011  EHBOND  =         0.0000  RESTRAINT  =         0.0211
 EAMBER (non-restraint)  =       464.0404
 Ewald error estimate:   0.5960E-03
 ------------------------------------------------------------------------------

 NMR restraints: Bond =    0.000   Angle =     0.000   Torsion =     0.000
===============================================================================

 NSTEP =      400   TIME(PS) =       0.800  TEMP(K) =    11.70  PRESS =     0.0
 Etot   =       533.8031  EKtot   =        87.9118  EPtot      =       445.8913
 BOND   =        31.0927  ANGLE   =        56.8957  DIHED      =       504.0493
 1-4 NB =       468.9484  1-4 EEL =      -151.5434  VDWAALS    =      -717.4308
 EELEC  =       253.8721  EHBOND  =         0.0000  RESTRAINT  =         0.0073
 EAMBER (non-restraint)  =       445.8840
 Ewald error estimate:   0.4526E-03
 ------------------------------------------------------------------------------

 NMR restraints: Bond =    0.000   Angle =     0.000   Torsion =     0.000
===============================================================================

 NSTEP =      500   TIME(PS) =       1.000  TEMP(K) =    14.99  PRESS =     0.0
 Etot   =       540.2263  EKtot   =       112.6478  EPtot      =       427.5785
 BOND   =        31.6631  ANGLE   =        61.5874  DIHED      =       504.0844
 1-4 NB =       469.0752  1-4 EEL =      -151.2799  VDWAALS    =      -741.3020
 EELEC  =       253.7318  EHBOND  =         0.0000  RESTRAINT  =         0.0185
 EAMBER (non-restraint)  =       427.5600
 Ewald error estimate:   0.2150E-03
 ------------------------------------------------------------------------------

 NMR restraints: Bond =    0.000   Angle =     0.000   Torsion =     0.000
===============================================================================

 NSTEP =      600   TIME(PS) =       1.200  TEMP(K) =    19.10  PRESS =     0.0
 Etot   =       544.6238  EKtot   =       143.6021  EPtot      =       401.0217
 BOND   =        28.4707  ANGLE   =        53.7134  DIHED      =       504.3200
 1-4 NB =       469.9794  1-4 EEL =      -151.3604  VDWAALS    =      -757.9242
 EELEC  =       253.7764  EHBOND  =         0.0000  RESTRAINT  =         0.0465
 EAMBER (non-restraint)  =       400.9752
 Ewald error estimate:   0.1120E-03
 ------------------------------------------------------------------------------

 NMR restraints: Bond =    0.000   Angle =     0.000   Torsion =     0.000
===============================================================================

 NSTEP =      700   TIME(PS) =       1.400  TEMP(K) =    21.78  PRESS =     0.0
 Etot   =       549.7314  EKtot   =       163.6956  EPtot      =       386.0357
 BOND   =        29.3814  ANGLE   =        61.8727  DIHED      =       505.2056
 1-4 NB =       468.5664  1-4 EEL =      -151.1884  VDWAALS    =      -781.3586
 EELEC  =       253.5460  EHBOND  =         0.0000  RESTRAINT  =         0.0105
 EAMBER (non-restraint)  =       386.0253
 Ewald error estimate:   0.1085E-03
 ------------------------------------------------------------------------------

 NMR restraints: Bond =    0.000   Angle =     0.000   Torsion =     0.000
===============================================================================

 NSTEP =      800   TIME(PS) =       1.600  TEMP(K) =    24.28  PRESS =     0.0
 Etot   =       553.8859  EKtot   =       182.5096  EPtot      =       371.3763
 BOND   =        31.0990  ANGLE   =        64.6569  DIHED      =       505.3043
 1-4 NB =       468.2418  1-4 EEL =      -151.1470  VDWAALS    =      -800.4200
 EELEC  =       253.6222  EHBOND  =         0.0000  RESTRAINT  =         0.0191
 EAMBER (non-restraint)  =       371.3571
 Ewald error estimate:   0.7914E-04
 ------------------------------------------------------------------------------

 NMR restraints: Bond =    0.000   Angle =     0.000   Torsion =     0.000
===============================================================================

 NSTEP =      900   TIME(PS) =       1.800  TEMP(K) =    27.80  PRESS =     0.0
 Etot   =       557.5424  EKtot   =       208.9576  EPtot      =       348.5847
 BOND   =        29.7798  ANGLE   =        62.8443  DIHED      =       506.3338
 1-4 NB =       472.6951  1-4 EEL =      -151.5755  VDWAALS    =      -825.3758
 EELEC  =       253.8461  EHBOND  =         0.0000  RESTRAINT  =         0.0368
 EAMBER (non-restraint)  =       348.5479
 Ewald error estimate:   0.4841E-04
 ------------------------------------------------------------------------------

 NMR restraints: Bond =    0.000   Angle =     0.000   Torsion =     0.000
===============================================================================

 NSTEP =     1000   TIME(PS) =       2.000  TEMP(K) =    32.35  PRESS =     0.0
 Etot   =       558.8635  EKtot   =       243.1964  EPtot      =       315.6671
 BOND   =        28.4389  ANGLE   =        63.8674  DIHED      =       507.0243
 1-4 NB =       471.8502  1-4 EEL =      -151.3760  VDWAALS    =      -857.9064
 EELEC  =       253.7488  EHBOND  =         0.0000  RESTRAINT  =         0.0199
 EAMBER (non-restraint)  =       315.6472
 Ewald error estimate:   0.2699E-03
 ------------------------------------------------------------------------------

 NMR restraints: Bond =    0.000   Angle =     0.000   Torsion =     0.000
===============================================================================

 NSTEP =     1100   TIME(PS) =       2.200  TEMP(K) =    33.91  PRESS =     0.0
 Etot   =       560.1512  EKtot   =       254.9088  EPtot      =       305.2424
 BOND   =        31.4861  ANGLE   =        65.2143  DIHED      =       509.1718
 1-4 NB =       471.9056  1-4 EEL =      -151.4527  VDWAALS    =      -875.0329
 EELEC  =       253.9416  EHBOND  =         0.0000  RESTRAINT  =         0.0087
 EAMBER (non-restraint)  =       305.2337
 Ewald error estimate:   0.1661E-03
 ------------------------------------------------------------------------------

 NMR restraints: Bond =    0.000   Angle =     0.000   Torsion =     0.000
===============================================================================

 NSTEP =     1200   TIME(PS) =       2.400  TEMP(K) =    36.09  PRESS =     0.0
 Etot   =       564.2126  EKtot   =       271.2736  EPtot      =       292.9390
 BOND   =        29.1816  ANGLE   =        70.3934  DIHED      =       510.0142
 1-4 NB =       471.0035  1-4 EEL =      -151.0858  VDWAALS    =      -890.2211
 EELEC  =       253.6396  EHBOND  =         0.0000  RESTRAINT  =         0.0136
 EAMBER (non-restraint)  =       292.9254
 Ewald error estimate:   0.2214E-03
 ------------------------------------------------------------------------------

 NMR restraints: Bond =    0.000   Angle =     0.000   Torsion =     0.000
===============================================================================

 NSTEP =     1300   TIME(PS) =       2.600  TEMP(K) =    38.25  PRESS =     0.0
 Etot   =       569.8128  EKtot   =       287.5291  EPtot      =       282.2837
 BOND   =        27.4872  ANGLE   =        70.7432  DIHED      =       512.1235
 1-4 NB =       472.6245  1-4 EEL =      -150.9834  VDWAALS    =      -903.2977
 EELEC  =       253.5526  EHBOND  =         0.0000  RESTRAINT  =         0.0337
 EAMBER (non-restraint)  =       282.2499
 Ewald error estimate:   0.3798E-03
 ------------------------------------------------------------------------------

 NMR restraints: Bond =    0.000   Angle =     0.000   Torsion =     0.000
===============================================================================

 NSTEP =     1400   TIME(PS) =       2.800  TEMP(K) =    39.13  PRESS =     0.0
 Etot   =       577.8148  EKtot   =       294.1339  EPtot      =       283.6809
 BOND   =        30.2005  ANGLE   =        71.5603  DIHED      =       511.6210
 1-4 NB =       475.7637  1-4 EEL =      -151.5693  VDWAALS    =      -907.6871
 EELEC  =       253.7747  EHBOND  =         0.0000  RESTRAINT  =         0.0170
 EAMBER (non-restraint)  =       283.6639
 Ewald error estimate:   0.2542E-03
 ------------------------------------------------------------------------------

 NMR restraints: Bond =    0.000   Angle =     0.000   Torsion =     0.000
===============================================================================

 NSTEP =     1500   TIME(PS) =       3.000  TEMP(K) =    41.76  PRESS =     0.0
 Etot   =       587.3512  EKtot   =       313.9007  EPtot      =       273.4505
 BOND   =        32.1766  ANGLE   =        74.6026  DIHED      =       515.1352
 1-4 NB =       471.2267  1-4 EEL =      -151.0607  VDWAALS    =      -922.1827
 EELEC  =       253.5039  EHBOND  =         0.0000  RESTRAINT  =         0.0489
 EAMBER (non-restraint)  =       273.4016
 Ewald error estimate:   0.1803E-03
 ------------------------------------------------------------------------------

 NMR restraints: Bond =    0.000   Angle =     0.000   Torsion =     0.000
===============================================================================

 NSTEP =     1600   TIME(PS) =       3.200  TEMP(K) =    41.48  PRESS =     0.0
 Etot   =       599.1295  EKtot   =       311.8078  EPtot      =       287.3216
 BOND   =        29.8158  ANGLE   =        74.6893  DIHED      =       514.5548
 1-4 NB =       476.2073  1-4 EEL =      -151.4004  VDWAALS    =      -910.3746
 EELEC  =       253.7888  EHBOND  =         0.0000  RESTRAINT  =         0.0406
 EAMBER (non-restraint)  =       287.2810
 Ewald error estimate:   0.2514E-03
 ------------------------------------------------------------------------------

 NMR restraints: Bond =    0.000   Angle =     0.000   Torsion =     0.000
===============================================================================

 NSTEP =     1700   TIME(PS) =       3.400  TEMP(K) =    45.16  PRESS =     0.0
 Etot   =       614.8852  EKtot   =       339.4264  EPtot      =       275.4588
 BOND   =        31.1740  ANGLE   =        72.7036  DIHED      =       516.5567
 1-4 NB =       474.5592  1-4 EEL =      -151.1900  VDWAALS    =      -922.3500
 EELEC  =       253.6525  EHBOND  =         0.0000  RESTRAINT  =         0.3528
 EAMBER (non-restraint)  =       275.1059
 Ewald error estimate:   0.1772E-03
 ------------------------------------------------------------------------------

 NMR restraints: Bond =    0.000   Angle =     0.000   Torsion =     0.000
===============================================================================

 NSTEP =     1800   TIME(PS) =       3.600  TEMP(K) =    47.53  PRESS =     0.0
 Etot   =       630.7572  EKtot   =       357.2357  EPtot      =       273.5215
 BOND   =        33.2081  ANGLE   =        74.5593  DIHED      =       515.1900
 1-4 NB =       473.0870  1-4 EEL =      -151.3521  VDWAALS    =      -924.9694
 EELEC  =       253.7880  EHBOND  =         0.0000  RESTRAINT  =         0.0106
 EAMBER (non-restraint)  =       273.5108
 Ewald error estimate:   0.3443E-03
 ------------------------------------------------------------------------------

 NMR restraints: Bond =    0.000   Angle =     0.000   Torsion =     0.000
===============================================================================

 NSTEP =     1900   TIME(PS) =       3.800  TEMP(K) =    47.76  PRESS =     0.0
 Etot   =       649.1772  EKtot   =       358.9648  EPtot      =       290.2124
 BOND   =        31.4693  ANGLE   =        81.4754  DIHED      =       519.9053
 1-4 NB =       477.3469  1-4 EEL =      -151.2946  VDWAALS    =      -922.4742
 EELEC  =       253.7409  EHBOND  =         0.0000  RESTRAINT  =         0.0433
 EAMBER (non-restraint)  =       290.1691
 Ewald error estimate:   0.4187E-03
 ------------------------------------------------------------------------------

 NMR restraints: Bond =    0.000   Angle =     0.000   Torsion =     0.000
===============================================================================

 NSTEP =     2000   TIME(PS) =       4.000  TEMP(K) =    49.93  PRESS =     0.0
 Etot   =       669.4237  EKtot   =       375.3066  EPtot      =       294.1171
 BOND   =        30.1529  ANGLE   =        87.4672  DIHED      =       521.7182
 1-4 NB =       475.6299  1-4 EEL =      -150.5476  VDWAALS    =      -923.6117
 EELEC  =       253.2910  EHBOND  =         0.0000  RESTRAINT  =         0.0173
 EAMBER (non-restraint)  =       294.0998
 Ewald error estimate:   0.1375E-03
 ------------------------------------------------------------------------------

 NMR restraints: Bond =    0.000   Angle =     0.000   Torsion =     0.000
===============================================================================

      A V E R A G E S   O V E R    2000 S T E P S


 NSTEP =     2000   TIME(PS) =       4.000  TEMP(K) =    28.38  PRESS =     0.0
 Etot   =       566.9351  EKtot   =       213.3241  EPtot      =       353.6110
 BOND   =        30.3356  ANGLE   =        65.3378  DIHED      =       509.1878
 1-4 NB =       471.1265  1-4 EEL =      -151.2602  VDWAALS    =      -824.8962
 EELEC  =       253.7376  EHBOND  =         0.0000  RESTRAINT  =         0.0421
 EAMBER (non-restraint)  =       353.5689
 Ewald error estimate:   0.4113E-03
 ------------------------------------------------------------------------------

 NMR restraints: Bond =    0.000   Angle =     0.000   Torsion =     0.000
===============================================================================

      R M S  F L U C T U A T I O N S


 NSTEP =     2000   TIME(PS) =       4.000  TEMP(K) =    14.69  PRESS =     0.0
 Etot   =        39.4308  EKtot   =       110.3851  EPtot      =        76.3411
 BOND   =         1.4709  ANGLE   =        10.1157  DIHED      =         5.5712
 1-4 NB =         3.4588  1-4 EEL =         0.1918  VDWAALS    =        92.8714
 EELEC  =         0.1261  EHBOND  =         0.0000  RESTRAINT  =         0.0731
 EAMBER (non-restraint)  =        76.2679
 Ewald error estimate:   0.5119E-03
 ------------------------------------------------------------------------------


 NMR restraints on final step:


--------------------------------------------------------------------------------
   5.  TIMINGS
--------------------------------------------------------------------------------

|    Read coords time           0.01 ( 0.02% of Total)
|                Build the list             0.46 (90.55% of List )
|                Other                      0.05 ( 9.45% of List )
|             List time                  0.51 ( 1.65% of Nonbo)
|                   Short_ene time            18.28 (98.64% of Direc)
|                   Other                      0.25 ( 1.36% of Direc)
|                Direct Ewald time         18.53 (61.09% of Ewald)
|                Adjust Ewald time          1.28 ( 4.22% of Ewald)
|                Self Ewald time            0.00 ( 0.01% of Ewald)
|                   Fill Bspline coeffs        0.30 ( 3.01% of Recip)
|                   Fill charge grid           0.78 ( 7.95% of Recip)
|                   Scalar sum                 2.84 (28.95% of Recip)
|                   Grad sum                   1.49 (15.16% of Recip)
|                   FFT time                   4.40 (44.89% of Recip)
|                   Other                      0.00 ( 0.03% of Recip)
|                Recip Ewald time           9.81 (32.34% of Ewald)
|                Force Adjust               0.01 ( 0.03% of Ewald)
|                Virial junk                0.03 ( 0.10% of Ewald)
|                Start synchronizatio       0.00 ( 0.01% of Ewald)
|                Other                      0.67 ( 2.20% of Ewald)
|             Ewald time                30.33 (98.32% of Nonbo)
|             Other                      0.01 ( 0.02% of Nonbo)
|          Nonbond force             30.84 (85.06% of Force)
|          Bond/Angle/Dihedral        5.40 (14.89% of Force)
|          Other                      0.02 ( 0.05% of Force)
|       Force time                36.26 (98.04% of Runmd)
|       Shake time                 0.23 ( 0.61% of Runmd)
|       Verlet update time         0.46 ( 1.25% of Runmd)
|       Other                      0.03 ( 0.09% of Runmd)
|    Runmd Time                36.99 (99.71% of Total)
|    Other                      0.10 ( 0.27% of Total)
| Total time                37.10 (100.0% of ALL  )

| Highest rstack allocated:     235340
| Highest istack allocated:       3242

| Final Performance Info:
| -----------------------------------------------------
| Average timings for all steps:
|     Elapsed(s) =      36.99 Per Step(ms) =      18.49
|         ns/day =       9.34   seconds/ns =    9247.43
| -----------------------------------------------------

|           Job began  at 15:49:14.638  on 08/30/2016
|           Setup done at 15:49:14.745  on 08/30/2016
|           Run   done at 15:49:51.734  on 08/30/2016
|     wallclock() was called   88151 times
