
          -------------------------------------------------------
          Amber 14 SANDER                              2014
          -------------------------------------------------------

| Run on 08/30/2016 at 15:48:20

|   Executable path: sander
| Working directory: /home/steboss/Simulation/Cluster/reproducibility/diatomic_pert/logP/allbonds/inputfiles/HC~HH_cyc/diff_masses/_ligands
|          Hostname: Unknown
  [-O]verwriting output

File Assignments:
|  MDIN: min00001.in                                                           
| MDOUT: min00001.out                                                          
|INPCRD: solvated.rst7                                                         
|  PARM: solvated.parm7                                                        
|RESTRT: min00001.rst7                                                         
|  REFC: solvated.rst7                                                         
| MDVEL: mdvel                                                                 
| MDFRC: mdfrc                                                                 
|  MDEN: min00001.en                                                           
| MDCRD: min00001.nc                                                           
|MDINFO: min00001.info                                                         
|  MTMD: mtmd                                                                  
|INPDIP: inpdip                                                                
|RSTDIP: rstdip                                                                
|INPTRA: inptraj                                                               


 Here is the input file:

Minimise whole system                                                          
 &cntrl                                                                        
   imin = 1, ntmin = 1,                                                        
   maxcyc = 1000, ncyc = 100,                                                  
   ntpr = 20, ntwe = 20,                                                       
   dx0 = 1.0D-7,                                                               
    ntb = 1,                                                                   
 ntr = 1, restraint_wt = 10.00,                                                
 restraintmask="!:CYC,WAT,HOH,T3P,T4P",                                        
 /                                                                             

--------------------------------------------------------------------------------
   1.  RESOURCE   USE: 
--------------------------------------------------------------------------------

| Flags:                                                                        
 getting new box info from bottom of inpcrd
|  INFO: Old style inpcrd file read

| peek_ewald_inpcrd: Box info found
|Largest sphere to fit in unit cell has radius =    17.072
| New format PARM file being parsed.
| Version =    1.000 Date = 08/30/16 Time = 15:43:35
 NATOM  =    3242 NTYPES =       2 NBONH =    2161 MBONA  =    1080
 NTHETH =    5400 MTHETA =    1080 NPHIH =    8640 MPHIA  =    3240
 NHPARM =       0 NPARM  =       0 NNB   =   19082 NRES   =     181
 NBONA  =    1080 NTHETA =    1080 NPHIA =    3240 NUMBND =       2
 NUMANG =       3 NPTRA  =       5 NATYP =       2 NPHB   =       0
 IFBOX  =       1 NMXRS  =      18 IFCAP =       0 NEXTRA =       0
 NCOPY  =       0


|     Memory Use     Allocated
|     Real              353425
|     Hollerith           9909
|     Integer           693246
|     Max Pairs        1080666
|     nblistReal         38904
|     nblist Int        264345
|       Total            11065 kbytes

| Note: 1-4 EEL scale factors are being read from the topology file.

| Note: 1-4 VDW scale factors are being read from the topology file.
| Duplicated    0 dihedrals
| Duplicated    0 dihedrals

     BOX TYPE: RECTILINEAR

--------------------------------------------------------------------------------
   2.  CONTROL  DATA  FOR  THE  RUN
--------------------------------------------------------------------------------

default_name                                                                    

General flags:
     imin    =       1, nmropt  =       0

Nature and format of input:
     ntx     =       1, irest   =       0, ntrx    =       1

Nature and format of output:
     ntxo    =       1, ntpr    =      20, ntrx    =       1, ntwr    =     500
     iwrap   =       0, ntwx    =       0, ntwv    =       0, ntwe    =      20
     ioutfm  =       0, ntwprt  =       0, idecomp =       0, rbornstat=      0

Potential function:
     ntf     =       1, ntb     =       1, igb     =       0, nsnb    =      25
     ipol    =       0, gbsa    =       0, iesp    =       0
     dielc   =   1.00000, cut     =   8.00000, intdiel =   1.00000

Frozen or restrained atoms:
     ibelly  =       0, ntr     =       1
     restraint_wt =  10.00000

Energy minimization:
     maxcyc  =    1000, ncyc    =     100, ntmin   =       1
     dx0     =   0.00000, drms    =   0.00010

Ewald parameters:
     verbose =       0, ew_type =       0, nbflag  =       1, use_pme =       1
     vdwmeth =       1, eedmeth =       1, netfrc  =       0
     Box X =   34.145   Box Y =   37.482   Box Z =   45.594
     Alpha =   90.000   Beta  =   90.000   Gamma =   90.000
     NFFT1 =   36       NFFT2 =   40       NFFT3 =   45
     Cutoff=    8.000   Tol   =0.100E-04
     Ewald Coefficient =  0.34864
     Interpolation order =    4

    LOADING THE CONSTRAINED ATOMS AS GROUPS


   5.  REFERENCE ATOM COORDINATES

  defa
     Mask !:CYC,WAT,HOH,T3P,T4P; matches     2 atoms

--------------------------------------------------------------------------------
   3.  ATOMIC COORDINATES AND VELOCITIES
--------------------------------------------------------------------------------

default_name                                                                    
 begin time read from input coords =     0.000 ps

 Number of triangulated 3-point waters found:        0

     Sum of charges from parm topology file =   0.00000012
     Forcing neutrality...

--------------------------------------------------------------------------------
   4.  RESULTS
--------------------------------------------------------------------------------

 ---------------------------------------------------
 APPROXIMATING switch and d/dx switch using CUBIC SPLINE INTERPOLATION
 using   5000.0 points per unit in tabled values
 TESTING RELATIVE ERROR over r ranging from 0.0 to cutoff
| CHECK switch(x): max rel err =   0.2738E-14   at   2.422500
| CHECK d/dx switch(x): max rel err =   0.8332E-11   at   2.782960
 ---------------------------------------------------
| Local SIZE OF NONBOND LIST =     369811
| TOTAL SIZE OF NONBOND LIST =     369811


   NSTEP       ENERGY          RMS            GMAX         NAME    NUMBER
      1       6.0083E+02     5.8203E+00     1.6657E+01     C5       2221

 BOND    =       41.5343  ANGLE   =       64.2906  DIHED      =      512.0101
 VDWAALS =     -663.6489  EEL     =      252.1730  HBOND      =        0.0000
 1-4 VDW =      544.0529  1-4 EEL =     -149.5858  RESTRAINT  =        0.0000


   NSTEP       ENERGY          RMS            GMAX         NAME    NUMBER
     20       6.0038E+02     5.8064E+00     1.6619E+01     C5       2221

 BOND    =       41.2694  ANGLE   =       64.1976  DIHED      =      512.0141
 VDWAALS =     -663.6514  EEL     =      252.1768  HBOND      =        0.0000
 1-4 VDW =      543.9614  1-4 EEL =     -149.5854  RESTRAINT  =        0.0000
 EAMBER  =      600.3826


   NSTEP       ENERGY          RMS            GMAX         NAME    NUMBER
     40       5.8409E+02     5.2739E+00     1.5164E+01     C5       2221

 BOND    =       31.7296  ANGLE   =       60.7608  DIHED      =      512.1677
 VDWAALS =     -663.7451  EEL     =      252.3222  HBOND      =        0.0000
 1-4 VDW =      540.4224  1-4 EEL =     -149.5673  RESTRAINT  =        0.0000
 EAMBER  =      584.0903


   NSTEP       ENERGY          RMS            GMAX         NAME    NUMBER
     60       4.7531E+02     1.0256E+00     2.3345E+00     C1       1660

 BOND    =       29.1475  ANGLE   =       38.0110  DIHED      =      509.8411
 VDWAALS =     -666.7536  EEL     =      252.9967  HBOND      =        0.0000
 1-4 VDW =      461.5967  1-4 EEL =     -149.5282  RESTRAINT  =        0.0028
 EAMBER  =      475.3112


   NSTEP       ENERGY          RMS            GMAX         NAME    NUMBER
     80       4.7148E+02     2.2491E-01     6.2542E-01     C3       1571

 BOND    =       27.8119  ANGLE   =       43.1519  DIHED      =      504.7816
 VDWAALS =     -666.6228  EEL     =      253.1560  HBOND      =        0.0000
 1-4 VDW =      459.3029  1-4 EEL =     -150.1070  RESTRAINT  =        0.0052
 EAMBER  =      471.4746


   NSTEP       ENERGY          RMS            GMAX         NAME    NUMBER
    100       4.7110E+02     8.8266E-02     3.3405E-01     C1       1660

 BOND    =       29.2309  ANGLE   =       40.1693  DIHED      =      504.2958
 VDWAALS =     -666.2921  EEL     =      253.4088  HBOND      =        0.0000
 1-4 VDW =      460.8202  1-4 EEL =     -150.5393  RESTRAINT  =        0.0066
 EAMBER  =      471.0937


   NSTEP       ENERGY          RMS            GMAX         NAME    NUMBER
    120       4.7080E+02     4.9091E-02     3.2399E-01     C1          1

 BOND    =       28.2216  ANGLE   =       39.0690  DIHED      =      502.9599
 VDWAALS =     -665.9152  EEL     =      253.6819  HBOND      =        0.0000
 1-4 VDW =      463.8348  1-4 EEL =     -151.0613  RESTRAINT  =        0.0045
 EAMBER  =      470.7908


   NSTEP       ENERGY          RMS            GMAX         NAME    NUMBER
    140       4.7063E+02     2.9560E-02     3.9221E-01     C1          1

 BOND    =       29.0455  ANGLE   =       38.7811  DIHED      =      502.5692
 VDWAALS =     -666.0192  EEL     =      253.7520  HBOND      =        0.0000
 1-4 VDW =      463.6982  1-4 EEL =     -151.2043  RESTRAINT  =        0.0045
 EAMBER  =      470.6225


   NSTEP       ENERGY          RMS            GMAX         NAME    NUMBER
    160       4.7066E+02     1.9891E-02     4.8173E-01     C1          1

 BOND    =       29.0032  ANGLE   =       38.6664  DIHED      =      502.4933
 VDWAALS =     -665.9126  EEL     =      253.7722  HBOND      =        0.0000
 1-4 VDW =      463.8544  1-4 EEL =     -151.2268  RESTRAINT  =        0.0067
 EAMBER  =      470.6501


   NSTEP       ENERGY          RMS            GMAX         NAME    NUMBER
    180       1.1484E+03     1.7595E+01     6.3407E+01     C1       2200

 BOND    =      507.2001  ANGLE   =      210.0593  DIHED      =      516.0277
 VDWAALS =     -665.9213  EEL     =      254.0015  HBOND      =        0.0000
 1-4 VDW =      478.3616  1-4 EEL =     -151.4897  RESTRAINT  =        0.1354
 EAMBER  =     1148.2392


   NSTEP       ENERGY          RMS            GMAX         NAME    NUMBER
    200       4.7066E+02     7.1199E-03     1.4592E-01     C1          1

 BOND    =       28.8708  ANGLE   =       38.6281  DIHED      =      502.5043
 VDWAALS =     -665.8962  EEL     =      253.7757  HBOND      =        0.0000
 1-4 VDW =      463.9986  1-4 EEL =     -151.2281  RESTRAINT  =        0.0065
 EAMBER  =      470.6533


   NSTEP       ENERGY          RMS            GMAX         NAME    NUMBER
    220       4.7066E+02     6.6937E-03     1.4549E-01     C1          1

 BOND    =       28.8698  ANGLE   =       38.6287  DIHED      =      502.5040
 VDWAALS =     -665.8960  EEL     =      253.7757  HBOND      =        0.0000
 1-4 VDW =      463.9993  1-4 EEL =     -151.2281  RESTRAINT  =        0.0065
 EAMBER  =      470.6534


   NSTEP       ENERGY          RMS            GMAX         NAME    NUMBER
    240       4.7066E+02     6.2020E-03     1.4465E-01     C1          1

 BOND    =       28.8680  ANGLE   =       38.6294  DIHED      =      502.5037
 VDWAALS =     -665.8953  EEL     =      253.7757  HBOND      =        0.0000
 1-4 VDW =      464.0005  1-4 EEL =     -151.2281  RESTRAINT  =        0.0065
 EAMBER  =      470.6540


   NSTEP       ENERGY          RMS            GMAX         NAME    NUMBER
    260       4.7066E+02     2.4598E-02     1.2967E-01     H2       1666

 BOND    =       28.7119  ANGLE   =       38.6172  DIHED      =      502.5115
 VDWAALS =     -665.8958  EEL     =      253.7786  HBOND      =        0.0000
 1-4 VDW =      464.1537  1-4 EEL =     -151.2254  RESTRAINT  =        0.0054
 EAMBER  =      470.6518


   NSTEP       ENERGY          RMS            GMAX         NAME    NUMBER
    280       4.7079E+02     1.5729E-01     5.3702E-01     C2       2199

 BOND    =       28.8556  ANGLE   =       38.7546  DIHED      =      502.4824
 VDWAALS =     -665.8276  EEL     =      253.7714  HBOND      =        0.0000
 1-4 VDW =      463.9702  1-4 EEL =     -151.2192  RESTRAINT  =        0.0051
 EAMBER  =      470.7874


   NSTEP       ENERGY          RMS            GMAX         NAME    NUMBER
    300       4.7066E+02     7.1752E-03     1.1230E-01     H2       1666

 BOND    =       28.8183  ANGLE   =       38.6705  DIHED      =      502.5121
 VDWAALS =     -665.8980  EEL     =      253.7717  HBOND      =        0.0000
 1-4 VDW =      464.0051  1-4 EEL =     -151.2205  RESTRAINT  =        0.0051
 EAMBER  =      470.6592


   NSTEP       ENERGY          RMS            GMAX         NAME    NUMBER
    320       4.7070E+02     5.5252E-03     9.9475E-02     H2       1666

 BOND    =       28.8338  ANGLE   =       38.6255  DIHED      =      502.5289
 VDWAALS =     -665.8614  EEL     =      253.7729  HBOND      =        0.0000
 1-4 VDW =      464.0173  1-4 EEL =     -151.2210  RESTRAINT  =        0.0051
 EAMBER  =      470.6960


   NSTEP       ENERGY          RMS            GMAX         NAME    NUMBER
    340       4.7071E+02     5.3103E-03     1.0029E-01     H2       1666

 BOND    =       28.8303  ANGLE   =       38.6305  DIHED      =      502.5271
 VDWAALS =     -665.8547  EEL     =      253.7730  HBOND      =        0.0000
 1-4 VDW =      464.0174  1-4 EEL =     -151.2209  RESTRAINT  =        0.0050
 EAMBER  =      470.7028


   NSTEP       ENERGY          RMS            GMAX         NAME    NUMBER
    360       4.7071E+02     5.2738E-03     1.0061E-01     H2       1666

 BOND    =       28.8293  ANGLE   =       38.6319  DIHED      =      502.5267
 VDWAALS =     -665.8543  EEL     =      253.7730  HBOND      =        0.0000
 1-4 VDW =      464.0174  1-4 EEL =     -151.2208  RESTRAINT  =        0.0050
 EAMBER  =      470.7032


   NSTEP       ENERGY          RMS            GMAX         NAME    NUMBER
    380       5.1396E+02     3.9613E+00     2.0710E+01     C3       1661

 BOND    =       39.3309  ANGLE   =       77.9506  DIHED      =      495.2870
 VDWAALS =     -666.4295  EEL     =      253.4314  HBOND      =        0.0000
 1-4 VDW =      464.9862  1-4 EEL =     -150.6110  RESTRAINT  =        0.0192
 EAMBER  =      513.9457


   NSTEP       ENERGY          RMS            GMAX         NAME    NUMBER
    400       4.7071E+02     5.2282E-03     1.0142E-01     H2       1666

 BOND    =       28.8272  ANGLE   =       38.6347  DIHED      =      502.5258
 VDWAALS =     -665.8514  EEL     =      253.7730  HBOND      =        0.0000
 1-4 VDW =      464.0176  1-4 EEL =     -151.2208  RESTRAINT  =        0.0050
 EAMBER  =      470.7061


   NSTEP       ENERGY          RMS            GMAX         NAME    NUMBER
    420       4.7028E+02     5.1690E-02     1.4047E+00     H2       1666

 BOND    =       29.3868  ANGLE   =       39.3242  DIHED      =      502.8683
 VDWAALS =     -666.5903  EEL     =      253.6648  HBOND      =        0.0000
 1-4 VDW =      462.6690  1-4 EEL =     -151.0505  RESTRAINT  =        0.0126
 EAMBER  =      470.2723


   NSTEP       ENERGY          RMS            GMAX         NAME    NUMBER
    440       4.7014E+02     4.1340E-02     1.5208E+00     C4       1662

 BOND    =       28.8585  ANGLE   =       38.6385  DIHED      =      502.4765
 VDWAALS =     -666.4639  EEL     =      253.7750  HBOND      =        0.0000
 1-4 VDW =      464.0753  1-4 EEL =     -151.2257  RESTRAINT  =        0.0037
 EAMBER  =      470.1341


   NSTEP       ENERGY          RMS            GMAX         NAME    NUMBER
    460       4.7008E+02     2.4431E-02     6.7794E-01     H2          2

 BOND    =       28.7731  ANGLE   =       38.5143  DIHED      =      502.4075
 VDWAALS =     -666.4272  EEL     =      253.7925  HBOND      =        0.0000
 1-4 VDW =      464.2765  1-4 EEL =     -151.2632  RESTRAINT  =        0.0042
 EAMBER  =      470.0735


   NSTEP       ENERGY          RMS            GMAX         NAME    NUMBER
    480       6.8241E+02     8.7987E+00     2.6323E+02     C3       1661

 BOND    =      211.8899  ANGLE   =       75.4645  DIHED      =      498.6114
 VDWAALS =     -665.3818  EEL     =      254.1853  HBOND      =        0.0000
 1-4 VDW =      458.0184  1-4 EEL =     -150.6988  RESTRAINT  =        0.3187
 EAMBER  =      682.0887


   NSTEP       ENERGY          RMS            GMAX         NAME    NUMBER
    500       4.7007E+02     7.5393E-03     1.5418E-01     H2          2

 BOND    =       28.8308  ANGLE   =       38.5245  DIHED      =      502.4991
 VDWAALS =     -666.4583  EEL     =      253.7777  HBOND      =        0.0000
 1-4 VDW =      464.1389  1-4 EEL =     -151.2452  RESTRAINT  =        0.0033
 EAMBER  =      470.0676


   NSTEP       ENERGY          RMS            GMAX         NAME    NUMBER
    520       4.7007E+02     2.2247E-02     7.6058E-01     H2          2

 BOND    =       28.8753  ANGLE   =       38.6277  DIHED      =      502.4798
 VDWAALS =     -666.4725  EEL     =      253.7716  HBOND      =        0.0000
 1-4 VDW =      464.0128  1-4 EEL =     -151.2316  RESTRAINT  =        0.0031
 EAMBER  =      470.0631


   NSTEP       ENERGY          RMS            GMAX         NAME    NUMBER
    540       4.7005E+02     2.1961E-02     1.0389E+00     C1          1

 BOND    =       28.7318  ANGLE   =       38.6569  DIHED      =      502.5738
 VDWAALS =     -666.5115  EEL     =      253.7576  HBOND      =        0.0000
 1-4 VDW =      464.0443  1-4 EEL =     -151.2045  RESTRAINT  =        0.0022
 EAMBER  =      470.0483


   NSTEP       ENERGY          RMS            GMAX         NAME    NUMBER
    560       4.7005E+02     1.1599E-02     3.4078E-01     C5       1663

 BOND    =       28.8582  ANGLE   =       38.6804  DIHED      =      502.5522
 VDWAALS =     -666.5120  EEL     =      253.7566  HBOND      =        0.0000
 1-4 VDW =      463.9185  1-4 EEL =     -151.2073  RESTRAINT  =        0.0025
 EAMBER  =      470.0467


   NSTEP       ENERGY          RMS            GMAX         NAME    NUMBER
    580       4.8335E+02     2.4909E+00     7.0734E+01     C1       1660

 BOND    =       38.5936  ANGLE   =       42.3212  DIHED      =      502.5536
 VDWAALS =     -666.4888  EEL     =      253.7709  HBOND      =        0.0000
 1-4 VDW =      463.8062  1-4 EEL =     -151.2064  RESTRAINT  =        0.0029
 EAMBER  =      483.3502


   NSTEP       ENERGY          RMS            GMAX         NAME    NUMBER
    600       4.7005E+02     1.2019E-02     3.3180E-01     C1       1660

 BOND    =       28.8614  ANGLE   =       38.6637  DIHED      =      502.5427
 VDWAALS =     -666.5062  EEL     =      253.7597  HBOND      =        0.0000
 1-4 VDW =      463.9381  1-4 EEL =     -151.2108  RESTRAINT  =        0.0026
 EAMBER  =      470.0487


   NSTEP       ENERGY          RMS            GMAX         NAME    NUMBER
    620       4.7005E+02     5.1331E-03     7.9623E-02     C1       1660

 BOND    =       28.8385  ANGLE   =       38.6630  DIHED      =      502.5468
 VDWAALS =     -666.5058  EEL     =      253.7588  HBOND      =        0.0000
 1-4 VDW =      463.9583  1-4 EEL =     -151.2114  RESTRAINT  =        0.0025
 EAMBER  =      470.0482


   NSTEP       ENERGY          RMS            GMAX         NAME    NUMBER
    640       4.7005E+02     1.3326E-02     4.0603E-01     C1       1660

 BOND    =       28.8640  ANGLE   =       38.6580  DIHED      =      502.5370
 VDWAALS =     -666.5016  EEL     =      253.7610  HBOND      =        0.0000
 1-4 VDW =      463.9459  1-4 EEL =     -151.2130  RESTRAINT  =        0.0026
 EAMBER  =      470.0513


   NSTEP       ENERGY          RMS            GMAX         NAME    NUMBER
    660       4.7005E+02     6.9955E-03     1.3291E-01     C6       1574

 BOND    =       28.8483  ANGLE   =       38.6434  DIHED      =      502.5383
 VDWAALS =     -666.4985  EEL     =      253.7614  HBOND      =        0.0000
 1-4 VDW =      463.9744  1-4 EEL =     -151.2159  RESTRAINT  =        0.0026
 EAMBER  =      470.0513


   NSTEP       ENERGY          RMS            GMAX         NAME    NUMBER
    680       1.4504E+03     2.1295E+01     4.9084E+02     C4       1662

 BOND    =      753.3845  ANGLE   =      275.1672  DIHED      =      517.9035
 VDWAALS =     -665.8902  EEL     =      253.9491  HBOND      =        0.0000
 1-4 VDW =      467.5501  1-4 EEL =     -151.6826  RESTRAINT  =        0.0071
 EAMBER  =     1450.3816


   NSTEP       ENERGY          RMS            GMAX         NAME    NUMBER
    700       4.7005E+02     8.5075E-03     2.0202E-01     C3       1661

 BOND    =       28.8490  ANGLE   =       38.6354  DIHED      =      502.5340
 VDWAALS =     -666.4959  EEL     =      253.7623  HBOND      =        0.0000
 1-4 VDW =      463.9853  1-4 EEL =     -151.2183  RESTRAINT  =        0.0026
 EAMBER  =      470.0518


   NSTEP       ENERGY          RMS            GMAX         NAME    NUMBER
    720       4.7005E+02     6.1357E-03     1.1237E-01     C3       1661

 BOND    =       28.8366  ANGLE   =       38.6415  DIHED      =      502.5304
 VDWAALS =     -666.4961  EEL     =      253.7626  HBOND      =        0.0000
 1-4 VDW =      463.9944  1-4 EEL =     -151.2189  RESTRAINT  =        0.0026
 EAMBER  =      470.0505


   NSTEP       ENERGY          RMS            GMAX         NAME    NUMBER
    740       4.7005E+02     5.8796E-03     8.5929E-02     C1       1660

 BOND    =       28.8739  ANGLE   =       38.6277  DIHED      =      502.5284
 VDWAALS =     -666.4996  EEL     =      253.7633  HBOND      =        0.0000
 1-4 VDW =      463.9735  1-4 EEL =     -151.2199  RESTRAINT  =        0.0026
 EAMBER  =      470.0472


   NSTEP       ENERGY          RMS            GMAX         NAME    NUMBER
    760       4.7051E+02     1.0170E-02     2.6611E-01     C1          1

 BOND    =       28.8028  ANGLE   =       38.6580  DIHED      =      502.5242
 VDWAALS =     -666.0313  EEL     =      253.7590  HBOND      =        0.0000
 1-4 VDW =      464.0171  1-4 EEL =     -151.2196  RESTRAINT  =        0.0025
 EAMBER  =      470.5102


   NSTEP       ENERGY          RMS            GMAX         NAME    NUMBER
    780       4.8968E+02     1.3702E+00     2.9529E+01     H9       1673

 BOND    =       57.7241  ANGLE   =       38.7509  DIHED      =      503.5191
 VDWAALS =     -667.0003  EEL     =      253.7279  HBOND      =        0.0000
 1-4 VDW =      454.3087  1-4 EEL =     -151.3487  RESTRAINT  =        0.0023
 EAMBER  =      489.6818


   NSTEP       ENERGY          RMS            GMAX         NAME    NUMBER
    800       4.7051E+02     4.6762E-03     3.3016E-02     H12      1676

 BOND    =       28.8386  ANGLE   =       38.6424  DIHED      =      502.5257
 VDWAALS =     -666.0300  EEL     =      253.7595  HBOND      =        0.0000
 1-4 VDW =      463.9955  1-4 EEL =     -151.2198  RESTRAINT  =        0.0026
 EAMBER  =      470.5119


   NSTEP       ENERGY          RMS            GMAX         NAME    NUMBER
    820       4.7052E+02     4.6369E-03     2.5034E-02     H2       1666

 BOND    =       28.8446  ANGLE   =       38.6399  DIHED      =      502.5260
 VDWAALS =     -666.0280  EEL     =      253.7595  HBOND      =        0.0000
 1-4 VDW =      463.9919  1-4 EEL =     -151.2199  RESTRAINT  =        0.0026
 EAMBER  =      470.5139


   NSTEP       ENERGY          RMS            GMAX         NAME    NUMBER
    840       4.7052E+02     1.1289E-02     4.7388E-01     C5       1105

 BOND    =       28.8470  ANGLE   =       38.6411  DIHED      =      502.5255
 VDWAALS =     -666.0279  EEL     =      253.7595  HBOND      =        0.0000
 1-4 VDW =      463.9891  1-4 EEL =     -151.2198  RESTRAINT  =        0.0026
 EAMBER  =      470.5145


   NSTEP       ENERGY          RMS            GMAX         NAME    NUMBER
    860       4.7052E+02     8.3035E-03     3.1773E-01     C1        994

 BOND    =       28.8450  ANGLE   =       38.6392  DIHED      =      502.5269
 VDWAALS =     -666.0283  EEL     =      253.7593  HBOND      =        0.0000
 1-4 VDW =      463.9916  1-4 EEL =     -151.2198  RESTRAINT  =        0.0026
 EAMBER  =      470.5139


   NSTEP       ENERGY          RMS            GMAX         NAME    NUMBER
    880       7.9121E+02     1.1431E+01     6.1340E+02     C5       1105

 BOND    =      277.0491  ANGLE   =      113.0955  DIHED      =      503.7325
 VDWAALS =     -666.6296  EEL     =      253.7985  HBOND      =        0.0000
 1-4 VDW =      461.2686  1-4 EEL =     -151.1061  RESTRAINT  =        0.0057
 EAMBER  =      791.2084


   NSTEP       ENERGY          RMS            GMAX         NAME    NUMBER
    900       4.7052E+02     1.7121E-02     8.3165E-01     C5       1105

 BOND    =       28.8489  ANGLE   =       38.6419  DIHED      =      502.5252
 VDWAALS =     -666.0280  EEL     =      253.7594  HBOND      =        0.0000
 1-4 VDW =      463.9871  1-4 EEL =     -151.2196  RESTRAINT  =        0.0026
 EAMBER  =      470.5149


   NSTEP       ENERGY          RMS            GMAX         NAME    NUMBER
    920       4.7052E+02     7.0345E-03     3.1290E-01     C5       1105

 BOND    =       28.8439  ANGLE   =       38.6401  DIHED      =      502.5270
 VDWAALS =     -666.0270  EEL     =      253.7591  HBOND      =        0.0000
 1-4 VDW =      463.9918  1-4 EEL =     -151.2197  RESTRAINT  =        0.0026
 EAMBER  =      470.5151


   NSTEP       ENERGY          RMS            GMAX         NAME    NUMBER
    940       4.7052E+02     8.9505E-03     2.4478E-01     C6        998

 BOND    =       28.8423  ANGLE   =       38.6417  DIHED      =      502.5267
 VDWAALS =     -666.0219  EEL     =      253.7590  HBOND      =        0.0000
 1-4 VDW =      463.9922  1-4 EEL =     -151.2197  RESTRAINT  =        0.0026
 EAMBER  =      470.5203


   NSTEP       ENERGY          RMS            GMAX         NAME    NUMBER
    960       4.7054E+02     1.5264E-02     3.7957E-01     C5       1105

 BOND    =       28.8500  ANGLE   =       38.6399  DIHED      =      502.5269
 VDWAALS =     -666.0067  EEL     =      253.7589  HBOND      =        0.0000
 1-4 VDW =      463.9865  1-4 EEL =     -151.2195  RESTRAINT  =        0.0026
 EAMBER  =      470.5360


   NSTEP       ENERGY          RMS            GMAX         NAME    NUMBER
    980       6.8959E+02     9.0337E+00     4.3195E+02     C5       1105

 BOND    =      207.6102  ANGLE   =       71.7223  DIHED      =      505.1936
 VDWAALS =     -665.6659  EEL     =      253.5809  HBOND      =        0.0000
 1-4 VDW =      468.4634  1-4 EEL =     -151.3152  RESTRAINT  =        0.0014
 EAMBER  =      689.5893


   NSTEP       ENERGY          RMS            GMAX         NAME    NUMBER
   1000       4.7052E+02     1.0725E-02     3.1461E-01     C6       1106

 BOND    =       28.8429  ANGLE   =       38.6426  DIHED      =      502.5266
 VDWAALS =     -666.0219  EEL     =      253.7589  HBOND      =        0.0000
 1-4 VDW =      463.9909  1-4 EEL =     -151.2196  RESTRAINT  =        0.0026
 EAMBER  =      470.5204


  Maximum number of minimization cycles reached.


                    FINAL RESULTS



   NSTEP       ENERGY          RMS            GMAX         NAME    NUMBER
   1000       4.7052E+02     1.0725E-02     3.1461E-01     C6       1106

 BOND    =       28.8429  ANGLE   =       38.6426  DIHED      =      502.5266
 VDWAALS =     -666.0219  EEL     =      253.7589  HBOND      =        0.0000
 1-4 VDW =      463.9909  1-4 EEL =     -151.2196  RESTRAINT  =        0.0026
 EAMBER  =      470.5204

--------------------------------------------------------------------------------
   5.  TIMINGS
--------------------------------------------------------------------------------

|    Read coords time           0.01 ( 0.04% of Total)
|                Build the list             0.01 (22.22% of List )
|                Other                      0.04 (77.78% of List )
|             List time                  0.05 ( 0.33% of Nonbo)
|                   Short_ene time             8.09 (98.44% of Direc)
|                   Other                      0.13 ( 1.56% of Direc)
|                Direct Ewald time          8.22 (57.56% of Ewald)
|                Adjust Ewald time          0.66 ( 4.60% of Ewald)
|                Self Ewald time            0.00 ( 0.01% of Ewald)
|                   Fill Bspline coeffs        0.15 ( 2.98% of Recip)
|                   Fill charge grid           0.40 ( 7.93% of Recip)
|                   Scalar sum                 1.42 (28.25% of Recip)
|                   Grad sum                   0.78 (15.49% of Recip)
|                   FFT time                   2.29 (45.31% of Recip)
|                   Other                      0.00 ( 0.03% of Recip)
|                Recip Ewald time           5.04 (35.33% of Ewald)
|                Force Adjust               0.00 ( 0.01% of Ewald)
|                Virial junk                0.02 ( 0.12% of Ewald)
|                Start synchronizatio       0.00 ( 0.01% of Ewald)
|                Other                      0.34 ( 2.37% of Ewald)
|             Ewald time                14.27 (99.64% of Nonbo)
|             Other                      0.00 ( 0.03% of Nonbo)
|          Nonbond force             14.33 (83.85% of Force)
|          Bond/Angle/Dihedral        2.75 (16.11% of Force)
|          Other                      0.01 ( 0.04% of Force)
|       Force time                17.09 (100.0% of Runmd)
|    Runmd Time                17.09 (96.86% of Total)
|    Other                      0.55 ( 3.10% of Total)
| Total time                17.64 (100.0% of ALL  )

| Highest rstack allocated:     235340
| Highest istack allocated:       3242
|           Job began  at 15:48:20.805  on 08/30/2016
|           Setup done at 15:48:20.877  on 08/30/2016
|           Run   done at 15:48:38.445  on 08/30/2016
|     wallclock() was called   38050 times
