
          -------------------------------------------------------
          Amber 14 SANDER                              2014
          -------------------------------------------------------

| Run on 04/27/2016 at 11:10:11

|   Executable path: /home/steboss/Software/amber14/bin/sander
| Working directory: /home/steboss/projects/reproducibility/neopentane_issue/_ligands/propane
|          Hostname: Unknown
  [-O]verwriting output

File Assignments:
|  MDIN: min00001.in                                                           
| MDOUT: min00001.out                                                          
|INPCRD: solvated.rst7                                                         
|  PARM: solvated.parm7                                                        
|RESTRT: min00001.rst7                                                         
|  REFC: solvated.rst7                                                         
| MDVEL: mdvel                                                                 
| MDFRC: mdfrc                                                                 
|  MDEN: min00001.en                                                           
| MDCRD: min00001.nc                                                           
|MDINFO: min00001.info                                                         
|  MTMD: mtmd                                                                  
|INPDIP: inpdip                                                                
|RSTDIP: rstdip                                                                
|INPTRA: inptraj                                                               


 Here is the input file:

Minimise whole system                                                          
 &cntrl                                                                        
   imin = 1, ntmin = 1,                                                        
   maxcyc = 100, ncyc = 10,                                                    
   ntpr = 20, ntwe = 20,                                                       
   dx0 = 1.0D-7,                                                               
    ntb = 1,                                                                   
 ntr = 1, restraint_wt = 10.00,                                                
 restraintmask="!:WAT,HOH,T3P,T4P",                                            
 /                                                                             

--------------------------------------------------------------------------------
   1.  RESOURCE   USE: 
--------------------------------------------------------------------------------

| Flags:                                                                        
 getting new box info from bottom of inpcrd
|  INFO: Old style inpcrd file read

| peek_ewald_inpcrd: Box info found
|Largest sphere to fit in unit cell has radius =    16.496
| New format PARM file being parsed.
| Version =    1.000 Date = 04/27/16 Time = 11:10:11
 NATOM  =    2408 NTYPES =       4 NBONH =    2405 MBONA  =       2
 NTHETH =      17 MTHETA =       1 NPHIH =      18 MPHIA  =       0
 NHPARM =       0 NPARM  =       0 NNB   =    3243 NRES   =     800
 NBONA  =       2 NTHETA =       1 NPHIA =       0 NUMBND =       4
 NUMANG =       3 NPTRA  =       2 NATYP =       4 NPHB   =       1
 IFBOX  =       1 NMXRS  =      11 IFCAP =       0 NEXTRA =       0
 NCOPY  =       0


|     Memory Use     Allocated
|     Real              284926
|     Hollerith           8026
|     Integer            75596
|     Max Pairs         802666
|     nblistReal         28896
|     nblist Int        128595
|       Total             6416 kbytes

| Note: 1-4 EEL scale factors are being read from the topology file.

| Note: 1-4 VDW scale factors are being read from the topology file.
| Duplicated    0 dihedrals
| Duplicated    0 dihedrals

     BOX TYPE: RECTILINEAR

--------------------------------------------------------------------------------
   2.  CONTROL  DATA  FOR  THE  RUN
--------------------------------------------------------------------------------

LIG                                                                             

General flags:
     imin    =       1, nmropt  =       0

Nature and format of input:
     ntx     =       1, irest   =       0, ntrx    =       1

Nature and format of output:
     ntxo    =       1, ntpr    =      20, ntrx    =       1, ntwr    =     500
     iwrap   =       0, ntwx    =       0, ntwv    =       0, ntwe    =      20
     ioutfm  =       0, ntwprt  =       0, idecomp =       0, rbornstat=      0

Potential function:
     ntf     =       1, ntb     =       1, igb     =       0, nsnb    =      25
     ipol    =       0, gbsa    =       0, iesp    =       0
     dielc   =   1.00000, cut     =   8.00000, intdiel =   1.00000

Frozen or restrained atoms:
     ibelly  =       0, ntr     =       1
     restraint_wt =  10.00000

Energy minimization:
     maxcyc  =     100, ncyc    =      10, ntmin   =       1
     dx0     =   0.00000, drms    =   0.00010

Ewald parameters:
     verbose =       0, ew_type =       0, nbflag  =       1, use_pme =       1
     vdwmeth =       1, eedmeth =       1, netfrc  =       0
     Box X =   33.943   Box Y =   33.314   Box Z =   32.993
     Alpha =   90.000   Beta  =   90.000   Gamma =   90.000
     NFFT1 =   36       NFFT2 =   36       NFFT3 =   32
     Cutoff=    8.000   Tol   =0.100E-04
     Ewald Coefficient =  0.34864
     Interpolation order =    4

    LOADING THE CONSTRAINED ATOMS AS GROUPS


   5.  REFERENCE ATOM COORDINATES

  LIG 
     Mask !:WAT,HOH,T3P,T4P; matches    11 atoms

--------------------------------------------------------------------------------
   3.  ATOMIC COORDINATES AND VELOCITIES
--------------------------------------------------------------------------------

LIG                                                                             
 begin time read from input coords =     0.000 ps

 Number of triangulated 3-point waters found:      799

     Sum of charges from parm topology file =   0.00000200
     Forcing neutrality...

--------------------------------------------------------------------------------
   4.  RESULTS
--------------------------------------------------------------------------------

 ---------------------------------------------------
 APPROXIMATING switch and d/dx switch using CUBIC SPLINE INTERPOLATION
 using   5000.0 points per unit in tabled values
 TESTING RELATIVE ERROR over r ranging from 0.0 to cutoff
| CHECK switch(x): max rel err =   0.2738E-14   at   2.422500
| CHECK d/dx switch(x): max rel err =   0.8332E-11   at   2.782960
 ---------------------------------------------------
| Local SIZE OF NONBOND LIST =     348209
| TOTAL SIZE OF NONBOND LIST =     348209


   NSTEP       ENERGY          RMS            GMAX         NAME    NUMBER
      1      -6.3424E+03     1.1854E+01     4.3126E+01     O         588

 BOND    =        2.3810  ANGLE   =        0.0909  DIHED      =        0.0055
 VDWAALS =      796.9771  EEL     =    -7142.1061  HBOND      =        0.0000
 1-4 VDW =        0.4794  1-4 EEL =       -0.2138  RESTRAINT  =        0.0000


   NSTEP       ENERGY          RMS            GMAX         NAME    NUMBER
     20      -7.2048E+03     8.9144E+00     7.6652E+01     C1          1

 BOND    =      961.5254  ANGLE   =        2.3388  DIHED      =        0.0417
 VDWAALS =      817.1649  EEL     =    -8986.3060  HBOND      =        0.0000
 1-4 VDW =        0.5097  1-4 EEL =       -0.2201  RESTRAINT  =        0.1553
 EAMBER  =    -7204.9456


   NSTEP       ENERGY          RMS            GMAX         NAME    NUMBER
     40      -7.7102E+03     2.7982E+00     1.9744E+01     O         588

 BOND    =      356.4426  ANGLE   =        0.2366  DIHED      =        0.0010
 VDWAALS =      829.6206  EEL     =    -8896.7827  HBOND      =        0.0000
 1-4 VDW =        0.4294  1-4 EEL =       -0.1900  RESTRAINT  =        0.0475
 EAMBER  =    -7710.2426


   NSTEP       ENERGY          RMS            GMAX         NAME    NUMBER
     60      -8.0559E+03     1.9843E+00     1.6244E+01     O        1983

 BOND    =      543.3264  ANGLE   =        0.1277  DIHED      =        0.0008
 VDWAALS =     1010.0008  EEL     =    -9609.5585  HBOND      =        0.0000
 1-4 VDW =        0.3539  1-4 EEL =       -0.1954  RESTRAINT  =        0.0426
 EAMBER  =    -8055.9443


   NSTEP       ENERGY          RMS            GMAX         NAME    NUMBER
     80      -8.2469E+03     2.3764E+00     3.6004E+01     C2          2

 BOND    =      547.2722  ANGLE   =        1.4432  DIHED      =        0.0672
 VDWAALS =     1146.2211  EEL     =    -9942.2710  HBOND      =        0.0000
 1-4 VDW =        0.4039  1-4 EEL =       -0.2112  RESTRAINT  =        0.1614
 EAMBER  =    -8247.0746


   NSTEP       ENERGY          RMS            GMAX         NAME    NUMBER
    100      -8.3968E+03     2.0125E+00     3.4462E+01     H10        10

 BOND    =      551.7217  ANGLE   =        0.7022  DIHED      =        0.0318
 VDWAALS =     1275.7054  EEL     =   -10225.4464  HBOND      =        0.0000
 1-4 VDW =        0.3995  1-4 EEL =       -0.1855  RESTRAINT  =        0.2253
 EAMBER  =    -8397.0714


  Maximum number of minimization cycles reached.


                    FINAL RESULTS



   NSTEP       ENERGY          RMS            GMAX         NAME    NUMBER
    100      -8.3968E+03     2.0125E+00     3.4462E+01     H10        10

 BOND    =      551.7217  ANGLE   =        0.7022  DIHED      =        0.0318
 VDWAALS =     1275.7054  EEL     =   -10225.4464  HBOND      =        0.0000
 1-4 VDW =        0.3995  1-4 EEL =       -0.1855  RESTRAINT  =        0.2253
 EAMBER  =    -8397.0714

--------------------------------------------------------------------------------
   5.  TIMINGS
--------------------------------------------------------------------------------

|    Read coords time           0.01 ( 0.13% of Total)
|    Fast Water setup           0.00 ( 0.01% of Total)
|                Build the list             0.03 (43.06% of List )
|                Other                      0.04 (56.94% of List )
|             List time                  0.08 ( 2.00% of Nonbo)
|                   Short_ene time             2.62 (98.19% of Direc)
|                   Other                      0.05 ( 1.81% of Direc)
|                Direct Ewald time          2.67 (69.32% of Ewald)
|                Adjust Ewald time          0.03 ( 0.82% of Ewald)
|                Self Ewald time            0.00 ( 0.01% of Ewald)
|                   Fill Bspline coeffs        0.05 ( 3.95% of Recip)
|                   Fill charge grid           0.10 ( 8.88% of Recip)
|                   Scalar sum                 0.28 (24.41% of Recip)
|                   Grad sum                   0.20 (17.84% of Recip)
|                   FFT time                   0.51 (44.88% of Recip)
|                   Other                      0.00 ( 0.04% of Recip)
|                Recip Ewald time           1.14 (29.76% of Ewald)
|                Virial junk                0.00 ( 0.08% of Ewald)
|                Other                      0.00 ( 0.02% of Ewald)
|             Ewald time                 3.85 (98.00% of Nonbo)
|          Nonbond force              3.92 (99.41% of Force)
|          Bond/Angle/Dihedral        0.02 ( 0.55% of Force)
|          Other                      0.00 ( 0.04% of Force)
|       Force time                 3.95 (100.0% of Runmd)
|    Runmd Time                 3.95 (97.55% of Total)
|    Other                      0.09 ( 2.32% of Total)
| Total time                 4.05 (100.0% of ALL  )

| Number of list builds   :          1

| Highest rstack allocated:     161414
| Highest istack allocated:       2408
|           Job began  at 11:10:11.673  on 04/27/2016
|           Setup done at 11:10:11.734  on 04/27/2016
|           Run   done at 11:10:15.722  on 04/27/2016
|     wallclock() was called    3850 times
