
          -------------------------------------------------------
          Amber 14 SANDER                              2014
          -------------------------------------------------------

| Run on 09/19/2016 at 13:55:40

|   Executable path: sander
| Working directory: /home/steboss/Simulation/Cluster/reproducibility/diatomic_pert/logP/1092/inputfiles/water/equilibration
|          Hostname: Unknown
  [-O]verwriting output

File Assignments:
|  MDIN: md00002.in                                                            
| MDOUT: md00002.out                                                           
|INPCRD: min00001.rst7                                                         
|  PARM: solvated.parm7                                                        
|RESTRT: md00002.rst7                                                          
|  REFC: solvated.rst7                                                         
| MDVEL: mdvel                                                                 
| MDFRC: mdfrc                                                                 
|  MDEN: md00002.en                                                            
| MDCRD: md00002.nc                                                            
|MDINFO: md00002.info                                                          
|  MTMD: mtmd                                                                  
|INPDIP: inpdip                                                                
|RSTDIP: rstdip                                                                
|INPTRA: inptraj                                                               


 Here is the input file:

heat the system                                                                
 &cntrl                                                                        
   imin = 0, nstlim = 1000, irest = 0, ntx = 1, dt = 0.002,                    
   nmropt = 1,                                                                 
   ntt = 1, temp0 = 300.0, tempi = 5.0, tautp = 1.0,                           
   ntb = 1, pres0 = 1.0,                                                       
   ntc = 2, ntf = 2,                                                           
   ioutfm = 1, iwrap = 1,                                                      
   ntwe = 200, ntwx = 200, ntpr = 100,                                         
    ntr = 1, restraint_wt = 10.00,                                             
 restraintmask="!:WAT,HOH,T3P,T4P",                                            
 /                                                                             
                                                                               
 &wt                                                                           
   type = 'TEMP0',                                                             
   istep1 = 0, istep2 = 1000,                                                  
   value1 = 5.0, value2 = 300.0                                                
 /                                                                             
                                                                               
 &wt type = 'END'                                                              
 /                                                                             

--------------------------------------------------------------------------------
   1.  RESOURCE   USE: 
--------------------------------------------------------------------------------

| Flags:                                                                        
 getting new box info from bottom of inpcrd
|  INFO: Old style inpcrd file read

| peek_ewald_inpcrd: Box info found
|Largest sphere to fit in unit cell has radius =    15.111
| New format PARM file being parsed.
| Version =    1.000 Date = 09/19/16 Time = 13:52:51
 NATOM  =    1802 NTYPES =       3 NBONH =    1801 MBONA  =       0
 NTHETH =       0 MTHETA =       0 NPHIH =       0 MPHIA  =       0
 NHPARM =       0 NPARM  =       0 NNB   =    2402 NRES   =     601
 NBONA  =       0 NTHETA =       0 NPHIA =       0 NUMBND =       3
 NUMANG =       0 NPTRA  =       0 NATYP =       4 NPHB   =       1
 IFBOX  =       1 NMXRS  =       3 IFCAP =       0 NEXTRA =       0
 NCOPY  =       0


|     Memory Use     Allocated
|     Real              213368
|     Hollerith           6009
|     Integer            60890
|     Max Pairs         600666
|     nblistReal         21624
|     nblist Int        107839
|       Total             4864 kbytes

| Note: 1-4 EEL scale factors are being read from the topology file.

| Note: 1-4 VDW scale factors are being read from the topology file.
| Duplicated    0 dihedrals
| Duplicated    0 dihedrals

     BOX TYPE: RECTILINEAR

--------------------------------------------------------------------------------
   2.  CONTROL  DATA  FOR  THE  RUN
--------------------------------------------------------------------------------

default_name                                                                    

General flags:
     imin    =       0, nmropt  =       1

Nature and format of input:
     ntx     =       1, irest   =       0, ntrx    =       1

Nature and format of output:
     ntxo    =       1, ntpr    =     100, ntrx    =       1, ntwr    =     500
     iwrap   =       1, ntwx    =     200, ntwv    =       0, ntwe    =     200
     ioutfm  =       1, ntwprt  =       0, idecomp =       0, rbornstat=      0

Potential function:
     ntf     =       2, ntb     =       1, igb     =       0, nsnb    =      25
     ipol    =       0, gbsa    =       0, iesp    =       0
     dielc   =   1.00000, cut     =   8.00000, intdiel =   1.00000

Frozen or restrained atoms:
     ibelly  =       0, ntr     =       1
     restraint_wt =  10.00000

Molecular dynamics:
     nstlim  =      1000, nscm    =         0, nrespa  =         1
     t       =   0.00000, dt      =   0.00200, vlimit  =  20.00000

Berendsen (weak-coupling) temperature regulation:
     temp0   = 300.00000, tempi   =   5.00000, tautp   =   1.00000

SHAKE:
     ntc     =       2, jfastw  =       0
     tol     =   0.00001

NMR refinement options:
     iscale  =       0, noeskp  =       1, ipnlty  =       1, mxsub   =       1
     scalm   = 100.00000, pencut  =   0.10000, tausw   =   0.10000

Ewald parameters:
     verbose =       0, ew_type =       0, nbflag  =       1, use_pme =       1
     vdwmeth =       1, eedmeth =       1, netfrc  =       1
     Box X =   31.398   Box Y =   30.511   Box Z =   30.222
     Alpha =   90.000   Beta  =   90.000   Gamma =   90.000
     NFFT1 =   32       NFFT2 =   30       NFFT3 =   30
     Cutoff=    8.000   Tol   =0.100E-04
     Ewald Coefficient =  0.34864
     Interpolation order =    4

    LOADING THE CONSTRAINED ATOMS AS GROUPS


   5.  REFERENCE ATOM COORDINATES

  defa
     Mask !:WAT,HOH,T3P,T4P; matches     2 atoms

--------------------------------------------------------------------------------
   3.  ATOMIC COORDINATES AND VELOCITIES
--------------------------------------------------------------------------------

defa                                                                            
 begin time read from input coords =     0.000 ps



           Begin reading energy term weight changes/NMR restraints
 WEIGHT CHANGES:
 TEMP0         0   1000    5.000000  300.000000      0      0

 RESTRAINTS:
                          ** No restraint defined **

                  Done reading weight changes/NMR restraints


 Number of triangulated 3-point waters found:      600

     Sum of charges from parm topology file =   0.00000000
     Forcing neutrality...

--------------------------------------------------------------------------------
   4.  RESULTS
--------------------------------------------------------------------------------

|  # of SOLUTE  degrees of freedom (RNDFP):    3605.
|  # of SOLVENT degrees of freedom (RNDFS):       0.
|  NDFMIN =    3605.     NUM_NOSHAKE =      0     CORRECTED RNDFP =    3605.
|  TOTAL # of degrees of freedom (RNDF) =    3605.
 ---------------------------------------------------
 APPROXIMATING switch and d/dx switch using CUBIC SPLINE INTERPOLATION
 using   5000.0 points per unit in tabled values
 TESTING RELATIVE ERROR over r ranging from 0.0 to cutoff
| CHECK switch(x): max rel err =   0.2738E-14   at   2.422500
| CHECK d/dx switch(x): max rel err =   0.8332E-11   at   2.782960
 ---------------------------------------------------
| Local SIZE OF NONBOND LIST =     256306
| TOTAL SIZE OF NONBOND LIST =     256306

 NSTEP =        0   TIME(PS) =       0.000  TEMP(K) =     7.50  PRESS =     0.0
 Etot   =     -6551.5589  EKtot   =        26.8811  EPtot      =     -6578.4400
 BOND   =         0.0000  ANGLE   =         0.0000  DIHED      =         0.0000
 1-4 NB =         0.0000  1-4 EEL =         0.0000  VDWAALS    =       901.6205
 EELEC  =     -7480.1709  EHBOND  =         0.0000  RESTRAINT  =         0.1104
 EAMBER (non-restraint)  =     -6578.5504
 Ewald error estimate:   0.2621E-03
 ------------------------------------------------------------------------------

 NMR restraints: Bond =    0.000   Angle =     0.000   Torsion =     0.000
===============================================================================

 NSTEP =      100   TIME(PS) =       0.200  TEMP(K) =   101.10  PRESS =     0.0
 Etot   =     -5779.5653  EKtot   =       362.1401  EPtot      =     -6141.7054
 BOND   =         0.0000  ANGLE   =         0.0000  DIHED      =         0.0000
 1-4 NB =         0.0000  1-4 EEL =         0.0000  VDWAALS    =      1201.5223
 EELEC  =     -7343.2667  EHBOND  =         0.0000  RESTRAINT  =         0.0389
 EAMBER (non-restraint)  =     -6141.7444
 Ewald error estimate:   0.6830E-04
 ------------------------------------------------------------------------------

 NMR restraints: Bond =    0.000   Angle =     0.000   Torsion =     0.000
===============================================================================

 NSTEP =      200   TIME(PS) =       0.400  TEMP(K) =   110.76  PRESS =     0.0
 Etot   =     -5822.7481  EKtot   =       396.7200  EPtot      =     -6219.4680
 BOND   =         0.0000  ANGLE   =         0.0000  DIHED      =         0.0000
 1-4 NB =         0.0000  1-4 EEL =         0.0000  VDWAALS    =      1258.9599
 EELEC  =     -7478.7388  EHBOND  =         0.0000  RESTRAINT  =         0.3110
 EAMBER (non-restraint)  =     -6219.7790
 Ewald error estimate:   0.6652E-04
 ------------------------------------------------------------------------------

 NMR restraints: Bond =    0.000   Angle =     0.000   Torsion =     0.000
===============================================================================

 NSTEP =      300   TIME(PS) =       0.600  TEMP(K) =   113.02  PRESS =     0.0
 Etot   =     -5848.3152  EKtot   =       404.8189  EPtot      =     -6253.1341
 BOND   =         0.0000  ANGLE   =         0.0000  DIHED      =         0.0000
 1-4 NB =         0.0000  1-4 EEL =         0.0000  VDWAALS    =      1298.6057
 EELEC  =     -7552.2712  EHBOND  =         0.0000  RESTRAINT  =         0.5313
 EAMBER (non-restraint)  =     -6253.6655
 Ewald error estimate:   0.2539E-03
 ------------------------------------------------------------------------------

 NMR restraints: Bond =    0.000   Angle =     0.000   Torsion =     0.000
===============================================================================

 NSTEP =      400   TIME(PS) =       0.800  TEMP(K) =   121.52  PRESS =     0.0
 Etot   =     -5854.0568  EKtot   =       435.2917  EPtot      =     -6289.3485
 BOND   =         0.0000  ANGLE   =         0.0000  DIHED      =         0.0000
 1-4 NB =         0.0000  1-4 EEL =         0.0000  VDWAALS    =      1238.4079
 EELEC  =     -7527.9268  EHBOND  =         0.0000  RESTRAINT  =         0.1703
 EAMBER (non-restraint)  =     -6289.5189
 Ewald error estimate:   0.1684E-03
 ------------------------------------------------------------------------------

 NMR restraints: Bond =    0.000   Angle =     0.000   Torsion =     0.000
===============================================================================

 NSTEP =      500   TIME(PS) =       1.000  TEMP(K) =   125.80  PRESS =     0.0
 Etot   =     -5844.0443  EKtot   =       450.6028  EPtot      =     -6294.6472
 BOND   =         0.0000  ANGLE   =         0.0000  DIHED      =         0.0000
 1-4 NB =         0.0000  1-4 EEL =         0.0000  VDWAALS    =      1191.6320
 EELEC  =     -7488.0163  EHBOND  =         0.0000  RESTRAINT  =         1.7372
 EAMBER (non-restraint)  =     -6296.3843
 Ewald error estimate:   0.1264E-03
 ------------------------------------------------------------------------------

 NMR restraints: Bond =    0.000   Angle =     0.000   Torsion =     0.000
===============================================================================

 NSTEP =      600   TIME(PS) =       1.200  TEMP(K) =   133.30  PRESS =     0.0
 Etot   =     -5816.3560  EKtot   =       477.4681  EPtot      =     -6293.8241
 BOND   =         0.0000  ANGLE   =         0.0000  DIHED      =         0.0000
 1-4 NB =         0.0000  1-4 EEL =         0.0000  VDWAALS    =      1135.5789
 EELEC  =     -7429.6696  EHBOND  =         0.0000  RESTRAINT  =         0.2666
 EAMBER (non-restraint)  =     -6294.0907
 Ewald error estimate:   0.4986E-03
 ------------------------------------------------------------------------------

 NMR restraints: Bond =    0.000   Angle =     0.000   Torsion =     0.000
===============================================================================

 NSTEP =      700   TIME(PS) =       1.400  TEMP(K) =   138.76  PRESS =     0.0
 Etot   =     -5773.3542  EKtot   =       497.0305  EPtot      =     -6270.3847
 BOND   =         0.0000  ANGLE   =         0.0000  DIHED      =         0.0000
 1-4 NB =         0.0000  1-4 EEL =         0.0000  VDWAALS    =      1171.8892
 EELEC  =     -7443.2029  EHBOND  =         0.0000  RESTRAINT  =         0.9290
 EAMBER (non-restraint)  =     -6271.3137
 Ewald error estimate:   0.4438E-03
 ------------------------------------------------------------------------------

 NMR restraints: Bond =    0.000   Angle =     0.000   Torsion =     0.000
===============================================================================

 NSTEP =      800   TIME(PS) =       1.600  TEMP(K) =   148.02  PRESS =     0.0
 Etot   =     -5717.3502  EKtot   =       530.1999  EPtot      =     -6247.5501
 BOND   =         0.0000  ANGLE   =         0.0000  DIHED      =         0.0000
 1-4 NB =         0.0000  1-4 EEL =         0.0000  VDWAALS    =      1203.8421
 EELEC  =     -7452.0434  EHBOND  =         0.0000  RESTRAINT  =         0.6513
 EAMBER (non-restraint)  =     -6248.2013
 Ewald error estimate:   0.3495E-03
 ------------------------------------------------------------------------------

 NMR restraints: Bond =    0.000   Angle =     0.000   Torsion =     0.000
===============================================================================

 NSTEP =      900   TIME(PS) =       1.800  TEMP(K) =   162.03  PRESS =     0.0
 Etot   =     -5647.5582  EKtot   =       580.3917  EPtot      =     -6227.9499
 BOND   =         0.0000  ANGLE   =         0.0000  DIHED      =         0.0000
 1-4 NB =         0.0000  1-4 EEL =         0.0000  VDWAALS    =      1109.4803
 EELEC  =     -7338.5382  EHBOND  =         0.0000  RESTRAINT  =         1.1080
 EAMBER (non-restraint)  =     -6229.0579
 Ewald error estimate:   0.1769E-03
 ------------------------------------------------------------------------------

 NMR restraints: Bond =    0.000   Angle =     0.000   Torsion =     0.000
===============================================================================

 NSTEP =     1000   TIME(PS) =       2.000  TEMP(K) =   173.27  PRESS =     0.0
 Etot   =     -5564.8719  EKtot   =       620.6265  EPtot      =     -6185.4984
 BOND   =         0.0000  ANGLE   =         0.0000  DIHED      =         0.0000
 1-4 NB =         0.0000  1-4 EEL =         0.0000  VDWAALS    =      1134.1112
 EELEC  =     -7320.6607  EHBOND  =         0.0000  RESTRAINT  =         1.0512
 EAMBER (non-restraint)  =     -6186.5496
 Ewald error estimate:   0.1899E-04
 ------------------------------------------------------------------------------

 NMR restraints: Bond =    0.000   Angle =     0.000   Torsion =     0.000
===============================================================================

      A V E R A G E S   O V E R    1000 S T E P S


 NSTEP =     1000   TIME(PS) =       2.000  TEMP(K) =   126.00  PRESS =     0.0
 Etot   =     -5776.9981  EKtot   =       451.3262  EPtot      =     -6228.3243
 BOND   =         0.0000  ANGLE   =         0.0000  DIHED      =         0.0000
 1-4 NB =         0.0000  1-4 EEL =         0.0000  VDWAALS    =      1181.8559
 EELEC  =     -7410.7731  EHBOND  =         0.0000  RESTRAINT  =         0.5929
 EAMBER (non-restraint)  =     -6228.9172
 Ewald error estimate:   0.2242E-03
 ------------------------------------------------------------------------------

 NMR restraints: Bond =    0.000   Angle =     0.000   Torsion =     0.000
===============================================================================

      R M S  F L U C T U A T I O N S


 NSTEP =     1000   TIME(PS) =       2.000  TEMP(K) =    30.08  PRESS =     0.0
 Etot   =        78.9205  EKtot   =       107.7261  EPtot      =        96.5953
 BOND   =         0.0000  ANGLE   =         0.0000  DIHED      =         0.0000
 1-4 NB =         0.0000  1-4 EEL =         0.0000  VDWAALS    =        99.2693
 EELEC  =       180.3299  EHBOND  =         0.0000  RESTRAINT  =         0.4894
 EAMBER (non-restraint)  =        96.1059
 Ewald error estimate:   0.1393E-03
 ------------------------------------------------------------------------------


 NMR restraints on final step:


--------------------------------------------------------------------------------
   5.  TIMINGS
--------------------------------------------------------------------------------

|    Read coords time           0.01 ( 0.05% of Total)
|                Build the list             0.47 (93.03% of List )
|                Other                      0.03 ( 6.97% of List )
|             List time                  0.50 ( 4.66% of Nonbo)
|                   Short_ene time             7.61 (99.05% of Direc)
|                   Other                      0.07 ( 0.95% of Direc)
|                Direct Ewald time          7.69 (74.82% of Ewald)
|                Adjust Ewald time          0.07 ( 0.72% of Ewald)
|                Self Ewald time            0.00 ( 0.01% of Ewald)
|                   Fill Bspline coeffs        0.10 ( 3.87% of Recip)
|                   Fill charge grid           0.23 ( 9.16% of Recip)
|                   Scalar sum                 0.65 (25.94% of Recip)
|                   Grad sum                   0.47 (18.99% of Recip)
|                   FFT time                   1.05 (41.98% of Recip)
|                   Other                      0.00 ( 0.07% of Recip)
|                Recip Ewald time           2.49 (24.24% of Ewald)
|                Force Adjust               0.00 ( 0.03% of Ewald)
|                Virial junk                0.01 ( 0.11% of Ewald)
|                Start synchronizatio       0.00 ( 0.01% of Ewald)
|                Other                      0.01 ( 0.06% of Ewald)
|             Ewald time                10.27 (95.31% of Nonbo)
|             IPS excludes               0.00 ( 0.01% of Nonbo)
|             Other                      0.00 ( 0.03% of Nonbo)
|          Nonbond force             10.78 (100.0% of Force)
|          Bond/Angle/Dihedral        0.00 ( 0.01% of Force)
|          Other                      0.01 ( 0.08% of Force)
|       Force time                10.79 (97.49% of Runmd)
|       Shake time                 0.09 ( 0.82% of Runmd)
|       Verlet update time         0.18 ( 1.60% of Runmd)
|       Other                      0.01 ( 0.10% of Runmd)
|    Runmd Time                11.07 (99.50% of Total)
|    Other                      0.05 ( 0.45% of Total)
| Total time                11.12 (100.0% of ALL  )

| Highest rstack allocated:     116904
| Highest istack allocated:       1802

| Final Performance Info:
| -----------------------------------------------------
| Average timings for all steps:
|     Elapsed(s) =      11.07 Per Step(ms) =      11.07
|         ns/day =      15.61   seconds/ns =    5534.66
| -----------------------------------------------------

|           Job began  at 13:55:40.136  on 09/19/2016
|           Setup done at 13:55:40.192  on 09/19/2016
|           Run   done at 13:55:51.260  on 09/19/2016
|     wallclock() was called   44177 times
