
          -------------------------------------------------------
          Amber 14 SANDER                              2014
          -------------------------------------------------------

| Run on 04/27/2016 at 10:56:39

|   Executable path: /home/steboss/Software/amber14/bin/sander
| Working directory: /home/steboss/projects/reproducibility/neopentane_issue/_ligands/isobutane
|          Hostname: Unknown
  [-O]verwriting output

File Assignments:
|  MDIN: md00004.in                                                            
| MDOUT: md00004.out                                                           
|INPCRD: md00003.rst7                                                          
|  PARM: solvated.parm7                                                        
|RESTRT: md00004.rst7                                                          
|  REFC: md00003.rst7                                                          
| MDVEL: mdvel                                                                 
| MDFRC: mdfrc                                                                 
|  MDEN: md00004.en                                                            
| MDCRD: md00004.nc                                                            
|MDINFO: md00004.info                                                          
|  MTMD: mtmd                                                                  
|INPDIP: inpdip                                                                
|RSTDIP: rstdip                                                                
|INPTRA: inptraj                                                               


 Here is the input file:

constant pressure                                                              
 &cntrl                                                                        
   imin = 0, nstlim = 15000, irest = 1, ntx = 5, dt = 0.002,                   
   ntt = 1, temp0 = 300.0, tautp = 1.0,                                        
   ntp = 1, pres0 = 1.0, taup = 0.5,                                           
   ntb = 2,                                                                    
   ntc = 2, ntf = 2,                                                           
   ioutfm = 1, iwrap = 1,                                                      
   ntwe = 3000, ntwx = 3000, ntpr = 1500,                                      
    ntr = 1, restraint_wt = 10.00,                                             
 restraintmask="!:WAT,HOH,T3P,T4P",                                            
 /                                                                             

--------------------------------------------------------------------------------
   1.  RESOURCE   USE: 
--------------------------------------------------------------------------------

| Flags:                                                                        
 getting new box info from bottom of inpcrd
|  INFO: Old style inpcrd file read

| peek_ewald_inpcrd: Box info found
|Largest sphere to fit in unit cell has radius =    16.657
| New format PARM file being parsed.
| Version =    1.000 Date = 04/27/16 Time = 10:52:40
 NATOM  =    2507 NTYPES =       4 NBONH =    2503 MBONA  =       3
 NTHETH =      21 MTHETA =       3 NPHIH =      27 MPHIA  =       0
 NHPARM =       0 NPARM  =       0 NNB   =    3390 NRES   =     832
 NBONA  =       3 NTHETA =       3 NPHIA =       0 NUMBND =       4
 NUMANG =       3 NPTRA  =       2 NATYP =       4 NPHB   =       1
 IFBOX  =       1 NMXRS  =      14 IFCAP =       0 NEXTRA =       0
 NCOPY  =       0


|     Memory Use     Allocated
|     Real              262764
|     Hollerith           8355
|     Integer            78321
|     Max Pairs         835666
|     nblistReal         30084
|     nblist Int        139374
|       Total             6435 kbytes

| Note: 1-4 EEL scale factors are being read from the topology file.

| Note: 1-4 VDW scale factors are being read from the topology file.
| Duplicated    0 dihedrals
| Duplicated    0 dihedrals

     BOX TYPE: RECTILINEAR

--------------------------------------------------------------------------------
   2.  CONTROL  DATA  FOR  THE  RUN
--------------------------------------------------------------------------------

LIG                                                                             

General flags:
     imin    =       0, nmropt  =       0

Nature and format of input:
     ntx     =       5, irest   =       1, ntrx    =       1

Nature and format of output:
     ntxo    =       1, ntpr    =    1500, ntrx    =       1, ntwr    =     500
     iwrap   =       1, ntwx    =    3000, ntwv    =       0, ntwe    =    3000
     ioutfm  =       1, ntwprt  =       0, idecomp =       0, rbornstat=      0

Potential function:
     ntf     =       2, ntb     =       2, igb     =       0, nsnb    =      25
     ipol    =       0, gbsa    =       0, iesp    =       0
     dielc   =   1.00000, cut     =   8.00000, intdiel =   1.00000

Frozen or restrained atoms:
     ibelly  =       0, ntr     =       1
     restraint_wt =  10.00000

Molecular dynamics:
     nstlim  =     15000, nscm    =         0, nrespa  =         1
     t       =   0.00000, dt      =   0.00200, vlimit  =  20.00000

Berendsen (weak-coupling) temperature regulation:
     temp0   = 300.00000, tempi   =   0.00000, tautp   =   1.00000

Pressure regulation:
     ntp     =       1
     pres0   =   1.00000, comp    =  44.60000, taup    =   0.50000

SHAKE:
     ntc     =       2, jfastw  =       0
     tol     =   0.00001

Ewald parameters:
     verbose =       0, ew_type =       0, nbflag  =       1, use_pme =       1
     vdwmeth =       1, eedmeth =       1, netfrc  =       1
     Box X =   33.943   Box Y =   33.314   Box Z =   34.229
     Alpha =   90.000   Beta  =   90.000   Gamma =   90.000
     NFFT1 =   36       NFFT2 =   36       NFFT3 =   36
     Cutoff=    8.000   Tol   =0.100E-04
     Ewald Coefficient =  0.34864
     Interpolation order =    4

    LOADING THE CONSTRAINED ATOMS AS GROUPS


   5.  REFERENCE ATOM COORDINATES

  LIG 
     Mask !:WAT,HOH,T3P,T4P; matches    14 atoms

--------------------------------------------------------------------------------
   3.  ATOMIC COORDINATES AND VELOCITIES
--------------------------------------------------------------------------------

LIG                                                                             
 begin time read from input coords =    10.000 ps

 Number of triangulated 3-point waters found:      831

     Sum of charges from parm topology file =  -0.00000100
     Forcing neutrality...

--------------------------------------------------------------------------------
   4.  RESULTS
--------------------------------------------------------------------------------

|  # of SOLUTE  degrees of freedom (RNDFP):    5018.
|  # of SOLVENT degrees of freedom (RNDFS):       0.
|  NDFMIN =    5018.     NUM_NOSHAKE =      0     CORRECTED RNDFP =    5018.
|  TOTAL # of degrees of freedom (RNDF) =    5018.
 ---------------------------------------------------
 APPROXIMATING switch and d/dx switch using CUBIC SPLINE INTERPOLATION
 using   5000.0 points per unit in tabled values
 TESTING RELATIVE ERROR over r ranging from 0.0 to cutoff
| CHECK switch(x): max rel err =   0.2738E-14   at   2.422500
| CHECK d/dx switch(x): max rel err =   0.8332E-11   at   2.782960
 ---------------------------------------------------
| Local SIZE OF NONBOND LIST =     408155
| TOTAL SIZE OF NONBOND LIST =     408155

 NSTEP =     1500   TIME(PS) =      13.000  TEMP(K) =   300.99  PRESS =  -456.2
 Etot   =     -6196.0301  EKtot   =      1500.7062  EPtot      =     -7696.7362
 BOND   =         0.0619  ANGLE   =         1.8563  DIHED      =         0.0800
 1-4 NB =         1.2035  1-4 EEL =        -3.5383  VDWAALS    =      1177.3908
 EELEC  =     -8878.2122  EHBOND  =         0.0000  RESTRAINT  =         4.4217
 EAMBER (non-restraint)  =     -7701.1579
 EKCMT  =       735.4351  VIRIAL  =      1077.1400  VOLUME     =     34687.8797
                                                    Density    =         0.7195
 Ewald error estimate:   0.2862E-03
 ------------------------------------------------------------------------------


 NSTEP =     3000   TIME(PS) =      16.000  TEMP(K) =   285.61  PRESS =  -148.9
 Etot   =     -6223.4264  EKtot   =      1424.0062  EPtot      =     -7647.4326
 BOND   =         0.5316  ANGLE   =         1.7252  DIHED      =         0.0878
 1-4 NB =         1.3563  1-4 EEL =        -3.5353  VDWAALS    =      1196.0959
 EELEC  =     -8846.9332  EHBOND  =         0.0000  RESTRAINT  =         3.2391
 EAMBER (non-restraint)  =     -7650.6717
 EKCMT  =       718.7992  VIRIAL  =       819.7193  VOLUME     =     31398.4567
                                                    Density    =         0.7949
 Ewald error estimate:   0.2617E-03
 ------------------------------------------------------------------------------


 NSTEP =     4500   TIME(PS) =      19.000  TEMP(K) =   298.18  PRESS =  -663.6
 Etot   =     -6287.7827  EKtot   =      1486.6988  EPtot      =     -7774.4816
 BOND   =         1.0219  ANGLE   =         1.2539  DIHED      =         0.4130
 1-4 NB =         1.0172  1-4 EEL =        -3.5199  VDWAALS    =      1118.2689
 EELEC  =     -8895.1887  EHBOND  =         0.0000  RESTRAINT  =         2.2521
 EAMBER (non-restraint)  =     -7776.7337
 EKCMT  =       763.5872  VIRIAL  =      1168.0324  VOLUME     =     28226.4626
                                                    Density    =         0.8842
 Ewald error estimate:   0.2909E-03
 ------------------------------------------------------------------------------


 NSTEP =     6000   TIME(PS) =      22.000  TEMP(K) =   301.51  PRESS =  -175.1
 Etot   =     -6340.1015  EKtot   =      1503.2676  EPtot      =     -7843.3691
 BOND   =         0.6233  ANGLE   =         1.5171  DIHED      =         0.1299
 1-4 NB =         1.3815  1-4 EEL =        -3.5772  VDWAALS    =      1166.5851
 EELEC  =     -9011.6424  EHBOND  =         0.0000  RESTRAINT  =         1.6136
 EAMBER (non-restraint)  =     -7844.9827
 EKCMT  =       742.4091  VIRIAL  =       841.6509  VOLUME     =     26254.2109
                                                    Density    =         0.9506
 Ewald error estimate:   0.1400E-03
 ------------------------------------------------------------------------------


 NSTEP =     7500   TIME(PS) =      25.000  TEMP(K) =   295.11  PRESS =    24.4
 Etot   =     -6411.5222  EKtot   =      1471.3824  EPtot      =     -7882.9046
 BOND   =         0.7306  ANGLE   =         2.6059  DIHED      =         0.2112
 1-4 NB =         0.9117  1-4 EEL =        -3.4848  VDWAALS    =      1163.6379
 EELEC  =     -9052.2172  EHBOND  =         0.0000  RESTRAINT  =         4.7001
 EAMBER (non-restraint)  =     -7887.6047
 EKCMT  =       746.0270  VIRIAL  =       732.6065  VOLUME     =     25457.0821
                                                    Density    =         0.9804
 Ewald error estimate:   0.3138E-03
 ------------------------------------------------------------------------------


 NSTEP =     9000   TIME(PS) =      28.000  TEMP(K) =   289.44  PRESS =    38.2
 Etot   =     -6427.5115  EKtot   =      1443.0899  EPtot      =     -7870.6014
 BOND   =         0.0892  ANGLE   =         3.1711  DIHED      =         0.0972
 1-4 NB =         1.2908  1-4 EEL =        -3.5243  VDWAALS    =      1158.8891
 EELEC  =     -9032.5473  EHBOND  =         0.0000  RESTRAINT  =         1.9327
 EAMBER (non-restraint)  =     -7872.5341
 EKCMT  =       758.5682  VIRIAL  =       737.4997  VOLUME     =     25547.7266
                                                    Density    =         0.9769
 Ewald error estimate:   0.3198E-03
 ------------------------------------------------------------------------------


 NSTEP =    10500   TIME(PS) =      31.000  TEMP(K) =   300.40  PRESS =   -50.4
 Etot   =     -6427.0120  EKtot   =      1497.7602  EPtot      =     -7924.7721
 BOND   =         1.1546  ANGLE   =         2.6954  DIHED      =         0.1686
 1-4 NB =         1.1505  1-4 EEL =        -3.5153  VDWAALS    =      1157.3629
 EELEC  =     -9087.1360  EHBOND  =         0.0000  RESTRAINT  =         3.3472
 EAMBER (non-restraint)  =     -7928.1194
 EKCMT  =       756.0475  VIRIAL  =       783.4483  VOLUME     =     25200.3445
                                                    Density    =         0.9904
 Ewald error estimate:   0.1355E-04
 ------------------------------------------------------------------------------


 NSTEP =    12000   TIME(PS) =      34.000  TEMP(K) =   301.13  PRESS =   -85.5
 Etot   =     -6431.3436  EKtot   =      1501.4077  EPtot      =     -7932.7513
 BOND   =         0.7575  ANGLE   =         2.9470  DIHED      =         0.1586
 1-4 NB =         0.9899  1-4 EEL =        -3.4697  VDWAALS    =      1167.4966
 EELEC  =     -9104.7772  EHBOND  =         0.0000  RESTRAINT  =         3.1460
 EAMBER (non-restraint)  =     -7935.8973
 EKCMT  =       743.2150  VIRIAL  =       789.7882  VOLUME     =     25232.6005
                                                    Density    =         0.9891
 Ewald error estimate:   0.4578E-04
 ------------------------------------------------------------------------------


 NSTEP =    13500   TIME(PS) =      37.000  TEMP(K) =   297.84  PRESS =  -127.5
 Etot   =     -6427.3668  EKtot   =      1484.9897  EPtot      =     -7912.3565
 BOND   =         1.8534  ANGLE   =         3.2620  DIHED      =         0.0964
 1-4 NB =         0.8009  1-4 EEL =        -3.4512  VDWAALS    =      1168.4639
 EELEC  =     -9086.3638  EHBOND  =         0.0000  RESTRAINT  =         2.9819
 EAMBER (non-restraint)  =     -7915.3384
 EKCMT  =       736.2933  VIRIAL  =       806.7694  VOLUME     =     25590.8398
                                                    Density    =         0.9752
 Ewald error estimate:   0.1261E-03
 ------------------------------------------------------------------------------


 NSTEP =    15000   TIME(PS) =      40.000  TEMP(K) =   297.45  PRESS =   319.3
 Etot   =     -6417.1608  EKtot   =      1483.0273  EPtot      =     -7900.1880
 BOND   =         0.2847  ANGLE   =         3.2755  DIHED      =         0.1242
 1-4 NB =         1.2375  1-4 EEL =        -3.5059  VDWAALS    =      1213.6333
 EELEC  =     -9117.6191  EHBOND  =         0.0000  RESTRAINT  =         2.3818
 EAMBER (non-restraint)  =     -7902.5699
 EKCMT  =       727.0194  VIRIAL  =       551.2241  VOLUME     =     25498.5258
                                                    Density    =         0.9788
 Ewald error estimate:   0.2512E-03
 ------------------------------------------------------------------------------


      A V E R A G E S   O V E R   15000 S T E P S


 NSTEP =    15000   TIME(PS) =      40.000  TEMP(K) =   299.15  PRESS =  -154.9
 Etot   =     -6348.6197  EKtot   =      1491.5339  EPtot      =     -7840.1536
 BOND   =         0.5374  ANGLE   =         2.3863  DIHED      =         0.1723
 1-4 NB =         1.2399  1-4 EEL =        -3.5345  VDWAALS    =      1173.8608
 EELEC  =     -9017.2582  EHBOND  =         0.0000  RESTRAINT  =         2.4423
 EAMBER (non-restraint)  =     -7842.5959
 EKCMT  =       746.6922  VIRIAL  =       852.6374  VOLUME     =     27948.0545
                                                    Density    =         0.9072
 Ewald error estimate:   0.1934E-03
 ------------------------------------------------------------------------------


      R M S  F L U C T U A T I O N S


 NSTEP =    15000   TIME(PS) =      40.000  TEMP(K) =     5.17  PRESS =   326.7
 Etot   =        92.5765  EKtot   =        25.7616  EPtot      =       102.4560
 BOND   =         0.4380  ANGLE   =         0.8009  DIHED      =         0.1024
 1-4 NB =         0.2721  1-4 EEL =         0.0451  VDWAALS    =        35.6685
 EELEC  =       113.4549  EHBOND  =         0.0000  RESTRAINT  =         0.8349
 EAMBER (non-restraint)  =       101.6210
 EKCMT  =        20.0365  VIRIAL  =       207.2901  VOLUME     =      3796.1905
                                                    Density    =         0.1053
 Ewald error estimate:   0.1441E-03
 ------------------------------------------------------------------------------


--------------------------------------------------------------------------------
   5.  TIMINGS
--------------------------------------------------------------------------------

|                Build the list            62.97 (99.29% of List )
|                Other                      0.45 ( 0.71% of List )
|             List time                 63.42 ( 7.97% of Nonbo)
|                   Short_ene time           530.52 (98.58% of Direc)
|                   Other                      7.62 ( 1.42% of Direc)
|                Direct Ewald time        538.14 (73.49% of Ewald)
|                Adjust Ewald time          4.81 ( 0.66% of Ewald)
|                Self Ewald time            0.04 ( 0.01% of Ewald)
|                   Fill Bspline coeffs        7.09 ( 3.76% of Recip)
|                   Fill charge grid          15.79 ( 8.38% of Recip)
|                   Scalar sum                46.57 (24.71% of Recip)
|                   Grad sum                  31.35 (16.63% of Recip)
|                   FFT time                  87.62 (46.49% of Recip)
|                   Other                      0.07 ( 0.04% of Recip)
|                Recip Ewald time         188.48 (25.74% of Ewald)
|                Force Adjust               0.16 ( 0.02% of Ewald)
|                Virial junk                0.48 ( 0.07% of Ewald)
|                Other                      0.14 ( 0.02% of Ewald)
|             Ewald time               732.27 (92.03% of Nonbo)
|          Nonbond force            795.71 (99.88% of Force)
|          Bond/Angle/Dihedral        0.78 ( 0.10% of Force)
|          Other                      0.19 ( 0.02% of Force)
|       Force time               796.67 (98.25% of Runmd)
|       Shake time                 5.83 ( 0.72% of Runmd)
|       Verlet update time         7.14 ( 0.88% of Runmd)
|       Ekcmr time                 0.77 ( 0.09% of Runmd)
|       Other                      0.41 ( 0.05% of Runmd)
|    Runmd Time               810.83 (100.0% of Total)
|    Other                      0.07 ( 0.01% of Total)
| Total time               810.91 (100.0% of ALL  )

| Number of list builds   :       1381

| Highest rstack allocated:     175927
| Highest istack allocated:       2507

| Final Performance Info:
| -----------------------------------------------------
| Average timings for all steps:
|     Elapsed(s) =     810.83 Per Step(ms) =      54.06
|         ns/day =       3.20   seconds/ns =   27027.54
| -----------------------------------------------------

|           Job began  at 10:56:39.059  on 04/27/2016
|           Setup done at 10:56:39.142  on 04/27/2016
|           Run   done at 11:10:09.968  on 04/27/2016
|     wallclock() was called  692785 times
